[10.527s] Invoking command in '/home/jj/wearable-biosensors-ros2/build/empatica_e4': PYTHONPATH=/home/jj/wearable-biosensors-ros2/build/empatica_e4/prefix_override:/home/jj/wearable-biosensors-ros2/install/empatica_e4/lib/python3.10/site-packages:${PYTHONPATH} /usr/bin/python3 -W ignore:setup.py install is deprecated setup.py develop --editable --build-directory /home/jj/wearable-biosensors-ros2/build/empatica_e4/build --no-deps symlink_data
[13.468s] /usr/lib/python3/dist-packages/setuptools/dist.py:723: UserWarning: Usage of dash-separated 'script-dir' will not be supported in future versions. Please use the underscore name 'script_dir' instead
[13.469s]   warnings.warn(
[13.800s] running develop
[13.802s] /usr/lib/python3/dist-packages/setuptools/command/easy_install.py:158: EasyInstallDeprecationWarning: easy_install command is deprecated. Use build and pip and other standards-based tools.
[13.803s]   warnings.warn(
[16.969s] running egg_info
[16.970s] writing empatica_e4.egg-info/PKG-INFO
[16.972s] writing dependency_links to empatica_e4.egg-info/dependency_links.txt
[16.973s] writing entry points to empatica_e4.egg-info/entry_points.txt
[16.974s] writing requirements to empatica_e4.egg-info/requires.txt
[16.977s] writing top-level names to empatica_e4.egg-info/top_level.txt
[16.993s] reading manifest file 'empatica_e4.egg-info/SOURCES.txt'
[17.003s] writing manifest file 'empatica_e4.egg-info/SOURCES.txt'
[17.015s] running build_ext
[17.018s] Creating /home/jj/wearable-biosensors-ros2/install/empatica_e4/lib/python3.10/site-packages/empatica-e4.egg-link (link to .)
[17.038s] Installing empatica_e4_node script to /home/jj/wearable-biosensors-ros2/install/empatica_e4/lib/empatica_e4
[17.043s] 
[17.045s] Installed /home/jj/wearable-biosensors-ros2/build/empatica_e4
[17.047s] running symlink_data
[17.369s] Invoked command in '/home/jj/wearable-biosensors-ros2/build/empatica_e4' returned '0': PYTHONPATH=/home/jj/wearable-biosensors-ros2/build/empatica_e4/prefix_override:/home/jj/wearable-biosensors-ros2/install/empatica_e4/lib/python3.10/site-packages:${PYTHONPATH} /usr/bin/python3 -W ignore:setup.py install is deprecated setup.py develop --editable --build-directory /home/jj/wearable-biosensors-ros2/build/empatica_e4/build --no-deps symlink_data
