-- The C compiler identification is GNU 11.4.0
-- The CXX compiler identification is GNU 11.4.0
-- Detecting C compiler ABI info
-- Detecting C compiler ABI info - done
-- Check for working C compiler: /usr/bin/cc - skipped
-- Detecting C compile features
-- Detecting C compile features - done
-- Detecting CXX compiler ABI info
-- Detecting CXX compiler ABI info - done
-- Check for working CXX compiler: /usr/bin/c++ - skipped
-- Detecting CXX compile features
-- Detecting CXX compile features - done
-- Found ament_cmake: 1.3.9 (/opt/ros/humble/share/ament_cmake/cmake)
-- Found Python3: /usr/bin/python3 (found version "3.10.12") found components: Interpreter 
-- Found pluginlib: 5.1.0 (/opt/ros/humble/share/pluginlib/cmake)
-- Found rosbag2_storage: 0.15.11 (/home/jj/wearable-biosensors-ros2/install/rosbag2_storage/share/rosbag2_storage/cmake)
-- Found sqlite3_vendor: 0.15.11 (/home/jj/wearable-biosensors-ros2/install/sqlite3_vendor/share/sqlite3_vendor/cmake)
-- Found SQLite3: /usr/lib/aarch64-linux-gnu/libsqlite3.so  
-- Found ament_cmake_gmock: 1.3.9 (/opt/ros/humble/share/ament_cmake_gmock/cmake)
-- Found ament_lint_auto: 0.12.11 (/opt/ros/humble/share/ament_lint_auto/cmake)
-- Found rosbag2_test_common: 0.15.11 (/home/jj/wearable-biosensors-ros2/install/rosbag2_test_common/share/rosbag2_test_common/cmake)
-- Found rosidl_generator_c: 3.1.5 (/opt/ros/humble/share/rosidl_generator_c/cmake)
-- Found rosidl_adapter: 3.1.5 (/opt/ros/humble/share/rosidl_adapter/cmake)
-- Found rosidl_generator_cpp: 3.1.5 (/opt/ros/humble/share/rosidl_generator_cpp/cmake)
-- Using all available rosidl_typesupport_c: rosidl_typesupport_fastrtps_c;rosidl_typesupport_introspection_c
-- Using all available rosidl_typesupport_cpp: rosidl_typesupport_fastrtps_cpp;rosidl_typesupport_introspection_cpp
-- Found rmw_implementation_cmake: 6.1.2 (/opt/ros/humble/share/rmw_implementation_cmake/cmake)
-- Found rmw_fastrtps_cpp: 6.2.6 (/opt/ros/humble/share/rmw_fastrtps_cpp/cmake)
-- Found TinyXML2 via Config file: TinyXML2_DIR-NOTFOUND
-- Found OpenSSL: /usr/lib/aarch64-linux-gnu/libcrypto.so (found version "3.0.2")  
-- Found TinyXML2 via Config file: TinyXML2_DIR-NOTFOUND
-- Found FastRTPS: /opt/ros/humble/include  
-- Found TinyXML2 via Config file: TinyXML2_DIR-NOTFOUND
-- Found TinyXML2 via Config file: TinyXML2_DIR-NOTFOUND
-- Using RMW implementation 'rmw_fastrtps_cpp' as default
-- Looking for pthread.h
-- Looking for pthread.h - found
-- Performing Test CMAKE_HAVE_LIBC_PTHREAD
-- Performing Test CMAKE_HAVE_LIBC_PTHREAD - Success
-- Found Threads: TRUE  
-- Found gmock sources under '/opt/ros/humble/src/gmock_vendor': C++ tests using 'Google Mock' will be built
-- Found ament_cmake_gtest: 1.3.9 (/opt/ros/humble/share/ament_cmake_gtest/cmake)
-- Found gtest sources under '/opt/ros/humble/src/gtest_vendor': C++ tests using 'Google Test' will be built
-- Added test 'copyright' to check source files copyright and LICENSE
-- Added test 'cppcheck' to perform static code analysis on C / C++ code
-- Configured cppcheck include dirs: $<BUILD_INTERFACE:/home/jj/wearable-biosensors-ros2/src/rosbag2/rosbag2_storage_default_plugins/include>
-- Configured cppcheck exclude dirs and/or files: 
-- Added test 'cpplint' to check C / C++ code against the Google style
-- Configured cpplint exclude dirs and/or files: 
-- Added test 'lint_cmake' to check CMake code style
-- Added test 'uncrustify' to check C / C++ code style
-- Configured uncrustify additional arguments: 
-- Added test 'xmllint' to check XML markup files
-- Configuring done
-- Generating done
-- Build files have been written to: /home/jj/wearable-biosensors-ros2/build/rosbag2_storage_default_plugins
[  7%] [32mBuilding CXX object CMakeFiles/rosbag2_storage_default_plugins.dir/src/rosbag2_storage_default_plugins/sqlite/sqlite_wrapper.cpp.o[0m
[ 15%] [32mBuilding CXX object CMakeFiles/rosbag2_storage_default_plugins.dir/src/rosbag2_storage_default_plugins/sqlite/sqlite_storage.cpp.o[0m
[ 23%] [32mBuilding CXX object CMakeFiles/rosbag2_storage_default_plugins.dir/src/rosbag2_storage_default_plugins/sqlite/sqlite_statement_wrapper.cpp.o[0m
[ 30%] [32m[1mLinking CXX shared library librosbag2_storage_default_plugins.so[0m
[ 30%] Built target rosbag2_storage_default_plugins
[ 38%] [32mBuilding CXX object gmock/CMakeFiles/gmock.dir/opt/ros/humble/src/gtest_vendor/src/gtest-all.cc.o[0m
[ 46%] [32mBuilding CXX object gmock/CMakeFiles/gmock.dir/src/gmock-all.cc.o[0m
[ 53%] [32m[1mLinking CXX static library libgmock.a[0m
[ 53%] Built target gmock
[ 61%] [32mBuilding CXX object gmock/CMakeFiles/gmock_main.dir/src/gmock_main.cc.o[0m
[ 69%] [32m[1mLinking CXX static library libgmock_main.a[0m
[ 69%] Built target gmock_main
[ 76%] [32mBuilding CXX object CMakeFiles/test_sqlite_wrapper.dir/test/rosbag2_storage_default_plugins/sqlite/test_sqlite_wrapper.cpp.o[0m
[ 84%] [32m[1mLinking CXX executable test_sqlite_wrapper[0m
[ 84%] Built target test_sqlite_wrapper
[ 92%] [32mBuilding CXX object CMakeFiles/test_sqlite_storage.dir/test/rosbag2_storage_default_plugins/sqlite/test_sqlite_storage.cpp.o[0m
[100%] [32m[1mLinking CXX executable test_sqlite_storage[0m
[100%] Built target test_sqlite_storage
-- Install configuration: ""
-- Installing: /home/jj/wearable-biosensors-ros2/install/rosbag2_storage_default_plugins/share/rosbag2_storage_default_plugins/plugin_description.xml
-- Installing: /home/jj/wearable-biosensors-ros2/install/rosbag2_storage_default_plugins/include/rosbag2_storage_default_plugins
-- Installing: /home/jj/wearable-biosensors-ros2/install/rosbag2_storage_default_plugins/include/rosbag2_storage_default_plugins/rosbag2_storage_default_plugins
-- Installing: /home/jj/wearable-biosensors-ros2/install/rosbag2_storage_default_plugins/include/rosbag2_storage_default_plugins/rosbag2_storage_default_plugins/visibility_control.hpp
-- Installing: /home/jj/wearable-biosensors-ros2/install/rosbag2_storage_default_plugins/include/rosbag2_storage_default_plugins/rosbag2_storage_default_plugins/sqlite
-- Installing: /home/jj/wearable-biosensors-ros2/install/rosbag2_storage_default_plugins/include/rosbag2_storage_default_plugins/rosbag2_storage_default_plugins/sqlite/sqlite_pragmas.hpp
-- Installing: /home/jj/wearable-biosensors-ros2/install/rosbag2_storage_default_plugins/include/rosbag2_storage_default_plugins/rosbag2_storage_default_plugins/sqlite/sqlite_wrapper.hpp
-- Installing: /home/jj/wearable-biosensors-ros2/install/rosbag2_storage_default_plugins/include/rosbag2_storage_default_plugins/rosbag2_storage_default_plugins/sqlite/sqlite_storage.hpp
-- Installing: /home/jj/wearable-biosensors-ros2/install/rosbag2_storage_default_plugins/include/rosbag2_storage_default_plugins/rosbag2_storage_default_plugins/sqlite/sqlite_exception.hpp
-- Installing: /home/jj/wearable-biosensors-ros2/install/rosbag2_storage_default_plugins/include/rosbag2_storage_default_plugins/rosbag2_storage_default_plugins/sqlite/sqlite_statement_wrapper.hpp
-- Installing: /home/jj/wearable-biosensors-ros2/install/rosbag2_storage_default_plugins/lib/librosbag2_storage_default_plugins.so
-- Set runtime path of "/home/jj/wearable-biosensors-ros2/install/rosbag2_storage_default_plugins/lib/librosbag2_storage_default_plugins.so" to ""
-- Installing: /home/jj/wearable-biosensors-ros2/install/rosbag2_storage_default_plugins/share/rosbag2_storage_default_plugins/environment/library_path.sh
-- Installing: /home/jj/wearable-biosensors-ros2/install/rosbag2_storage_default_plugins/share/rosbag2_storage_default_plugins/environment/library_path.dsv
-- Installing: /home/jj/wearable-biosensors-ros2/install/rosbag2_storage_default_plugins/share/ament_index/resource_index/package_run_dependencies/rosbag2_storage_default_plugins
-- Installing: /home/jj/wearable-biosensors-ros2/install/rosbag2_storage_default_plugins/share/ament_index/resource_index/parent_prefix_path/rosbag2_storage_default_plugins
-- Installing: /home/jj/wearable-biosensors-ros2/install/rosbag2_storage_default_plugins/share/rosbag2_storage_default_plugins/environment/ament_prefix_path.sh
-- Installing: /home/jj/wearable-biosensors-ros2/install/rosbag2_storage_default_plugins/share/rosbag2_storage_default_plugins/environment/ament_prefix_path.dsv
-- Installing: /home/jj/wearable-biosensors-ros2/install/rosbag2_storage_default_plugins/share/rosbag2_storage_default_plugins/environment/path.sh
-- Installing: /home/jj/wearable-biosensors-ros2/install/rosbag2_storage_default_plugins/share/rosbag2_storage_default_plugins/environment/path.dsv
-- Installing: /home/jj/wearable-biosensors-ros2/install/rosbag2_storage_default_plugins/share/rosbag2_storage_default_plugins/local_setup.bash
-- Installing: /home/jj/wearable-biosensors-ros2/install/rosbag2_storage_default_plugins/share/rosbag2_storage_default_plugins/local_setup.sh
-- Installing: /home/jj/wearable-biosensors-ros2/install/rosbag2_storage_default_plugins/share/rosbag2_storage_default_plugins/local_setup.zsh
-- Installing: /home/jj/wearable-biosensors-ros2/install/rosbag2_storage_default_plugins/share/rosbag2_storage_default_plugins/local_setup.dsv
-- Installing: /home/jj/wearable-biosensors-ros2/install/rosbag2_storage_default_plugins/share/rosbag2_storage_default_plugins/package.dsv
-- Installing: /home/jj/wearable-biosensors-ros2/install/rosbag2_storage_default_plugins/share/ament_index/resource_index/packages/rosbag2_storage_default_plugins
-- Installing: /home/jj/wearable-biosensors-ros2/install/rosbag2_storage_default_plugins/share/ament_index/resource_index/rosbag2_storage__pluginlib__plugin/rosbag2_storage_default_plugins
-- Installing: /home/jj/wearable-biosensors-ros2/install/rosbag2_storage_default_plugins/share/rosbag2_storage_default_plugins/cmake/ament_cmake_export_include_directories-extras.cmake
-- Installing: /home/jj/wearable-biosensors-ros2/install/rosbag2_storage_default_plugins/share/rosbag2_storage_default_plugins/cmake/ament_cmake_export_libraries-extras.cmake
-- Installing: /home/jj/wearable-biosensors-ros2/install/rosbag2_storage_default_plugins/share/rosbag2_storage_default_plugins/cmake/ament_cmake_export_dependencies-extras.cmake
-- Installing: /home/jj/wearable-biosensors-ros2/install/rosbag2_storage_default_plugins/share/rosbag2_storage_default_plugins/cmake/rosbag2_storage_default_pluginsConfig.cmake
-- Installing: /home/jj/wearable-biosensors-ros2/install/rosbag2_storage_default_plugins/share/rosbag2_storage_default_plugins/cmake/rosbag2_storage_default_pluginsConfig-version.cmake
-- Installing: /home/jj/wearable-biosensors-ros2/install/rosbag2_storage_default_plugins/share/rosbag2_storage_default_plugins/package.xml
