[0.450s] Invoking command in '/home/jj/wearable-biosensors-ros2/build/rosbag2_storage_default_plugins': AMENT_PREFIX_PATH=/home/jj/wearable-biosensors-ros2/install/rosbag2_storage:/home/jj/wearable-biosensors-ros2/install/sqlite3_vendor:/home/jj/wearable-biosensors-ros2/install/rosbag2_test_common:${AMENT_PREFIX_PATH} CMAKE_PREFIX_PATH=/home/jj/wearable-biosensors-ros2/install/rosbag2_storage:/home/jj/wearable-biosensors-ros2/install/sqlite3_vendor:/home/jj/wearable-biosensors-ros2/install/rosbag2_test_common:/home/jj/wearable-biosensors-ros2/install/manager:/home/jj/wearable-biosensors-ros2/install/cdcl_umd_msgs:/home/jj/wearable-biosensors-ros2/install/vernier_respiration_belt:/home/jj/wearable-biosensors-ros2/install/shimmer3_gsr_unit:/home/jj/wearable-biosensors-ros2/install/polar_h10:/home/jj/wearable-biosensors-ros2/install/empatica_e4:/home/jj/wearable-biosensors-ros2/install/emotiv_insight:/opt/ros/humble LD_LIBRARY_PATH=/home/jj/wearable-biosensors-ros2/install/rosbag2_storage/lib:${LD_LIBRARY_PATH} /usr/bin/cmake /home/jj/wearable-biosensors-ros2/src/rosbag2/rosbag2_storage_default_plugins -DCMAKE_INSTALL_PREFIX=/home/jj/wearable-biosensors-ros2/install/rosbag2_storage_default_plugins
[2.455s] -- The C compiler identification is GNU 11.4.0
[4.319s] -- The CXX compiler identification is GNU 11.4.0
[4.528s] -- Detecting C compiler ABI info
[6.865s] -- Detecting C compiler ABI info - done
[7.100s] -- Check for working C compiler: /usr/bin/cc - skipped
[7.124s] -- Detecting C compile features
[7.129s] -- Detecting C compile features - done
[7.191s] -- Detecting CXX compiler ABI info
[9.777s] -- Detecting CXX compiler ABI info - done
[10.041s] -- Check for working CXX compiler: /usr/bin/c++ - skipped
[10.049s] -- Detecting CXX compile features
[10.073s] -- Detecting CXX compile features - done
[10.333s] -- Found ament_cmake: 1.3.9 (/opt/ros/humble/share/ament_cmake/cmake)
[17.028s] -- Found Python3: /usr/bin/python3 (found version "3.10.12") found components: Interpreter 
[20.252s] -- Found pluginlib: 5.1.0 (/opt/ros/humble/share/pluginlib/cmake)
[22.829s] -- Found rosbag2_storage: 0.15.11 (/home/jj/wearable-biosensors-ros2/install/rosbag2_storage/share/rosbag2_storage/cmake)
[23.104s] -- Found sqlite3_vendor: 0.15.11 (/home/jj/wearable-biosensors-ros2/install/sqlite3_vendor/share/sqlite3_vendor/cmake)
[23.813s] -- Found SQLite3: /usr/lib/aarch64-linux-gnu/libsqlite3.so  
[23.923s] -- Found ament_cmake_gmock: 1.3.9 (/opt/ros/humble/share/ament_cmake_gmock/cmake)
[24.027s] -- Found ament_lint_auto: 0.12.11 (/opt/ros/humble/share/ament_lint_auto/cmake)
[24.053s] -- Found rosbag2_test_common: 0.15.11 (/home/jj/wearable-biosensors-ros2/install/rosbag2_test_common/share/rosbag2_test_common/cmake)
[25.839s] -- Found rosidl_generator_c: 3.1.5 (/opt/ros/humble/share/rosidl_generator_c/cmake)
[26.130s] -- Found rosidl_adapter: 3.1.5 (/opt/ros/humble/share/rosidl_adapter/cmake)
[26.484s] -- Found rosidl_generator_cpp: 3.1.5 (/opt/ros/humble/share/rosidl_generator_cpp/cmake)
[26.980s] -- Using all available rosidl_typesupport_c: rosidl_typesupport_fastrtps_c;rosidl_typesupport_introspection_c
[27.486s] -- Using all available rosidl_typesupport_cpp: rosidl_typesupport_fastrtps_cpp;rosidl_typesupport_introspection_cpp
[29.775s] -- Found rmw_implementation_cmake: 6.1.2 (/opt/ros/humble/share/rmw_implementation_cmake/cmake)
[29.956s] -- Found rmw_fastrtps_cpp: 6.2.6 (/opt/ros/humble/share/rmw_fastrtps_cpp/cmake)
[31.028s] -- Found TinyXML2 via Config file: TinyXML2_DIR-NOTFOUND
[32.258s] -- Found OpenSSL: /usr/lib/aarch64-linux-gnu/libcrypto.so (found version "3.0.2")  
[32.332s] -- Found TinyXML2 via Config file: TinyXML2_DIR-NOTFOUND
[32.700s] -- Found FastRTPS: /opt/ros/humble/include  
[32.999s] -- Found TinyXML2 via Config file: TinyXML2_DIR-NOTFOUND
[33.136s] -- Found TinyXML2 via Config file: TinyXML2_DIR-NOTFOUND
[33.349s] -- Using RMW implementation 'rmw_fastrtps_cpp' as default
[33.956s] -- Looking for pthread.h
[35.470s] -- Looking for pthread.h - found
[35.473s] -- Performing Test CMAKE_HAVE_LIBC_PTHREAD
[37.352s] -- Performing Test CMAKE_HAVE_LIBC_PTHREAD - Success
[37.396s] -- Found Threads: TRUE  
[43.224s] -- Found gmock sources under '/opt/ros/humble/src/gmock_vendor': C++ tests using 'Google Mock' will be built
[43.493s] -- Found ament_cmake_gtest: 1.3.9 (/opt/ros/humble/share/ament_cmake_gtest/cmake)
[43.510s] -- Found gtest sources under '/opt/ros/humble/src/gtest_vendor': C++ tests using 'Google Test' will be built
[43.643s] -- Added test 'copyright' to check source files copyright and LICENSE
[43.745s] -- Added test 'cppcheck' to perform static code analysis on C / C++ code
[43.750s] -- Configured cppcheck include dirs: $<BUILD_INTERFACE:/home/jj/wearable-biosensors-ros2/src/rosbag2/rosbag2_storage_default_plugins/include>
[43.753s] -- Configured cppcheck exclude dirs and/or files: 
[43.855s] -- Added test 'cpplint' to check C / C++ code against the Google style
[43.860s] -- Configured cpplint exclude dirs and/or files: 
[43.921s] -- Added test 'lint_cmake' to check CMake code style
[44.036s] -- Added test 'uncrustify' to check C / C++ code style
[44.038s] -- Configured uncrustify additional arguments: 
[44.056s] -- Added test 'xmllint' to check XML markup files
[44.128s] -- Configuring done
[45.015s] -- Generating done
[45.077s] -- Build files have been written to: /home/jj/wearable-biosensors-ros2/build/rosbag2_storage_default_plugins
[45.248s] Invoked command in '/home/jj/wearable-biosensors-ros2/build/rosbag2_storage_default_plugins' returned '0': AMENT_PREFIX_PATH=/home/jj/wearable-biosensors-ros2/install/rosbag2_storage:/home/jj/wearable-biosensors-ros2/install/sqlite3_vendor:/home/jj/wearable-biosensors-ros2/install/rosbag2_test_common:${AMENT_PREFIX_PATH} CMAKE_PREFIX_PATH=/home/jj/wearable-biosensors-ros2/install/rosbag2_storage:/home/jj/wearable-biosensors-ros2/install/sqlite3_vendor:/home/jj/wearable-biosensors-ros2/install/rosbag2_test_common:/home/jj/wearable-biosensors-ros2/install/manager:/home/jj/wearable-biosensors-ros2/install/cdcl_umd_msgs:/home/jj/wearable-biosensors-ros2/install/vernier_respiration_belt:/home/jj/wearable-biosensors-ros2/install/shimmer3_gsr_unit:/home/jj/wearable-biosensors-ros2/install/polar_h10:/home/jj/wearable-biosensors-ros2/install/empatica_e4:/home/jj/wearable-biosensors-ros2/install/emotiv_insight:/opt/ros/humble LD_LIBRARY_PATH=/home/jj/wearable-biosensors-ros2/install/rosbag2_storage/lib:${LD_LIBRARY_PATH} /usr/bin/cmake /home/jj/wearable-biosensors-ros2/src/rosbag2/rosbag2_storage_default_plugins -DCMAKE_INSTALL_PREFIX=/home/jj/wearable-biosensors-ros2/install/rosbag2_storage_default_plugins
[45.263s] Invoking command in '/home/jj/wearable-biosensors-ros2/build/rosbag2_storage_default_plugins': AMENT_PREFIX_PATH=/home/jj/wearable-biosensors-ros2/install/rosbag2_storage:/home/jj/wearable-biosensors-ros2/install/sqlite3_vendor:/home/jj/wearable-biosensors-ros2/install/rosbag2_test_common:${AMENT_PREFIX_PATH} CMAKE_PREFIX_PATH=/home/jj/wearable-biosensors-ros2/install/rosbag2_storage:/home/jj/wearable-biosensors-ros2/install/sqlite3_vendor:/home/jj/wearable-biosensors-ros2/install/rosbag2_test_common:/home/jj/wearable-biosensors-ros2/install/manager:/home/jj/wearable-biosensors-ros2/install/cdcl_umd_msgs:/home/jj/wearable-biosensors-ros2/install/vernier_respiration_belt:/home/jj/wearable-biosensors-ros2/install/shimmer3_gsr_unit:/home/jj/wearable-biosensors-ros2/install/polar_h10:/home/jj/wearable-biosensors-ros2/install/empatica_e4:/home/jj/wearable-biosensors-ros2/install/emotiv_insight:/opt/ros/humble LD_LIBRARY_PATH=/home/jj/wearable-biosensors-ros2/install/rosbag2_storage/lib:${LD_LIBRARY_PATH} /usr/bin/cmake --build /home/jj/wearable-biosensors-ros2/build/rosbag2_storage_default_plugins -- -j4 -l4
[46.232s] [  7%] [32mBuilding CXX object CMakeFiles/rosbag2_storage_default_plugins.dir/src/rosbag2_storage_default_plugins/sqlite/sqlite_wrapper.cpp.o[0m
[71.549s] [ 15%] [32mBuilding CXX object CMakeFiles/rosbag2_storage_default_plugins.dir/src/rosbag2_storage_default_plugins/sqlite/sqlite_storage.cpp.o[0m
[146.208s] [ 23%] [32mBuilding CXX object CMakeFiles/rosbag2_storage_default_plugins.dir/src/rosbag2_storage_default_plugins/sqlite/sqlite_statement_wrapper.cpp.o[0m
[165.021s] [ 30%] [32m[1mLinking CXX shared library librosbag2_storage_default_plugins.so[0m
[169.281s] [ 30%] Built target rosbag2_storage_default_plugins
[170.113s] [ 38%] [32mBuilding CXX object gmock/CMakeFiles/gmock.dir/opt/ros/humble/src/gtest_vendor/src/gtest-all.cc.o[0m
[278.980s] [ 46%] [32mBuilding CXX object gmock/CMakeFiles/gmock.dir/src/gmock-all.cc.o[0m
[341.377s] [ 53%] [32m[1mLinking CXX static library libgmock.a[0m
[344.020s] [ 53%] Built target gmock
[344.823s] [ 61%] [32mBuilding CXX object gmock/CMakeFiles/gmock_main.dir/src/gmock_main.cc.o[0m
[378.252s] [ 69%] [32m[1mLinking CXX static library libgmock_main.a[0m
[379.495s] [ 69%] Built target gmock_main
[380.324s] [ 76%] [32mBuilding CXX object CMakeFiles/test_sqlite_wrapper.dir/test/rosbag2_storage_default_plugins/sqlite/test_sqlite_wrapper.cpp.o[0m
[466.479s] [ 84%] [32m[1mLinking CXX executable test_sqlite_wrapper[0m
[473.375s] [ 84%] Built target test_sqlite_wrapper
[473.935s] [ 92%] [32mBuilding CXX object CMakeFiles/test_sqlite_storage.dir/test/rosbag2_storage_default_plugins/sqlite/test_sqlite_storage.cpp.o[0m
[589.214s] [100%] [32m[1mLinking CXX executable test_sqlite_storage[0m
[598.027s] [100%] Built target test_sqlite_storage
[598.279s] Invoked command in '/home/jj/wearable-biosensors-ros2/build/rosbag2_storage_default_plugins' returned '0': AMENT_PREFIX_PATH=/home/jj/wearable-biosensors-ros2/install/rosbag2_storage:/home/jj/wearable-biosensors-ros2/install/sqlite3_vendor:/home/jj/wearable-biosensors-ros2/install/rosbag2_test_common:${AMENT_PREFIX_PATH} CMAKE_PREFIX_PATH=/home/jj/wearable-biosensors-ros2/install/rosbag2_storage:/home/jj/wearable-biosensors-ros2/install/sqlite3_vendor:/home/jj/wearable-biosensors-ros2/install/rosbag2_test_common:/home/jj/wearable-biosensors-ros2/install/manager:/home/jj/wearable-biosensors-ros2/install/cdcl_umd_msgs:/home/jj/wearable-biosensors-ros2/install/vernier_respiration_belt:/home/jj/wearable-biosensors-ros2/install/shimmer3_gsr_unit:/home/jj/wearable-biosensors-ros2/install/polar_h10:/home/jj/wearable-biosensors-ros2/install/empatica_e4:/home/jj/wearable-biosensors-ros2/install/emotiv_insight:/opt/ros/humble LD_LIBRARY_PATH=/home/jj/wearable-biosensors-ros2/install/rosbag2_storage/lib:${LD_LIBRARY_PATH} /usr/bin/cmake --build /home/jj/wearable-biosensors-ros2/build/rosbag2_storage_default_plugins -- -j4 -l4
[599.788s] Invoking command in '/home/jj/wearable-biosensors-ros2/build/rosbag2_storage_default_plugins': AMENT_PREFIX_PATH=/home/jj/wearable-biosensors-ros2/install/rosbag2_storage:/home/jj/wearable-biosensors-ros2/install/sqlite3_vendor:/home/jj/wearable-biosensors-ros2/install/rosbag2_test_common:${AMENT_PREFIX_PATH} CMAKE_PREFIX_PATH=/home/jj/wearable-biosensors-ros2/install/rosbag2_storage:/home/jj/wearable-biosensors-ros2/install/sqlite3_vendor:/home/jj/wearable-biosensors-ros2/install/rosbag2_test_common:/home/jj/wearable-biosensors-ros2/install/manager:/home/jj/wearable-biosensors-ros2/install/cdcl_umd_msgs:/home/jj/wearable-biosensors-ros2/install/vernier_respiration_belt:/home/jj/wearable-biosensors-ros2/install/shimmer3_gsr_unit:/home/jj/wearable-biosensors-ros2/install/polar_h10:/home/jj/wearable-biosensors-ros2/install/empatica_e4:/home/jj/wearable-biosensors-ros2/install/emotiv_insight:/opt/ros/humble LD_LIBRARY_PATH=/home/jj/wearable-biosensors-ros2/install/rosbag2_storage/lib:${LD_LIBRARY_PATH} /usr/bin/cmake --install /home/jj/wearable-biosensors-ros2/build/rosbag2_storage_default_plugins
[600.072s] -- Install configuration: ""
[600.076s] -- Installing: /home/jj/wearable-biosensors-ros2/install/rosbag2_storage_default_plugins/share/rosbag2_storage_default_plugins/plugin_description.xml
[600.077s] -- Installing: /home/jj/wearable-biosensors-ros2/install/rosbag2_storage_default_plugins/include/rosbag2_storage_default_plugins
[600.078s] -- Installing: /home/jj/wearable-biosensors-ros2/install/rosbag2_storage_default_plugins/include/rosbag2_storage_default_plugins/rosbag2_storage_default_plugins
[600.096s] -- Installing: /home/jj/wearable-biosensors-ros2/install/rosbag2_storage_default_plugins/include/rosbag2_storage_default_plugins/rosbag2_storage_default_plugins/visibility_control.hpp
[600.097s] -- Installing: /home/jj/wearable-biosensors-ros2/install/rosbag2_storage_default_plugins/include/rosbag2_storage_default_plugins/rosbag2_storage_default_plugins/sqlite
[600.098s] -- Installing: /home/jj/wearable-biosensors-ros2/install/rosbag2_storage_default_plugins/include/rosbag2_storage_default_plugins/rosbag2_storage_default_plugins/sqlite/sqlite_pragmas.hpp
[600.100s] -- Installing: /home/jj/wearable-biosensors-ros2/install/rosbag2_storage_default_plugins/include/rosbag2_storage_default_plugins/rosbag2_storage_default_plugins/sqlite/sqlite_wrapper.hpp
[600.105s] -- Installing: /home/jj/wearable-biosensors-ros2/install/rosbag2_storage_default_plugins/include/rosbag2_storage_default_plugins/rosbag2_storage_default_plugins/sqlite/sqlite_storage.hpp
[600.111s] -- Installing: /home/jj/wearable-biosensors-ros2/install/rosbag2_storage_default_plugins/include/rosbag2_storage_default_plugins/rosbag2_storage_default_plugins/sqlite/sqlite_exception.hpp
[600.125s] -- Installing: /home/jj/wearable-biosensors-ros2/install/rosbag2_storage_default_plugins/include/rosbag2_storage_default_plugins/rosbag2_storage_default_plugins/sqlite/sqlite_statement_wrapper.hpp
[600.132s] -- Installing: /home/jj/wearable-biosensors-ros2/install/rosbag2_storage_default_plugins/lib/librosbag2_storage_default_plugins.so
[600.229s] -- Set runtime path of "/home/jj/wearable-biosensors-ros2/install/rosbag2_storage_default_plugins/lib/librosbag2_storage_default_plugins.so" to ""
[600.234s] -- Installing: /home/jj/wearable-biosensors-ros2/install/rosbag2_storage_default_plugins/share/rosbag2_storage_default_plugins/environment/library_path.sh
[600.239s] -- Installing: /home/jj/wearable-biosensors-ros2/install/rosbag2_storage_default_plugins/share/rosbag2_storage_default_plugins/environment/library_path.dsv
[600.245s] -- Installing: /home/jj/wearable-biosensors-ros2/install/rosbag2_storage_default_plugins/share/ament_index/resource_index/package_run_dependencies/rosbag2_storage_default_plugins
[600.252s] -- Installing: /home/jj/wearable-biosensors-ros2/install/rosbag2_storage_default_plugins/share/ament_index/resource_index/parent_prefix_path/rosbag2_storage_default_plugins
[600.258s] -- Installing: /home/jj/wearable-biosensors-ros2/install/rosbag2_storage_default_plugins/share/rosbag2_storage_default_plugins/environment/ament_prefix_path.sh
[600.264s] -- Installing: /home/jj/wearable-biosensors-ros2/install/rosbag2_storage_default_plugins/share/rosbag2_storage_default_plugins/environment/ament_prefix_path.dsv
[600.276s] -- Installing: /home/jj/wearable-biosensors-ros2/install/rosbag2_storage_default_plugins/share/rosbag2_storage_default_plugins/environment/path.sh
[600.283s] -- Installing: /home/jj/wearable-biosensors-ros2/install/rosbag2_storage_default_plugins/share/rosbag2_storage_default_plugins/environment/path.dsv
[600.292s] -- Installing: /home/jj/wearable-biosensors-ros2/install/rosbag2_storage_default_plugins/share/rosbag2_storage_default_plugins/local_setup.bash
[600.302s] -- Installing: /home/jj/wearable-biosensors-ros2/install/rosbag2_storage_default_plugins/share/rosbag2_storage_default_plugins/local_setup.sh
[600.312s] -- Installing: /home/jj/wearable-biosensors-ros2/install/rosbag2_storage_default_plugins/share/rosbag2_storage_default_plugins/local_setup.zsh
[600.317s] -- Installing: /home/jj/wearable-biosensors-ros2/install/rosbag2_storage_default_plugins/share/rosbag2_storage_default_plugins/local_setup.dsv
[600.325s] -- Installing: /home/jj/wearable-biosensors-ros2/install/rosbag2_storage_default_plugins/share/rosbag2_storage_default_plugins/package.dsv
[600.334s] -- Installing: /home/jj/wearable-biosensors-ros2/install/rosbag2_storage_default_plugins/share/ament_index/resource_index/packages/rosbag2_storage_default_plugins
[600.341s] -- Installing: /home/jj/wearable-biosensors-ros2/install/rosbag2_storage_default_plugins/share/ament_index/resource_index/rosbag2_storage__pluginlib__plugin/rosbag2_storage_default_plugins
[600.355s] -- Installing: /home/jj/wearable-biosensors-ros2/install/rosbag2_storage_default_plugins/share/rosbag2_storage_default_plugins/cmake/ament_cmake_export_include_directories-extras.cmake
[600.363s] -- Installing: /home/jj/wearable-biosensors-ros2/install/rosbag2_storage_default_plugins/share/rosbag2_storage_default_plugins/cmake/ament_cmake_export_libraries-extras.cmake
[600.372s] -- Installing: /home/jj/wearable-biosensors-ros2/install/rosbag2_storage_default_plugins/share/rosbag2_storage_default_plugins/cmake/ament_cmake_export_dependencies-extras.cmake
[600.393s] -- Installing: /home/jj/wearable-biosensors-ros2/install/rosbag2_storage_default_plugins/share/rosbag2_storage_default_plugins/cmake/rosbag2_storage_default_pluginsConfig.cmake
[600.397s] -- Installing: /home/jj/wearable-biosensors-ros2/install/rosbag2_storage_default_plugins/share/rosbag2_storage_default_plugins/cmake/rosbag2_storage_default_pluginsConfig-version.cmake
[600.401s] -- Installing: /home/jj/wearable-biosensors-ros2/install/rosbag2_storage_default_plugins/share/rosbag2_storage_default_plugins/package.xml
[600.459s] Invoked command in '/home/jj/wearable-biosensors-ros2/build/rosbag2_storage_default_plugins' returned '0': AMENT_PREFIX_PATH=/home/jj/wearable-biosensors-ros2/install/rosbag2_storage:/home/jj/wearable-biosensors-ros2/install/sqlite3_vendor:/home/jj/wearable-biosensors-ros2/install/rosbag2_test_common:${AMENT_PREFIX_PATH} CMAKE_PREFIX_PATH=/home/jj/wearable-biosensors-ros2/install/rosbag2_storage:/home/jj/wearable-biosensors-ros2/install/sqlite3_vendor:/home/jj/wearable-biosensors-ros2/install/rosbag2_test_common:/home/jj/wearable-biosensors-ros2/install/manager:/home/jj/wearable-biosensors-ros2/install/cdcl_umd_msgs:/home/jj/wearable-biosensors-ros2/install/vernier_respiration_belt:/home/jj/wearable-biosensors-ros2/install/shimmer3_gsr_unit:/home/jj/wearable-biosensors-ros2/install/polar_h10:/home/jj/wearable-biosensors-ros2/install/empatica_e4:/home/jj/wearable-biosensors-ros2/install/emotiv_insight:/opt/ros/humble LD_LIBRARY_PATH=/home/jj/wearable-biosensors-ros2/install/rosbag2_storage/lib:${LD_LIBRARY_PATH} /usr/bin/cmake --install /home/jj/wearable-biosensors-ros2/build/rosbag2_storage_default_plugins
