[0.608s] Invoking command in '/home/jj/wearable-biosensors-ros2/build/sqlite3_vendor': CMAKE_PREFIX_PATH=${CMAKE_PREFIX_PATH}:/home/jj/wearable-biosensors-ros2/install/vernier_respiration_belt:/home/jj/wearable-biosensors-ros2/install/shimmer3_gsr_unit:/home/jj/wearable-biosensors-ros2/install/polar_h10:/home/jj/wearable-biosensors-ros2/install/empatica_e4:/home/jj/wearable-biosensors-ros2/install/emotiv_insight:/opt/ros/humble /usr/bin/cmake /home/jj/wearable-biosensors-ros2/src/rosbag2/sqlite3_vendor -DCMAKE_INSTALL_PREFIX=/home/jj/wearable-biosensors-ros2/install/sqlite3_vendor
[1.190s] -- Found ament_cmake: 1.3.9 (/opt/ros/humble/share/ament_cmake/cmake)
[8.735s] -- Found SQLite3. Using SQLite3 from system.
[12.171s] -- Configuring done
[12.377s] -- Generating done
[12.419s] -- Build files have been written to: /home/jj/wearable-biosensors-ros2/build/sqlite3_vendor
[12.535s] Invoked command in '/home/jj/wearable-biosensors-ros2/build/sqlite3_vendor' returned '0': CMAKE_PREFIX_PATH=${CMAKE_PREFIX_PATH}:/home/jj/wearable-biosensors-ros2/install/vernier_respiration_belt:/home/jj/wearable-biosensors-ros2/install/shimmer3_gsr_unit:/home/jj/wearable-biosensors-ros2/install/polar_h10:/home/jj/wearable-biosensors-ros2/install/empatica_e4:/home/jj/wearable-biosensors-ros2/install/emotiv_insight:/opt/ros/humble /usr/bin/cmake /home/jj/wearable-biosensors-ros2/src/rosbag2/sqlite3_vendor -DCMAKE_INSTALL_PREFIX=/home/jj/wearable-biosensors-ros2/install/sqlite3_vendor
[12.606s] Invoking command in '/home/jj/wearable-biosensors-ros2/build/sqlite3_vendor': CMAKE_PREFIX_PATH=${CMAKE_PREFIX_PATH}:/home/jj/wearable-biosensors-ros2/install/vernier_respiration_belt:/home/jj/wearable-biosensors-ros2/install/shimmer3_gsr_unit:/home/jj/wearable-biosensors-ros2/install/polar_h10:/home/jj/wearable-biosensors-ros2/install/empatica_e4:/home/jj/wearable-biosensors-ros2/install/emotiv_insight:/opt/ros/humble /usr/bin/cmake --build /home/jj/wearable-biosensors-ros2/build/sqlite3_vendor -- -j4 -l4
[14.207s] Invoked command in '/home/jj/wearable-biosensors-ros2/build/sqlite3_vendor' returned '0': CMAKE_PREFIX_PATH=${CMAKE_PREFIX_PATH}:/home/jj/wearable-biosensors-ros2/install/vernier_respiration_belt:/home/jj/wearable-biosensors-ros2/install/shimmer3_gsr_unit:/home/jj/wearable-biosensors-ros2/install/polar_h10:/home/jj/wearable-biosensors-ros2/install/empatica_e4:/home/jj/wearable-biosensors-ros2/install/emotiv_insight:/opt/ros/humble /usr/bin/cmake --build /home/jj/wearable-biosensors-ros2/build/sqlite3_vendor -- -j4 -l4
[15.439s] Invoking command in '/home/jj/wearable-biosensors-ros2/build/sqlite3_vendor': CMAKE_PREFIX_PATH=${CMAKE_PREFIX_PATH}:/home/jj/wearable-biosensors-ros2/install/vernier_respiration_belt:/home/jj/wearable-biosensors-ros2/install/shimmer3_gsr_unit:/home/jj/wearable-biosensors-ros2/install/polar_h10:/home/jj/wearable-biosensors-ros2/install/empatica_e4:/home/jj/wearable-biosensors-ros2/install/emotiv_insight:/opt/ros/humble /usr/bin/cmake --install /home/jj/wearable-biosensors-ros2/build/sqlite3_vendor
[15.817s] -- Install configuration: ""
[15.821s] -- Installing: /home/jj/wearable-biosensors-ros2/install/sqlite3_vendor/share/sqlite3_vendor/cmake
[15.843s] -- Installing: /home/jj/wearable-biosensors-ros2/install/sqlite3_vendor/share/sqlite3_vendor/cmake/Modules
[15.844s] -- Installing: /home/jj/wearable-biosensors-ros2/install/sqlite3_vendor/share/sqlite3_vendor/cmake/Modules/FindSQLite3.cmake
[15.871s] -- Installing: /home/jj/wearable-biosensors-ros2/install/sqlite3_vendor/share/ament_index/resource_index/package_run_dependencies/sqlite3_vendor
[15.894s] -- Installing: /home/jj/wearable-biosensors-ros2/install/sqlite3_vendor/share/ament_index/resource_index/parent_prefix_path/sqlite3_vendor
[15.918s] -- Installing: /home/jj/wearable-biosensors-ros2/install/sqlite3_vendor/share/sqlite3_vendor/environment/ament_prefix_path.sh
[15.953s] -- Installing: /home/jj/wearable-biosensors-ros2/install/sqlite3_vendor/share/sqlite3_vendor/environment/ament_prefix_path.dsv
[15.955s] -- Installing: /home/jj/wearable-biosensors-ros2/install/sqlite3_vendor/share/sqlite3_vendor/environment/path.sh
[16.019s] -- Installing: /home/jj/wearable-biosensors-ros2/install/sqlite3_vendor/share/sqlite3_vendor/environment/path.dsv
[16.022s] -- Installing: /home/jj/wearable-biosensors-ros2/install/sqlite3_vendor/share/sqlite3_vendor/local_setup.bash
[16.055s] -- Installing: /home/jj/wearable-biosensors-ros2/install/sqlite3_vendor/share/sqlite3_vendor/local_setup.sh
[16.073s] -- Installing: /home/jj/wearable-biosensors-ros2/install/sqlite3_vendor/share/sqlite3_vendor/local_setup.zsh
[16.127s] -- Installing: /home/jj/wearable-biosensors-ros2/install/sqlite3_vendor/share/sqlite3_vendor/local_setup.dsv
[16.183s] -- Installing: /home/jj/wearable-biosensors-ros2/install/sqlite3_vendor/share/sqlite3_vendor/package.dsv
[16.195s] -- Installing: /home/jj/wearable-biosensors-ros2/install/sqlite3_vendor/share/ament_index/resource_index/packages/sqlite3_vendor
[16.198s] -- Installing: /home/jj/wearable-biosensors-ros2/install/sqlite3_vendor/share/sqlite3_vendor/cmake/sqlite3_vendor-extras.cmake
[16.199s] -- Installing: /home/jj/wearable-biosensors-ros2/install/sqlite3_vendor/share/sqlite3_vendor/cmake/sqlite3_vendorConfig.cmake
[16.233s] -- Installing: /home/jj/wearable-biosensors-ros2/install/sqlite3_vendor/share/sqlite3_vendor/cmake/sqlite3_vendorConfig-version.cmake
[16.243s] -- Installing: /home/jj/wearable-biosensors-ros2/install/sqlite3_vendor/share/sqlite3_vendor/package.xml
[16.631s] Invoked command in '/home/jj/wearable-biosensors-ros2/build/sqlite3_vendor' returned '0': CMAKE_PREFIX_PATH=${CMAKE_PREFIX_PATH}:/home/jj/wearable-biosensors-ros2/install/vernier_respiration_belt:/home/jj/wearable-biosensors-ros2/install/shimmer3_gsr_unit:/home/jj/wearable-biosensors-ros2/install/polar_h10:/home/jj/wearable-biosensors-ros2/install/empatica_e4:/home/jj/wearable-biosensors-ros2/install/emotiv_insight:/opt/ros/humble /usr/bin/cmake --install /home/jj/wearable-biosensors-ros2/build/sqlite3_vendor
