[10.400s] Invoking command in '/home/jj/wearable-biosensors-ros2/build/vernier_respiration_belt': CMAKE_PREFIX_PATH=/home/jj/wearable-biosensors-ros2/install/cdcl_umd_msgs:/home/jj/wearable-biosensors-ros2/install/manager PYTHONPATH=/home/jj/wearable-biosensors-ros2/build/vernier_respiration_belt/prefix_override:/home/jj/wearable-biosensors-ros2/install/vernier_respiration_belt/lib/python3.10/site-packages:/home/jj/wearable-biosensors-ros2/install/cdcl_umd_msgs/lib/python3.10/site-packages:/home/jj/wearable-biosensors-ros2/install/manager/lib/python3.10/site-packages:/home/jj/wearable-biosensors-ros2/build/vernier_respiration_belt:/home/jj/wearable-biosensors-ros2/install/vernier_respiration_belt/lib/python3.10/site-packages:/home/jj/wearable-biosensors-ros2/build/shimmer3_gsr_unit:/home/jj/wearable-biosensors-ros2/install/shimmer3_gsr_unit/lib/python3.10/site-packages:/home/jj/wearable-biosensors-ros2/build/polar_h10:/home/jj/wearable-biosensors-ros2/install/polar_h10/lib/python3.10/site-packages:/home/jj/wearable-biosensors-ros2/build/empatica_e4:/home/jj/wearable-biosensors-ros2/install/empatica_e4/lib/python3.10/site-packages:/home/jj/wearable-biosensors-ros2/build/emotiv_insight:/home/jj/wearable-biosensors-ros2/install/emotiv_insight/lib/python3.10/site-packages:/home/jj/wearable-biosensors-ros2/install/cdcl_umd_msgs/local/lib/python3.10/dist-packages:/opt/ros/humble/lib/python3.10/site-packages:/opt/ros/humble/local/lib/python3.10/dist-packages /usr/bin/python3 -W ignore:setup.py install is deprecated setup.py develop --editable --build-directory /home/jj/wearable-biosensors-ros2/build/vernier_respiration_belt/build --no-deps symlink_data
[13.684s] /usr/lib/python3/dist-packages/setuptools/dist.py:723: UserWarning: Usage of dash-separated 'script-dir' will not be supported in future versions. Please use the underscore name 'script_dir' instead
[13.686s]   warnings.warn(
[14.141s] running develop
[14.145s] /usr/lib/python3/dist-packages/setuptools/command/easy_install.py:158: EasyInstallDeprecationWarning: easy_install command is deprecated. Use build and pip and other standards-based tools.
[14.152s]   warnings.warn(
[15.617s] running egg_info
[15.617s] writing vernier_respiration_belt.egg-info/PKG-INFO
[15.619s] writing dependency_links to vernier_respiration_belt.egg-info/dependency_links.txt
[15.620s] writing entry points to vernier_respiration_belt.egg-info/entry_points.txt
[15.621s] writing requirements to vernier_respiration_belt.egg-info/requires.txt
[15.622s] writing top-level names to vernier_respiration_belt.egg-info/top_level.txt
[15.631s] reading manifest file 'vernier_respiration_belt.egg-info/SOURCES.txt'
[15.635s] writing manifest file 'vernier_respiration_belt.egg-info/SOURCES.txt'
[15.643s] running build_ext
[15.644s] Creating /home/jj/wearable-biosensors-ros2/install/vernier_respiration_belt/lib/python3.10/site-packages/vernier-respiration-belt.egg-link (link to .)
[15.648s] Installing vernier_respiration_belt_node script to /home/jj/wearable-biosensors-ros2/install/vernier_respiration_belt/lib/vernier_respiration_belt
[15.650s] 
[15.651s] Installed /home/jj/wearable-biosensors-ros2/build/vernier_respiration_belt
[15.651s] running symlink_data
[15.801s] Invoked command in '/home/jj/wearable-biosensors-ros2/build/vernier_respiration_belt' returned '0': CMAKE_PREFIX_PATH=/home/jj/wearable-biosensors-ros2/install/cdcl_umd_msgs:/home/jj/wearable-biosensors-ros2/install/manager PYTHONPATH=/home/jj/wearable-biosensors-ros2/build/vernier_respiration_belt/prefix_override:/home/jj/wearable-biosensors-ros2/install/vernier_respiration_belt/lib/python3.10/site-packages:/home/jj/wearable-biosensors-ros2/install/cdcl_umd_msgs/lib/python3.10/site-packages:/home/jj/wearable-biosensors-ros2/install/manager/lib/python3.10/site-packages:/home/jj/wearable-biosensors-ros2/build/vernier_respiration_belt:/home/jj/wearable-biosensors-ros2/install/vernier_respiration_belt/lib/python3.10/site-packages:/home/jj/wearable-biosensors-ros2/build/shimmer3_gsr_unit:/home/jj/wearable-biosensors-ros2/install/shimmer3_gsr_unit/lib/python3.10/site-packages:/home/jj/wearable-biosensors-ros2/build/polar_h10:/home/jj/wearable-biosensors-ros2/install/polar_h10/lib/python3.10/site-packages:/home/jj/wearable-biosensors-ros2/build/empatica_e4:/home/jj/wearable-biosensors-ros2/install/empatica_e4/lib/python3.10/site-packages:/home/jj/wearable-biosensors-ros2/build/emotiv_insight:/home/jj/wearable-biosensors-ros2/install/emotiv_insight/lib/python3.10/site-packages:/home/jj/wearable-biosensors-ros2/install/cdcl_umd_msgs/local/lib/python3.10/dist-packages:/opt/ros/humble/lib/python3.10/site-packages:/opt/ros/humble/local/lib/python3.10/dist-packages /usr/bin/python3 -W ignore:setup.py install is deprecated setup.py develop --editable --build-directory /home/jj/wearable-biosensors-ros2/build/vernier_respiration_belt/build --no-deps symlink_data
