[11.694s] Invoking command in '/home/jj/wearable-biosensors-ros2/build/emotiv_insight': PYTHONPATH=/home/jj/wearable-biosensors-ros2/build/emotiv_insight/prefix_override:/home/jj/wearable-biosensors-ros2/install/emotiv_insight/lib/python3.10/site-packages:${PYTHONPATH} /usr/bin/python3 -W ignore:setup.py install is deprecated setup.py develop --editable --build-directory /home/jj/wearable-biosensors-ros2/build/emotiv_insight/build --no-deps symlink_data
[16.103s] /usr/lib/python3/dist-packages/setuptools/dist.py:723: UserWarning: Usage of dash-separated 'script-dir' will not be supported in future versions. Please use the underscore name 'script_dir' instead
[16.105s]   warnings.warn(
[16.897s] running develop
[16.903s] /usr/lib/python3/dist-packages/setuptools/command/easy_install.py:158: EasyInstallDeprecationWarning: easy_install command is deprecated. Use build and pip and other standards-based tools.
[16.903s]   warnings.warn(
[21.004s] running egg_info
[21.004s] writing emotiv_insight.egg-info/PKG-INFO
[21.007s] writing dependency_links to emotiv_insight.egg-info/dependency_links.txt
[21.012s] writing entry points to emotiv_insight.egg-info/entry_points.txt
[21.015s] writing requirements to emotiv_insight.egg-info/requires.txt
[21.017s] writing top-level names to emotiv_insight.egg-info/top_level.txt
[21.031s] reading manifest file 'emotiv_insight.egg-info/SOURCES.txt'
[21.059s] writing manifest file 'emotiv_insight.egg-info/SOURCES.txt'
[21.079s] running build_ext
[21.084s] Creating /home/jj/wearable-biosensors-ros2/install/emotiv_insight/lib/python3.10/site-packages/emotiv-insight.egg-link (link to .)
[21.100s] Installing emotiv_insight_node script to /home/jj/wearable-biosensors-ros2/install/emotiv_insight/lib/emotiv_insight
[21.104s] 
[21.105s] Installed /home/jj/wearable-biosensors-ros2/build/emotiv_insight
[21.107s] running symlink_data
[21.370s] Invoked command in '/home/jj/wearable-biosensors-ros2/build/emotiv_insight' returned '0': PYTHONPATH=/home/jj/wearable-biosensors-ros2/build/emotiv_insight/prefix_override:/home/jj/wearable-biosensors-ros2/install/emotiv_insight/lib/python3.10/site-packages:${PYTHONPATH} /usr/bin/python3 -W ignore:setup.py install is deprecated setup.py develop --editable --build-directory /home/jj/wearable-biosensors-ros2/build/emotiv_insight/build --no-deps symlink_data
