-- Found ament_cmake: 1.3.9 (/opt/ros/humble/share/ament_cmake/cmake)
-- Override CMake install command with custom implementation using symlinks instead of copying resources
-- Found rosidl_default_generators: 1.2.0 (/opt/ros/humble/share/rosidl_default_generators/cmake)
-- Using all available rosidl_typesupport_c: rosidl_typesupport_fastrtps_c;rosidl_typesupport_introspection_c
-- Found rosidl_adapter: 3.1.5 (/opt/ros/humble/share/rosidl_adapter/cmake)
-- Using all available rosidl_typesupport_cpp: rosidl_typesupport_fastrtps_cpp;rosidl_typesupport_introspection_cpp
-- Found std_msgs: 4.2.4 (/opt/ros/humble/share/std_msgs/cmake)
-- Found ament_cmake_ros: 0.10.0 (/opt/ros/humble/share/ament_cmake_ros/cmake)
-- Using all available rosidl_typesupport_c: rosidl_typesupport_fastrtps_c;rosidl_typesupport_introspection_c
-- Using all available rosidl_typesupport_cpp: rosidl_typesupport_fastrtps_cpp;rosidl_typesupport_introspection_cpp
-- Found python_cmake_module: 0.10.0 (/opt/ros/humble/share/python_cmake_module/cmake)
-- Using PYTHON_EXECUTABLE: /usr/bin/python3
-- Using PYTHON_INCLUDE_DIRS: /usr/include/python3.10
-- Using PYTHON_LIBRARIES: /usr/lib/aarch64-linux-gnu/libpython3.10.so
-- Configuring done
-- Generating done
-- Build files have been written to: /home/jj/wearable-biosensors-ros2/build/cdcl_umd_msgs
[  3%] [32mBuilding C object CMakeFiles/cdcl_umd_msgs__rosidl_generator_c.dir/rosidl_generator_c/cdcl_umd_msgs/msg/detail/vitals__functions.c.o[0m
[  6%] Built target cdcl_umd_msgs__cpp
[  6%] Built target ament_cmake_python_symlink_cdcl_umd_msgs
[  9%] [34m[1mGenerating C++ introspection for ROS interfaces[0m
[ 12%] [32mBuilding CXX object CMakeFiles/cdcl_umd_msgs__rosidl_typesupport_cpp.dir/rosidl_typesupport_cpp/cdcl_umd_msgs/msg/vitals__type_support.cpp.o[0m
[ 16%] [32mBuilding CXX object CMakeFiles/cdcl_umd_msgs__rosidl_typesupport_fastrtps_cpp.dir/rosidl_typesupport_fastrtps_cpp/cdcl_umd_msgs/msg/detail/dds_fastrtps/vitals__type_support.cpp.o[0m
[ 19%] [32mBuilding CXX object CMakeFiles/cdcl_umd_msgs__rosidl_typesupport_introspection_cpp.dir/rosidl_typesupport_introspection_cpp/cdcl_umd_msgs/msg/detail/vitals__type_support.cpp.o[0m
