[14.729s] Invoking command in '/home/jj/wearable-biosensors-ros2/build/emotiv_insight': PYTHONPATH=/home/jj/wearable-biosensors-ros2/build/emotiv_insight/prefix_override:/home/jj/wearable-biosensors-ros2/install/emotiv_insight/lib/python3.10/site-packages:${PYTHONPATH} /usr/bin/python3 -W ignore:setup.py install is deprecated setup.py develop --editable --build-directory /home/jj/wearable-biosensors-ros2/build/emotiv_insight/build --no-deps symlink_data
[19.974s] /usr/lib/python3/dist-packages/setuptools/dist.py:723: UserWarning: Usage of dash-separated 'script-dir' will not be supported in future versions. Please use the underscore name 'script_dir' instead
[19.979s]   warnings.warn(
[20.743s] running develop
[20.749s] /usr/lib/python3/dist-packages/setuptools/command/easy_install.py:158: EasyInstallDeprecationWarning: easy_install command is deprecated. Use build and pip and other standards-based tools.
[20.750s]   warnings.warn(
[24.658s] running egg_info
[24.660s] writing emotiv_insight.egg-info/PKG-INFO
[24.666s] writing dependency_links to emotiv_insight.egg-info/dependency_links.txt
[24.675s] writing entry points to emotiv_insight.egg-info/entry_points.txt
[24.694s] writing requirements to emotiv_insight.egg-info/requires.txt
[24.695s] writing top-level names to emotiv_insight.egg-info/top_level.txt
[24.708s] reading manifest file 'emotiv_insight.egg-info/SOURCES.txt'
[24.726s] writing manifest file 'emotiv_insight.egg-info/SOURCES.txt'
[24.739s] running build_ext
[24.740s] Creating /home/jj/wearable-biosensors-ros2/install/emotiv_insight/lib/python3.10/site-packages/emotiv-insight.egg-link (link to .)
[24.753s] Installing emotiv_insight_node script to /home/jj/wearable-biosensors-ros2/install/emotiv_insight/lib/emotiv_insight
[24.760s] 
[24.763s] Installed /home/jj/wearable-biosensors-ros2/build/emotiv_insight
[24.767s] running symlink_data
[26.171s] Invoked command in '/home/jj/wearable-biosensors-ros2/build/emotiv_insight' returned '0': PYTHONPATH=/home/jj/wearable-biosensors-ros2/build/emotiv_insight/prefix_override:/home/jj/wearable-biosensors-ros2/install/emotiv_insight/lib/python3.10/site-packages:${PYTHONPATH} /usr/bin/python3 -W ignore:setup.py install is deprecated setup.py develop --editable --build-directory /home/jj/wearable-biosensors-ros2/build/emotiv_insight/build --no-deps symlink_data
