[16.537s] Invoking command in '/home/jj/wearable-biosensors-ros2/build/empatica_e4': PYTHONPATH=/home/jj/wearable-biosensors-ros2/build/empatica_e4/prefix_override:/home/jj/wearable-biosensors-ros2/install/empatica_e4/lib/python3.10/site-packages:${PYTHONPATH} /usr/bin/python3 -W ignore:setup.py install is deprecated setup.py develop --editable --build-directory /home/jj/wearable-biosensors-ros2/build/empatica_e4/build --no-deps symlink_data
[21.926s] /usr/lib/python3/dist-packages/setuptools/dist.py:723: UserWarning: Usage of dash-separated 'script-dir' will not be supported in future versions. Please use the underscore name 'script_dir' instead
[21.933s]   warnings.warn(
[22.432s] running develop
[22.438s] /usr/lib/python3/dist-packages/setuptools/command/easy_install.py:158: EasyInstallDeprecationWarning: easy_install command is deprecated. Use build and pip and other standards-based tools.
[22.439s]   warnings.warn(
[27.515s] running egg_info
[27.530s] writing empatica_e4.egg-info/PKG-INFO
[27.537s] writing dependency_links to empatica_e4.egg-info/dependency_links.txt
[27.540s] writing entry points to empatica_e4.egg-info/entry_points.txt
[27.545s] writing requirements to empatica_e4.egg-info/requires.txt
[27.545s] writing top-level names to empatica_e4.egg-info/top_level.txt
[27.561s] reading manifest file 'empatica_e4.egg-info/SOURCES.txt'
[27.569s] writing manifest file 'empatica_e4.egg-info/SOURCES.txt'
[27.610s] running build_ext
[27.610s] Creating /home/jj/wearable-biosensors-ros2/install/empatica_e4/lib/python3.10/site-packages/empatica-e4.egg-link (link to .)
[27.619s] Installing empatica_e4_node script to /home/jj/wearable-biosensors-ros2/install/empatica_e4/lib/empatica_e4
[27.623s] 
[27.626s] Installed /home/jj/wearable-biosensors-ros2/build/empatica_e4
[27.629s] running symlink_data
[31.956s] Invoked command in '/home/jj/wearable-biosensors-ros2/build/empatica_e4' returned '0': PYTHONPATH=/home/jj/wearable-biosensors-ros2/build/empatica_e4/prefix_override:/home/jj/wearable-biosensors-ros2/install/empatica_e4/lib/python3.10/site-packages:${PYTHONPATH} /usr/bin/python3 -W ignore:setup.py install is deprecated setup.py develop --editable --build-directory /home/jj/wearable-biosensors-ros2/build/empatica_e4/build --no-deps symlink_data
