/usr/lib/python3/dist-packages/setuptools/command/easy_install.py:158: EasyInstallDeprecationWarning: easy_install command is deprecated. Use build and pip and other standards-based tools.
  warnings.warn(
running develop
running egg_info
creating manager.egg-info
writing manager.egg-info/PKG-INFO
writing dependency_links to manager.egg-info/dependency_links.txt
writing entry points to manager.egg-info/entry_points.txt
writing requirements to manager.egg-info/requires.txt
writing top-level names to manager.egg-info/top_level.txt
writing manifest file 'manager.egg-info/SOURCES.txt'
reading manifest file 'manager.egg-info/SOURCES.txt'
writing manifest file 'manager.egg-info/SOURCES.txt'
running build_ext
Creating /home/jj/wearable-biosensors-ros2/install/manager/lib/python3.10/site-packages/manager.egg-link (link to .)

Installed /home/jj/wearable-biosensors-ros2/build/manager
running symlink_data
creating /home/jj/wearable-biosensors-ros2/install/manager/share/ament_index
creating /home/jj/wearable-biosensors-ros2/install/manager/share/ament_index/resource_index
creating /home/jj/wearable-biosensors-ros2/install/manager/share/ament_index/resource_index/packages
symbolically linking /home/jj/wearable-biosensors-ros2/build/manager/resource/manager -> /home/jj/wearable-biosensors-ros2/install/manager/share/ament_index/resource_index/packages
symbolically linking /home/jj/wearable-biosensors-ros2/build/manager/package.xml -> /home/jj/wearable-biosensors-ros2/install/manager/share/manager
