[11.350s] Invoking command in '/home/jj/wearable-biosensors-ros2/build/shimmer3_gsr_unit': PYTHONPATH=/home/jj/wearable-biosensors-ros2/build/shimmer3_gsr_unit/prefix_override:/home/jj/wearable-biosensors-ros2/install/shimmer3_gsr_unit/lib/python3.10/site-packages:${PYTHONPATH} /usr/bin/python3 -W ignore:setup.py install is deprecated setup.py develop --editable --build-directory /home/jj/wearable-biosensors-ros2/build/shimmer3_gsr_unit/build --no-deps symlink_data
[14.949s] /usr/lib/python3/dist-packages/setuptools/dist.py:723: UserWarning: Usage of dash-separated 'script-dir' will not be supported in future versions. Please use the underscore name 'script_dir' instead
[14.950s]   warnings.warn(
[15.508s] /usr/lib/python3/dist-packages/setuptools/command/easy_install.py:158: EasyInstallDeprecationWarning: easy_install command is deprecated. Use build and pip and other standards-based tools.
[15.509s]   warnings.warn(
[15.517s] running develop
[20.344s] running egg_info
[20.349s] writing shimmer3_gsr_unit.egg-info/PKG-INFO
[20.360s] writing dependency_links to shimmer3_gsr_unit.egg-info/dependency_links.txt
[20.365s] writing entry points to shimmer3_gsr_unit.egg-info/entry_points.txt
[20.373s] writing requirements to shimmer3_gsr_unit.egg-info/requires.txt
[20.382s] writing top-level names to shimmer3_gsr_unit.egg-info/top_level.txt
[20.403s] reading manifest file 'shimmer3_gsr_unit.egg-info/SOURCES.txt'
[20.428s] writing manifest file 'shimmer3_gsr_unit.egg-info/SOURCES.txt'
[20.463s] running build_ext
[20.465s] Creating /home/jj/wearable-biosensors-ros2/install/shimmer3_gsr_unit/lib/python3.10/site-packages/shimmer3-gsr-unit.egg-link (link to .)
[20.502s] Installing shimmer_gsr_ppg_node script to /home/jj/wearable-biosensors-ros2/install/shimmer3_gsr_unit/lib/shimmer3_gsr_unit
[20.504s] 
[20.505s] Installed /home/jj/wearable-biosensors-ros2/build/shimmer3_gsr_unit
[20.522s] running symlink_data
[21.195s] Invoked command in '/home/jj/wearable-biosensors-ros2/build/shimmer3_gsr_unit' returned '0': PYTHONPATH=/home/jj/wearable-biosensors-ros2/build/shimmer3_gsr_unit/prefix_override:/home/jj/wearable-biosensors-ros2/install/shimmer3_gsr_unit/lib/python3.10/site-packages:${PYTHONPATH} /usr/bin/python3 -W ignore:setup.py install is deprecated setup.py develop --editable --build-directory /home/jj/wearable-biosensors-ros2/build/shimmer3_gsr_unit/build --no-deps symlink_data
