[8.451s] Invoking command in '/home/jj/wearable-biosensors-ros2/build/cdcl_umd_msgs': PYTHONPATH=/home/jj/wearable-biosensors-ros2/build/cdcl_umd_msgs/prefix_override:/home/jj/wearable-biosensors-ros2/install/cdcl_umd_msgs/lib/python3.10/site-packages:${PYTHONPATH} /usr/bin/python3 -W ignore:setup.py install is deprecated setup.py develop --editable --build-directory /home/jj/wearable-biosensors-ros2/build/cdcl_umd_msgs/build --no-deps symlink_data --force
[10.658s] running develop
[10.661s] /usr/lib/python3/dist-packages/setuptools/command/easy_install.py:158: EasyInstallDeprecationWarning: easy_install command is deprecated. Use build and pip and other standards-based tools.
[10.662s]   warnings.warn(
[12.102s] running egg_info
[12.103s] writing cdcl_umd_msgs.egg-info/PKG-INFO
[12.105s] writing dependency_links to cdcl_umd_msgs.egg-info/dependency_links.txt
[12.106s] writing entry points to cdcl_umd_msgs.egg-info/entry_points.txt
[12.107s] writing requirements to cdcl_umd_msgs.egg-info/requires.txt
[12.108s] writing top-level names to cdcl_umd_msgs.egg-info/top_level.txt
[12.120s] reading manifest file 'cdcl_umd_msgs.egg-info/SOURCES.txt'
[12.125s] writing manifest file 'cdcl_umd_msgs.egg-info/SOURCES.txt'
[12.134s] running build_ext
[12.135s] Creating /home/jj/wearable-biosensors-ros2/install/cdcl_umd_msgs/lib/python3.10/site-packages/cdcl-umd-msgs.egg-link (link to .)
[12.140s] 
[12.141s] Installed /home/jj/wearable-biosensors-ros2/build/cdcl_umd_msgs
[12.142s] running symlink_data
[12.142s] symbolically linking /home/jj/wearable-biosensors-ros2/build/cdcl_umd_msgs/resource/cdcl_umd_msgs -> /home/jj/wearable-biosensors-ros2/install/cdcl_umd_msgs/share/ament_index/resource_index/packages
[12.143s] symbolically linking /home/jj/wearable-biosensors-ros2/build/cdcl_umd_msgs/package.xml -> /home/jj/wearable-biosensors-ros2/install/cdcl_umd_msgs/share/cdcl_umd_msgs
[12.424s] Invoked command in '/home/jj/wearable-biosensors-ros2/build/cdcl_umd_msgs' returned '0': PYTHONPATH=/home/jj/wearable-biosensors-ros2/build/cdcl_umd_msgs/prefix_override:/home/jj/wearable-biosensors-ros2/install/cdcl_umd_msgs/lib/python3.10/site-packages:${PYTHONPATH} /usr/bin/python3 -W ignore:setup.py install is deprecated setup.py develop --editable --build-directory /home/jj/wearable-biosensors-ros2/build/cdcl_umd_msgs/build --no-deps symlink_data --force
