[10.192s] Invoking command in '/home/jj/wearable-biosensors-ros2/build/empatica_e4': PYTHONPATH=/home/jj/wearable-biosensors-ros2/build/empatica_e4/prefix_override:/home/jj/wearable-biosensors-ros2/install/empatica_e4/lib/python3.10/site-packages:${PYTHONPATH} /usr/bin/python3 -W ignore:setup.py install is deprecated setup.py develop --editable --build-directory /home/jj/wearable-biosensors-ros2/build/empatica_e4/build --no-deps symlink_data
[11.473s] /home/jj/.local/lib/python3.10/site-packages/setuptools/dist.py:476: SetuptoolsDeprecationWarning: Invalid dash-separated options
[11.476s] !!
[11.479s] 
[11.483s]         ********************************************************************************
[11.486s]         Usage of dash-separated 'script-dir' will not be supported in future
[11.489s]         versions. Please use the underscore name 'script_dir' instead.
[11.493s] 
[11.511s]         By 2024-Sep-26, you need to update your project and remove deprecated calls
[11.514s]         or your builds will no longer be supported.
[11.517s] 
[11.521s]         See https://setuptools.pypa.io/en/latest/userguide/declarative_config.html for details.
[11.525s]         ********************************************************************************
[11.529s] 
[11.533s] !!
[11.537s]   opt = self.warn_dash_deprecation(opt, section)
[13.588s] running develop
[13.593s] /home/jj/.local/lib/python3.10/site-packages/setuptools/command/develop.py:42: EasyInstallDeprecationWarning: easy_install command is deprecated.
[13.597s] !!
[13.601s] 
[13.605s]         ********************************************************************************
[13.609s]         Please avoid running ``setup.py`` and ``easy_install``.
[13.613s]         Instead, use pypa/build, pypa/installer or other
[13.629s]         standards-based tools.
[13.634s] 
[13.637s]         See https://github.com/pypa/setuptools/issues/917 for details.
[13.641s]         ********************************************************************************
[13.644s] 
[13.648s] !!
[13.653s]   easy_install.initialize_options(self)
[16.178s] running egg_info
[16.407s] writing empatica_e4.egg-info/PKG-INFO
[16.411s] writing dependency_links to empatica_e4.egg-info/dependency_links.txt
[16.411s] writing entry points to empatica_e4.egg-info/entry_points.txt
[16.415s] writing requirements to empatica_e4.egg-info/requires.txt
[16.419s] writing top-level names to empatica_e4.egg-info/top_level.txt
[16.696s] reading manifest file 'empatica_e4.egg-info/SOURCES.txt'
[16.702s] writing manifest file 'empatica_e4.egg-info/SOURCES.txt'
[17.005s] running build_ext
[17.009s] Creating /home/jj/wearable-biosensors-ros2/install/empatica_e4/lib/python3.10/site-packages/empatica-e4.egg-link (link to .)
[17.009s] Installing empatica_e4_node script to /home/jj/wearable-biosensors-ros2/install/empatica_e4/lib/empatica_e4
[17.019s] 
[17.021s] Installed /home/jj/wearable-biosensors-ros2/build/empatica_e4
[17.022s] running symlink_data
[17.286s] Invoked command in '/home/jj/wearable-biosensors-ros2/build/empatica_e4' returned '0': PYTHONPATH=/home/jj/wearable-biosensors-ros2/build/empatica_e4/prefix_override:/home/jj/wearable-biosensors-ros2/install/empatica_e4/lib/python3.10/site-packages:${PYTHONPATH} /usr/bin/python3 -W ignore:setup.py install is deprecated setup.py develop --editable --build-directory /home/jj/wearable-biosensors-ros2/build/empatica_e4/build --no-deps symlink_data
