[  3%] Built target cdcl_umd_msgs__cpp
[ 12%] Built target cdcl_umd_msgs__rosidl_generator_c
[ 12%] Built target ament_cmake_python_symlink_cdcl_umd_msgs
[ 22%] Built target cdcl_umd_msgs__rosidl_typesupport_cpp
[ 35%] Built target cdcl_umd_msgs__rosidl_typesupport_introspection_cpp
[ 51%] Built target cdcl_umd_msgs__rosidl_typesupport_fastrtps_c
[ 51%] Built target cdcl_umd_msgs__rosidl_typesupport_fastrtps_cpp
[ 61%] Built target cdcl_umd_msgs__rosidl_typesupport_introspection_c
[ 70%] Built target cdcl_umd_msgs__rosidl_typesupport_c
[ 70%] Built target cdcl_umd_msgs
[ 74%] Built target cdcl_umd_msgs__py
[ 80%] Built target cdcl_umd_msgs__rosidl_generator_py
[ 87%] Built target cdcl_umd_msgs__rosidl_typesupport_introspection_c__pyext
[ 93%] Built target cdcl_umd_msgs__rosidl_typesupport_c__pyext
[100%] Built target cdcl_umd_msgs__rosidl_typesupport_fastrtps_c__pyext
running egg_info
writing cdcl_umd_msgs.egg-info/PKG-INFO
writing dependency_links to cdcl_umd_msgs.egg-info/dependency_links.txt
writing top-level names to cdcl_umd_msgs.egg-info/top_level.txt
reading manifest file 'cdcl_umd_msgs.egg-info/SOURCES.txt'
writing manifest file 'cdcl_umd_msgs.egg-info/SOURCES.txt'
[100%] Built target ament_cmake_python_build_cdcl_umd_msgs_egg
gmake: Warning: File 'Makefile' has modification time 1443 s in the future
gmake[1]: Warning: File 'CMakeFiles/Makefile2' has modification time 1443 s in the future
gmake[2]: Warning: File 'CMakeFiles/cdcl_umd_msgs__rosidl_generator_c.dir/progress.make' has modification time 1443 s in the future
gmake[2]: Warning: File 'CMakeFiles/ament_cmake_python_symlink_cdcl_umd_msgs.dir/progress.make' has modification time 1443 s in the future
gmake[2]: Warning: File 'CMakeFiles/cdcl_umd_msgs__cpp.dir/progress.make' has modification time 1443 s in the future
gmake[2]: warning:  Clock skew detected.  Your build may be incomplete.
gmake[2]: warning:  Clock skew detected.  Your build may be incomplete.
gmake[2]: Warning: File 'CMakeFiles/ament_cmake_python_symlink_cdcl_umd_msgs.dir/progress.make' has modification time 1443 s in the future
gmake[2]: warning:  Clock skew detected.  Your build may be incomplete.
gmake[2]: Warning: File 'CMakeFiles/cdcl_umd_msgs__rosidl_generator_c.dir/progress.make' has modification time 1443 s in the future
gmake[2]: Warning: File 'CMakeFiles/cdcl_umd_msgs__cpp.dir/progress.make' has modification time 1443 s in the future
gmake[2]: warning:  Clock skew detected.  Your build may be incomplete.
gmake[2]: warning:  Clock skew detected.  Your build may be incomplete.
gmake[2]: warning:  Clock skew detected.  Your build may be incomplete.
gmake[2]: Warning: File 'CMakeFiles/cdcl_umd_msgs__rosidl_typesupport_fastrtps_cpp.dir/progress.make' has modification time 1443 s in the future
gmake[2]: Warning: File 'CMakeFiles/cdcl_umd_msgs__rosidl_typesupport_introspection_cpp.dir/progress.make' has modification time 1443 s in the future
gmake[2]: Warning: File 'CMakeFiles/cdcl_umd_msgs__rosidl_typesupport_cpp.dir/progress.make' has modification time 1443 s in the future
gmake[2]: warning:  Clock skew detected.  Your build may be incomplete.
gmake[2]: Warning: File 'CMakeFiles/cdcl_umd_msgs__rosidl_typesupport_fastrtps_c.dir/progress.make' has modification time 1443 s in the future
gmake[2]: Warning: File 'CMakeFiles/cdcl_umd_msgs__rosidl_typesupport_fastrtps_cpp.dir/progress.make' has modification time 1443 s in the future
gmake[2]: warning:  Clock skew detected.  Your build may be incomplete.
gmake[2]: warning:  Clock skew detected.  Your build may be incomplete.
gmake[2]: Warning: File 'CMakeFiles/cdcl_umd_msgs__rosidl_typesupport_introspection_cpp.dir/progress.make' has modification time 1443 s in the future
gmake[2]: Warning: File 'CMakeFiles/cdcl_umd_msgs__rosidl_typesupport_cpp.dir/progress.make' has modification time 1443 s in the future
gmake[2]: warning:  Clock skew detected.  Your build may be incomplete.
gmake[2]: warning:  Clock skew detected.  Your build may be incomplete.
gmake[2]: warning:  Clock skew detected.  Your build may be incomplete.
gmake[2]: warning:  Clock skew detected.  Your build may be incomplete.
gmake[2]: Warning: File 'CMakeFiles/cdcl_umd_msgs__rosidl_typesupport_fastrtps_c.dir/progress.make' has modification time 1443 s in the future
gmake[2]: warning:  Clock skew detected.  Your build may be incomplete.
gmake[2]: Warning: File 'CMakeFiles/cdcl_umd_msgs__rosidl_typesupport_introspection_c.dir/progress.make' has modification time 1443 s in the future
gmake[2]: Warning: File 'CMakeFiles/ament_cmake_python_build_cdcl_umd_msgs_egg.dir/progress.make' has modification time 1443 s in the future
gmake[2]: Warning: File 'CMakeFiles/cdcl_umd_msgs__rosidl_typesupport_c.dir/progress.make' has modification time 1443 s in the future
gmake[2]: warning:  Clock skew detected.  Your build may be incomplete.
gmake[2]: warning:  Clock skew detected.  Your build may be incomplete.
gmake[2]: Warning: File 'CMakeFiles/ament_cmake_python_build_cdcl_umd_msgs_egg.dir/progress.make' has modification time 1443 s in the future
gmake[2]: Warning: File 'CMakeFiles/cdcl_umd_msgs__rosidl_typesupport_introspection_c.dir/progress.make' has modification time 1443 s in the future
gmake[2]: warning:  Clock skew detected.  Your build may be incomplete.
gmake[2]: warning:  Clock skew detected.  Your build may be incomplete.
gmake[2]: Warning: File 'CMakeFiles/cdcl_umd_msgs__rosidl_typesupport_c.dir/progress.make' has modification time 1443 s in the future
gmake[2]: warning:  Clock skew detected.  Your build may be incomplete.
gmake[2]: Warning: File 'CMakeFiles/cdcl_umd_msgs.dir/progress.make' has modification time 1443 s in the future
gmake[2]: warning:  Clock skew detected.  Your build may be incomplete.
gmake[2]: Warning: File 'CMakeFiles/cdcl_umd_msgs.dir/progress.make' has modification time 1443 s in the future
gmake[2]: warning:  Clock skew detected.  Your build may be incomplete.
gmake[2]: Warning: File 'cdcl_umd_msgs__py/CMakeFiles/cdcl_umd_msgs__py.dir/progress.make' has modification time 1443 s in the future
gmake[2]: warning:  Clock skew detected.  Your build may be incomplete.
gmake[2]: Warning: File 'cdcl_umd_msgs__py/CMakeFiles/cdcl_umd_msgs__py.dir/progress.make' has modification time 1443 s in the future
gmake[2]: warning:  Clock skew detected.  Your build may be incomplete.
gmake[2]: Warning: File 'CMakeFiles/cdcl_umd_msgs__rosidl_generator_py.dir/progress.make' has modification time 1443 s in the future
gmake[2]: warning:  Clock skew detected.  Your build may be incomplete.
gmake[2]: Warning: File 'CMakeFiles/cdcl_umd_msgs__rosidl_generator_py.dir/progress.make' has modification time 1443 s in the future
gmake[2]: warning:  Clock skew detected.  Your build may be incomplete.
gmake[2]: Warning: File 'CMakeFiles/cdcl_umd_msgs__rosidl_typesupport_fastrtps_c__pyext.dir/progress.make' has modification time 1442 s in the future
gmake[2]: Warning: File 'CMakeFiles/cdcl_umd_msgs__rosidl_typesupport_c__pyext.dir/progress.make' has modification time 1442 s in the future
gmake[2]: Warning: File 'CMakeFiles/cdcl_umd_msgs__rosidl_typesupport_introspection_c__pyext.dir/progress.make' has modification time 1442 s in the future
gmake[2]: warning:  Clock skew detected.  Your build may be incomplete.
gmake[2]: warning:  Clock skew detected.  Your build may be incomplete.
gmake[2]: warning:  Clock skew detected.  Your build may be incomplete.
gmake[2]: Warning: File 'CMakeFiles/cdcl_umd_msgs__rosidl_typesupport_c__pyext.dir/progress.make' has modification time 1442 s in the future
gmake[2]: Warning: File 'CMakeFiles/cdcl_umd_msgs__rosidl_typesupport_introspection_c__pyext.dir/progress.make' has modification time 1442 s in the future
gmake[2]: warning:  Clock skew detected.  Your build may be incomplete.
gmake[2]: warning:  Clock skew detected.  Your build may be incomplete.
gmake[2]: Warning: File 'CMakeFiles/cdcl_umd_msgs__rosidl_typesupport_fastrtps_c__pyext.dir/progress.make' has modification time 1442 s in the future
gmake[2]: warning:  Clock skew detected.  Your build may be incomplete.
gmake[2]: warning:  Clock skew detected.  Your build may be incomplete.
gmake[1]: warning:  Clock skew detected.  Your build may be incomplete.
gmake: warning:  Clock skew detected.  Your build may be incomplete.
-- Install configuration: ""
-- Execute custom install script
-- Up-to-date symlink: /home/jj/wearable-biosensors-ros2/install/cdcl_umd_msgs/share/ament_index/resource_index/rosidl_interfaces/cdcl_umd_msgs
-- Up-to-date symlink: /home/jj/wearable-biosensors-ros2/install/cdcl_umd_msgs/include/cdcl_umd_msgs/cdcl_umd_msgs/msg/detail/vitals__functions.h
-- Up-to-date symlink: /home/jj/wearable-biosensors-ros2/install/cdcl_umd_msgs/include/cdcl_umd_msgs/cdcl_umd_msgs/msg/detail/vitals__struct.h
-- Up-to-date symlink: /home/jj/wearable-biosensors-ros2/install/cdcl_umd_msgs/include/cdcl_umd_msgs/cdcl_umd_msgs/msg/detail/vitals__type_support.h
-- Up-to-date symlink: /home/jj/wearable-biosensors-ros2/install/cdcl_umd_msgs/include/cdcl_umd_msgs/cdcl_umd_msgs/msg/rosidl_generator_c__visibility_control.h
-- Up-to-date symlink: /home/jj/wearable-biosensors-ros2/install/cdcl_umd_msgs/include/cdcl_umd_msgs/cdcl_umd_msgs/msg/vitals.h
-- Up-to-date symlink: /home/jj/wearable-biosensors-ros2/install/cdcl_umd_msgs/share/cdcl_umd_msgs/environment/library_path.sh
-- Up-to-date symlink: /home/jj/wearable-biosensors-ros2/install/cdcl_umd_msgs/share/cdcl_umd_msgs/environment/library_path.dsv
-- Up-to-date symlink: /home/jj/wearable-biosensors-ros2/install/cdcl_umd_msgs/include/cdcl_umd_msgs/cdcl_umd_msgs/msg/detail/vitals__rosidl_typesupport_fastrtps_c.h
-- Up-to-date symlink: /home/jj/wearable-biosensors-ros2/install/cdcl_umd_msgs/include/cdcl_umd_msgs/cdcl_umd_msgs/msg/rosidl_typesupport_fastrtps_c__visibility_control.h
-- Up-to-date symlink: /home/jj/wearable-biosensors-ros2/install/cdcl_umd_msgs/include/cdcl_umd_msgs/cdcl_umd_msgs/msg/detail/vitals__rosidl_typesupport_introspection_c.h
-- Up-to-date symlink: /home/jj/wearable-biosensors-ros2/install/cdcl_umd_msgs/include/cdcl_umd_msgs/cdcl_umd_msgs/msg/rosidl_typesupport_introspection_c__visibility_control.h
-- Up-to-date symlink: /home/jj/wearable-biosensors-ros2/install/cdcl_umd_msgs/include/cdcl_umd_msgs/cdcl_umd_msgs/msg/detail/vitals__builder.hpp
-- Up-to-date symlink: /home/jj/wearable-biosensors-ros2/install/cdcl_umd_msgs/include/cdcl_umd_msgs/cdcl_umd_msgs/msg/detail/vitals__struct.hpp
-- Up-to-date symlink: /home/jj/wearable-biosensors-ros2/install/cdcl_umd_msgs/include/cdcl_umd_msgs/cdcl_umd_msgs/msg/detail/vitals__traits.hpp
-- Up-to-date symlink: /home/jj/wearable-biosensors-ros2/install/cdcl_umd_msgs/include/cdcl_umd_msgs/cdcl_umd_msgs/msg/vitals.hpp
-- Up-to-date symlink: /home/jj/wearable-biosensors-ros2/install/cdcl_umd_msgs/include/cdcl_umd_msgs/cdcl_umd_msgs/msg/detail/vitals__rosidl_typesupport_fastrtps_cpp.hpp
-- Up-to-date symlink: /home/jj/wearable-biosensors-ros2/install/cdcl_umd_msgs/include/cdcl_umd_msgs/cdcl_umd_msgs/msg/rosidl_typesupport_fastrtps_cpp__visibility_control.h
-- Up-to-date symlink: /home/jj/wearable-biosensors-ros2/install/cdcl_umd_msgs/include/cdcl_umd_msgs/cdcl_umd_msgs/msg/detail/vitals__rosidl_typesupport_introspection_cpp.hpp
-- Up-to-date symlink: /home/jj/wearable-biosensors-ros2/install/cdcl_umd_msgs/share/cdcl_umd_msgs/environment/pythonpath.sh
-- Up-to-date symlink: /home/jj/wearable-biosensors-ros2/install/cdcl_umd_msgs/share/cdcl_umd_msgs/environment/pythonpath.dsv
-- Up-to-date symlink: /home/jj/wearable-biosensors-ros2/install/cdcl_umd_msgs/local/lib/python3.10/dist-packages/cdcl_umd_msgs-0.0.0-py3.10.egg-info/PKG-INFO
-- Up-to-date symlink: /home/jj/wearable-biosensors-ros2/install/cdcl_umd_msgs/local/lib/python3.10/dist-packages/cdcl_umd_msgs-0.0.0-py3.10.egg-info/SOURCES.txt
-- Up-to-date symlink: /home/jj/wearable-biosensors-ros2/install/cdcl_umd_msgs/local/lib/python3.10/dist-packages/cdcl_umd_msgs-0.0.0-py3.10.egg-info/dependency_links.txt
-- Up-to-date symlink: /home/jj/wearable-biosensors-ros2/install/cdcl_umd_msgs/local/lib/python3.10/dist-packages/cdcl_umd_msgs-0.0.0-py3.10.egg-info/top_level.txt
-- Up-to-date symlink: /home/jj/wearable-biosensors-ros2/install/cdcl_umd_msgs/local/lib/python3.10/dist-packages/cdcl_umd_msgs/__init__.py
-- Up-to-date symlink: /home/jj/wearable-biosensors-ros2/install/cdcl_umd_msgs/local/lib/python3.10/dist-packages/cdcl_umd_msgs/_cdcl_umd_msgs_s.ep.rosidl_typesupport_c.c
-- Up-to-date symlink: /home/jj/wearable-biosensors-ros2/install/cdcl_umd_msgs/local/lib/python3.10/dist-packages/cdcl_umd_msgs/_cdcl_umd_msgs_s.ep.rosidl_typesupport_fastrtps_c.c
-- Up-to-date symlink: /home/jj/wearable-biosensors-ros2/install/cdcl_umd_msgs/local/lib/python3.10/dist-packages/cdcl_umd_msgs/_cdcl_umd_msgs_s.ep.rosidl_typesupport_introspection_c.c
-- Up-to-date symlink: /home/jj/wearable-biosensors-ros2/install/cdcl_umd_msgs/local/lib/python3.10/dist-packages/cdcl_umd_msgs/cdcl_umd_msgs_s__rosidl_typesupport_c.cpython-310-aarch64-linux-gnu.so
-- Up-to-date symlink: /home/jj/wearable-biosensors-ros2/install/cdcl_umd_msgs/local/lib/python3.10/dist-packages/cdcl_umd_msgs/cdcl_umd_msgs_s__rosidl_typesupport_fastrtps_c.cpython-310-aarch64-linux-gnu.so
-- Up-to-date symlink: /home/jj/wearable-biosensors-ros2/install/cdcl_umd_msgs/local/lib/python3.10/dist-packages/cdcl_umd_msgs/cdcl_umd_msgs_s__rosidl_typesupport_introspection_c.cpython-310-aarch64-linux-gnu.so
-- Up-to-date symlink: /home/jj/wearable-biosensors-ros2/install/cdcl_umd_msgs/local/lib/python3.10/dist-packages/cdcl_umd_msgs/libcdcl_umd_msgs__rosidl_generator_py.so
-- Up-to-date symlink: /home/jj/wearable-biosensors-ros2/install/cdcl_umd_msgs/local/lib/python3.10/dist-packages/cdcl_umd_msgs/msg/__init__.py
-- Up-to-date symlink: /home/jj/wearable-biosensors-ros2/install/cdcl_umd_msgs/local/lib/python3.10/dist-packages/cdcl_umd_msgs/msg/_vitals.py
-- Up-to-date symlink: /home/jj/wearable-biosensors-ros2/install/cdcl_umd_msgs/local/lib/python3.10/dist-packages/cdcl_umd_msgs/msg/_vitals_s.c
-- Up-to-date symlink: /home/jj/wearable-biosensors-ros2/install/cdcl_umd_msgs/local/lib/python3.10/dist-packages/cdcl_umd_msgs/cdcl_umd_msgs_s__rosidl_typesupport_fastrtps_c.cpython-310-aarch64-linux-gnu.so
-- Up-to-date symlink: /home/jj/wearable-biosensors-ros2/install/cdcl_umd_msgs/local/lib/python3.10/dist-packages/cdcl_umd_msgs/cdcl_umd_msgs_s__rosidl_typesupport_introspection_c.cpython-310-aarch64-linux-gnu.so
-- Up-to-date symlink: /home/jj/wearable-biosensors-ros2/install/cdcl_umd_msgs/local/lib/python3.10/dist-packages/cdcl_umd_msgs/cdcl_umd_msgs_s__rosidl_typesupport_c.cpython-310-aarch64-linux-gnu.so
-- Up-to-date symlink: /home/jj/wearable-biosensors-ros2/install/cdcl_umd_msgs/share/cdcl_umd_msgs/msg/Vitals.idl
-- Up-to-date symlink: /home/jj/wearable-biosensors-ros2/install/cdcl_umd_msgs/share/cdcl_umd_msgs/msg/Vitals.msg
-- Up-to-date symlink: /home/jj/wearable-biosensors-ros2/install/cdcl_umd_msgs/share/ament_index/resource_index/package_run_dependencies/cdcl_umd_msgs
-- Up-to-date symlink: /home/jj/wearable-biosensors-ros2/install/cdcl_umd_msgs/share/ament_index/resource_index/parent_prefix_path/cdcl_umd_msgs
-- Up-to-date symlink: /home/jj/wearable-biosensors-ros2/install/cdcl_umd_msgs/share/cdcl_umd_msgs/environment/ament_prefix_path.sh
-- Up-to-date symlink: /home/jj/wearable-biosensors-ros2/install/cdcl_umd_msgs/share/cdcl_umd_msgs/environment/ament_prefix_path.dsv
-- Up-to-date symlink: /home/jj/wearable-biosensors-ros2/install/cdcl_umd_msgs/share/cdcl_umd_msgs/environment/path.sh
-- Up-to-date symlink: /home/jj/wearable-biosensors-ros2/install/cdcl_umd_msgs/share/cdcl_umd_msgs/environment/path.dsv
-- Up-to-date symlink: /home/jj/wearable-biosensors-ros2/install/cdcl_umd_msgs/share/cdcl_umd_msgs/local_setup.bash
-- Up-to-date symlink: /home/jj/wearable-biosensors-ros2/install/cdcl_umd_msgs/share/cdcl_umd_msgs/local_setup.sh
-- Up-to-date symlink: /home/jj/wearable-biosensors-ros2/install/cdcl_umd_msgs/share/cdcl_umd_msgs/local_setup.zsh
-- Up-to-date symlink: /home/jj/wearable-biosensors-ros2/install/cdcl_umd_msgs/share/cdcl_umd_msgs/local_setup.dsv
-- Symlinking: /home/jj/wearable-biosensors-ros2/install/cdcl_umd_msgs/share/cdcl_umd_msgs/package.dsv
-- Up-to-date symlink: /home/jj/wearable-biosensors-ros2/install/cdcl_umd_msgs/share/ament_index/resource_index/packages/cdcl_umd_msgs
-- Up-to-date symlink: /home/jj/wearable-biosensors-ros2/install/cdcl_umd_msgs/share/cdcl_umd_msgs/cmake/rosidl_cmake-extras.cmake
-- Up-to-date symlink: /home/jj/wearable-biosensors-ros2/install/cdcl_umd_msgs/share/cdcl_umd_msgs/cmake/ament_cmake_export_dependencies-extras.cmake
-- Up-to-date symlink: /home/jj/wearable-biosensors-ros2/install/cdcl_umd_msgs/share/cdcl_umd_msgs/cmake/ament_cmake_export_include_directories-extras.cmake
-- Up-to-date symlink: /home/jj/wearable-biosensors-ros2/install/cdcl_umd_msgs/share/cdcl_umd_msgs/cmake/ament_cmake_export_libraries-extras.cmake
-- Up-to-date symlink: /home/jj/wearable-biosensors-ros2/install/cdcl_umd_msgs/share/cdcl_umd_msgs/cmake/ament_cmake_export_targets-extras.cmake
-- Up-to-date symlink: /home/jj/wearable-biosensors-ros2/install/cdcl_umd_msgs/share/cdcl_umd_msgs/cmake/rosidl_cmake_export_typesupport_targets-extras.cmake
-- Up-to-date symlink: /home/jj/wearable-biosensors-ros2/install/cdcl_umd_msgs/share/cdcl_umd_msgs/cmake/rosidl_cmake_export_typesupport_libraries-extras.cmake
-- Up-to-date symlink: /home/jj/wearable-biosensors-ros2/install/cdcl_umd_msgs/share/cdcl_umd_msgs/cmake/cdcl_umd_msgsConfig.cmake
-- Up-to-date symlink: /home/jj/wearable-biosensors-ros2/install/cdcl_umd_msgs/share/cdcl_umd_msgs/cmake/cdcl_umd_msgsConfig-version.cmake
-- Up-to-date symlink: /home/jj/wearable-biosensors-ros2/install/cdcl_umd_msgs/share/cdcl_umd_msgs/package.xml
-- Up-to-date: /home/jj/wearable-biosensors-ros2/install/cdcl_umd_msgs/lib/libcdcl_umd_msgs__rosidl_generator_c.so
-- Up-to-date: /home/jj/wearable-biosensors-ros2/install/cdcl_umd_msgs/lib/libcdcl_umd_msgs__rosidl_typesupport_fastrtps_c.so
-- Up-to-date: /home/jj/wearable-biosensors-ros2/install/cdcl_umd_msgs/lib/libcdcl_umd_msgs__rosidl_typesupport_introspection_c.so
-- Up-to-date: /home/jj/wearable-biosensors-ros2/install/cdcl_umd_msgs/lib/libcdcl_umd_msgs__rosidl_typesupport_c.so
-- Up-to-date: /home/jj/wearable-biosensors-ros2/install/cdcl_umd_msgs/lib/libcdcl_umd_msgs__rosidl_typesupport_fastrtps_cpp.so
-- Up-to-date: /home/jj/wearable-biosensors-ros2/install/cdcl_umd_msgs/lib/libcdcl_umd_msgs__rosidl_typesupport_introspection_cpp.so
-- Up-to-date: /home/jj/wearable-biosensors-ros2/install/cdcl_umd_msgs/lib/libcdcl_umd_msgs__rosidl_typesupport_cpp.so
Listing '/home/jj/wearable-biosensors-ros2/install/cdcl_umd_msgs/local/lib/python3.10/dist-packages/cdcl_umd_msgs'...
Listing '/home/jj/wearable-biosensors-ros2/install/cdcl_umd_msgs/local/lib/python3.10/dist-packages/cdcl_umd_msgs/msg'...
-- Up-to-date: /home/jj/wearable-biosensors-ros2/install/cdcl_umd_msgs/lib/libcdcl_umd_msgs__rosidl_generator_py.so
-- Up-to-date: /home/jj/wearable-biosensors-ros2/install/cdcl_umd_msgs/share/cdcl_umd_msgs/cmake/export_cdcl_umd_msgs__rosidl_generator_cExport.cmake
-- Up-to-date: /home/jj/wearable-biosensors-ros2/install/cdcl_umd_msgs/share/cdcl_umd_msgs/cmake/export_cdcl_umd_msgs__rosidl_generator_cExport-noconfig.cmake
-- Up-to-date: /home/jj/wearable-biosensors-ros2/install/cdcl_umd_msgs/share/cdcl_umd_msgs/cmake/export_cdcl_umd_msgs__rosidl_typesupport_fastrtps_cExport.cmake
-- Up-to-date: /home/jj/wearable-biosensors-ros2/install/cdcl_umd_msgs/share/cdcl_umd_msgs/cmake/export_cdcl_umd_msgs__rosidl_typesupport_fastrtps_cExport-noconfig.cmake
-- Up-to-date: /home/jj/wearable-biosensors-ros2/install/cdcl_umd_msgs/share/cdcl_umd_msgs/cmake/cdcl_umd_msgs__rosidl_typesupport_introspection_cExport.cmake
-- Up-to-date: /home/jj/wearable-biosensors-ros2/install/cdcl_umd_msgs/share/cdcl_umd_msgs/cmake/cdcl_umd_msgs__rosidl_typesupport_introspection_cExport-noconfig.cmake
-- Up-to-date: /home/jj/wearable-biosensors-ros2/install/cdcl_umd_msgs/share/cdcl_umd_msgs/cmake/cdcl_umd_msgs__rosidl_typesupport_cExport.cmake
-- Up-to-date: /home/jj/wearable-biosensors-ros2/install/cdcl_umd_msgs/share/cdcl_umd_msgs/cmake/cdcl_umd_msgs__rosidl_typesupport_cExport-noconfig.cmake
-- Up-to-date: /home/jj/wearable-biosensors-ros2/install/cdcl_umd_msgs/share/cdcl_umd_msgs/cmake/export_cdcl_umd_msgs__rosidl_generator_cppExport.cmake
-- Up-to-date: /home/jj/wearable-biosensors-ros2/install/cdcl_umd_msgs/share/cdcl_umd_msgs/cmake/export_cdcl_umd_msgs__rosidl_typesupport_fastrtps_cppExport.cmake
-- Up-to-date: /home/jj/wearable-biosensors-ros2/install/cdcl_umd_msgs/share/cdcl_umd_msgs/cmake/export_cdcl_umd_msgs__rosidl_typesupport_fastrtps_cppExport-noconfig.cmake
-- Up-to-date: /home/jj/wearable-biosensors-ros2/install/cdcl_umd_msgs/share/cdcl_umd_msgs/cmake/cdcl_umd_msgs__rosidl_typesupport_introspection_cppExport.cmake
-- Up-to-date: /home/jj/wearable-biosensors-ros2/install/cdcl_umd_msgs/share/cdcl_umd_msgs/cmake/cdcl_umd_msgs__rosidl_typesupport_introspection_cppExport-noconfig.cmake
-- Up-to-date: /home/jj/wearable-biosensors-ros2/install/cdcl_umd_msgs/share/cdcl_umd_msgs/cmake/cdcl_umd_msgs__rosidl_typesupport_cppExport.cmake
-- Up-to-date: /home/jj/wearable-biosensors-ros2/install/cdcl_umd_msgs/share/cdcl_umd_msgs/cmake/cdcl_umd_msgs__rosidl_typesupport_cppExport-noconfig.cmake
-- Up-to-date: /home/jj/wearable-biosensors-ros2/install/cdcl_umd_msgs/share/cdcl_umd_msgs/cmake/export_cdcl_umd_msgs__rosidl_generator_pyExport.cmake
-- Up-to-date: /home/jj/wearable-biosensors-ros2/install/cdcl_umd_msgs/share/cdcl_umd_msgs/cmake/export_cdcl_umd_msgs__rosidl_generator_pyExport-noconfig.cmake
