[0.184s] Invoking command in '/home/jj/wearable-biosensors-ros2/build/cdcl_umd_msgs': CMAKE_PREFIX_PATH=/opt/ros/humble /usr/bin/cmake --build /home/jj/wearable-biosensors-ros2/build/cdcl_umd_msgs -- -j4 -l4
[3.900s] [  3%] Built target cdcl_umd_msgs__cpp
[3.905s] [ 12%] Built target cdcl_umd_msgs__rosidl_generator_c
[3.906s] [ 12%] Built target ament_cmake_python_symlink_cdcl_umd_msgs
[3.906s] [ 22%] Built target cdcl_umd_msgs__rosidl_typesupport_cpp
[3.907s] [ 35%] Built target cdcl_umd_msgs__rosidl_typesupport_introspection_cpp
[3.907s] [ 51%] Built target cdcl_umd_msgs__rosidl_typesupport_fastrtps_c
[3.908s] [ 51%] Built target cdcl_umd_msgs__rosidl_typesupport_fastrtps_cpp
[3.908s] [ 61%] Built target cdcl_umd_msgs__rosidl_typesupport_introspection_c
[3.909s] [ 70%] Built target cdcl_umd_msgs__rosidl_typesupport_c
[3.909s] [ 70%] Built target cdcl_umd_msgs
[3.910s] [ 74%] Built target cdcl_umd_msgs__py
[3.911s] [ 80%] Built target cdcl_umd_msgs__rosidl_generator_py
[3.912s] [ 87%] Built target cdcl_umd_msgs__rosidl_typesupport_introspection_c__pyext
[3.912s] [ 93%] Built target cdcl_umd_msgs__rosidl_typesupport_c__pyext
[3.913s] [100%] Built target cdcl_umd_msgs__rosidl_typesupport_fastrtps_c__pyext
[3.913s] running egg_info
[3.914s] writing cdcl_umd_msgs.egg-info/PKG-INFO
[3.914s] writing dependency_links to cdcl_umd_msgs.egg-info/dependency_links.txt
[3.915s] writing top-level names to cdcl_umd_msgs.egg-info/top_level.txt
[3.915s] reading manifest file 'cdcl_umd_msgs.egg-info/SOURCES.txt'
[3.916s] writing manifest file 'cdcl_umd_msgs.egg-info/SOURCES.txt'
[3.916s] [100%] Built target ament_cmake_python_build_cdcl_umd_msgs_egg
[3.917s] gmake: Warning: File 'Makefile' has modification time 1443 s in the future
[3.917s] gmake[1]: Warning: File 'CMakeFiles/Makefile2' has modification time 1443 s in the future
[3.918s] gmake[2]: Warning: File 'CMakeFiles/cdcl_umd_msgs__rosidl_generator_c.dir/progress.make' has modification time 1443 s in the future
[3.918s] gmake[2]: Warning: File 'CMakeFiles/ament_cmake_python_symlink_cdcl_umd_msgs.dir/progress.make' has modification time 1443 s in the future
[3.919s] gmake[2]: Warning: File 'CMakeFiles/cdcl_umd_msgs__cpp.dir/progress.make' has modification time 1443 s in the future
[3.919s] gmake[2]: warning:  Clock skew detected.  Your build may be incomplete.
[3.920s] gmake[2]: warning:  Clock skew detected.  Your build may be incomplete.
[3.920s] gmake[2]: Warning: File 'CMakeFiles/ament_cmake_python_symlink_cdcl_umd_msgs.dir/progress.make' has modification time 1443 s in the future
[3.921s] gmake[2]: warning:  Clock skew detected.  Your build may be incomplete.
[3.921s] gmake[2]: Warning: File 'CMakeFiles/cdcl_umd_msgs__rosidl_generator_c.dir/progress.make' has modification time 1443 s in the future
[3.922s] gmake[2]: Warning: File 'CMakeFiles/cdcl_umd_msgs__cpp.dir/progress.make' has modification time 1443 s in the future
[3.922s] gmake[2]: warning:  Clock skew detected.  Your build may be incomplete.
[3.923s] gmake[2]: warning:  Clock skew detected.  Your build may be incomplete.
[3.923s] gmake[2]: warning:  Clock skew detected.  Your build may be incomplete.
[3.923s] gmake[2]: Warning: File 'CMakeFiles/cdcl_umd_msgs__rosidl_typesupport_fastrtps_cpp.dir/progress.make' has modification time 1443 s in the future
[3.924s] gmake[2]: Warning: File 'CMakeFiles/cdcl_umd_msgs__rosidl_typesupport_introspection_cpp.dir/progress.make' has modification time 1443 s in the future
[3.924s] gmake[2]: Warning: File 'CMakeFiles/cdcl_umd_msgs__rosidl_typesupport_cpp.dir/progress.make' has modification time 1443 s in the future
[3.925s] gmake[2]: warning:  Clock skew detected.  Your build may be incomplete.
[3.925s] gmake[2]: Warning: File 'CMakeFiles/cdcl_umd_msgs__rosidl_typesupport_fastrtps_c.dir/progress.make' has modification time 1443 s in the future
[3.925s] gmake[2]: Warning: File 'CMakeFiles/cdcl_umd_msgs__rosidl_typesupport_fastrtps_cpp.dir/progress.make' has modification time 1443 s in the future
[3.926s] gmake[2]: warning:  Clock skew detected.  Your build may be incomplete.
[3.926s] gmake[2]: warning:  Clock skew detected.  Your build may be incomplete.
[3.926s] gmake[2]: Warning: File 'CMakeFiles/cdcl_umd_msgs__rosidl_typesupport_introspection_cpp.dir/progress.make' has modification time 1443 s in the future
[3.927s] gmake[2]: Warning: File 'CMakeFiles/cdcl_umd_msgs__rosidl_typesupport_cpp.dir/progress.make' has modification time 1443 s in the future
[3.927s] gmake[2]: warning:  Clock skew detected.  Your build may be incomplete.
[3.927s] gmake[2]: warning:  Clock skew detected.  Your build may be incomplete.
[3.928s] gmake[2]: warning:  Clock skew detected.  Your build may be incomplete.
[3.928s] gmake[2]: warning:  Clock skew detected.  Your build may be incomplete.
[3.929s] gmake[2]: Warning: File 'CMakeFiles/cdcl_umd_msgs__rosidl_typesupport_fastrtps_c.dir/progress.make' has modification time 1443 s in the future
[3.929s] gmake[2]: warning:  Clock skew detected.  Your build may be incomplete.
[3.929s] gmake[2]: Warning: File 'CMakeFiles/cdcl_umd_msgs__rosidl_typesupport_introspection_c.dir/progress.make' has modification time 1443 s in the future
[3.930s] gmake[2]: Warning: File 'CMakeFiles/ament_cmake_python_build_cdcl_umd_msgs_egg.dir/progress.make' has modification time 1443 s in the future
[3.930s] gmake[2]: Warning: File 'CMakeFiles/cdcl_umd_msgs__rosidl_typesupport_c.dir/progress.make' has modification time 1443 s in the future
[3.930s] gmake[2]: warning:  Clock skew detected.  Your build may be incomplete.
[3.931s] gmake[2]: warning:  Clock skew detected.  Your build may be incomplete.
[3.931s] gmake[2]: Warning: File 'CMakeFiles/ament_cmake_python_build_cdcl_umd_msgs_egg.dir/progress.make' has modification time 1443 s in the future
[3.931s] gmake[2]: Warning: File 'CMakeFiles/cdcl_umd_msgs__rosidl_typesupport_introspection_c.dir/progress.make' has modification time 1443 s in the future
[3.932s] gmake[2]: warning:  Clock skew detected.  Your build may be incomplete.
[3.932s] gmake[2]: warning:  Clock skew detected.  Your build may be incomplete.
[3.933s] gmake[2]: Warning: File 'CMakeFiles/cdcl_umd_msgs__rosidl_typesupport_c.dir/progress.make' has modification time 1443 s in the future
[3.933s] gmake[2]: warning:  Clock skew detected.  Your build may be incomplete.
[3.934s] gmake[2]: Warning: File 'CMakeFiles/cdcl_umd_msgs.dir/progress.make' has modification time 1443 s in the future
[3.934s] gmake[2]: warning:  Clock skew detected.  Your build may be incomplete.
[3.935s] gmake[2]: Warning: File 'CMakeFiles/cdcl_umd_msgs.dir/progress.make' has modification time 1443 s in the future
[3.935s] gmake[2]: warning:  Clock skew detected.  Your build may be incomplete.
[3.935s] gmake[2]: Warning: File 'cdcl_umd_msgs__py/CMakeFiles/cdcl_umd_msgs__py.dir/progress.make' has modification time 1443 s in the future
[3.936s] gmake[2]: warning:  Clock skew detected.  Your build may be incomplete.
[3.936s] gmake[2]: Warning: File 'cdcl_umd_msgs__py/CMakeFiles/cdcl_umd_msgs__py.dir/progress.make' has modification time 1443 s in the future
[3.936s] gmake[2]: warning:  Clock skew detected.  Your build may be incomplete.
[3.937s] gmake[2]: Warning: File 'CMakeFiles/cdcl_umd_msgs__rosidl_generator_py.dir/progress.make' has modification time 1443 s in the future
[3.937s] gmake[2]: warning:  Clock skew detected.  Your build may be incomplete.
[3.938s] gmake[2]: Warning: File 'CMakeFiles/cdcl_umd_msgs__rosidl_generator_py.dir/progress.make' has modification time 1443 s in the future
[3.938s] gmake[2]: warning:  Clock skew detected.  Your build may be incomplete.
[3.938s] gmake[2]: Warning: File 'CMakeFiles/cdcl_umd_msgs__rosidl_typesupport_fastrtps_c__pyext.dir/progress.make' has modification time 1442 s in the future
[3.939s] gmake[2]: Warning: File 'CMakeFiles/cdcl_umd_msgs__rosidl_typesupport_c__pyext.dir/progress.make' has modification time 1442 s in the future
[3.939s] gmake[2]: Warning: File 'CMakeFiles/cdcl_umd_msgs__rosidl_typesupport_introspection_c__pyext.dir/progress.make' has modification time 1442 s in the future
[3.940s] gmake[2]: warning:  Clock skew detected.  Your build may be incomplete.
[3.940s] gmake[2]: warning:  Clock skew detected.  Your build may be incomplete.
[3.940s] gmake[2]: warning:  Clock skew detected.  Your build may be incomplete.
[3.941s] gmake[2]: Warning: File 'CMakeFiles/cdcl_umd_msgs__rosidl_typesupport_c__pyext.dir/progress.make' has modification time 1442 s in the future
[3.941s] gmake[2]: Warning: File 'CMakeFiles/cdcl_umd_msgs__rosidl_typesupport_introspection_c__pyext.dir/progress.make' has modification time 1442 s in the future
[3.942s] gmake[2]: warning:  Clock skew detected.  Your build may be incomplete.
[3.943s] gmake[2]: warning:  Clock skew detected.  Your build may be incomplete.
[3.943s] gmake[2]: Warning: File 'CMakeFiles/cdcl_umd_msgs__rosidl_typesupport_fastrtps_c__pyext.dir/progress.make' has modification time 1442 s in the future
[3.944s] gmake[2]: warning:  Clock skew detected.  Your build may be incomplete.
[3.944s] gmake[2]: warning:  Clock skew detected.  Your build may be incomplete.
[3.945s] gmake[1]: warning:  Clock skew detected.  Your build may be incomplete.
[3.945s] gmake: warning:  Clock skew detected.  Your build may be incomplete.
[5.362s] Invoked command in '/home/jj/wearable-biosensors-ros2/build/cdcl_umd_msgs' returned '0': CMAKE_PREFIX_PATH=/opt/ros/humble /usr/bin/cmake --build /home/jj/wearable-biosensors-ros2/build/cdcl_umd_msgs -- -j4 -l4
[5.984s] Invoking command in '/home/jj/wearable-biosensors-ros2/build/cdcl_umd_msgs': CMAKE_PREFIX_PATH=/opt/ros/humble /usr/bin/cmake --install /home/jj/wearable-biosensors-ros2/build/cdcl_umd_msgs
[6.051s] -- Install configuration: ""
[6.058s] -- Execute custom install script
[6.062s] -- Up-to-date symlink: /home/jj/wearable-biosensors-ros2/install/cdcl_umd_msgs/share/ament_index/resource_index/rosidl_interfaces/cdcl_umd_msgs
[6.068s] -- Up-to-date symlink: /home/jj/wearable-biosensors-ros2/install/cdcl_umd_msgs/include/cdcl_umd_msgs/cdcl_umd_msgs/msg/detail/vitals__functions.h
[6.070s] -- Up-to-date symlink: /home/jj/wearable-biosensors-ros2/install/cdcl_umd_msgs/include/cdcl_umd_msgs/cdcl_umd_msgs/msg/detail/vitals__struct.h
[6.072s] -- Up-to-date symlink: /home/jj/wearable-biosensors-ros2/install/cdcl_umd_msgs/include/cdcl_umd_msgs/cdcl_umd_msgs/msg/detail/vitals__type_support.h
[6.075s] -- Up-to-date symlink: /home/jj/wearable-biosensors-ros2/install/cdcl_umd_msgs/include/cdcl_umd_msgs/cdcl_umd_msgs/msg/rosidl_generator_c__visibility_control.h
[6.075s] -- Up-to-date symlink: /home/jj/wearable-biosensors-ros2/install/cdcl_umd_msgs/include/cdcl_umd_msgs/cdcl_umd_msgs/msg/vitals.h
[6.076s] -- Up-to-date symlink: /home/jj/wearable-biosensors-ros2/install/cdcl_umd_msgs/share/cdcl_umd_msgs/environment/library_path.sh
[6.078s] -- Up-to-date symlink: /home/jj/wearable-biosensors-ros2/install/cdcl_umd_msgs/share/cdcl_umd_msgs/environment/library_path.dsv
[6.082s] -- Up-to-date symlink: /home/jj/wearable-biosensors-ros2/install/cdcl_umd_msgs/include/cdcl_umd_msgs/cdcl_umd_msgs/msg/detail/vitals__rosidl_typesupport_fastrtps_c.h
[6.084s] -- Up-to-date symlink: /home/jj/wearable-biosensors-ros2/install/cdcl_umd_msgs/include/cdcl_umd_msgs/cdcl_umd_msgs/msg/rosidl_typesupport_fastrtps_c__visibility_control.h
[6.088s] -- Up-to-date symlink: /home/jj/wearable-biosensors-ros2/install/cdcl_umd_msgs/include/cdcl_umd_msgs/cdcl_umd_msgs/msg/detail/vitals__rosidl_typesupport_introspection_c.h
[6.090s] -- Up-to-date symlink: /home/jj/wearable-biosensors-ros2/install/cdcl_umd_msgs/include/cdcl_umd_msgs/cdcl_umd_msgs/msg/rosidl_typesupport_introspection_c__visibility_control.h
[6.094s] -- Up-to-date symlink: /home/jj/wearable-biosensors-ros2/install/cdcl_umd_msgs/include/cdcl_umd_msgs/cdcl_umd_msgs/msg/detail/vitals__builder.hpp
[6.096s] -- Up-to-date symlink: /home/jj/wearable-biosensors-ros2/install/cdcl_umd_msgs/include/cdcl_umd_msgs/cdcl_umd_msgs/msg/detail/vitals__struct.hpp
[6.098s] -- Up-to-date symlink: /home/jj/wearable-biosensors-ros2/install/cdcl_umd_msgs/include/cdcl_umd_msgs/cdcl_umd_msgs/msg/detail/vitals__traits.hpp
[6.099s] -- Up-to-date symlink: /home/jj/wearable-biosensors-ros2/install/cdcl_umd_msgs/include/cdcl_umd_msgs/cdcl_umd_msgs/msg/vitals.hpp
[6.104s] -- Up-to-date symlink: /home/jj/wearable-biosensors-ros2/install/cdcl_umd_msgs/include/cdcl_umd_msgs/cdcl_umd_msgs/msg/detail/vitals__rosidl_typesupport_fastrtps_cpp.hpp
[6.106s] -- Up-to-date symlink: /home/jj/wearable-biosensors-ros2/install/cdcl_umd_msgs/include/cdcl_umd_msgs/cdcl_umd_msgs/msg/rosidl_typesupport_fastrtps_cpp__visibility_control.h
[6.109s] -- Up-to-date symlink: /home/jj/wearable-biosensors-ros2/install/cdcl_umd_msgs/include/cdcl_umd_msgs/cdcl_umd_msgs/msg/detail/vitals__rosidl_typesupport_introspection_cpp.hpp
[6.119s] -- Up-to-date symlink: /home/jj/wearable-biosensors-ros2/install/cdcl_umd_msgs/share/cdcl_umd_msgs/environment/pythonpath.sh
[6.121s] -- Up-to-date symlink: /home/jj/wearable-biosensors-ros2/install/cdcl_umd_msgs/share/cdcl_umd_msgs/environment/pythonpath.dsv
[6.124s] -- Up-to-date symlink: /home/jj/wearable-biosensors-ros2/install/cdcl_umd_msgs/local/lib/python3.10/dist-packages/cdcl_umd_msgs-0.0.0-py3.10.egg-info/PKG-INFO
[6.127s] -- Up-to-date symlink: /home/jj/wearable-biosensors-ros2/install/cdcl_umd_msgs/local/lib/python3.10/dist-packages/cdcl_umd_msgs-0.0.0-py3.10.egg-info/SOURCES.txt
[6.139s] -- Up-to-date symlink: /home/jj/wearable-biosensors-ros2/install/cdcl_umd_msgs/local/lib/python3.10/dist-packages/cdcl_umd_msgs-0.0.0-py3.10.egg-info/dependency_links.txt
[6.140s] -- Up-to-date symlink: /home/jj/wearable-biosensors-ros2/install/cdcl_umd_msgs/local/lib/python3.10/dist-packages/cdcl_umd_msgs-0.0.0-py3.10.egg-info/top_level.txt
[6.141s] -- Up-to-date symlink: /home/jj/wearable-biosensors-ros2/install/cdcl_umd_msgs/local/lib/python3.10/dist-packages/cdcl_umd_msgs/__init__.py
[6.143s] -- Up-to-date symlink: /home/jj/wearable-biosensors-ros2/install/cdcl_umd_msgs/local/lib/python3.10/dist-packages/cdcl_umd_msgs/_cdcl_umd_msgs_s.ep.rosidl_typesupport_c.c
[6.145s] -- Up-to-date symlink: /home/jj/wearable-biosensors-ros2/install/cdcl_umd_msgs/local/lib/python3.10/dist-packages/cdcl_umd_msgs/_cdcl_umd_msgs_s.ep.rosidl_typesupport_fastrtps_c.c
[6.146s] -- Up-to-date symlink: /home/jj/wearable-biosensors-ros2/install/cdcl_umd_msgs/local/lib/python3.10/dist-packages/cdcl_umd_msgs/_cdcl_umd_msgs_s.ep.rosidl_typesupport_introspection_c.c
[6.147s] -- Up-to-date symlink: /home/jj/wearable-biosensors-ros2/install/cdcl_umd_msgs/local/lib/python3.10/dist-packages/cdcl_umd_msgs/cdcl_umd_msgs_s__rosidl_typesupport_c.cpython-310-aarch64-linux-gnu.so
[6.148s] -- Up-to-date symlink: /home/jj/wearable-biosensors-ros2/install/cdcl_umd_msgs/local/lib/python3.10/dist-packages/cdcl_umd_msgs/cdcl_umd_msgs_s__rosidl_typesupport_fastrtps_c.cpython-310-aarch64-linux-gnu.so
[6.150s] -- Up-to-date symlink: /home/jj/wearable-biosensors-ros2/install/cdcl_umd_msgs/local/lib/python3.10/dist-packages/cdcl_umd_msgs/cdcl_umd_msgs_s__rosidl_typesupport_introspection_c.cpython-310-aarch64-linux-gnu.so
[6.152s] -- Up-to-date symlink: /home/jj/wearable-biosensors-ros2/install/cdcl_umd_msgs/local/lib/python3.10/dist-packages/cdcl_umd_msgs/libcdcl_umd_msgs__rosidl_generator_py.so
[6.153s] -- Up-to-date symlink: /home/jj/wearable-biosensors-ros2/install/cdcl_umd_msgs/local/lib/python3.10/dist-packages/cdcl_umd_msgs/msg/__init__.py
[6.155s] -- Up-to-date symlink: /home/jj/wearable-biosensors-ros2/install/cdcl_umd_msgs/local/lib/python3.10/dist-packages/cdcl_umd_msgs/msg/_vitals.py
[6.163s] -- Up-to-date symlink: /home/jj/wearable-biosensors-ros2/install/cdcl_umd_msgs/local/lib/python3.10/dist-packages/cdcl_umd_msgs/msg/_vitals_s.c
[6.165s] -- Up-to-date symlink: /home/jj/wearable-biosensors-ros2/install/cdcl_umd_msgs/local/lib/python3.10/dist-packages/cdcl_umd_msgs/cdcl_umd_msgs_s__rosidl_typesupport_fastrtps_c.cpython-310-aarch64-linux-gnu.so
[6.172s] -- Up-to-date symlink: /home/jj/wearable-biosensors-ros2/install/cdcl_umd_msgs/local/lib/python3.10/dist-packages/cdcl_umd_msgs/cdcl_umd_msgs_s__rosidl_typesupport_introspection_c.cpython-310-aarch64-linux-gnu.so
[6.180s] -- Up-to-date symlink: /home/jj/wearable-biosensors-ros2/install/cdcl_umd_msgs/local/lib/python3.10/dist-packages/cdcl_umd_msgs/cdcl_umd_msgs_s__rosidl_typesupport_c.cpython-310-aarch64-linux-gnu.so
[6.185s] -- Up-to-date symlink: /home/jj/wearable-biosensors-ros2/install/cdcl_umd_msgs/share/cdcl_umd_msgs/msg/Vitals.idl
[6.190s] -- Up-to-date symlink: /home/jj/wearable-biosensors-ros2/install/cdcl_umd_msgs/share/cdcl_umd_msgs/msg/Vitals.msg
[6.192s] -- Up-to-date symlink: /home/jj/wearable-biosensors-ros2/install/cdcl_umd_msgs/share/ament_index/resource_index/package_run_dependencies/cdcl_umd_msgs
[6.197s] -- Up-to-date symlink: /home/jj/wearable-biosensors-ros2/install/cdcl_umd_msgs/share/ament_index/resource_index/parent_prefix_path/cdcl_umd_msgs
[6.202s] -- Up-to-date symlink: /home/jj/wearable-biosensors-ros2/install/cdcl_umd_msgs/share/cdcl_umd_msgs/environment/ament_prefix_path.sh
[6.203s] -- Up-to-date symlink: /home/jj/wearable-biosensors-ros2/install/cdcl_umd_msgs/share/cdcl_umd_msgs/environment/ament_prefix_path.dsv
[6.216s] -- Up-to-date symlink: /home/jj/wearable-biosensors-ros2/install/cdcl_umd_msgs/share/cdcl_umd_msgs/environment/path.sh
[6.217s] -- Up-to-date symlink: /home/jj/wearable-biosensors-ros2/install/cdcl_umd_msgs/share/cdcl_umd_msgs/environment/path.dsv
[6.218s] -- Up-to-date symlink: /home/jj/wearable-biosensors-ros2/install/cdcl_umd_msgs/share/cdcl_umd_msgs/local_setup.bash
[6.220s] -- Up-to-date symlink: /home/jj/wearable-biosensors-ros2/install/cdcl_umd_msgs/share/cdcl_umd_msgs/local_setup.sh
[6.220s] -- Up-to-date symlink: /home/jj/wearable-biosensors-ros2/install/cdcl_umd_msgs/share/cdcl_umd_msgs/local_setup.zsh
[6.221s] -- Up-to-date symlink: /home/jj/wearable-biosensors-ros2/install/cdcl_umd_msgs/share/cdcl_umd_msgs/local_setup.dsv
[6.228s] -- Symlinking: /home/jj/wearable-biosensors-ros2/install/cdcl_umd_msgs/share/cdcl_umd_msgs/package.dsv
[6.364s] -- Up-to-date symlink: /home/jj/wearable-biosensors-ros2/install/cdcl_umd_msgs/share/ament_index/resource_index/packages/cdcl_umd_msgs
[6.367s] -- Up-to-date symlink: /home/jj/wearable-biosensors-ros2/install/cdcl_umd_msgs/share/cdcl_umd_msgs/cmake/rosidl_cmake-extras.cmake
[6.372s] -- Up-to-date symlink: /home/jj/wearable-biosensors-ros2/install/cdcl_umd_msgs/share/cdcl_umd_msgs/cmake/ament_cmake_export_dependencies-extras.cmake
[6.376s] -- Up-to-date symlink: /home/jj/wearable-biosensors-ros2/install/cdcl_umd_msgs/share/cdcl_umd_msgs/cmake/ament_cmake_export_include_directories-extras.cmake
[6.379s] -- Up-to-date symlink: /home/jj/wearable-biosensors-ros2/install/cdcl_umd_msgs/share/cdcl_umd_msgs/cmake/ament_cmake_export_libraries-extras.cmake
[6.382s] -- Up-to-date symlink: /home/jj/wearable-biosensors-ros2/install/cdcl_umd_msgs/share/cdcl_umd_msgs/cmake/ament_cmake_export_targets-extras.cmake
[6.385s] -- Up-to-date symlink: /home/jj/wearable-biosensors-ros2/install/cdcl_umd_msgs/share/cdcl_umd_msgs/cmake/rosidl_cmake_export_typesupport_targets-extras.cmake
[6.388s] -- Up-to-date symlink: /home/jj/wearable-biosensors-ros2/install/cdcl_umd_msgs/share/cdcl_umd_msgs/cmake/rosidl_cmake_export_typesupport_libraries-extras.cmake
[6.391s] -- Up-to-date symlink: /home/jj/wearable-biosensors-ros2/install/cdcl_umd_msgs/share/cdcl_umd_msgs/cmake/cdcl_umd_msgsConfig.cmake
[6.394s] -- Up-to-date symlink: /home/jj/wearable-biosensors-ros2/install/cdcl_umd_msgs/share/cdcl_umd_msgs/cmake/cdcl_umd_msgsConfig-version.cmake
[6.398s] -- Up-to-date symlink: /home/jj/wearable-biosensors-ros2/install/cdcl_umd_msgs/share/cdcl_umd_msgs/package.xml
[6.404s] -- Up-to-date: /home/jj/wearable-biosensors-ros2/install/cdcl_umd_msgs/lib/libcdcl_umd_msgs__rosidl_generator_c.so
[6.415s] -- Up-to-date: /home/jj/wearable-biosensors-ros2/install/cdcl_umd_msgs/lib/libcdcl_umd_msgs__rosidl_typesupport_fastrtps_c.so
[6.416s] -- Up-to-date: /home/jj/wearable-biosensors-ros2/install/cdcl_umd_msgs/lib/libcdcl_umd_msgs__rosidl_typesupport_introspection_c.so
[6.425s] -- Up-to-date: /home/jj/wearable-biosensors-ros2/install/cdcl_umd_msgs/lib/libcdcl_umd_msgs__rosidl_typesupport_c.so
[6.431s] -- Up-to-date: /home/jj/wearable-biosensors-ros2/install/cdcl_umd_msgs/lib/libcdcl_umd_msgs__rosidl_typesupport_fastrtps_cpp.so
[6.445s] -- Up-to-date: /home/jj/wearable-biosensors-ros2/install/cdcl_umd_msgs/lib/libcdcl_umd_msgs__rosidl_typesupport_introspection_cpp.so
[6.450s] -- Up-to-date: /home/jj/wearable-biosensors-ros2/install/cdcl_umd_msgs/lib/libcdcl_umd_msgs__rosidl_typesupport_cpp.so
[6.740s] Listing '/home/jj/wearable-biosensors-ros2/install/cdcl_umd_msgs/local/lib/python3.10/dist-packages/cdcl_umd_msgs'...
[6.741s] Listing '/home/jj/wearable-biosensors-ros2/install/cdcl_umd_msgs/local/lib/python3.10/dist-packages/cdcl_umd_msgs/msg'...
[6.785s] -- Up-to-date: /home/jj/wearable-biosensors-ros2/install/cdcl_umd_msgs/lib/libcdcl_umd_msgs__rosidl_generator_py.so
[6.789s] -- Up-to-date: /home/jj/wearable-biosensors-ros2/install/cdcl_umd_msgs/share/cdcl_umd_msgs/cmake/export_cdcl_umd_msgs__rosidl_generator_cExport.cmake
[6.790s] -- Up-to-date: /home/jj/wearable-biosensors-ros2/install/cdcl_umd_msgs/share/cdcl_umd_msgs/cmake/export_cdcl_umd_msgs__rosidl_generator_cExport-noconfig.cmake
[6.793s] -- Up-to-date: /home/jj/wearable-biosensors-ros2/install/cdcl_umd_msgs/share/cdcl_umd_msgs/cmake/export_cdcl_umd_msgs__rosidl_typesupport_fastrtps_cExport.cmake
[6.794s] -- Up-to-date: /home/jj/wearable-biosensors-ros2/install/cdcl_umd_msgs/share/cdcl_umd_msgs/cmake/export_cdcl_umd_msgs__rosidl_typesupport_fastrtps_cExport-noconfig.cmake
[6.797s] -- Up-to-date: /home/jj/wearable-biosensors-ros2/install/cdcl_umd_msgs/share/cdcl_umd_msgs/cmake/cdcl_umd_msgs__rosidl_typesupport_introspection_cExport.cmake
[6.798s] -- Up-to-date: /home/jj/wearable-biosensors-ros2/install/cdcl_umd_msgs/share/cdcl_umd_msgs/cmake/cdcl_umd_msgs__rosidl_typesupport_introspection_cExport-noconfig.cmake
[6.804s] -- Up-to-date: /home/jj/wearable-biosensors-ros2/install/cdcl_umd_msgs/share/cdcl_umd_msgs/cmake/cdcl_umd_msgs__rosidl_typesupport_cExport.cmake
[6.816s] -- Up-to-date: /home/jj/wearable-biosensors-ros2/install/cdcl_umd_msgs/share/cdcl_umd_msgs/cmake/cdcl_umd_msgs__rosidl_typesupport_cExport-noconfig.cmake
[6.817s] -- Up-to-date: /home/jj/wearable-biosensors-ros2/install/cdcl_umd_msgs/share/cdcl_umd_msgs/cmake/export_cdcl_umd_msgs__rosidl_generator_cppExport.cmake
[6.821s] -- Up-to-date: /home/jj/wearable-biosensors-ros2/install/cdcl_umd_msgs/share/cdcl_umd_msgs/cmake/export_cdcl_umd_msgs__rosidl_typesupport_fastrtps_cppExport.cmake
[6.826s] -- Up-to-date: /home/jj/wearable-biosensors-ros2/install/cdcl_umd_msgs/share/cdcl_umd_msgs/cmake/export_cdcl_umd_msgs__rosidl_typesupport_fastrtps_cppExport-noconfig.cmake
[6.830s] -- Up-to-date: /home/jj/wearable-biosensors-ros2/install/cdcl_umd_msgs/share/cdcl_umd_msgs/cmake/cdcl_umd_msgs__rosidl_typesupport_introspection_cppExport.cmake
[6.832s] -- Up-to-date: /home/jj/wearable-biosensors-ros2/install/cdcl_umd_msgs/share/cdcl_umd_msgs/cmake/cdcl_umd_msgs__rosidl_typesupport_introspection_cppExport-noconfig.cmake
[6.836s] -- Up-to-date: /home/jj/wearable-biosensors-ros2/install/cdcl_umd_msgs/share/cdcl_umd_msgs/cmake/cdcl_umd_msgs__rosidl_typesupport_cppExport.cmake
[6.838s] -- Up-to-date: /home/jj/wearable-biosensors-ros2/install/cdcl_umd_msgs/share/cdcl_umd_msgs/cmake/cdcl_umd_msgs__rosidl_typesupport_cppExport-noconfig.cmake
[6.843s] -- Up-to-date: /home/jj/wearable-biosensors-ros2/install/cdcl_umd_msgs/share/cdcl_umd_msgs/cmake/export_cdcl_umd_msgs__rosidl_generator_pyExport.cmake
[6.846s] -- Up-to-date: /home/jj/wearable-biosensors-ros2/install/cdcl_umd_msgs/share/cdcl_umd_msgs/cmake/export_cdcl_umd_msgs__rosidl_generator_pyExport-noconfig.cmake
[6.861s] Invoked command in '/home/jj/wearable-biosensors-ros2/build/cdcl_umd_msgs' returned '0': CMAKE_PREFIX_PATH=/opt/ros/humble /usr/bin/cmake --install /home/jj/wearable-biosensors-ros2/build/cdcl_umd_msgs
