running egg_info
creating ../../build/emotiv_insight/emotiv_insight.egg-info
writing ../../build/emotiv_insight/emotiv_insight.egg-info/PKG-INFO
writing dependency_links to ../../build/emotiv_insight/emotiv_insight.egg-info/dependency_links.txt
writing entry points to ../../build/emotiv_insight/emotiv_insight.egg-info/entry_points.txt
writing requirements to ../../build/emotiv_insight/emotiv_insight.egg-info/requires.txt
writing top-level names to ../../build/emotiv_insight/emotiv_insight.egg-info/top_level.txt
writing manifest file '../../build/emotiv_insight/emotiv_insight.egg-info/SOURCES.txt'
reading manifest file '../../build/emotiv_insight/emotiv_insight.egg-info/SOURCES.txt'
writing manifest file '../../build/emotiv_insight/emotiv_insight.egg-info/SOURCES.txt'
running build
running build_py
creating /home/jj/wearable-biosensors-ros2/build/emotiv_insight/build
creating /home/jj/wearable-biosensors-ros2/build/emotiv_insight/build/lib
creating /home/jj/wearable-biosensors-ros2/build/emotiv_insight/build/lib/emotiv_insight
copying emotiv_insight/emotiv_insight_node.py -> /home/jj/wearable-biosensors-ros2/build/emotiv_insight/build/lib/emotiv_insight
copying emotiv_insight/__init__.py -> /home/jj/wearable-biosensors-ros2/build/emotiv_insight/build/lib/emotiv_insight
running install
running install_lib
creating /home/jj/wearable-biosensors-ros2/install/emotiv_insight/lib/python3.10/site-packages/emotiv_insight
copying /home/jj/wearable-biosensors-ros2/build/emotiv_insight/build/lib/emotiv_insight/emotiv_insight_node.py -> /home/jj/wearable-biosensors-ros2/install/emotiv_insight/lib/python3.10/site-packages/emotiv_insight
copying /home/jj/wearable-biosensors-ros2/build/emotiv_insight/build/lib/emotiv_insight/__init__.py -> /home/jj/wearable-biosensors-ros2/install/emotiv_insight/lib/python3.10/site-packages/emotiv_insight
byte-compiling /home/jj/wearable-biosensors-ros2/install/emotiv_insight/lib/python3.10/site-packages/emotiv_insight/emotiv_insight_node.py to emotiv_insight_node.cpython-310.pyc
byte-compiling /home/jj/wearable-biosensors-ros2/install/emotiv_insight/lib/python3.10/site-packages/emotiv_insight/__init__.py to __init__.cpython-310.pyc
running install_data
creating /home/jj/wearable-biosensors-ros2/install/emotiv_insight/share/ament_index
creating /home/jj/wearable-biosensors-ros2/install/emotiv_insight/share/ament_index/resource_index
creating /home/jj/wearable-biosensors-ros2/install/emotiv_insight/share/ament_index/resource_index/packages
copying resource/emotiv_insight -> /home/jj/wearable-biosensors-ros2/install/emotiv_insight/share/ament_index/resource_index/packages
copying package.xml -> /home/jj/wearable-biosensors-ros2/install/emotiv_insight/share/emotiv_insight
copying launch/ros2-emotiv_insight.launch.py -> /home/jj/wearable-biosensors-ros2/install/emotiv_insight/share/emotiv_insight
running install_egg_info
Copying ../../build/emotiv_insight/emotiv_insight.egg-info to /home/jj/wearable-biosensors-ros2/install/emotiv_insight/lib/python3.10/site-packages/emotiv_insight-0.0.1-py3.10.egg-info
running install_scripts
Installing emotiv_insight_node script to /home/jj/wearable-biosensors-ros2/install/emotiv_insight/lib/emotiv_insight
writing list of installed files to '/home/jj/wearable-biosensors-ros2/build/emotiv_insight/install.log'
