[12.125s] Invoking command in '/home/jj/wearable-biosensors-ros2/src/emotiv_insight': PYTHONPATH=/home/jj/wearable-biosensors-ros2/build/emotiv_insight/prefix_override:/home/jj/wearable-biosensors-ros2/install/emotiv_insight/lib/python3.10/site-packages:${PYTHONPATH} /usr/bin/python3 -W ignore:setup.py install is deprecated setup.py egg_info --egg-base ../../build/emotiv_insight build --build-base /home/jj/wearable-biosensors-ros2/build/emotiv_insight/build install --record /home/jj/wearable-biosensors-ros2/build/emotiv_insight/install.log --install-scripts $base/lib/emotiv_insight --single-version-externally-managed install_data
[15.727s] /usr/lib/python3/dist-packages/setuptools/dist.py:723: UserWarning: Usage of dash-separated 'script-dir' will not be supported in future versions. Please use the underscore name 'script_dir' instead
[15.728s]   warnings.warn(
[15.795s] running egg_info
[15.795s] creating ../../build/emotiv_insight/emotiv_insight.egg-info
[15.796s] writing ../../build/emotiv_insight/emotiv_insight.egg-info/PKG-INFO
[15.797s] writing dependency_links to ../../build/emotiv_insight/emotiv_insight.egg-info/dependency_links.txt
[15.823s] writing entry points to ../../build/emotiv_insight/emotiv_insight.egg-info/entry_points.txt
[15.824s] writing requirements to ../../build/emotiv_insight/emotiv_insight.egg-info/requires.txt
[15.825s] writing top-level names to ../../build/emotiv_insight/emotiv_insight.egg-info/top_level.txt
[15.825s] writing manifest file '../../build/emotiv_insight/emotiv_insight.egg-info/SOURCES.txt'
[15.863s] reading manifest file '../../build/emotiv_insight/emotiv_insight.egg-info/SOURCES.txt'
[15.864s] writing manifest file '../../build/emotiv_insight/emotiv_insight.egg-info/SOURCES.txt'
[15.864s] running build
[15.865s] running build_py
[15.865s] creating /home/jj/wearable-biosensors-ros2/build/emotiv_insight/build
[15.866s] creating /home/jj/wearable-biosensors-ros2/build/emotiv_insight/build/lib
[15.866s] creating /home/jj/wearable-biosensors-ros2/build/emotiv_insight/build/lib/emotiv_insight
[15.867s] copying emotiv_insight/emotiv_insight_node.py -> /home/jj/wearable-biosensors-ros2/build/emotiv_insight/build/lib/emotiv_insight
[15.868s] copying emotiv_insight/__init__.py -> /home/jj/wearable-biosensors-ros2/build/emotiv_insight/build/lib/emotiv_insight
[15.868s] running install
[15.869s] running install_lib
[15.869s] creating /home/jj/wearable-biosensors-ros2/install/emotiv_insight/lib/python3.10/site-packages/emotiv_insight
[15.870s] copying /home/jj/wearable-biosensors-ros2/build/emotiv_insight/build/lib/emotiv_insight/emotiv_insight_node.py -> /home/jj/wearable-biosensors-ros2/install/emotiv_insight/lib/python3.10/site-packages/emotiv_insight
[15.900s] copying /home/jj/wearable-biosensors-ros2/build/emotiv_insight/build/lib/emotiv_insight/__init__.py -> /home/jj/wearable-biosensors-ros2/install/emotiv_insight/lib/python3.10/site-packages/emotiv_insight
[15.901s] byte-compiling /home/jj/wearable-biosensors-ros2/install/emotiv_insight/lib/python3.10/site-packages/emotiv_insight/emotiv_insight_node.py to emotiv_insight_node.cpython-310.pyc
[15.902s] byte-compiling /home/jj/wearable-biosensors-ros2/install/emotiv_insight/lib/python3.10/site-packages/emotiv_insight/__init__.py to __init__.cpython-310.pyc
[15.902s] running install_data
[15.903s] creating /home/jj/wearable-biosensors-ros2/install/emotiv_insight/share/ament_index
[15.903s] creating /home/jj/wearable-biosensors-ros2/install/emotiv_insight/share/ament_index/resource_index
[15.904s] creating /home/jj/wearable-biosensors-ros2/install/emotiv_insight/share/ament_index/resource_index/packages
[15.904s] copying resource/emotiv_insight -> /home/jj/wearable-biosensors-ros2/install/emotiv_insight/share/ament_index/resource_index/packages
[15.904s] copying package.xml -> /home/jj/wearable-biosensors-ros2/install/emotiv_insight/share/emotiv_insight
[15.931s] copying launch/ros2-emotiv_insight.launch.py -> /home/jj/wearable-biosensors-ros2/install/emotiv_insight/share/emotiv_insight
[15.932s] running install_egg_info
[15.932s] Copying ../../build/emotiv_insight/emotiv_insight.egg-info to /home/jj/wearable-biosensors-ros2/install/emotiv_insight/lib/python3.10/site-packages/emotiv_insight-0.0.1-py3.10.egg-info
[15.933s] running install_scripts
[16.135s] Installing emotiv_insight_node script to /home/jj/wearable-biosensors-ros2/install/emotiv_insight/lib/emotiv_insight
[16.138s] writing list of installed files to '/home/jj/wearable-biosensors-ros2/build/emotiv_insight/install.log'
[16.327s] Invoked command in '/home/jj/wearable-biosensors-ros2/src/emotiv_insight' returned '0': PYTHONPATH=/home/jj/wearable-biosensors-ros2/build/emotiv_insight/prefix_override:/home/jj/wearable-biosensors-ros2/install/emotiv_insight/lib/python3.10/site-packages:${PYTHONPATH} /usr/bin/python3 -W ignore:setup.py install is deprecated setup.py egg_info --egg-base ../../build/emotiv_insight build --build-base /home/jj/wearable-biosensors-ros2/build/emotiv_insight/build install --record /home/jj/wearable-biosensors-ros2/build/emotiv_insight/install.log --install-scripts $base/lib/emotiv_insight --single-version-externally-managed install_data
