[8.332s] Invoking command in '/home/jj/wearable-biosensors-ros2/build/emotiv_insight': PYTHONPATH=/home/jj/wearable-biosensors-ros2/build/emotiv_insight/prefix_override:/home/jj/wearable-biosensors-ros2/install/emotiv_insight/lib/python3.10/site-packages:${PYTHONPATH} /usr/bin/python3 -W ignore:setup.py install is deprecated setup.py develop --editable --build-directory /home/jj/wearable-biosensors-ros2/build/emotiv_insight/build --no-deps symlink_data
[10.308s] /usr/lib/python3/dist-packages/setuptools/dist.py:723: UserWarning: Usage of dash-separated 'script-dir' will not be supported in future versions. Please use the underscore name 'script_dir' instead
[10.309s]   warnings.warn(
[10.558s] running develop
[10.569s] /usr/lib/python3/dist-packages/setuptools/command/easy_install.py:158: EasyInstallDeprecationWarning: easy_install command is deprecated. Use build and pip and other standards-based tools.
[10.570s]   warnings.warn(
[12.087s] running egg_info
[12.090s] writing emotiv_insight.egg-info/PKG-INFO
[12.094s] writing dependency_links to emotiv_insight.egg-info/dependency_links.txt
[12.103s] writing entry points to emotiv_insight.egg-info/entry_points.txt
[12.108s] writing requirements to emotiv_insight.egg-info/requires.txt
[12.112s] writing top-level names to emotiv_insight.egg-info/top_level.txt
[12.131s] reading manifest file 'emotiv_insight.egg-info/SOURCES.txt'
[12.150s] writing manifest file 'emotiv_insight.egg-info/SOURCES.txt'
[12.163s] running build_ext
[12.164s] Creating /home/jj/wearable-biosensors-ros2/install/emotiv_insight/lib/python3.10/site-packages/emotiv-insight.egg-link (link to .)
[12.172s] Installing emotiv_insight_node script to /home/jj/wearable-biosensors-ros2/install/emotiv_insight/lib/emotiv_insight
[12.175s] 
[12.179s] Installed /home/jj/wearable-biosensors-ros2/build/emotiv_insight
[12.180s] running symlink_data
[12.667s] Invoked command in '/home/jj/wearable-biosensors-ros2/build/emotiv_insight' returned '0': PYTHONPATH=/home/jj/wearable-biosensors-ros2/build/emotiv_insight/prefix_override:/home/jj/wearable-biosensors-ros2/install/emotiv_insight/lib/python3.10/site-packages:${PYTHONPATH} /usr/bin/python3 -W ignore:setup.py install is deprecated setup.py develop --editable --build-directory /home/jj/wearable-biosensors-ros2/build/emotiv_insight/build --no-deps symlink_data
