[0.264s] Invoking command in '/home/jj/wearable-biosensors-ros2/build/cdcl_umd_msgs': CMAKE_PREFIX_PATH=/home/jj/wearable-biosensors-ros2/install/vernier_respiration_belt:/home/jj/wearable-biosensors-ros2/install/shimmer3_gsr_unit:/home/jj/wearable-biosensors-ros2/install/polar_h10:/home/jj/wearable-biosensors-ros2/install/empatica_e4:/home/jj/wearable-biosensors-ros2/install/emotiv_insight:/home/jj/wearable-biosensors-ros2/install/cdcl_umd_msgs:/opt/ros/humble /usr/bin/cmake /home/jj/wearable-biosensors-ros2/src/cdcl_umd_msgs -DAMENT_CMAKE_SYMLINK_INSTALL=1 -DCMAKE_INSTALL_PREFIX=/home/jj/wearable-biosensors-ros2/install/cdcl_umd_msgs
[3.315s] -- Found ament_cmake: 1.3.9 (/opt/ros/humble/share/ament_cmake/cmake)
[3.316s] -- Override CMake install command with custom implementation using symlinks instead of copying resources
[3.317s] -- Found rosidl_default_generators: 1.2.0 (/opt/ros/humble/share/rosidl_default_generators/cmake)
[3.317s] -- Using all available rosidl_typesupport_c: rosidl_typesupport_fastrtps_c;rosidl_typesupport_introspection_c
[3.318s] -- Found rosidl_adapter: 3.1.5 (/opt/ros/humble/share/rosidl_adapter/cmake)
[3.319s] -- Using all available rosidl_typesupport_cpp: rosidl_typesupport_fastrtps_cpp;rosidl_typesupport_introspection_cpp
[3.453s] -- Found ament_cmake_ros: 0.10.0 (/opt/ros/humble/share/ament_cmake_ros/cmake)
[4.893s] -- Using all available rosidl_typesupport_c: rosidl_typesupport_fastrtps_c;rosidl_typesupport_introspection_c
[7.135s] -- Using all available rosidl_typesupport_cpp: rosidl_typesupport_fastrtps_cpp;rosidl_typesupport_introspection_cpp
[7.346s] -- Found PythonInterp: /usr/bin/python3 (found suitable version "3.10.12", minimum required is "3.6") 
[7.382s] -- Found python_cmake_module: 0.10.0 (/opt/ros/humble/share/python_cmake_module/cmake)
[7.635s] -- Found PythonLibs: /usr/lib/aarch64-linux-gnu/libpython3.10.so (found suitable version "3.10.12", minimum required is "3.5") 
[7.638s] -- Using PYTHON_EXECUTABLE: /usr/bin/python3
[7.642s] -- Using PYTHON_INCLUDE_DIRS: /usr/include/python3.10
[7.645s] -- Using PYTHON_LIBRARIES: /usr/lib/aarch64-linux-gnu/libpython3.10.so
[7.851s] -- Found PythonExtra: .so  
[8.222s] -- Found ament_lint_auto: 0.12.11 (/opt/ros/humble/share/ament_lint_auto/cmake)
[8.811s] -- Added test 'lint_cmake' to check CMake code style
[8.831s] -- Added test 'xmllint' to check XML markup files
[8.906s] -- Configuring done
[9.494s] -- Generating done
[9.526s] -- Build files have been written to: /home/jj/wearable-biosensors-ros2/build/cdcl_umd_msgs
[9.674s] Invoked command in '/home/jj/wearable-biosensors-ros2/build/cdcl_umd_msgs' returned '0': CMAKE_PREFIX_PATH=/home/jj/wearable-biosensors-ros2/install/vernier_respiration_belt:/home/jj/wearable-biosensors-ros2/install/shimmer3_gsr_unit:/home/jj/wearable-biosensors-ros2/install/polar_h10:/home/jj/wearable-biosensors-ros2/install/empatica_e4:/home/jj/wearable-biosensors-ros2/install/emotiv_insight:/home/jj/wearable-biosensors-ros2/install/cdcl_umd_msgs:/opt/ros/humble /usr/bin/cmake /home/jj/wearable-biosensors-ros2/src/cdcl_umd_msgs -DAMENT_CMAKE_SYMLINK_INSTALL=1 -DCMAKE_INSTALL_PREFIX=/home/jj/wearable-biosensors-ros2/install/cdcl_umd_msgs
[9.676s] Invoking command in '/home/jj/wearable-biosensors-ros2/build/cdcl_umd_msgs': CMAKE_PREFIX_PATH=/home/jj/wearable-biosensors-ros2/install/vernier_respiration_belt:/home/jj/wearable-biosensors-ros2/install/shimmer3_gsr_unit:/home/jj/wearable-biosensors-ros2/install/polar_h10:/home/jj/wearable-biosensors-ros2/install/empatica_e4:/home/jj/wearable-biosensors-ros2/install/emotiv_insight:/home/jj/wearable-biosensors-ros2/install/cdcl_umd_msgs:/opt/ros/humble /usr/bin/cmake --build /home/jj/wearable-biosensors-ros2/build/cdcl_umd_msgs -- -j4 -l4
[10.384s] [  3%] [34m[1mGenerating C code for ROS interfaces[0m
[10.612s] [  6%] [34m[1mGenerating C++ code for ROS interfaces[0m
[10.749s] [  6%] Built target ament_cmake_python_symlink_cdcl_umd_msgs
[16.195s] [  9%] [32mBuilding C object CMakeFiles/cdcl_umd_msgs__rosidl_generator_c.dir/rosidl_generator_c/cdcl_umd_msgs/msg/detail/vitals__functions.c.o[0m
[16.485s] running egg_info
[16.501s] creating cdcl_umd_msgs.egg-info
[16.652s] In file included from [01m[K/home/jj/wearable-biosensors-ros2/build/cdcl_umd_msgs/rosidl_generator_c/cdcl_umd_msgs/msg/detail/vitals__functions.h:19[m[K,
[16.652s]                  from [01m[K/home/jj/wearable-biosensors-ros2/build/cdcl_umd_msgs/rosidl_generator_c/cdcl_umd_msgs/msg/detail/vitals__functions.c:4[m[K:
[16.653s] [01m[K/home/jj/wearable-biosensors-ros2/build/cdcl_umd_msgs/rosidl_generator_c/cdcl_umd_msgs/msg/detail/vitals__struct.h:22:10:[m[K [01;31m[Kfatal error: [m[Kcdcl_umd_msgs/msg/detail/header__struct.h: No such file or directory
[16.653s]    22 | #include [01;31m[K"cdcl_umd_msgs/msg/detail/header__struct.h"[m[K
[16.669s]       |          [01;31m[K^~~~~~~~~~~~~~~~~~~~~~~~~~~~~~~~~~~~~~~~~~~[m[K
[16.669s] compilation terminated.
[16.674s] gmake[2]: *** [CMakeFiles/cdcl_umd_msgs__rosidl_generator_c.dir/build.make:105: CMakeFiles/cdcl_umd_msgs__rosidl_generator_c.dir/rosidl_generator_c/cdcl_umd_msgs/msg/detail/vitals__functions.c.o] Error 1
[16.683s] gmake[1]: *** [CMakeFiles/Makefile2:213: CMakeFiles/cdcl_umd_msgs__rosidl_generator_c.dir/all] Error 2
[16.684s] gmake[1]: *** Waiting for unfinished jobs....
[16.728s] [  9%] Built target cdcl_umd_msgs__cpp
[16.731s] writing cdcl_umd_msgs.egg-info/PKG-INFO
[16.747s] writing dependency_links to cdcl_umd_msgs.egg-info/dependency_links.txt
[16.748s] writing top-level names to cdcl_umd_msgs.egg-info/top_level.txt
[16.749s] writing manifest file 'cdcl_umd_msgs.egg-info/SOURCES.txt'
[17.196s] reading manifest file 'cdcl_umd_msgs.egg-info/SOURCES.txt'
[17.200s] writing manifest file 'cdcl_umd_msgs.egg-info/SOURCES.txt'
[17.535s] [  9%] Built target ament_cmake_python_build_cdcl_umd_msgs_egg
[17.538s] gmake: *** [Makefile:146: all] Error 2
[17.557s] Invoked command in '/home/jj/wearable-biosensors-ros2/build/cdcl_umd_msgs' returned '2': CMAKE_PREFIX_PATH=/home/jj/wearable-biosensors-ros2/install/vernier_respiration_belt:/home/jj/wearable-biosensors-ros2/install/shimmer3_gsr_unit:/home/jj/wearable-biosensors-ros2/install/polar_h10:/home/jj/wearable-biosensors-ros2/install/empatica_e4:/home/jj/wearable-biosensors-ros2/install/emotiv_insight:/home/jj/wearable-biosensors-ros2/install/cdcl_umd_msgs:/opt/ros/humble /usr/bin/cmake --build /home/jj/wearable-biosensors-ros2/build/cdcl_umd_msgs -- -j4 -l4
