[12.770s] Invoking command in '/home/jj/wearable-biosensors-ros2/build/shimmer3_gsr_unit': PYTHONPATH=/home/jj/wearable-biosensors-ros2/build/shimmer3_gsr_unit/prefix_override:/home/jj/wearable-biosensors-ros2/install/shimmer3_gsr_unit/lib/python3.10/site-packages:${PYTHONPATH} /usr/bin/python3 -W ignore:setup.py install is deprecated setup.py develop --editable --build-directory /home/jj/wearable-biosensors-ros2/build/shimmer3_gsr_unit/build --no-deps symlink_data
[15.316s] /home/jj/.local/lib/python3.10/site-packages/setuptools/dist.py:476: SetuptoolsDeprecationWarning: Invalid dash-separated options
[15.319s] !!
[15.320s] 
[15.321s]         ********************************************************************************
[15.322s]         Usage of dash-separated 'script-dir' will not be supported in future
[15.323s]         versions. Please use the underscore name 'script_dir' instead.
[15.332s] 
[15.344s]         By 2024-Sep-26, you need to update your project and remove deprecated calls
[15.345s]         or your builds will no longer be supported.
[15.348s] 
[15.354s]         See https://setuptools.pypa.io/en/latest/userguide/declarative_config.html for details.
[15.355s]         ********************************************************************************
[15.373s] 
[15.374s] !!
[15.375s]   opt = self.warn_dash_deprecation(opt, section)
[19.338s] running develop
[19.348s] /home/jj/.local/lib/python3.10/site-packages/setuptools/command/develop.py:42: EasyInstallDeprecationWarning: easy_install command is deprecated.
[19.349s] !!
[19.351s] 
[19.352s]         ********************************************************************************
[19.355s]         Please avoid running ``setup.py`` and ``easy_install``.
[19.366s]         Instead, use pypa/build, pypa/installer or other
[19.369s]         standards-based tools.
[19.403s] 
[19.405s]         See https://github.com/pypa/setuptools/issues/917 for details.
[19.407s]         ********************************************************************************
[19.422s] 
[19.423s] !!
[19.442s]   easy_install.initialize_options(self)
[28.116s] running egg_info
[28.622s] writing shimmer3_gsr_unit.egg-info/PKG-INFO
[28.629s] writing dependency_links to shimmer3_gsr_unit.egg-info/dependency_links.txt
[28.639s] writing entry points to shimmer3_gsr_unit.egg-info/entry_points.txt
[28.645s] writing requirements to shimmer3_gsr_unit.egg-info/requires.txt
[28.649s] writing top-level names to shimmer3_gsr_unit.egg-info/top_level.txt
[29.315s] reading manifest file 'shimmer3_gsr_unit.egg-info/SOURCES.txt'
[29.325s] writing manifest file 'shimmer3_gsr_unit.egg-info/SOURCES.txt'
[29.775s] running build_ext
[29.780s] Creating /home/jj/wearable-biosensors-ros2/install/shimmer3_gsr_unit/lib/python3.10/site-packages/shimmer3-gsr-unit.egg-link (link to .)
[29.793s] Installing shimmer_gsr_ppg_node script to /home/jj/wearable-biosensors-ros2/install/shimmer3_gsr_unit/lib/shimmer3_gsr_unit
[29.804s] 
[29.806s] Installed /home/jj/wearable-biosensors-ros2/build/shimmer3_gsr_unit
[29.820s] running symlink_data
