[0.690s] DEBUG:colcon:Command line arguments: ['/usr/bin/colcon', 'build', '--sy']
[0.690s] DEBUG:colcon:Parsed command line arguments: Namespace(log_base=None, log_level=None, verb_name='build', build_base='build', install_base='install', merge_install=False, symlink_install=True, test_result_base=None, continue_on_error=False, executor='parallel', parallel_workers=4, event_handlers=None, ignore_user_meta=False, metas=['./colcon.meta'], base_paths=['.'], packages_ignore=None, packages_ignore_regex=None, paths=None, packages_up_to=None, packages_up_to_regex=None, packages_above=None, packages_above_and_dependencies=None, packages_above_depth=None, packages_select_by_dep=None, packages_skip_by_dep=None, packages_skip_up_to=None, packages_select_build_failed=False, packages_skip_build_finished=False, packages_select_test_failures=False, packages_skip_test_passed=False, packages_select=None, packages_skip=None, packages_select_regex=None, packages_skip_regex=None, packages_start=None, packages_end=None, allow_overriding=[], cmake_args=None, cmake_target=None, cmake_target_skip_unavailable=False, cmake_clean_cache=False, cmake_clean_first=False, cmake_force_configure=False, ament_cmake_args=None, catkin_cmake_args=None, catkin_skip_building_tests=False, mixin_files=None, mixin=None, verb_parser=<colcon_mixin.mixin.mixin_argument.MixinArgumentDecorator object at 0xffff976f5bd0>, verb_extension=<colcon_core.verb.build.BuildVerb object at 0xffff97816980>, main=<bound method BuildVerb.main of <colcon_core.verb.build.BuildVerb object at 0xffff97816980>>, mixin_verb=('build',))
[2.015s] Level 1:colcon.colcon_core.package_discovery:discover_packages(colcon_meta) check parameters
[2.016s] Level 1:colcon.colcon_core.package_discovery:discover_packages(recursive) check parameters
[2.016s] Level 1:colcon.colcon_core.package_discovery:discover_packages(ignore) check parameters
[2.017s] Level 1:colcon.colcon_core.package_discovery:discover_packages(path) check parameters
[2.017s] Level 1:colcon.colcon_core.package_discovery:discover_packages(colcon_meta) discover
[2.017s] Level 1:colcon.colcon_core.package_discovery:discover_packages(recursive) discover
[2.018s] INFO:colcon.colcon_core.package_discovery:Crawling recursively for packages in '/home/jj/wearable-biosensors-ros2'
[2.018s] Level 1:colcon.colcon_core.package_identification:_identify(.) by extensions ['ignore', 'ignore_ament_install']
[2.019s] Level 1:colcon.colcon_core.package_identification:_identify(.) by extension 'ignore'
[2.019s] Level 1:colcon.colcon_core.package_identification:_identify(.) by extension 'ignore_ament_install'
[2.020s] Level 1:colcon.colcon_core.package_identification:_identify(.) by extensions ['colcon_pkg']
[2.020s] Level 1:colcon.colcon_core.package_identification:_identify(.) by extension 'colcon_pkg'
[2.020s] Level 1:colcon.colcon_core.package_identification:_identify(.) by extensions ['colcon_meta']
[2.021s] Level 1:colcon.colcon_core.package_identification:_identify(.) by extension 'colcon_meta'
[2.021s] Level 1:colcon.colcon_core.package_identification:_identify(.) by extensions ['ros']
[2.021s] Level 1:colcon.colcon_core.package_identification:_identify(.) by extension 'ros'
[2.102s] Level 1:colcon.colcon_core.package_identification:_identify(.) by extensions ['cmake', 'python']
[2.102s] Level 1:colcon.colcon_core.package_identification:_identify(.) by extension 'cmake'
[2.102s] Level 1:colcon.colcon_core.package_identification:_identify(.) by extension 'python'
[2.103s] Level 1:colcon.colcon_core.package_identification:_identify(.) by extensions ['python_setup_py']
[2.103s] Level 1:colcon.colcon_core.package_identification:_identify(.) by extension 'python_setup_py'
[2.104s] Level 1:colcon.colcon_core.package_identification:_identify(build) by extensions ['ignore', 'ignore_ament_install']
[2.104s] Level 1:colcon.colcon_core.package_identification:_identify(build) by extension 'ignore'
[2.105s] Level 1:colcon.colcon_core.package_identification:_identify(build) ignored
[2.105s] Level 1:colcon.colcon_core.package_identification:_identify(cdcl:humble-jammy-biosensors) by extensions ['ignore', 'ignore_ament_install']
[2.106s] Level 1:colcon.colcon_core.package_identification:_identify(cdcl:humble-jammy-biosensors) by extension 'ignore'
[2.106s] Level 1:colcon.colcon_core.package_identification:_identify(cdcl:humble-jammy-biosensors) by extension 'ignore_ament_install'
[2.106s] Level 1:colcon.colcon_core.package_identification:_identify(cdcl:humble-jammy-biosensors) by extensions ['colcon_pkg']
[2.107s] Level 1:colcon.colcon_core.package_identification:_identify(cdcl:humble-jammy-biosensors) by extension 'colcon_pkg'
[2.107s] Level 1:colcon.colcon_core.package_identification:_identify(cdcl:humble-jammy-biosensors) by extensions ['colcon_meta']
[2.107s] Level 1:colcon.colcon_core.package_identification:_identify(cdcl:humble-jammy-biosensors) by extension 'colcon_meta'
[2.107s] Level 1:colcon.colcon_core.package_identification:_identify(cdcl:humble-jammy-biosensors) by extensions ['ros']
[2.107s] Level 1:colcon.colcon_core.package_identification:_identify(cdcl:humble-jammy-biosensors) by extension 'ros'
[2.108s] Level 1:colcon.colcon_core.package_identification:_identify(cdcl:humble-jammy-biosensors) by extensions ['cmake', 'python']
[2.108s] Level 1:colcon.colcon_core.package_identification:_identify(cdcl:humble-jammy-biosensors) by extension 'cmake'
[2.108s] Level 1:colcon.colcon_core.package_identification:_identify(cdcl:humble-jammy-biosensors) by extension 'python'
[2.109s] Level 1:colcon.colcon_core.package_identification:_identify(cdcl:humble-jammy-biosensors) by extensions ['python_setup_py']
[2.109s] Level 1:colcon.colcon_core.package_identification:_identify(cdcl:humble-jammy-biosensors) by extension 'python_setup_py'
[2.109s] Level 1:colcon.colcon_core.package_identification:_identify(install) by extensions ['ignore', 'ignore_ament_install']
[2.110s] Level 1:colcon.colcon_core.package_identification:_identify(install) by extension 'ignore'
[2.110s] Level 1:colcon.colcon_core.package_identification:_identify(install) ignored
[2.111s] Level 1:colcon.colcon_core.package_identification:_identify(log) by extensions ['ignore', 'ignore_ament_install']
[2.111s] Level 1:colcon.colcon_core.package_identification:_identify(log) by extension 'ignore'
[2.112s] Level 1:colcon.colcon_core.package_identification:_identify(log) ignored
[2.112s] Level 1:colcon.colcon_core.package_identification:_identify(media) by extensions ['ignore', 'ignore_ament_install']
[2.112s] Level 1:colcon.colcon_core.package_identification:_identify(media) by extension 'ignore'
[2.113s] Level 1:colcon.colcon_core.package_identification:_identify(media) by extension 'ignore_ament_install'
[2.114s] Level 1:colcon.colcon_core.package_identification:_identify(media) by extensions ['colcon_pkg']
[2.114s] Level 1:colcon.colcon_core.package_identification:_identify(media) by extension 'colcon_pkg'
[2.114s] Level 1:colcon.colcon_core.package_identification:_identify(media) by extensions ['colcon_meta']
[2.114s] Level 1:colcon.colcon_core.package_identification:_identify(media) by extension 'colcon_meta'
[2.114s] Level 1:colcon.colcon_core.package_identification:_identify(media) by extensions ['ros']
[2.115s] Level 1:colcon.colcon_core.package_identification:_identify(media) by extension 'ros'
[2.115s] Level 1:colcon.colcon_core.package_identification:_identify(media) by extensions ['cmake', 'python']
[2.115s] Level 1:colcon.colcon_core.package_identification:_identify(media) by extension 'cmake'
[2.115s] Level 1:colcon.colcon_core.package_identification:_identify(media) by extension 'python'
[2.116s] Level 1:colcon.colcon_core.package_identification:_identify(media) by extensions ['python_setup_py']
[2.116s] Level 1:colcon.colcon_core.package_identification:_identify(media) by extension 'python_setup_py'
[2.116s] Level 1:colcon.colcon_core.package_identification:_identify(media/contributors) by extensions ['ignore', 'ignore_ament_install']
[2.117s] Level 1:colcon.colcon_core.package_identification:_identify(media/contributors) by extension 'ignore'
[2.117s] Level 1:colcon.colcon_core.package_identification:_identify(media/contributors) by extension 'ignore_ament_install'
[2.118s] Level 1:colcon.colcon_core.package_identification:_identify(media/contributors) by extensions ['colcon_pkg']
[2.118s] Level 1:colcon.colcon_core.package_identification:_identify(media/contributors) by extension 'colcon_pkg'
[2.118s] Level 1:colcon.colcon_core.package_identification:_identify(media/contributors) by extensions ['colcon_meta']
[2.118s] Level 1:colcon.colcon_core.package_identification:_identify(media/contributors) by extension 'colcon_meta'
[2.119s] Level 1:colcon.colcon_core.package_identification:_identify(media/contributors) by extensions ['ros']
[2.119s] Level 1:colcon.colcon_core.package_identification:_identify(media/contributors) by extension 'ros'
[2.119s] Level 1:colcon.colcon_core.package_identification:_identify(media/contributors) by extensions ['cmake', 'python']
[2.119s] Level 1:colcon.colcon_core.package_identification:_identify(media/contributors) by extension 'cmake'
[2.120s] Level 1:colcon.colcon_core.package_identification:_identify(media/contributors) by extension 'python'
[2.120s] Level 1:colcon.colcon_core.package_identification:_identify(media/contributors) by extensions ['python_setup_py']
[2.120s] Level 1:colcon.colcon_core.package_identification:_identify(media/contributors) by extension 'python_setup_py'
[2.121s] Level 1:colcon.colcon_core.package_identification:_identify(media/img) by extensions ['ignore', 'ignore_ament_install']
[2.121s] Level 1:colcon.colcon_core.package_identification:_identify(media/img) by extension 'ignore'
[2.122s] Level 1:colcon.colcon_core.package_identification:_identify(media/img) by extension 'ignore_ament_install'
[2.122s] Level 1:colcon.colcon_core.package_identification:_identify(media/img) by extensions ['colcon_pkg']
[2.122s] Level 1:colcon.colcon_core.package_identification:_identify(media/img) by extension 'colcon_pkg'
[2.123s] Level 1:colcon.colcon_core.package_identification:_identify(media/img) by extensions ['colcon_meta']
[2.123s] Level 1:colcon.colcon_core.package_identification:_identify(media/img) by extension 'colcon_meta'
[2.123s] Level 1:colcon.colcon_core.package_identification:_identify(media/img) by extensions ['ros']
[2.123s] Level 1:colcon.colcon_core.package_identification:_identify(media/img) by extension 'ros'
[2.124s] Level 1:colcon.colcon_core.package_identification:_identify(media/img) by extensions ['cmake', 'python']
[2.124s] Level 1:colcon.colcon_core.package_identification:_identify(media/img) by extension 'cmake'
[2.124s] Level 1:colcon.colcon_core.package_identification:_identify(media/img) by extension 'python'
[2.124s] Level 1:colcon.colcon_core.package_identification:_identify(media/img) by extensions ['python_setup_py']
[2.125s] Level 1:colcon.colcon_core.package_identification:_identify(media/img) by extension 'python_setup_py'
[2.125s] Level 1:colcon.colcon_core.package_identification:_identify(src) by extensions ['ignore', 'ignore_ament_install']
[2.126s] Level 1:colcon.colcon_core.package_identification:_identify(src) by extension 'ignore'
[2.126s] Level 1:colcon.colcon_core.package_identification:_identify(src) by extension 'ignore_ament_install'
[2.126s] Level 1:colcon.colcon_core.package_identification:_identify(src) by extensions ['colcon_pkg']
[2.126s] Level 1:colcon.colcon_core.package_identification:_identify(src) by extension 'colcon_pkg'
[2.127s] Level 1:colcon.colcon_core.package_identification:_identify(src) by extensions ['colcon_meta']
[2.127s] Level 1:colcon.colcon_core.package_identification:_identify(src) by extension 'colcon_meta'
[2.127s] Level 1:colcon.colcon_core.package_identification:_identify(src) by extensions ['ros']
[2.127s] Level 1:colcon.colcon_core.package_identification:_identify(src) by extension 'ros'
[2.127s] Level 1:colcon.colcon_core.package_identification:_identify(src) by extensions ['cmake', 'python']
[2.128s] Level 1:colcon.colcon_core.package_identification:_identify(src) by extension 'cmake'
[2.128s] Level 1:colcon.colcon_core.package_identification:_identify(src) by extension 'python'
[2.128s] Level 1:colcon.colcon_core.package_identification:_identify(src) by extensions ['python_setup_py']
[2.129s] Level 1:colcon.colcon_core.package_identification:_identify(src) by extension 'python_setup_py'
[2.129s] Level 1:colcon.colcon_core.package_identification:_identify(src/cdcl_umd_msgs) by extensions ['ignore', 'ignore_ament_install']
[2.130s] Level 1:colcon.colcon_core.package_identification:_identify(src/cdcl_umd_msgs) by extension 'ignore'
[2.130s] Level 1:colcon.colcon_core.package_identification:_identify(src/cdcl_umd_msgs) by extension 'ignore_ament_install'
[2.130s] Level 1:colcon.colcon_core.package_identification:_identify(src/cdcl_umd_msgs) by extensions ['colcon_pkg']
[2.130s] Level 1:colcon.colcon_core.package_identification:_identify(src/cdcl_umd_msgs) by extension 'colcon_pkg'
[2.131s] Level 1:colcon.colcon_core.package_identification:_identify(src/cdcl_umd_msgs) by extensions ['colcon_meta']
[2.131s] Level 1:colcon.colcon_core.package_identification:_identify(src/cdcl_umd_msgs) by extension 'colcon_meta'
[2.131s] Level 1:colcon.colcon_core.package_identification:_identify(src/cdcl_umd_msgs) by extensions ['ros']
[2.131s] Level 1:colcon.colcon_core.package_identification:_identify(src/cdcl_umd_msgs) by extension 'ros'
[2.146s] DEBUG:colcon.colcon_core.package_identification:Package 'src/cdcl_umd_msgs' with type 'ros.ament_cmake' and name 'cdcl_umd_msgs'
[2.146s] Level 1:colcon.colcon_core.package_identification:_identify(src/emotiv_insight) by extensions ['ignore', 'ignore_ament_install']
[2.147s] Level 1:colcon.colcon_core.package_identification:_identify(src/emotiv_insight) by extension 'ignore'
[2.147s] Level 1:colcon.colcon_core.package_identification:_identify(src/emotiv_insight) by extension 'ignore_ament_install'
[2.148s] Level 1:colcon.colcon_core.package_identification:_identify(src/emotiv_insight) by extensions ['colcon_pkg']
[2.148s] Level 1:colcon.colcon_core.package_identification:_identify(src/emotiv_insight) by extension 'colcon_pkg'
[2.148s] Level 1:colcon.colcon_core.package_identification:_identify(src/emotiv_insight) by extensions ['colcon_meta']
[2.148s] Level 1:colcon.colcon_core.package_identification:_identify(src/emotiv_insight) by extension 'colcon_meta'
[2.149s] Level 1:colcon.colcon_core.package_identification:_identify(src/emotiv_insight) by extensions ['ros']
[2.149s] Level 1:colcon.colcon_core.package_identification:_identify(src/emotiv_insight) by extension 'ros'
[2.151s] DEBUG:colcon.colcon_core.package_identification:Package 'src/emotiv_insight' with type 'ros.ament_python' and name 'emotiv_insight'
[2.152s] Level 1:colcon.colcon_core.package_identification:_identify(src/empatica_e4) by extensions ['ignore', 'ignore_ament_install']
[2.153s] Level 1:colcon.colcon_core.package_identification:_identify(src/empatica_e4) by extension 'ignore'
[2.153s] Level 1:colcon.colcon_core.package_identification:_identify(src/empatica_e4) by extension 'ignore_ament_install'
[2.153s] Level 1:colcon.colcon_core.package_identification:_identify(src/empatica_e4) by extensions ['colcon_pkg']
[2.154s] Level 1:colcon.colcon_core.package_identification:_identify(src/empatica_e4) by extension 'colcon_pkg'
[2.154s] Level 1:colcon.colcon_core.package_identification:_identify(src/empatica_e4) by extensions ['colcon_meta']
[2.154s] Level 1:colcon.colcon_core.package_identification:_identify(src/empatica_e4) by extension 'colcon_meta'
[2.154s] Level 1:colcon.colcon_core.package_identification:_identify(src/empatica_e4) by extensions ['ros']
[2.154s] Level 1:colcon.colcon_core.package_identification:_identify(src/empatica_e4) by extension 'ros'
[2.157s] DEBUG:colcon.colcon_core.package_identification:Package 'src/empatica_e4' with type 'ros.ament_python' and name 'empatica_e4'
[2.158s] Level 1:colcon.colcon_core.package_identification:_identify(src/polar_h10) by extensions ['ignore', 'ignore_ament_install']
[2.158s] Level 1:colcon.colcon_core.package_identification:_identify(src/polar_h10) by extension 'ignore'
[2.158s] Level 1:colcon.colcon_core.package_identification:_identify(src/polar_h10) by extension 'ignore_ament_install'
[2.159s] Level 1:colcon.colcon_core.package_identification:_identify(src/polar_h10) by extensions ['colcon_pkg']
[2.159s] Level 1:colcon.colcon_core.package_identification:_identify(src/polar_h10) by extension 'colcon_pkg'
[2.159s] Level 1:colcon.colcon_core.package_identification:_identify(src/polar_h10) by extensions ['colcon_meta']
[2.159s] Level 1:colcon.colcon_core.package_identification:_identify(src/polar_h10) by extension 'colcon_meta'
[2.160s] Level 1:colcon.colcon_core.package_identification:_identify(src/polar_h10) by extensions ['ros']
[2.160s] Level 1:colcon.colcon_core.package_identification:_identify(src/polar_h10) by extension 'ros'
[2.162s] DEBUG:colcon.colcon_core.package_identification:Package 'src/polar_h10' with type 'ros.ament_python' and name 'polar_h10'
[2.163s] Level 1:colcon.colcon_core.package_identification:_identify(src/shimmer3_gsr_unit) by extensions ['ignore', 'ignore_ament_install']
[2.164s] Level 1:colcon.colcon_core.package_identification:_identify(src/shimmer3_gsr_unit) by extension 'ignore'
[2.164s] Level 1:colcon.colcon_core.package_identification:_identify(src/shimmer3_gsr_unit) by extension 'ignore_ament_install'
[2.165s] Level 1:colcon.colcon_core.package_identification:_identify(src/shimmer3_gsr_unit) by extensions ['colcon_pkg']
[2.165s] Level 1:colcon.colcon_core.package_identification:_identify(src/shimmer3_gsr_unit) by extension 'colcon_pkg'
[2.165s] Level 1:colcon.colcon_core.package_identification:_identify(src/shimmer3_gsr_unit) by extensions ['colcon_meta']
[2.165s] Level 1:colcon.colcon_core.package_identification:_identify(src/shimmer3_gsr_unit) by extension 'colcon_meta'
[2.165s] Level 1:colcon.colcon_core.package_identification:_identify(src/shimmer3_gsr_unit) by extensions ['ros']
[2.165s] Level 1:colcon.colcon_core.package_identification:_identify(src/shimmer3_gsr_unit) by extension 'ros'
[2.168s] DEBUG:colcon.colcon_core.package_identification:Package 'src/shimmer3_gsr_unit' with type 'ros.ament_python' and name 'shimmer3_gsr_unit'
[2.169s] Level 1:colcon.colcon_core.package_identification:_identify(src/vernier_respiration_belt) by extensions ['ignore', 'ignore_ament_install']
[2.169s] Level 1:colcon.colcon_core.package_identification:_identify(src/vernier_respiration_belt) by extension 'ignore'
[2.169s] Level 1:colcon.colcon_core.package_identification:_identify(src/vernier_respiration_belt) by extension 'ignore_ament_install'
[2.170s] Level 1:colcon.colcon_core.package_identification:_identify(src/vernier_respiration_belt) by extensions ['colcon_pkg']
[2.170s] Level 1:colcon.colcon_core.package_identification:_identify(src/vernier_respiration_belt) by extension 'colcon_pkg'
[2.170s] Level 1:colcon.colcon_core.package_identification:_identify(src/vernier_respiration_belt) by extensions ['colcon_meta']
[2.170s] Level 1:colcon.colcon_core.package_identification:_identify(src/vernier_respiration_belt) by extension 'colcon_meta'
[2.170s] Level 1:colcon.colcon_core.package_identification:_identify(src/vernier_respiration_belt) by extensions ['ros']
[2.171s] Level 1:colcon.colcon_core.package_identification:_identify(src/vernier_respiration_belt) by extension 'ros'
[2.173s] DEBUG:colcon.colcon_core.package_identification:Package 'src/vernier_respiration_belt' with type 'ros.ament_python' and name 'vernier_respiration_belt'
[2.173s] Level 1:colcon.colcon_core.package_discovery:discover_packages(recursive) using defaults
[2.174s] Level 1:colcon.colcon_core.package_discovery:discover_packages(ignore) discover
[2.174s] Level 1:colcon.colcon_core.package_discovery:discover_packages(ignore) using defaults
[2.174s] Level 1:colcon.colcon_core.package_discovery:discover_packages(path) discover
[2.174s] Level 1:colcon.colcon_core.package_discovery:discover_packages(path) using defaults
[2.306s] Level 1:colcon.colcon_core.package_discovery:discover_packages(prefix_path) check parameters
[2.307s] Level 1:colcon.colcon_core.package_discovery:discover_packages(prefix_path) discover
[2.370s] DEBUG:colcon.colcon_installed_package_information.package_discovery:Found 270 installed packages in /opt/ros/humble
[2.378s] Level 1:colcon.colcon_core.package_discovery:discover_packages(prefix_path) using defaults
[2.581s] Level 5:colcon.colcon_core.verb:set package 'cdcl_umd_msgs' build argument 'cmake_args' from command line to 'None'
[2.581s] Level 5:colcon.colcon_core.verb:set package 'cdcl_umd_msgs' build argument 'cmake_target' from command line to 'None'
[2.581s] Level 5:colcon.colcon_core.verb:set package 'cdcl_umd_msgs' build argument 'cmake_target_skip_unavailable' from command line to 'False'
[2.581s] Level 5:colcon.colcon_core.verb:set package 'cdcl_umd_msgs' build argument 'cmake_clean_cache' from command line to 'False'
[2.581s] Level 5:colcon.colcon_core.verb:set package 'cdcl_umd_msgs' build argument 'cmake_clean_first' from command line to 'False'
[2.581s] Level 5:colcon.colcon_core.verb:set package 'cdcl_umd_msgs' build argument 'cmake_force_configure' from command line to 'False'
[2.582s] Level 5:colcon.colcon_core.verb:set package 'cdcl_umd_msgs' build argument 'ament_cmake_args' from command line to 'None'
[2.582s] Level 5:colcon.colcon_core.verb:set package 'cdcl_umd_msgs' build argument 'catkin_cmake_args' from command line to 'None'
[2.582s] Level 5:colcon.colcon_core.verb:set package 'cdcl_umd_msgs' build argument 'catkin_skip_building_tests' from command line to 'False'
[2.582s] DEBUG:colcon.colcon_core.verb:Building package 'cdcl_umd_msgs' with the following arguments: {'ament_cmake_args': None, 'build_base': '/home/jj/wearable-biosensors-ros2/build/cdcl_umd_msgs', 'catkin_cmake_args': None, 'catkin_skip_building_tests': False, 'cmake_args': None, 'cmake_clean_cache': False, 'cmake_clean_first': False, 'cmake_force_configure': False, 'cmake_target': None, 'cmake_target_skip_unavailable': False, 'install_base': '/home/jj/wearable-biosensors-ros2/install/cdcl_umd_msgs', 'merge_install': False, 'path': '/home/jj/wearable-biosensors-ros2/src/cdcl_umd_msgs', 'symlink_install': True, 'test_result_base': None}
[2.584s] Level 5:colcon.colcon_core.verb:set package 'emotiv_insight' build argument 'cmake_args' from command line to 'None'
[2.584s] Level 5:colcon.colcon_core.verb:set package 'emotiv_insight' build argument 'cmake_target' from command line to 'None'
[2.584s] Level 5:colcon.colcon_core.verb:set package 'emotiv_insight' build argument 'cmake_target_skip_unavailable' from command line to 'False'
[2.585s] Level 5:colcon.colcon_core.verb:set package 'emotiv_insight' build argument 'cmake_clean_cache' from command line to 'False'
[2.585s] Level 5:colcon.colcon_core.verb:set package 'emotiv_insight' build argument 'cmake_clean_first' from command line to 'False'
[2.585s] Level 5:colcon.colcon_core.verb:set package 'emotiv_insight' build argument 'cmake_force_configure' from command line to 'False'
[2.585s] Level 5:colcon.colcon_core.verb:set package 'emotiv_insight' build argument 'ament_cmake_args' from command line to 'None'
[2.585s] Level 5:colcon.colcon_core.verb:set package 'emotiv_insight' build argument 'catkin_cmake_args' from command line to 'None'
[2.585s] Level 5:colcon.colcon_core.verb:set package 'emotiv_insight' build argument 'catkin_skip_building_tests' from command line to 'False'
[2.585s] DEBUG:colcon.colcon_core.verb:Building package 'emotiv_insight' with the following arguments: {'ament_cmake_args': None, 'build_base': '/home/jj/wearable-biosensors-ros2/build/emotiv_insight', 'catkin_cmake_args': None, 'catkin_skip_building_tests': False, 'cmake_args': None, 'cmake_clean_cache': False, 'cmake_clean_first': False, 'cmake_force_configure': False, 'cmake_target': None, 'cmake_target_skip_unavailable': False, 'install_base': '/home/jj/wearable-biosensors-ros2/install/emotiv_insight', 'merge_install': False, 'path': '/home/jj/wearable-biosensors-ros2/src/emotiv_insight', 'symlink_install': True, 'test_result_base': None}
[2.587s] Level 5:colcon.colcon_core.verb:set package 'empatica_e4' build argument 'cmake_args' from command line to 'None'
[2.587s] Level 5:colcon.colcon_core.verb:set package 'empatica_e4' build argument 'cmake_target' from command line to 'None'
[2.587s] Level 5:colcon.colcon_core.verb:set package 'empatica_e4' build argument 'cmake_target_skip_unavailable' from command line to 'False'
[2.588s] Level 5:colcon.colcon_core.verb:set package 'empatica_e4' build argument 'cmake_clean_cache' from command line to 'False'
[2.588s] Level 5:colcon.colcon_core.verb:set package 'empatica_e4' build argument 'cmake_clean_first' from command line to 'False'
[2.588s] Level 5:colcon.colcon_core.verb:set package 'empatica_e4' build argument 'cmake_force_configure' from command line to 'False'
[2.588s] Level 5:colcon.colcon_core.verb:set package 'empatica_e4' build argument 'ament_cmake_args' from command line to 'None'
[2.588s] Level 5:colcon.colcon_core.verb:set package 'empatica_e4' build argument 'catkin_cmake_args' from command line to 'None'
[2.588s] Level 5:colcon.colcon_core.verb:set package 'empatica_e4' build argument 'catkin_skip_building_tests' from command line to 'False'
[2.589s] DEBUG:colcon.colcon_core.verb:Building package 'empatica_e4' with the following arguments: {'ament_cmake_args': None, 'build_base': '/home/jj/wearable-biosensors-ros2/build/empatica_e4', 'catkin_cmake_args': None, 'catkin_skip_building_tests': False, 'cmake_args': None, 'cmake_clean_cache': False, 'cmake_clean_first': False, 'cmake_force_configure': False, 'cmake_target': None, 'cmake_target_skip_unavailable': False, 'install_base': '/home/jj/wearable-biosensors-ros2/install/empatica_e4', 'merge_install': False, 'path': '/home/jj/wearable-biosensors-ros2/src/empatica_e4', 'symlink_install': True, 'test_result_base': None}
[2.590s] Level 5:colcon.colcon_core.verb:set package 'shimmer3_gsr_unit' build argument 'cmake_args' from command line to 'None'
[2.591s] Level 5:colcon.colcon_core.verb:set package 'shimmer3_gsr_unit' build argument 'cmake_target' from command line to 'None'
[2.591s] Level 5:colcon.colcon_core.verb:set package 'shimmer3_gsr_unit' build argument 'cmake_target_skip_unavailable' from command line to 'False'
[2.591s] Level 5:colcon.colcon_core.verb:set package 'shimmer3_gsr_unit' build argument 'cmake_clean_cache' from command line to 'False'
[2.591s] Level 5:colcon.colcon_core.verb:set package 'shimmer3_gsr_unit' build argument 'cmake_clean_first' from command line to 'False'
[2.591s] Level 5:colcon.colcon_core.verb:set package 'shimmer3_gsr_unit' build argument 'cmake_force_configure' from command line to 'False'
[2.591s] Level 5:colcon.colcon_core.verb:set package 'shimmer3_gsr_unit' build argument 'ament_cmake_args' from command line to 'None'
[2.591s] Level 5:colcon.colcon_core.verb:set package 'shimmer3_gsr_unit' build argument 'catkin_cmake_args' from command line to 'None'
[2.591s] Level 5:colcon.colcon_core.verb:set package 'shimmer3_gsr_unit' build argument 'catkin_skip_building_tests' from command line to 'False'
[2.592s] DEBUG:colcon.colcon_core.verb:Building package 'shimmer3_gsr_unit' with the following arguments: {'ament_cmake_args': None, 'build_base': '/home/jj/wearable-biosensors-ros2/build/shimmer3_gsr_unit', 'catkin_cmake_args': None, 'catkin_skip_building_tests': False, 'cmake_args': None, 'cmake_clean_cache': False, 'cmake_clean_first': False, 'cmake_force_configure': False, 'cmake_target': None, 'cmake_target_skip_unavailable': False, 'install_base': '/home/jj/wearable-biosensors-ros2/install/shimmer3_gsr_unit', 'merge_install': False, 'path': '/home/jj/wearable-biosensors-ros2/src/shimmer3_gsr_unit', 'symlink_install': True, 'test_result_base': None}
[2.593s] Level 5:colcon.colcon_core.verb:set package 'polar_h10' build argument 'cmake_args' from command line to 'None'
[2.594s] Level 5:colcon.colcon_core.verb:set package 'polar_h10' build argument 'cmake_target' from command line to 'None'
[2.594s] Level 5:colcon.colcon_core.verb:set package 'polar_h10' build argument 'cmake_target_skip_unavailable' from command line to 'False'
[2.594s] Level 5:colcon.colcon_core.verb:set package 'polar_h10' build argument 'cmake_clean_cache' from command line to 'False'
[2.594s] Level 5:colcon.colcon_core.verb:set package 'polar_h10' build argument 'cmake_clean_first' from command line to 'False'
[2.594s] Level 5:colcon.colcon_core.verb:set package 'polar_h10' build argument 'cmake_force_configure' from command line to 'False'
[2.594s] Level 5:colcon.colcon_core.verb:set package 'polar_h10' build argument 'ament_cmake_args' from command line to 'None'
[2.595s] Level 5:colcon.colcon_core.verb:set package 'polar_h10' build argument 'catkin_cmake_args' from command line to 'None'
[2.595s] Level 5:colcon.colcon_core.verb:set package 'polar_h10' build argument 'catkin_skip_building_tests' from command line to 'False'
[2.595s] DEBUG:colcon.colcon_core.verb:Building package 'polar_h10' with the following arguments: {'ament_cmake_args': None, 'build_base': '/home/jj/wearable-biosensors-ros2/build/polar_h10', 'catkin_cmake_args': None, 'catkin_skip_building_tests': False, 'cmake_args': None, 'cmake_clean_cache': False, 'cmake_clean_first': False, 'cmake_force_configure': False, 'cmake_target': None, 'cmake_target_skip_unavailable': False, 'install_base': '/home/jj/wearable-biosensors-ros2/install/polar_h10', 'merge_install': False, 'path': '/home/jj/wearable-biosensors-ros2/src/polar_h10', 'symlink_install': True, 'test_result_base': None}
[2.597s] Level 5:colcon.colcon_core.verb:set package 'vernier_respiration_belt' build argument 'cmake_args' from command line to 'None'
[2.597s] Level 5:colcon.colcon_core.verb:set package 'vernier_respiration_belt' build argument 'cmake_target' from command line to 'None'
[2.597s] Level 5:colcon.colcon_core.verb:set package 'vernier_respiration_belt' build argument 'cmake_target_skip_unavailable' from command line to 'False'
[2.597s] Level 5:colcon.colcon_core.verb:set package 'vernier_respiration_belt' build argument 'cmake_clean_cache' from command line to 'False'
[2.597s] Level 5:colcon.colcon_core.verb:set package 'vernier_respiration_belt' build argument 'cmake_clean_first' from command line to 'False'
[2.598s] Level 5:colcon.colcon_core.verb:set package 'vernier_respiration_belt' build argument 'cmake_force_configure' from command line to 'False'
[2.598s] Level 5:colcon.colcon_core.verb:set package 'vernier_respiration_belt' build argument 'ament_cmake_args' from command line to 'None'
[2.598s] Level 5:colcon.colcon_core.verb:set package 'vernier_respiration_belt' build argument 'catkin_cmake_args' from command line to 'None'
[2.598s] Level 5:colcon.colcon_core.verb:set package 'vernier_respiration_belt' build argument 'catkin_skip_building_tests' from command line to 'False'
[2.598s] DEBUG:colcon.colcon_core.verb:Building package 'vernier_respiration_belt' with the following arguments: {'ament_cmake_args': None, 'build_base': '/home/jj/wearable-biosensors-ros2/build/vernier_respiration_belt', 'catkin_cmake_args': None, 'catkin_skip_building_tests': False, 'cmake_args': None, 'cmake_clean_cache': False, 'cmake_clean_first': False, 'cmake_force_configure': False, 'cmake_target': None, 'cmake_target_skip_unavailable': False, 'install_base': '/home/jj/wearable-biosensors-ros2/install/vernier_respiration_belt', 'merge_install': False, 'path': '/home/jj/wearable-biosensors-ros2/src/vernier_respiration_belt', 'symlink_install': True, 'test_result_base': None}
[2.599s] INFO:colcon.colcon_core.executor:Executing jobs using 'parallel' executor
[2.603s] DEBUG:colcon.colcon_parallel_executor.executor.parallel:run_until_complete
[2.604s] INFO:colcon.colcon_ros.task.ament_cmake.build:Building ROS package in '/home/jj/wearable-biosensors-ros2/src/cdcl_umd_msgs' with build type 'ament_cmake'
[2.605s] INFO:colcon.colcon_cmake.task.cmake.build:Building CMake package in '/home/jj/wearable-biosensors-ros2/src/cdcl_umd_msgs'
[2.626s] INFO:colcon.colcon_core.plugin_system:Skipping extension 'colcon_core.shell.bat': Not used on non-Windows systems
[2.628s] INFO:colcon.colcon_core.shell:Skip shell extension 'powershell' for command environment: Not usable outside of PowerShell
[2.628s] DEBUG:colcon.colcon_core.shell:Skip shell extension 'dsv' for command environment
[2.655s] INFO:colcon.colcon_ros.task.ament_python.build:Building ROS package in '/home/jj/wearable-biosensors-ros2/src/emotiv_insight' with build type 'ament_python'
[2.656s] Level 1:colcon.colcon_core.shell:create_environment_hook('emotiv_insight', 'ament_prefix_path')
[2.658s] INFO:colcon.colcon_core.shell:Creating environment hook '/home/jj/wearable-biosensors-ros2/install/emotiv_insight/share/emotiv_insight/hook/ament_prefix_path.ps1'
[2.668s] INFO:colcon.colcon_core.shell:Creating environment descriptor '/home/jj/wearable-biosensors-ros2/install/emotiv_insight/share/emotiv_insight/hook/ament_prefix_path.dsv'
[2.677s] INFO:colcon.colcon_core.shell:Creating environment hook '/home/jj/wearable-biosensors-ros2/install/emotiv_insight/share/emotiv_insight/hook/ament_prefix_path.sh'
[2.688s] INFO:colcon.colcon_core.shell:Skip shell extension 'powershell' for command environment: Not usable outside of PowerShell
[2.689s] DEBUG:colcon.colcon_core.shell:Skip shell extension 'dsv' for command environment
[2.714s] INFO:colcon.colcon_ros.task.ament_python.build:Building ROS package in '/home/jj/wearable-biosensors-ros2/src/empatica_e4' with build type 'ament_python'
[2.715s] Level 1:colcon.colcon_core.shell:create_environment_hook('empatica_e4', 'ament_prefix_path')
[2.717s] INFO:colcon.colcon_core.shell:Creating environment hook '/home/jj/wearable-biosensors-ros2/install/empatica_e4/share/empatica_e4/hook/ament_prefix_path.ps1'
[2.720s] INFO:colcon.colcon_core.shell:Creating environment descriptor '/home/jj/wearable-biosensors-ros2/install/empatica_e4/share/empatica_e4/hook/ament_prefix_path.dsv'
[2.722s] INFO:colcon.colcon_core.shell:Creating environment hook '/home/jj/wearable-biosensors-ros2/install/empatica_e4/share/empatica_e4/hook/ament_prefix_path.sh'
[2.729s] INFO:colcon.colcon_core.shell:Skip shell extension 'powershell' for command environment: Not usable outside of PowerShell
[2.731s] DEBUG:colcon.colcon_core.shell:Skip shell extension 'dsv' for command environment
[2.759s] INFO:colcon.colcon_ros.task.ament_python.build:Building ROS package in '/home/jj/wearable-biosensors-ros2/src/shimmer3_gsr_unit' with build type 'ament_python'
[2.761s] Level 1:colcon.colcon_core.shell:create_environment_hook('shimmer3_gsr_unit', 'ament_prefix_path')
[2.763s] INFO:colcon.colcon_core.shell:Creating environment hook '/home/jj/wearable-biosensors-ros2/install/shimmer3_gsr_unit/share/shimmer3_gsr_unit/hook/ament_prefix_path.ps1'
[2.769s] INFO:colcon.colcon_core.shell:Creating environment descriptor '/home/jj/wearable-biosensors-ros2/install/shimmer3_gsr_unit/share/shimmer3_gsr_unit/hook/ament_prefix_path.dsv'
[2.772s] INFO:colcon.colcon_core.shell:Creating environment hook '/home/jj/wearable-biosensors-ros2/install/shimmer3_gsr_unit/share/shimmer3_gsr_unit/hook/ament_prefix_path.sh'
[2.777s] INFO:colcon.colcon_core.shell:Skip shell extension 'powershell' for command environment: Not usable outside of PowerShell
[2.778s] DEBUG:colcon.colcon_core.shell:Skip shell extension 'dsv' for command environment
[2.858s] DEBUG:colcon.colcon_core.event_handler.log_command:Invoking command in '/home/jj/wearable-biosensors-ros2/build/cdcl_umd_msgs': CMAKE_PREFIX_PATH=/opt/ros/humble /usr/bin/cmake --build /home/jj/wearable-biosensors-ros2/build/cdcl_umd_msgs -- -j4 -l4
[4.655s] INFO:colcon.colcon_core.task.python.build:Building Python package in '/home/jj/wearable-biosensors-ros2/src/emotiv_insight'
[4.657s] INFO:colcon.colcon_core.shell:Skip shell extension 'powershell' for command environment: Not usable outside of PowerShell
[4.658s] DEBUG:colcon.colcon_core.shell:Skip shell extension 'dsv' for command environment
[6.139s] INFO:colcon.colcon_core.task.python.build:Building Python package in '/home/jj/wearable-biosensors-ros2/src/empatica_e4'
[6.140s] INFO:colcon.colcon_core.shell:Skip shell extension 'powershell' for command environment: Not usable outside of PowerShell
[6.141s] DEBUG:colcon.colcon_core.shell:Skip shell extension 'dsv' for command environment
[7.651s] INFO:colcon.colcon_core.task.python.build:Building Python package in '/home/jj/wearable-biosensors-ros2/src/shimmer3_gsr_unit'
[7.653s] INFO:colcon.colcon_core.shell:Skip shell extension 'powershell' for command environment: Not usable outside of PowerShell
[7.653s] DEBUG:colcon.colcon_core.shell:Skip shell extension 'dsv' for command environment
[7.691s] DEBUG:colcon.colcon_core.event_handler.log_command:Invoked command in '/home/jj/wearable-biosensors-ros2/build/cdcl_umd_msgs' returned '2': CMAKE_PREFIX_PATH=/opt/ros/humble /usr/bin/cmake --build /home/jj/wearable-biosensors-ros2/build/cdcl_umd_msgs -- -j4 -l4
[8.474s] Level 1:colcon.colcon_core.environment:create_environment_scripts_only(cdcl_umd_msgs)
[8.511s] Level 1:colcon.colcon_core.environment:checking '/home/jj/wearable-biosensors-ros2/install/cdcl_umd_msgs' for CMake module files
[8.520s] Level 1:colcon.colcon_core.environment:checking '/home/jj/wearable-biosensors-ros2/install/cdcl_umd_msgs' for CMake config files
[8.529s] Level 1:colcon.colcon_core.shell:create_environment_hook('cdcl_umd_msgs', 'cmake_prefix_path')
[8.531s] INFO:colcon.colcon_core.shell:Creating environment hook '/home/jj/wearable-biosensors-ros2/install/cdcl_umd_msgs/share/cdcl_umd_msgs/hook/cmake_prefix_path.ps1'
[8.535s] INFO:colcon.colcon_core.shell:Creating environment descriptor '/home/jj/wearable-biosensors-ros2/install/cdcl_umd_msgs/share/cdcl_umd_msgs/hook/cmake_prefix_path.dsv'
[8.541s] INFO:colcon.colcon_core.shell:Creating environment hook '/home/jj/wearable-biosensors-ros2/install/cdcl_umd_msgs/share/cdcl_umd_msgs/hook/cmake_prefix_path.sh'
[8.547s] Level 1:colcon.colcon_core.environment:checking '/home/jj/wearable-biosensors-ros2/install/cdcl_umd_msgs/lib'
[8.549s] Level 1:colcon.colcon_core.shell:create_environment_hook('cdcl_umd_msgs', 'ld_library_path_lib')
[8.552s] INFO:colcon.colcon_core.shell:Creating environment hook '/home/jj/wearable-biosensors-ros2/install/cdcl_umd_msgs/share/cdcl_umd_msgs/hook/ld_library_path_lib.ps1'
[8.556s] INFO:colcon.colcon_core.shell:Creating environment descriptor '/home/jj/wearable-biosensors-ros2/install/cdcl_umd_msgs/share/cdcl_umd_msgs/hook/ld_library_path_lib.dsv'
[8.561s] INFO:colcon.colcon_core.shell:Creating environment hook '/home/jj/wearable-biosensors-ros2/install/cdcl_umd_msgs/share/cdcl_umd_msgs/hook/ld_library_path_lib.sh'
[8.566s] Level 1:colcon.colcon_core.environment:checking '/home/jj/wearable-biosensors-ros2/install/cdcl_umd_msgs/bin'
[8.567s] Level 1:colcon.colcon_core.environment:checking '/home/jj/wearable-biosensors-ros2/install/cdcl_umd_msgs/lib/pkgconfig/cdcl_umd_msgs.pc'
[8.569s] Level 1:colcon.colcon_core.environment:checking '/home/jj/wearable-biosensors-ros2/install/cdcl_umd_msgs/lib/python3.10/site-packages'
[8.570s] Level 1:colcon.colcon_core.shell:create_environment_hook('cdcl_umd_msgs', 'pythonpath')
[8.572s] INFO:colcon.colcon_core.shell:Creating environment hook '/home/jj/wearable-biosensors-ros2/install/cdcl_umd_msgs/share/cdcl_umd_msgs/hook/pythonpath.ps1'
[8.577s] INFO:colcon.colcon_core.shell:Creating environment descriptor '/home/jj/wearable-biosensors-ros2/install/cdcl_umd_msgs/share/cdcl_umd_msgs/hook/pythonpath.dsv'
[8.583s] INFO:colcon.colcon_core.shell:Creating environment hook '/home/jj/wearable-biosensors-ros2/install/cdcl_umd_msgs/share/cdcl_umd_msgs/hook/pythonpath.sh'
[8.590s] Level 1:colcon.colcon_core.environment:checking '/home/jj/wearable-biosensors-ros2/install/cdcl_umd_msgs/bin'
[8.593s] INFO:colcon.colcon_core.shell:Creating package script '/home/jj/wearable-biosensors-ros2/install/cdcl_umd_msgs/share/cdcl_umd_msgs/package.ps1'
[8.601s] INFO:colcon.colcon_core.shell:Creating package descriptor '/home/jj/wearable-biosensors-ros2/install/cdcl_umd_msgs/share/cdcl_umd_msgs/package.dsv'
[8.609s] INFO:colcon.colcon_core.shell:Creating package script '/home/jj/wearable-biosensors-ros2/install/cdcl_umd_msgs/share/cdcl_umd_msgs/package.sh'
[8.675s] INFO:colcon.colcon_core.shell:Creating package script '/home/jj/wearable-biosensors-ros2/install/cdcl_umd_msgs/share/cdcl_umd_msgs/package.bash'
[8.683s] INFO:colcon.colcon_core.shell:Creating package script '/home/jj/wearable-biosensors-ros2/install/cdcl_umd_msgs/share/cdcl_umd_msgs/package.zsh'
[8.690s] Level 1:colcon.colcon_core.environment:create_file_with_runtime_dependencies(/home/jj/wearable-biosensors-ros2/install/cdcl_umd_msgs/share/colcon-core/packages/cdcl_umd_msgs)
[10.459s] DEBUG:colcon.colcon_parallel_executor.executor.parallel:closing loop
[10.460s] DEBUG:colcon.colcon_parallel_executor.executor.parallel:loop closed
[10.461s] DEBUG:colcon.colcon_parallel_executor.executor.parallel:run_until_complete finished with '2'
[10.461s] DEBUG:colcon.colcon_core.event_reactor:joining thread
[10.503s] INFO:colcon.colcon_core.plugin_system:Skipping extension 'colcon_notification.desktop_notification.terminal_notifier': Not used on non-Darwin systems
[10.504s] INFO:colcon.colcon_core.plugin_system:Skipping extension 'colcon_notification.desktop_notification.win32': Not used on non-Windows systems
[10.505s] INFO:colcon.colcon_notification.desktop_notification:Sending desktop notification using 'notify2'
[10.599s] DEBUG:colcon.colcon_core.event_reactor:joined thread
[10.601s] INFO:colcon.colcon_core.shell:Creating prefix script '/home/jj/wearable-biosensors-ros2/install/local_setup.ps1'
[10.608s] INFO:colcon.colcon_core.shell:Creating prefix util module '/home/jj/wearable-biosensors-ros2/install/_local_setup_util_ps1.py'
[10.619s] INFO:colcon.colcon_core.shell:Creating prefix chain script '/home/jj/wearable-biosensors-ros2/install/setup.ps1'
[10.628s] INFO:colcon.colcon_core.shell:Creating prefix script '/home/jj/wearable-biosensors-ros2/install/local_setup.sh'
[10.632s] INFO:colcon.colcon_core.shell:Creating prefix util module '/home/jj/wearable-biosensors-ros2/install/_local_setup_util_sh.py'
[10.636s] INFO:colcon.colcon_core.shell:Creating prefix chain script '/home/jj/wearable-biosensors-ros2/install/setup.sh'
[10.644s] INFO:colcon.colcon_core.shell:Creating prefix script '/home/jj/wearable-biosensors-ros2/install/local_setup.bash'
[10.700s] INFO:colcon.colcon_core.shell:Creating prefix chain script '/home/jj/wearable-biosensors-ros2/install/setup.bash'
[10.707s] INFO:colcon.colcon_core.shell:Creating prefix script '/home/jj/wearable-biosensors-ros2/install/local_setup.zsh'
[10.713s] INFO:colcon.colcon_core.shell:Creating prefix chain script '/home/jj/wearable-biosensors-ros2/install/setup.zsh'
