[0.161s] Invoking command in '/home/jj/wearable-biosensors-ros2/build/cdcl_umd_msgs': CMAKE_PREFIX_PATH=/opt/ros/humble /usr/bin/cmake --build /home/jj/wearable-biosensors-ros2/build/cdcl_umd_msgs -- -j4 -l4
[3.427s] [31mCMake Error at /opt/ros/humble/share/rosidl_adapter/cmake/rosidl_adapt_interfaces.cmake:59 (message):
[3.431s]   execute_process(/usr/bin/python3 -m rosidl_adapter --package-name
[3.432s]   cdcl_umd_msgs --arguments-file
[3.438s]   /home/jj/wearable-biosensors-ros2/build/cdcl_umd_msgs/rosidl_adapter__arguments__cdcl_umd_msgs.json
[3.438s]   --output-dir
[3.439s]   /home/jj/wearable-biosensors-ros2/build/cdcl_umd_msgs/rosidl_adapter/cdcl_umd_msgs
[3.440s]   --output-file
[3.440s]   /home/jj/wearable-biosensors-ros2/build/cdcl_umd_msgs/rosidl_adapter/cdcl_umd_msgs.idls)
[3.441s]   returned error code 1:
[3.441s] 
[3.442s]   KeyError processing template 'struct.idl.em': 'time'
[3.443s] 
[3.443s] Call Stack (most recent call first):
[3.444s]   /opt/ros/humble/share/rosidl_cmake/cmake/rosidl_generate_interfaces.cmake:130 (rosidl_adapt_interfaces)
[3.445s]   CMakeLists.txt:14 (rosidl_generate_interfaces)
[3.445s] 
[3.446s] [0m
[3.446s] gmake: *** [Makefile:747: cmake_check_build_system] Error 1
[3.447s] -- Found ament_cmake: 1.3.9 (/opt/ros/humble/share/ament_cmake/cmake)
[3.447s] -- Override CMake install command with custom implementation using symlinks instead of copying resources
[3.448s] -- Found rosidl_default_generators: 1.2.0 (/opt/ros/humble/share/rosidl_default_generators/cmake)
[3.449s] -- Using all available rosidl_typesupport_c: rosidl_typesupport_fastrtps_c;rosidl_typesupport_introspection_c
[3.449s] -- Found rosidl_adapter: 3.1.5 (/opt/ros/humble/share/rosidl_adapter/cmake)
[3.450s] -- Using all available rosidl_typesupport_cpp: rosidl_typesupport_fastrtps_cpp;rosidl_typesupport_introspection_cpp
[3.450s] -- Found rclpy: 3.3.13 (/opt/ros/humble/share/rclpy/cmake)
[3.451s] -- Configuring incomplete, errors occurred!
[3.451s] See also "/home/jj/wearable-biosensors-ros2/build/cdcl_umd_msgs/CMakeFiles/CMakeOutput.log".
[4.899s] Invoked command in '/home/jj/wearable-biosensors-ros2/build/cdcl_umd_msgs' returned '2': CMAKE_PREFIX_PATH=/opt/ros/humble /usr/bin/cmake --build /home/jj/wearable-biosensors-ros2/build/cdcl_umd_msgs -- -j4 -l4
