[0.278s] Invoking command in '/home/jj/wearable-biosensors-ros2/build/cdcl_umd_msgs': CMAKE_PREFIX_PATH=/opt/ros/humble /usr/bin/cmake --build /home/jj/wearable-biosensors-ros2/build/cdcl_umd_msgs -- -j4 -l4
[6.345s] -- Found ament_cmake: 1.3.9 (/opt/ros/humble/share/ament_cmake/cmake)
[6.347s] -- Override CMake install command with custom implementation using symlinks instead of copying resources
[6.350s] -- Found rosidl_default_generators: 1.2.0 (/opt/ros/humble/share/rosidl_default_generators/cmake)
[6.352s] -- Using all available rosidl_typesupport_c: rosidl_typesupport_fastrtps_c;rosidl_typesupport_introspection_c
[6.353s] -- Found rosidl_adapter: 3.1.5 (/opt/ros/humble/share/rosidl_adapter/cmake)
[6.355s] -- Using all available rosidl_typesupport_cpp: rosidl_typesupport_fastrtps_cpp;rosidl_typesupport_introspection_cpp
[6.356s] -- Found rclpy: 3.3.13 (/opt/ros/humble/share/rclpy/cmake)
[6.360s] -- Configuring incomplete, errors occurred!
[6.361s] See also "/home/jj/wearable-biosensors-ros2/build/cdcl_umd_msgs/CMakeFiles/CMakeOutput.log".
[6.361s] [31mCMake Error at /opt/ros/humble/share/rosidl_adapter/cmake/rosidl_adapt_interfaces.cmake:59 (message):
[6.362s]   execute_process(/usr/bin/python3 -m rosidl_adapter --package-name
[6.362s]   cdcl_umd_msgs --arguments-file
[6.363s]   /home/jj/wearable-biosensors-ros2/build/cdcl_umd_msgs/rosidl_adapter__arguments__cdcl_umd_msgs.json
[6.363s]   --output-dir
[6.364s]   /home/jj/wearable-biosensors-ros2/build/cdcl_umd_msgs/rosidl_adapter/cdcl_umd_msgs
[6.368s]   --output-file
[6.368s]   /home/jj/wearable-biosensors-ros2/build/cdcl_umd_msgs/rosidl_adapter/cdcl_umd_msgs.idls)
[6.370s]   returned error code 1:
[6.372s] 
[6.373s]   KeyError processing template 'struct.idl.em': 'time'
[6.376s] 
[6.380s] Call Stack (most recent call first):
[6.383s]   /opt/ros/humble/share/rosidl_cmake/cmake/rosidl_generate_interfaces.cmake:130 (rosidl_adapt_interfaces)
[6.384s]   CMakeLists.txt:14 (rosidl_generate_interfaces)
[6.386s] 
[6.388s] [0m
[6.389s] gmake: *** [Makefile:747: cmake_check_build_system] Error 1
[6.392s] Invoked command in '/home/jj/wearable-biosensors-ros2/build/cdcl_umd_msgs' returned '2': CMAKE_PREFIX_PATH=/opt/ros/humble /usr/bin/cmake --build /home/jj/wearable-biosensors-ros2/build/cdcl_umd_msgs -- -j4 -l4
