[13.383s] Invoking command in '/home/jj/wearable-biosensors-ros2/build/shimmer3_gsr_unit': PYTHONPATH=/home/jj/wearable-biosensors-ros2/build/shimmer3_gsr_unit/prefix_override:/home/jj/wearable-biosensors-ros2/install/shimmer3_gsr_unit/lib/python3.10/site-packages:${PYTHONPATH} /usr/bin/python3 -W ignore:setup.py install is deprecated setup.py develop --editable --build-directory /home/jj/wearable-biosensors-ros2/build/shimmer3_gsr_unit/build --no-deps symlink_data
[20.710s] /usr/lib/python3/dist-packages/setuptools/dist.py:723: UserWarning: Usage of dash-separated 'script-dir' will not be supported in future versions. Please use the underscore name 'script_dir' instead
[20.711s]   warnings.warn(
[21.540s] running develop
[21.541s] /usr/lib/python3/dist-packages/setuptools/command/easy_install.py:158: EasyInstallDeprecationWarning: easy_install command is deprecated. Use build and pip and other standards-based tools.
[21.542s]   warnings.warn(
[27.494s] running egg_info
[27.495s] writing shimmer3_gsr_unit.egg-info/PKG-INFO
[27.508s] writing dependency_links to shimmer3_gsr_unit.egg-info/dependency_links.txt
[27.521s] writing entry points to shimmer3_gsr_unit.egg-info/entry_points.txt
[27.522s] writing requirements to shimmer3_gsr_unit.egg-info/requires.txt
[27.523s] writing top-level names to shimmer3_gsr_unit.egg-info/top_level.txt
[27.556s] reading manifest file 'shimmer3_gsr_unit.egg-info/SOURCES.txt'
[27.565s] writing manifest file 'shimmer3_gsr_unit.egg-info/SOURCES.txt'
[27.580s] running build_ext
[27.581s] Creating /home/jj/wearable-biosensors-ros2/install/shimmer3_gsr_unit/lib/python3.10/site-packages/shimmer3-gsr-unit.egg-link (link to .)
[27.583s] Installing shimmer_gsr_ppg_node script to /home/jj/wearable-biosensors-ros2/install/shimmer3_gsr_unit/lib/shimmer3_gsr_unit
[27.594s] 
[27.615s] Installed /home/jj/wearable-biosensors-ros2/build/shimmer3_gsr_unit
[27.627s] running symlink_data
[34.760s] Invoked command in '/home/jj/wearable-biosensors-ros2/build/shimmer3_gsr_unit' returned '0': PYTHONPATH=/home/jj/wearable-biosensors-ros2/build/shimmer3_gsr_unit/prefix_override:/home/jj/wearable-biosensors-ros2/install/shimmer3_gsr_unit/lib/python3.10/site-packages:${PYTHONPATH} /usr/bin/python3 -W ignore:setup.py install is deprecated setup.py develop --editable --build-directory /home/jj/wearable-biosensors-ros2/build/shimmer3_gsr_unit/build --no-deps symlink_data
