running develop
Removing /home/jj/wearable-biosensors-ros2/install/empatica_e4/lib/python3.10/site-packages/empatica-e4.egg-link (link to .)
running egg_info
writing ../../build/empatica_e4/empatica_e4.egg-info/PKG-INFO
writing dependency_links to ../../build/empatica_e4/empatica_e4.egg-info/dependency_links.txt
writing entry points to ../../build/empatica_e4/empatica_e4.egg-info/entry_points.txt
writing requirements to ../../build/empatica_e4/empatica_e4.egg-info/requires.txt
writing top-level names to ../../build/empatica_e4/empatica_e4.egg-info/top_level.txt
reading manifest file '../../build/empatica_e4/empatica_e4.egg-info/SOURCES.txt'
writing manifest file '../../build/empatica_e4/empatica_e4.egg-info/SOURCES.txt'
running build
running build_py
creating /home/jj/wearable-biosensors-ros2/build/empatica_e4/build
creating /home/jj/wearable-biosensors-ros2/build/empatica_e4/build/lib
creating /home/jj/wearable-biosensors-ros2/build/empatica_e4/build/lib/empatica_e4
copying empatica_e4/__init__.py -> /home/jj/wearable-biosensors-ros2/build/empatica_e4/build/lib/empatica_e4
copying empatica_e4/empatica_e4_node.py -> /home/jj/wearable-biosensors-ros2/build/empatica_e4/build/lib/empatica_e4
running install
running install_lib
creating /home/jj/wearable-biosensors-ros2/install/empatica_e4/lib/python3.10/site-packages/empatica_e4
copying /home/jj/wearable-biosensors-ros2/build/empatica_e4/build/lib/empatica_e4/__init__.py -> /home/jj/wearable-biosensors-ros2/install/empatica_e4/lib/python3.10/site-packages/empatica_e4
copying /home/jj/wearable-biosensors-ros2/build/empatica_e4/build/lib/empatica_e4/empatica_e4_node.py -> /home/jj/wearable-biosensors-ros2/install/empatica_e4/lib/python3.10/site-packages/empatica_e4
byte-compiling /home/jj/wearable-biosensors-ros2/install/empatica_e4/lib/python3.10/site-packages/empatica_e4/__init__.py to __init__.cpython-310.pyc
byte-compiling /home/jj/wearable-biosensors-ros2/install/empatica_e4/lib/python3.10/site-packages/empatica_e4/empatica_e4_node.py to empatica_e4_node.cpython-310.pyc
running install_data
copying resource/empatica_e4 -> /home/jj/wearable-biosensors-ros2/install/empatica_e4/share/ament_index/resource_index/packages
copying package.xml -> /home/jj/wearable-biosensors-ros2/install/empatica_e4/share/empatica_e4
copying launch/ros2-empatica_E4.launch.py -> /home/jj/wearable-biosensors-ros2/install/empatica_e4/share/empatica_e4
running install_egg_info
Copying ../../build/empatica_e4/empatica_e4.egg-info to /home/jj/wearable-biosensors-ros2/install/empatica_e4/lib/python3.10/site-packages/empatica_e4-0.0.1-py3.10.egg-info
running install_scripts
Installing empatica_e4_node script to /home/jj/wearable-biosensors-ros2/install/empatica_e4/lib/empatica_e4
writing list of installed files to '/home/jj/wearable-biosensors-ros2/build/empatica_e4/install.log'
