[9.916s] Invoking command in '/home/jj/wearable-biosensors-ros2/build/cdcl_umd_msgs': PYTHONPATH=/home/jj/wearable-biosensors-ros2/build/cdcl_umd_msgs/prefix_override:/home/jj/wearable-biosensors-ros2/install/cdcl_umd_msgs/lib/python3.10/site-packages:${PYTHONPATH} /usr/bin/python3 -W ignore:setup.py install is deprecated setup.py develop --editable --build-directory /home/jj/wearable-biosensors-ros2/build/cdcl_umd_msgs/build --no-deps symlink_data --force
[12.344s] running develop
[12.348s] /usr/lib/python3/dist-packages/setuptools/command/easy_install.py:158: EasyInstallDeprecationWarning: easy_install command is deprecated. Use build and pip and other standards-based tools.
[12.352s]   warnings.warn(
[13.906s] running egg_info
[13.911s] writing cdcl_umd_msgs.egg-info/PKG-INFO
[13.914s] writing dependency_links to cdcl_umd_msgs.egg-info/dependency_links.txt
[13.918s] writing entry points to cdcl_umd_msgs.egg-info/entry_points.txt
[13.926s] writing requirements to cdcl_umd_msgs.egg-info/requires.txt
[13.926s] writing top-level names to cdcl_umd_msgs.egg-info/top_level.txt
[13.927s] reading manifest file 'cdcl_umd_msgs.egg-info/SOURCES.txt'
[13.934s] writing manifest file 'cdcl_umd_msgs.egg-info/SOURCES.txt'
[13.942s] running build_ext
[13.947s] Creating /home/jj/wearable-biosensors-ros2/install/cdcl_umd_msgs/lib/python3.10/site-packages/cdcl-umd-msgs.egg-link (link to .)
[13.963s] 
[13.968s] Installed /home/jj/wearable-biosensors-ros2/build/cdcl_umd_msgs
[13.972s] running symlink_data
[13.977s] symbolically linking /home/jj/wearable-biosensors-ros2/build/cdcl_umd_msgs/resource/cdcl_umd_msgs -> /home/jj/wearable-biosensors-ros2/install/cdcl_umd_msgs/share/ament_index/resource_index/packages
[13.984s] symbolically linking /home/jj/wearable-biosensors-ros2/build/cdcl_umd_msgs/package.xml -> /home/jj/wearable-biosensors-ros2/install/cdcl_umd_msgs/share/cdcl_umd_msgs
[14.170s] Invoked command in '/home/jj/wearable-biosensors-ros2/build/cdcl_umd_msgs' returned '0': PYTHONPATH=/home/jj/wearable-biosensors-ros2/build/cdcl_umd_msgs/prefix_override:/home/jj/wearable-biosensors-ros2/install/cdcl_umd_msgs/lib/python3.10/site-packages:${PYTHONPATH} /usr/bin/python3 -W ignore:setup.py install is deprecated setup.py develop --editable --build-directory /home/jj/wearable-biosensors-ros2/build/cdcl_umd_msgs/build --no-deps symlink_data --force
