[3.676s] Invoking command in '/home/jj/wearable-biosensors-ros2/build/polar_h10': AMENT_PREFIX_PATH=/home/jj/wearable-biosensors-ros2/install/cdcl_umd_msgs:${AMENT_PREFIX_PATH} CMAKE_PREFIX_PATH=/home/jj/wearable-biosensors-ros2/install/cdcl_umd_msgs:${CMAKE_PREFIX_PATH} LD_LIBRARY_PATH=/home/jj/wearable-biosensors-ros2/install/cdcl_umd_msgs/lib:${LD_LIBRARY_PATH} PYTHONPATH=/home/jj/wearable-biosensors-ros2/build/polar_h10/prefix_override:/usr/lib/python3/dist-packages/colcon_core/task/python/colcon_distutils_commands:/home/jj/wearable-biosensors-ros2/install/polar_h10/lib/python3.10/site-packages:/home/jj/wearable-biosensors-ros2/install/cdcl_umd_msgs/local/lib/python3.10/dist-packages:${PYTHONPATH} /usr/bin/python3 -W ignore:setup.py install is deprecated setup.py develop --uninstall --editable --build-directory /home/jj/wearable-biosensors-ros2/build/polar_h10/build
[4.835s] /usr/lib/python3/dist-packages/setuptools/dist.py:723: UserWarning: Usage of dash-separated 'script-dir' will not be supported in future versions. Please use the underscore name 'script_dir' instead
[4.836s]   warnings.warn(
[4.963s] running develop
[4.964s] /usr/lib/python3/dist-packages/setuptools/command/easy_install.py:158: EasyInstallDeprecationWarning: easy_install command is deprecated. Use build and pip and other standards-based tools.
[4.964s]   warnings.warn(
[5.733s] Removing /home/jj/wearable-biosensors-ros2/install/polar_h10/lib/python3.10/site-packages/polar-h10.egg-link (link to .)
[5.806s] Invoked command in '/home/jj/wearable-biosensors-ros2/build/polar_h10' returned '0': AMENT_PREFIX_PATH=/home/jj/wearable-biosensors-ros2/install/cdcl_umd_msgs:${AMENT_PREFIX_PATH} CMAKE_PREFIX_PATH=/home/jj/wearable-biosensors-ros2/install/cdcl_umd_msgs:${CMAKE_PREFIX_PATH} LD_LIBRARY_PATH=/home/jj/wearable-biosensors-ros2/install/cdcl_umd_msgs/lib:${LD_LIBRARY_PATH} PYTHONPATH=/home/jj/wearable-biosensors-ros2/build/polar_h10/prefix_override:/usr/lib/python3/dist-packages/colcon_core/task/python/colcon_distutils_commands:/home/jj/wearable-biosensors-ros2/install/polar_h10/lib/python3.10/site-packages:/home/jj/wearable-biosensors-ros2/install/cdcl_umd_msgs/local/lib/python3.10/dist-packages:${PYTHONPATH} /usr/bin/python3 -W ignore:setup.py install is deprecated setup.py develop --uninstall --editable --build-directory /home/jj/wearable-biosensors-ros2/build/polar_h10/build
[5.812s] Invoking command in '/home/jj/wearable-biosensors-ros2/src/polar_h10': AMENT_PREFIX_PATH=/home/jj/wearable-biosensors-ros2/install/cdcl_umd_msgs:${AMENT_PREFIX_PATH} CMAKE_PREFIX_PATH=/home/jj/wearable-biosensors-ros2/install/cdcl_umd_msgs:${CMAKE_PREFIX_PATH} LD_LIBRARY_PATH=/home/jj/wearable-biosensors-ros2/install/cdcl_umd_msgs/lib:${LD_LIBRARY_PATH} PYTHONPATH=/home/jj/wearable-biosensors-ros2/build/polar_h10/prefix_override:/usr/lib/python3/dist-packages/colcon_core/task/python/colcon_distutils_commands:/home/jj/wearable-biosensors-ros2/install/polar_h10/lib/python3.10/site-packages:/home/jj/wearable-biosensors-ros2/install/cdcl_umd_msgs/local/lib/python3.10/dist-packages:${PYTHONPATH} /usr/bin/python3 -W ignore:setup.py install is deprecated setup.py egg_info --egg-base ../../build/polar_h10 build --build-base /home/jj/wearable-biosensors-ros2/build/polar_h10/build install --record /home/jj/wearable-biosensors-ros2/build/polar_h10/install.log --install-scripts $base/lib/polar_h10 --single-version-externally-managed install_data --force
[6.752s] /usr/lib/python3/dist-packages/setuptools/dist.py:723: UserWarning: Usage of dash-separated 'script-dir' will not be supported in future versions. Please use the underscore name 'script_dir' instead
[6.752s]   warnings.warn(
[6.788s] running egg_info
[6.794s] writing ../../build/polar_h10/polar_h10.egg-info/PKG-INFO
[6.794s] writing dependency_links to ../../build/polar_h10/polar_h10.egg-info/dependency_links.txt
[6.795s] writing entry points to ../../build/polar_h10/polar_h10.egg-info/entry_points.txt
[6.796s] writing requirements to ../../build/polar_h10/polar_h10.egg-info/requires.txt
[6.797s] writing top-level names to ../../build/polar_h10/polar_h10.egg-info/top_level.txt
[6.806s] reading manifest file '../../build/polar_h10/polar_h10.egg-info/SOURCES.txt'
[6.813s] writing manifest file '../../build/polar_h10/polar_h10.egg-info/SOURCES.txt'
[6.814s] running build
[6.814s] running build_py
[6.815s] creating /home/jj/wearable-biosensors-ros2/build/polar_h10/build
[6.819s] creating /home/jj/wearable-biosensors-ros2/build/polar_h10/build/lib
[6.821s] creating /home/jj/wearable-biosensors-ros2/build/polar_h10/build/lib/polar_h10
[6.821s] copying polar_h10/__init__.py -> /home/jj/wearable-biosensors-ros2/build/polar_h10/build/lib/polar_h10
[6.821s] copying polar_h10/polar_h10_node.py -> /home/jj/wearable-biosensors-ros2/build/polar_h10/build/lib/polar_h10
[6.823s] running install
[6.825s] running install_lib
[6.829s] creating /home/jj/wearable-biosensors-ros2/install/polar_h10/lib/python3.10/site-packages/polar_h10
[6.831s] copying /home/jj/wearable-biosensors-ros2/build/polar_h10/build/lib/polar_h10/__init__.py -> /home/jj/wearable-biosensors-ros2/install/polar_h10/lib/python3.10/site-packages/polar_h10
[6.835s] copying /home/jj/wearable-biosensors-ros2/build/polar_h10/build/lib/polar_h10/polar_h10_node.py -> /home/jj/wearable-biosensors-ros2/install/polar_h10/lib/python3.10/site-packages/polar_h10
[6.837s] byte-compiling /home/jj/wearable-biosensors-ros2/install/polar_h10/lib/python3.10/site-packages/polar_h10/__init__.py to __init__.cpython-310.pyc
[6.840s] byte-compiling /home/jj/wearable-biosensors-ros2/install/polar_h10/lib/python3.10/site-packages/polar_h10/polar_h10_node.py to polar_h10_node.cpython-310.pyc
[6.846s] running install_data
[6.847s] copying resource/polar_h10 -> /home/jj/wearable-biosensors-ros2/install/polar_h10/share/ament_index/resource_index/packages
[6.849s] copying package.xml -> /home/jj/wearable-biosensors-ros2/install/polar_h10/share/polar_h10
[6.851s] copying launch/ros2-polar_h10.launch.py -> /home/jj/wearable-biosensors-ros2/install/polar_h10/share/polar_h10
[6.854s] running install_egg_info
[6.863s] Copying ../../build/polar_h10/polar_h10.egg-info to /home/jj/wearable-biosensors-ros2/install/polar_h10/lib/python3.10/site-packages/polar_h10-0.0.1-py3.10.egg-info
[6.870s] running install_scripts
[6.983s] Installing polar_h10_node script to /home/jj/wearable-biosensors-ros2/install/polar_h10/lib/polar_h10
[6.984s] writing list of installed files to '/home/jj/wearable-biosensors-ros2/build/polar_h10/install.log'
[7.110s] Invoked command in '/home/jj/wearable-biosensors-ros2/src/polar_h10' returned '0': AMENT_PREFIX_PATH=/home/jj/wearable-biosensors-ros2/install/cdcl_umd_msgs:${AMENT_PREFIX_PATH} CMAKE_PREFIX_PATH=/home/jj/wearable-biosensors-ros2/install/cdcl_umd_msgs:${CMAKE_PREFIX_PATH} LD_LIBRARY_PATH=/home/jj/wearable-biosensors-ros2/install/cdcl_umd_msgs/lib:${LD_LIBRARY_PATH} PYTHONPATH=/home/jj/wearable-biosensors-ros2/build/polar_h10/prefix_override:/usr/lib/python3/dist-packages/colcon_core/task/python/colcon_distutils_commands:/home/jj/wearable-biosensors-ros2/install/polar_h10/lib/python3.10/site-packages:/home/jj/wearable-biosensors-ros2/install/cdcl_umd_msgs/local/lib/python3.10/dist-packages:${PYTHONPATH} /usr/bin/python3 -W ignore:setup.py install is deprecated setup.py egg_info --egg-base ../../build/polar_h10 build --build-base /home/jj/wearable-biosensors-ros2/build/polar_h10/build install --record /home/jj/wearable-biosensors-ros2/build/polar_h10/install.log --install-scripts $base/lib/polar_h10 --single-version-externally-managed install_data --force
