[11.565s] Invoking command in '/home/jj/wearable-biosensors-ros2/build/emotiv_insight': PYTHONPATH=/home/jj/wearable-biosensors-ros2/build/emotiv_insight/prefix_override:/home/jj/wearable-biosensors-ros2/install/emotiv_insight/lib/python3.10/site-packages:${PYTHONPATH} /usr/bin/python3 -W ignore:setup.py install is deprecated setup.py develop --editable --build-directory /home/jj/wearable-biosensors-ros2/build/emotiv_insight/build --no-deps symlink_data
[14.236s] /usr/lib/python3/dist-packages/setuptools/dist.py:723: UserWarning: Usage of dash-separated 'script-dir' will not be supported in future versions. Please use the underscore name 'script_dir' instead
[14.237s]   warnings.warn(
[14.705s] running develop
[14.719s] /usr/lib/python3/dist-packages/setuptools/command/easy_install.py:158: EasyInstallDeprecationWarning: easy_install command is deprecated. Use build and pip and other standards-based tools.
[14.719s]   warnings.warn(
[17.199s] running egg_info
[17.202s] writing emotiv_insight.egg-info/PKG-INFO
[17.210s] writing dependency_links to emotiv_insight.egg-info/dependency_links.txt
[17.217s] writing entry points to emotiv_insight.egg-info/entry_points.txt
[17.222s] writing requirements to emotiv_insight.egg-info/requires.txt
[17.231s] writing top-level names to emotiv_insight.egg-info/top_level.txt
[17.252s] reading manifest file 'emotiv_insight.egg-info/SOURCES.txt'
[17.253s] writing manifest file 'emotiv_insight.egg-info/SOURCES.txt'
[17.273s] running build_ext
[17.274s] Creating /home/jj/wearable-biosensors-ros2/install/emotiv_insight/lib/python3.10/site-packages/emotiv-insight.egg-link (link to .)
[17.293s] Installing emotiv_insight_node script to /home/jj/wearable-biosensors-ros2/install/emotiv_insight/lib/emotiv_insight
[17.302s] 
[17.305s] Installed /home/jj/wearable-biosensors-ros2/build/emotiv_insight
[17.319s] running symlink_data
[18.019s] Invoked command in '/home/jj/wearable-biosensors-ros2/build/emotiv_insight' returned '0': PYTHONPATH=/home/jj/wearable-biosensors-ros2/build/emotiv_insight/prefix_override:/home/jj/wearable-biosensors-ros2/install/emotiv_insight/lib/python3.10/site-packages:${PYTHONPATH} /usr/bin/python3 -W ignore:setup.py install is deprecated setup.py develop --editable --build-directory /home/jj/wearable-biosensors-ros2/build/emotiv_insight/build --no-deps symlink_data
