[1.180s] DEBUG:colcon:Command line arguments: ['/usr/bin/colcon', 'build', '--packages-select', 'manager']
[1.181s] DEBUG:colcon:Parsed command line arguments: Namespace(log_base=None, log_level=None, verb_name='build', build_base='build', install_base='install', merge_install=False, symlink_install=False, test_result_base=None, continue_on_error=False, executor='parallel', parallel_workers=4, event_handlers=None, ignore_user_meta=False, metas=['./colcon.meta'], base_paths=['.'], packages_ignore=None, packages_ignore_regex=None, paths=None, packages_up_to=None, packages_up_to_regex=None, packages_above=None, packages_above_and_dependencies=None, packages_above_depth=None, packages_select_by_dep=None, packages_skip_by_dep=None, packages_skip_up_to=None, packages_select_build_failed=False, packages_skip_build_finished=False, packages_select_test_failures=False, packages_skip_test_passed=False, packages_select=['manager'], packages_skip=None, packages_select_regex=None, packages_skip_regex=None, packages_start=None, packages_end=None, allow_overriding=[], cmake_args=None, cmake_target=None, cmake_target_skip_unavailable=False, cmake_clean_cache=False, cmake_clean_first=False, cmake_force_configure=False, ament_cmake_args=None, catkin_cmake_args=None, catkin_skip_building_tests=False, mixin_files=None, mixin=None, verb_parser=<colcon_mixin.mixin.mixin_argument.MixinArgumentDecorator object at 0xffff8ce131f0>, verb_extension=<colcon_core.verb.build.BuildVerb object at 0xffff8ce12dd0>, main=<bound method BuildVerb.main of <colcon_core.verb.build.BuildVerb object at 0xffff8ce12dd0>>, mixin_verb=('build',))
[3.539s] Level 1:colcon.colcon_core.package_discovery:discover_packages(colcon_meta) check parameters
[3.539s] Level 1:colcon.colcon_core.package_discovery:discover_packages(recursive) check parameters
[3.540s] Level 1:colcon.colcon_core.package_discovery:discover_packages(ignore) check parameters
[3.540s] Level 1:colcon.colcon_core.package_discovery:discover_packages(path) check parameters
[3.540s] Level 1:colcon.colcon_core.package_discovery:discover_packages(colcon_meta) discover
[3.541s] Level 1:colcon.colcon_core.package_discovery:discover_packages(recursive) discover
[3.541s] INFO:colcon.colcon_core.package_discovery:Crawling recursively for packages in '/home/jj/wearable-biosensors-ros2'
[3.542s] Level 1:colcon.colcon_core.package_identification:_identify(.) by extensions ['ignore', 'ignore_ament_install']
[3.542s] Level 1:colcon.colcon_core.package_identification:_identify(.) by extension 'ignore'
[3.543s] Level 1:colcon.colcon_core.package_identification:_identify(.) by extension 'ignore_ament_install'
[3.543s] Level 1:colcon.colcon_core.package_identification:_identify(.) by extensions ['colcon_pkg']
[3.544s] Level 1:colcon.colcon_core.package_identification:_identify(.) by extension 'colcon_pkg'
[3.544s] Level 1:colcon.colcon_core.package_identification:_identify(.) by extensions ['colcon_meta']
[3.544s] Level 1:colcon.colcon_core.package_identification:_identify(.) by extension 'colcon_meta'
[3.545s] Level 1:colcon.colcon_core.package_identification:_identify(.) by extensions ['ros']
[3.545s] Level 1:colcon.colcon_core.package_identification:_identify(.) by extension 'ros'
[3.633s] Level 1:colcon.colcon_core.package_identification:_identify(.) by extensions ['cmake', 'python']
[3.635s] Level 1:colcon.colcon_core.package_identification:_identify(.) by extension 'cmake'
[3.636s] Level 1:colcon.colcon_core.package_identification:_identify(.) by extension 'python'
[3.637s] Level 1:colcon.colcon_core.package_identification:_identify(.) by extensions ['python_setup_py']
[3.637s] Level 1:colcon.colcon_core.package_identification:_identify(.) by extension 'python_setup_py'
[3.639s] Level 1:colcon.colcon_core.package_identification:_identify(VitalLogs) by extensions ['ignore', 'ignore_ament_install']
[3.639s] Level 1:colcon.colcon_core.package_identification:_identify(VitalLogs) by extension 'ignore'
[3.640s] Level 1:colcon.colcon_core.package_identification:_identify(VitalLogs) by extension 'ignore_ament_install'
[3.641s] Level 1:colcon.colcon_core.package_identification:_identify(VitalLogs) by extensions ['colcon_pkg']
[3.641s] Level 1:colcon.colcon_core.package_identification:_identify(VitalLogs) by extension 'colcon_pkg'
[3.641s] Level 1:colcon.colcon_core.package_identification:_identify(VitalLogs) by extensions ['colcon_meta']
[3.642s] Level 1:colcon.colcon_core.package_identification:_identify(VitalLogs) by extension 'colcon_meta'
[3.642s] Level 1:colcon.colcon_core.package_identification:_identify(VitalLogs) by extensions ['ros']
[3.642s] Level 1:colcon.colcon_core.package_identification:_identify(VitalLogs) by extension 'ros'
[3.643s] Level 1:colcon.colcon_core.package_identification:_identify(VitalLogs) by extensions ['cmake', 'python']
[3.643s] Level 1:colcon.colcon_core.package_identification:_identify(VitalLogs) by extension 'cmake'
[3.644s] Level 1:colcon.colcon_core.package_identification:_identify(VitalLogs) by extension 'python'
[3.644s] Level 1:colcon.colcon_core.package_identification:_identify(VitalLogs) by extensions ['python_setup_py']
[3.644s] Level 1:colcon.colcon_core.package_identification:_identify(VitalLogs) by extension 'python_setup_py'
[3.645s] Level 1:colcon.colcon_core.package_identification:_identify(build) by extensions ['ignore', 'ignore_ament_install']
[3.646s] Level 1:colcon.colcon_core.package_identification:_identify(build) by extension 'ignore'
[3.646s] Level 1:colcon.colcon_core.package_identification:_identify(build) ignored
[3.647s] Level 1:colcon.colcon_core.package_identification:_identify(cdcl-humble-jammy-biosensors) by extensions ['ignore', 'ignore_ament_install']
[3.648s] Level 1:colcon.colcon_core.package_identification:_identify(cdcl-humble-jammy-biosensors) by extension 'ignore'
[3.648s] Level 1:colcon.colcon_core.package_identification:_identify(cdcl-humble-jammy-biosensors) by extension 'ignore_ament_install'
[3.649s] Level 1:colcon.colcon_core.package_identification:_identify(cdcl-humble-jammy-biosensors) by extensions ['colcon_pkg']
[3.649s] Level 1:colcon.colcon_core.package_identification:_identify(cdcl-humble-jammy-biosensors) by extension 'colcon_pkg'
[3.650s] Level 1:colcon.colcon_core.package_identification:_identify(cdcl-humble-jammy-biosensors) by extensions ['colcon_meta']
[3.650s] Level 1:colcon.colcon_core.package_identification:_identify(cdcl-humble-jammy-biosensors) by extension 'colcon_meta'
[3.650s] Level 1:colcon.colcon_core.package_identification:_identify(cdcl-humble-jammy-biosensors) by extensions ['ros']
[3.650s] Level 1:colcon.colcon_core.package_identification:_identify(cdcl-humble-jammy-biosensors) by extension 'ros'
[3.651s] Level 1:colcon.colcon_core.package_identification:_identify(cdcl-humble-jammy-biosensors) by extensions ['cmake', 'python']
[3.652s] Level 1:colcon.colcon_core.package_identification:_identify(cdcl-humble-jammy-biosensors) by extension 'cmake'
[3.652s] Level 1:colcon.colcon_core.package_identification:_identify(cdcl-humble-jammy-biosensors) by extension 'python'
[3.652s] Level 1:colcon.colcon_core.package_identification:_identify(cdcl-humble-jammy-biosensors) by extensions ['python_setup_py']
[3.653s] Level 1:colcon.colcon_core.package_identification:_identify(cdcl-humble-jammy-biosensors) by extension 'python_setup_py'
[3.654s] Level 1:colcon.colcon_core.package_identification:_identify(install) by extensions ['ignore', 'ignore_ament_install']
[3.654s] Level 1:colcon.colcon_core.package_identification:_identify(install) by extension 'ignore'
[3.655s] Level 1:colcon.colcon_core.package_identification:_identify(install) ignored
[3.656s] Level 1:colcon.colcon_core.package_identification:_identify(log) by extensions ['ignore', 'ignore_ament_install']
[3.656s] Level 1:colcon.colcon_core.package_identification:_identify(log) by extension 'ignore'
[3.656s] Level 1:colcon.colcon_core.package_identification:_identify(log) ignored
[3.657s] Level 1:colcon.colcon_core.package_identification:_identify(media) by extensions ['ignore', 'ignore_ament_install']
[3.658s] Level 1:colcon.colcon_core.package_identification:_identify(media) by extension 'ignore'
[3.658s] Level 1:colcon.colcon_core.package_identification:_identify(media) by extension 'ignore_ament_install'
[3.659s] Level 1:colcon.colcon_core.package_identification:_identify(media) by extensions ['colcon_pkg']
[3.659s] Level 1:colcon.colcon_core.package_identification:_identify(media) by extension 'colcon_pkg'
[3.659s] Level 1:colcon.colcon_core.package_identification:_identify(media) by extensions ['colcon_meta']
[3.660s] Level 1:colcon.colcon_core.package_identification:_identify(media) by extension 'colcon_meta'
[3.660s] Level 1:colcon.colcon_core.package_identification:_identify(media) by extensions ['ros']
[3.660s] Level 1:colcon.colcon_core.package_identification:_identify(media) by extension 'ros'
[3.661s] Level 1:colcon.colcon_core.package_identification:_identify(media) by extensions ['cmake', 'python']
[3.661s] Level 1:colcon.colcon_core.package_identification:_identify(media) by extension 'cmake'
[3.662s] Level 1:colcon.colcon_core.package_identification:_identify(media) by extension 'python'
[3.662s] Level 1:colcon.colcon_core.package_identification:_identify(media) by extensions ['python_setup_py']
[3.662s] Level 1:colcon.colcon_core.package_identification:_identify(media) by extension 'python_setup_py'
[3.663s] Level 1:colcon.colcon_core.package_identification:_identify(media/contributors) by extensions ['ignore', 'ignore_ament_install']
[3.664s] Level 1:colcon.colcon_core.package_identification:_identify(media/contributors) by extension 'ignore'
[3.664s] Level 1:colcon.colcon_core.package_identification:_identify(media/contributors) by extension 'ignore_ament_install'
[3.665s] Level 1:colcon.colcon_core.package_identification:_identify(media/contributors) by extensions ['colcon_pkg']
[3.665s] Level 1:colcon.colcon_core.package_identification:_identify(media/contributors) by extension 'colcon_pkg'
[3.665s] Level 1:colcon.colcon_core.package_identification:_identify(media/contributors) by extensions ['colcon_meta']
[3.666s] Level 1:colcon.colcon_core.package_identification:_identify(media/contributors) by extension 'colcon_meta'
[3.666s] Level 1:colcon.colcon_core.package_identification:_identify(media/contributors) by extensions ['ros']
[3.666s] Level 1:colcon.colcon_core.package_identification:_identify(media/contributors) by extension 'ros'
[3.667s] Level 1:colcon.colcon_core.package_identification:_identify(media/contributors) by extensions ['cmake', 'python']
[3.667s] Level 1:colcon.colcon_core.package_identification:_identify(media/contributors) by extension 'cmake'
[3.667s] Level 1:colcon.colcon_core.package_identification:_identify(media/contributors) by extension 'python'
[3.668s] Level 1:colcon.colcon_core.package_identification:_identify(media/contributors) by extensions ['python_setup_py']
[3.668s] Level 1:colcon.colcon_core.package_identification:_identify(media/contributors) by extension 'python_setup_py'
[3.669s] Level 1:colcon.colcon_core.package_identification:_identify(media/img) by extensions ['ignore', 'ignore_ament_install']
[3.670s] Level 1:colcon.colcon_core.package_identification:_identify(media/img) by extension 'ignore'
[3.670s] Level 1:colcon.colcon_core.package_identification:_identify(media/img) by extension 'ignore_ament_install'
[3.671s] Level 1:colcon.colcon_core.package_identification:_identify(media/img) by extensions ['colcon_pkg']
[3.671s] Level 1:colcon.colcon_core.package_identification:_identify(media/img) by extension 'colcon_pkg'
[3.672s] Level 1:colcon.colcon_core.package_identification:_identify(media/img) by extensions ['colcon_meta']
[3.672s] Level 1:colcon.colcon_core.package_identification:_identify(media/img) by extension 'colcon_meta'
[3.673s] Level 1:colcon.colcon_core.package_identification:_identify(media/img) by extensions ['ros']
[3.673s] Level 1:colcon.colcon_core.package_identification:_identify(media/img) by extension 'ros'
[3.674s] Level 1:colcon.colcon_core.package_identification:_identify(media/img) by extensions ['cmake', 'python']
[3.674s] Level 1:colcon.colcon_core.package_identification:_identify(media/img) by extension 'cmake'
[3.674s] Level 1:colcon.colcon_core.package_identification:_identify(media/img) by extension 'python'
[3.675s] Level 1:colcon.colcon_core.package_identification:_identify(media/img) by extensions ['python_setup_py']
[3.675s] Level 1:colcon.colcon_core.package_identification:_identify(media/img) by extension 'python_setup_py'
[3.676s] Level 1:colcon.colcon_core.package_identification:_identify(ros_bags) by extensions ['ignore', 'ignore_ament_install']
[3.678s] Level 1:colcon.colcon_core.package_identification:_identify(ros_bags) by extension 'ignore'
[3.678s] Level 1:colcon.colcon_core.package_identification:_identify(ros_bags) by extension 'ignore_ament_install'
[3.679s] Level 1:colcon.colcon_core.package_identification:_identify(ros_bags) by extensions ['colcon_pkg']
[3.679s] Level 1:colcon.colcon_core.package_identification:_identify(ros_bags) by extension 'colcon_pkg'
[3.680s] Level 1:colcon.colcon_core.package_identification:_identify(ros_bags) by extensions ['colcon_meta']
[3.680s] Level 1:colcon.colcon_core.package_identification:_identify(ros_bags) by extension 'colcon_meta'
[3.681s] Level 1:colcon.colcon_core.package_identification:_identify(ros_bags) by extensions ['ros']
[3.681s] Level 1:colcon.colcon_core.package_identification:_identify(ros_bags) by extension 'ros'
[3.682s] Level 1:colcon.colcon_core.package_identification:_identify(ros_bags) by extensions ['cmake', 'python']
[3.682s] Level 1:colcon.colcon_core.package_identification:_identify(ros_bags) by extension 'cmake'
[3.682s] Level 1:colcon.colcon_core.package_identification:_identify(ros_bags) by extension 'python'
[3.683s] Level 1:colcon.colcon_core.package_identification:_identify(ros_bags) by extensions ['python_setup_py']
[3.683s] Level 1:colcon.colcon_core.package_identification:_identify(ros_bags) by extension 'python_setup_py'
[3.685s] Level 1:colcon.colcon_core.package_identification:_identify(ros_bags/rosbag2_2024_07_07-15_33_06) by extensions ['ignore', 'ignore_ament_install']
[3.685s] Level 1:colcon.colcon_core.package_identification:_identify(ros_bags/rosbag2_2024_07_07-15_33_06) by extension 'ignore'
[3.686s] Level 1:colcon.colcon_core.package_identification:_identify(ros_bags/rosbag2_2024_07_07-15_33_06) by extension 'ignore_ament_install'
[3.687s] Level 1:colcon.colcon_core.package_identification:_identify(ros_bags/rosbag2_2024_07_07-15_33_06) by extensions ['colcon_pkg']
[3.687s] Level 1:colcon.colcon_core.package_identification:_identify(ros_bags/rosbag2_2024_07_07-15_33_06) by extension 'colcon_pkg'
[3.688s] Level 1:colcon.colcon_core.package_identification:_identify(ros_bags/rosbag2_2024_07_07-15_33_06) by extensions ['colcon_meta']
[3.688s] Level 1:colcon.colcon_core.package_identification:_identify(ros_bags/rosbag2_2024_07_07-15_33_06) by extension 'colcon_meta'
[3.688s] Level 1:colcon.colcon_core.package_identification:_identify(ros_bags/rosbag2_2024_07_07-15_33_06) by extensions ['ros']
[3.688s] Level 1:colcon.colcon_core.package_identification:_identify(ros_bags/rosbag2_2024_07_07-15_33_06) by extension 'ros'
[3.689s] Level 1:colcon.colcon_core.package_identification:_identify(ros_bags/rosbag2_2024_07_07-15_33_06) by extensions ['cmake', 'python']
[3.689s] Level 1:colcon.colcon_core.package_identification:_identify(ros_bags/rosbag2_2024_07_07-15_33_06) by extension 'cmake'
[3.690s] Level 1:colcon.colcon_core.package_identification:_identify(ros_bags/rosbag2_2024_07_07-15_33_06) by extension 'python'
[3.690s] Level 1:colcon.colcon_core.package_identification:_identify(ros_bags/rosbag2_2024_07_07-15_33_06) by extensions ['python_setup_py']
[3.690s] Level 1:colcon.colcon_core.package_identification:_identify(ros_bags/rosbag2_2024_07_07-15_33_06) by extension 'python_setup_py'
[3.691s] Level 1:colcon.colcon_core.package_identification:_identify(ros_bags/rosbag2_2024_07_07-15_33_53) by extensions ['ignore', 'ignore_ament_install']
[3.692s] Level 1:colcon.colcon_core.package_identification:_identify(ros_bags/rosbag2_2024_07_07-15_33_53) by extension 'ignore'
[3.692s] Level 1:colcon.colcon_core.package_identification:_identify(ros_bags/rosbag2_2024_07_07-15_33_53) by extension 'ignore_ament_install'
[3.693s] Level 1:colcon.colcon_core.package_identification:_identify(ros_bags/rosbag2_2024_07_07-15_33_53) by extensions ['colcon_pkg']
[3.693s] Level 1:colcon.colcon_core.package_identification:_identify(ros_bags/rosbag2_2024_07_07-15_33_53) by extension 'colcon_pkg'
[3.694s] Level 1:colcon.colcon_core.package_identification:_identify(ros_bags/rosbag2_2024_07_07-15_33_53) by extensions ['colcon_meta']
[3.694s] Level 1:colcon.colcon_core.package_identification:_identify(ros_bags/rosbag2_2024_07_07-15_33_53) by extension 'colcon_meta'
[3.694s] Level 1:colcon.colcon_core.package_identification:_identify(ros_bags/rosbag2_2024_07_07-15_33_53) by extensions ['ros']
[3.695s] Level 1:colcon.colcon_core.package_identification:_identify(ros_bags/rosbag2_2024_07_07-15_33_53) by extension 'ros'
[3.695s] Level 1:colcon.colcon_core.package_identification:_identify(ros_bags/rosbag2_2024_07_07-15_33_53) by extensions ['cmake', 'python']
[3.696s] Level 1:colcon.colcon_core.package_identification:_identify(ros_bags/rosbag2_2024_07_07-15_33_53) by extension 'cmake'
[3.696s] Level 1:colcon.colcon_core.package_identification:_identify(ros_bags/rosbag2_2024_07_07-15_33_53) by extension 'python'
[3.696s] Level 1:colcon.colcon_core.package_identification:_identify(ros_bags/rosbag2_2024_07_07-15_33_53) by extensions ['python_setup_py']
[3.697s] Level 1:colcon.colcon_core.package_identification:_identify(ros_bags/rosbag2_2024_07_07-15_33_53) by extension 'python_setup_py'
[3.698s] Level 1:colcon.colcon_core.package_identification:_identify(ros_bags/rosbag2_2024_07_09-14_17_19) by extensions ['ignore', 'ignore_ament_install']
[3.698s] Level 1:colcon.colcon_core.package_identification:_identify(ros_bags/rosbag2_2024_07_09-14_17_19) by extension 'ignore'
[3.699s] Level 1:colcon.colcon_core.package_identification:_identify(ros_bags/rosbag2_2024_07_09-14_17_19) by extension 'ignore_ament_install'
[3.699s] Level 1:colcon.colcon_core.package_identification:_identify(ros_bags/rosbag2_2024_07_09-14_17_19) by extensions ['colcon_pkg']
[3.700s] Level 1:colcon.colcon_core.package_identification:_identify(ros_bags/rosbag2_2024_07_09-14_17_19) by extension 'colcon_pkg'
[3.700s] Level 1:colcon.colcon_core.package_identification:_identify(ros_bags/rosbag2_2024_07_09-14_17_19) by extensions ['colcon_meta']
[3.700s] Level 1:colcon.colcon_core.package_identification:_identify(ros_bags/rosbag2_2024_07_09-14_17_19) by extension 'colcon_meta'
[3.701s] Level 1:colcon.colcon_core.package_identification:_identify(ros_bags/rosbag2_2024_07_09-14_17_19) by extensions ['ros']
[3.701s] Level 1:colcon.colcon_core.package_identification:_identify(ros_bags/rosbag2_2024_07_09-14_17_19) by extension 'ros'
[3.702s] Level 1:colcon.colcon_core.package_identification:_identify(ros_bags/rosbag2_2024_07_09-14_17_19) by extensions ['cmake', 'python']
[3.702s] Level 1:colcon.colcon_core.package_identification:_identify(ros_bags/rosbag2_2024_07_09-14_17_19) by extension 'cmake'
[3.702s] Level 1:colcon.colcon_core.package_identification:_identify(ros_bags/rosbag2_2024_07_09-14_17_19) by extension 'python'
[3.703s] Level 1:colcon.colcon_core.package_identification:_identify(ros_bags/rosbag2_2024_07_09-14_17_19) by extensions ['python_setup_py']
[3.703s] Level 1:colcon.colcon_core.package_identification:_identify(ros_bags/rosbag2_2024_07_09-14_17_19) by extension 'python_setup_py'
[3.704s] Level 1:colcon.colcon_core.package_identification:_identify(ros_bags/rosbag2_2024_07_09-14_17_33) by extensions ['ignore', 'ignore_ament_install']
[3.704s] Level 1:colcon.colcon_core.package_identification:_identify(ros_bags/rosbag2_2024_07_09-14_17_33) by extension 'ignore'
[3.705s] Level 1:colcon.colcon_core.package_identification:_identify(ros_bags/rosbag2_2024_07_09-14_17_33) by extension 'ignore_ament_install'
[3.705s] Level 1:colcon.colcon_core.package_identification:_identify(ros_bags/rosbag2_2024_07_09-14_17_33) by extensions ['colcon_pkg']
[3.706s] Level 1:colcon.colcon_core.package_identification:_identify(ros_bags/rosbag2_2024_07_09-14_17_33) by extension 'colcon_pkg'
[3.706s] Level 1:colcon.colcon_core.package_identification:_identify(ros_bags/rosbag2_2024_07_09-14_17_33) by extensions ['colcon_meta']
[3.706s] Level 1:colcon.colcon_core.package_identification:_identify(ros_bags/rosbag2_2024_07_09-14_17_33) by extension 'colcon_meta'
[3.707s] Level 1:colcon.colcon_core.package_identification:_identify(ros_bags/rosbag2_2024_07_09-14_17_33) by extensions ['ros']
[3.707s] Level 1:colcon.colcon_core.package_identification:_identify(ros_bags/rosbag2_2024_07_09-14_17_33) by extension 'ros'
[3.708s] Level 1:colcon.colcon_core.package_identification:_identify(ros_bags/rosbag2_2024_07_09-14_17_33) by extensions ['cmake', 'python']
[3.708s] Level 1:colcon.colcon_core.package_identification:_identify(ros_bags/rosbag2_2024_07_09-14_17_33) by extension 'cmake'
[3.708s] Level 1:colcon.colcon_core.package_identification:_identify(ros_bags/rosbag2_2024_07_09-14_17_33) by extension 'python'
[3.709s] Level 1:colcon.colcon_core.package_identification:_identify(ros_bags/rosbag2_2024_07_09-14_17_33) by extensions ['python_setup_py']
[3.709s] Level 1:colcon.colcon_core.package_identification:_identify(ros_bags/rosbag2_2024_07_09-14_17_33) by extension 'python_setup_py'
[3.710s] Level 1:colcon.colcon_core.package_identification:_identify(src) by extensions ['ignore', 'ignore_ament_install']
[3.711s] Level 1:colcon.colcon_core.package_identification:_identify(src) by extension 'ignore'
[3.711s] Level 1:colcon.colcon_core.package_identification:_identify(src) by extension 'ignore_ament_install'
[3.712s] Level 1:colcon.colcon_core.package_identification:_identify(src) by extensions ['colcon_pkg']
[3.712s] Level 1:colcon.colcon_core.package_identification:_identify(src) by extension 'colcon_pkg'
[3.712s] Level 1:colcon.colcon_core.package_identification:_identify(src) by extensions ['colcon_meta']
[3.712s] Level 1:colcon.colcon_core.package_identification:_identify(src) by extension 'colcon_meta'
[3.713s] Level 1:colcon.colcon_core.package_identification:_identify(src) by extensions ['ros']
[3.713s] Level 1:colcon.colcon_core.package_identification:_identify(src) by extension 'ros'
[3.714s] Level 1:colcon.colcon_core.package_identification:_identify(src) by extensions ['cmake', 'python']
[3.714s] Level 1:colcon.colcon_core.package_identification:_identify(src) by extension 'cmake'
[3.714s] Level 1:colcon.colcon_core.package_identification:_identify(src) by extension 'python'
[3.715s] Level 1:colcon.colcon_core.package_identification:_identify(src) by extensions ['python_setup_py']
[3.715s] Level 1:colcon.colcon_core.package_identification:_identify(src) by extension 'python_setup_py'
[3.716s] Level 1:colcon.colcon_core.package_identification:_identify(src/cdcl_umd_msgs) by extensions ['ignore', 'ignore_ament_install']
[3.717s] Level 1:colcon.colcon_core.package_identification:_identify(src/cdcl_umd_msgs) by extension 'ignore'
[3.717s] Level 1:colcon.colcon_core.package_identification:_identify(src/cdcl_umd_msgs) by extension 'ignore_ament_install'
[3.718s] Level 1:colcon.colcon_core.package_identification:_identify(src/cdcl_umd_msgs) by extensions ['colcon_pkg']
[3.718s] Level 1:colcon.colcon_core.package_identification:_identify(src/cdcl_umd_msgs) by extension 'colcon_pkg'
[3.718s] Level 1:colcon.colcon_core.package_identification:_identify(src/cdcl_umd_msgs) by extensions ['colcon_meta']
[3.719s] Level 1:colcon.colcon_core.package_identification:_identify(src/cdcl_umd_msgs) by extension 'colcon_meta'
[3.719s] Level 1:colcon.colcon_core.package_identification:_identify(src/cdcl_umd_msgs) by extensions ['ros']
[3.720s] Level 1:colcon.colcon_core.package_identification:_identify(src/cdcl_umd_msgs) by extension 'ros'
[3.744s] DEBUG:colcon.colcon_core.package_identification:Package 'src/cdcl_umd_msgs' with type 'ros.ament_cmake' and name 'cdcl_umd_msgs'
[3.745s] Level 1:colcon.colcon_core.package_identification:_identify(src/empatica_e4) by extensions ['ignore', 'ignore_ament_install']
[3.746s] Level 1:colcon.colcon_core.package_identification:_identify(src/empatica_e4) by extension 'ignore'
[3.746s] Level 1:colcon.colcon_core.package_identification:_identify(src/empatica_e4) by extension 'ignore_ament_install'
[3.747s] Level 1:colcon.colcon_core.package_identification:_identify(src/empatica_e4) by extensions ['colcon_pkg']
[3.747s] Level 1:colcon.colcon_core.package_identification:_identify(src/empatica_e4) by extension 'colcon_pkg'
[3.747s] Level 1:colcon.colcon_core.package_identification:_identify(src/empatica_e4) by extensions ['colcon_meta']
[3.748s] Level 1:colcon.colcon_core.package_identification:_identify(src/empatica_e4) by extension 'colcon_meta'
[3.748s] Level 1:colcon.colcon_core.package_identification:_identify(src/empatica_e4) by extensions ['ros']
[3.748s] Level 1:colcon.colcon_core.package_identification:_identify(src/empatica_e4) by extension 'ros'
[3.752s] DEBUG:colcon.colcon_core.package_identification:Package 'src/empatica_e4' with type 'ros.ament_python' and name 'empatica_e4'
[3.753s] Level 1:colcon.colcon_core.package_identification:_identify(src/manager) by extensions ['ignore', 'ignore_ament_install']
[3.754s] Level 1:colcon.colcon_core.package_identification:_identify(src/manager) by extension 'ignore'
[3.754s] Level 1:colcon.colcon_core.package_identification:_identify(src/manager) by extension 'ignore_ament_install'
[3.755s] Level 1:colcon.colcon_core.package_identification:_identify(src/manager) by extensions ['colcon_pkg']
[3.755s] Level 1:colcon.colcon_core.package_identification:_identify(src/manager) by extension 'colcon_pkg'
[3.756s] Level 1:colcon.colcon_core.package_identification:_identify(src/manager) by extensions ['colcon_meta']
[3.757s] Level 1:colcon.colcon_core.package_identification:_identify(src/manager) by extension 'colcon_meta'
[3.757s] Level 1:colcon.colcon_core.package_identification:_identify(src/manager) by extensions ['ros']
[3.757s] Level 1:colcon.colcon_core.package_identification:_identify(src/manager) by extension 'ros'
[3.763s] DEBUG:colcon.colcon_core.package_identification:Package 'src/manager' with type 'ros.ament_cmake' and name 'manager'
[3.764s] Level 1:colcon.colcon_core.package_identification:_identify(src/polar_h10) by extensions ['ignore', 'ignore_ament_install']
[3.764s] Level 1:colcon.colcon_core.package_identification:_identify(src/polar_h10) by extension 'ignore'
[3.765s] Level 1:colcon.colcon_core.package_identification:_identify(src/polar_h10) by extension 'ignore_ament_install'
[3.766s] Level 1:colcon.colcon_core.package_identification:_identify(src/polar_h10) by extensions ['colcon_pkg']
[3.766s] Level 1:colcon.colcon_core.package_identification:_identify(src/polar_h10) by extension 'colcon_pkg'
[3.766s] Level 1:colcon.colcon_core.package_identification:_identify(src/polar_h10) by extensions ['colcon_meta']
[3.767s] Level 1:colcon.colcon_core.package_identification:_identify(src/polar_h10) by extension 'colcon_meta'
[3.767s] Level 1:colcon.colcon_core.package_identification:_identify(src/polar_h10) by extensions ['ros']
[3.767s] Level 1:colcon.colcon_core.package_identification:_identify(src/polar_h10) by extension 'ros'
[3.771s] DEBUG:colcon.colcon_core.package_identification:Package 'src/polar_h10' with type 'ros.ament_python' and name 'polar_h10'
[3.772s] Level 1:colcon.colcon_core.package_identification:_identify(src/shimmer3_gsr_unit) by extensions ['ignore', 'ignore_ament_install']
[3.773s] Level 1:colcon.colcon_core.package_identification:_identify(src/shimmer3_gsr_unit) by extension 'ignore'
[3.773s] Level 1:colcon.colcon_core.package_identification:_identify(src/shimmer3_gsr_unit) by extension 'ignore_ament_install'
[3.774s] Level 1:colcon.colcon_core.package_identification:_identify(src/shimmer3_gsr_unit) by extensions ['colcon_pkg']
[3.774s] Level 1:colcon.colcon_core.package_identification:_identify(src/shimmer3_gsr_unit) by extension 'colcon_pkg'
[3.774s] Level 1:colcon.colcon_core.package_identification:_identify(src/shimmer3_gsr_unit) by extensions ['colcon_meta']
[3.775s] Level 1:colcon.colcon_core.package_identification:_identify(src/shimmer3_gsr_unit) by extension 'colcon_meta'
[3.775s] Level 1:colcon.colcon_core.package_identification:_identify(src/shimmer3_gsr_unit) by extensions ['ros']
[3.775s] Level 1:colcon.colcon_core.package_identification:_identify(src/shimmer3_gsr_unit) by extension 'ros'
[3.787s] DEBUG:colcon.colcon_core.package_identification:Package 'src/shimmer3_gsr_unit' with type 'ros.ament_python' and name 'shimmer3_gsr_unit'
[3.788s] Level 1:colcon.colcon_core.package_identification:_identify(src/vernier_respiration_belt) by extensions ['ignore', 'ignore_ament_install']
[3.789s] Level 1:colcon.colcon_core.package_identification:_identify(src/vernier_respiration_belt) by extension 'ignore'
[3.790s] Level 1:colcon.colcon_core.package_identification:_identify(src/vernier_respiration_belt) by extension 'ignore_ament_install'
[3.790s] Level 1:colcon.colcon_core.package_identification:_identify(src/vernier_respiration_belt) by extensions ['colcon_pkg']
[3.791s] Level 1:colcon.colcon_core.package_identification:_identify(src/vernier_respiration_belt) by extension 'colcon_pkg'
[3.791s] Level 1:colcon.colcon_core.package_identification:_identify(src/vernier_respiration_belt) by extensions ['colcon_meta']
[3.792s] Level 1:colcon.colcon_core.package_identification:_identify(src/vernier_respiration_belt) by extension 'colcon_meta'
[3.792s] Level 1:colcon.colcon_core.package_identification:_identify(src/vernier_respiration_belt) by extensions ['ros']
[3.792s] Level 1:colcon.colcon_core.package_identification:_identify(src/vernier_respiration_belt) by extension 'ros'
[3.796s] DEBUG:colcon.colcon_core.package_identification:Package 'src/vernier_respiration_belt' with type 'ros.ament_python' and name 'vernier_respiration_belt'
[3.797s] Level 1:colcon.colcon_core.package_identification:_identify(util_scripts) by extensions ['ignore', 'ignore_ament_install']
[3.798s] Level 1:colcon.colcon_core.package_identification:_identify(util_scripts) by extension 'ignore'
[3.799s] Level 1:colcon.colcon_core.package_identification:_identify(util_scripts) by extension 'ignore_ament_install'
[3.799s] Level 1:colcon.colcon_core.package_identification:_identify(util_scripts) by extensions ['colcon_pkg']
[3.799s] Level 1:colcon.colcon_core.package_identification:_identify(util_scripts) by extension 'colcon_pkg'
[3.800s] Level 1:colcon.colcon_core.package_identification:_identify(util_scripts) by extensions ['colcon_meta']
[3.800s] Level 1:colcon.colcon_core.package_identification:_identify(util_scripts) by extension 'colcon_meta'
[3.800s] Level 1:colcon.colcon_core.package_identification:_identify(util_scripts) by extensions ['ros']
[3.801s] Level 1:colcon.colcon_core.package_identification:_identify(util_scripts) by extension 'ros'
[3.801s] Level 1:colcon.colcon_core.package_identification:_identify(util_scripts) by extensions ['cmake', 'python']
[3.802s] Level 1:colcon.colcon_core.package_identification:_identify(util_scripts) by extension 'cmake'
[3.802s] Level 1:colcon.colcon_core.package_identification:_identify(util_scripts) by extension 'python'
[3.802s] Level 1:colcon.colcon_core.package_identification:_identify(util_scripts) by extensions ['python_setup_py']
[3.803s] Level 1:colcon.colcon_core.package_identification:_identify(util_scripts) by extension 'python_setup_py'
[3.803s] Level 1:colcon.colcon_core.package_discovery:discover_packages(recursive) using defaults
[3.804s] Level 1:colcon.colcon_core.package_discovery:discover_packages(ignore) discover
[3.804s] Level 1:colcon.colcon_core.package_discovery:discover_packages(ignore) using defaults
[3.804s] Level 1:colcon.colcon_core.package_discovery:discover_packages(path) discover
[3.804s] Level 1:colcon.colcon_core.package_discovery:discover_packages(path) using defaults
[4.034s] INFO:colcon.colcon_core.package_selection:Skipping not selected package 'cdcl_umd_msgs' in 'src/cdcl_umd_msgs'
[4.035s] INFO:colcon.colcon_core.package_selection:Skipping not selected package 'empatica_e4' in 'src/empatica_e4'
[4.035s] INFO:colcon.colcon_core.package_selection:Skipping not selected package 'shimmer3_gsr_unit' in 'src/shimmer3_gsr_unit'
[4.035s] INFO:colcon.colcon_core.package_selection:Skipping not selected package 'polar_h10' in 'src/polar_h10'
[4.035s] INFO:colcon.colcon_core.package_selection:Skipping not selected package 'vernier_respiration_belt' in 'src/vernier_respiration_belt'
[4.039s] Level 1:colcon.colcon_core.package_discovery:discover_packages(prefix_path) check parameters
[4.039s] Level 1:colcon.colcon_core.package_discovery:discover_packages(prefix_path) discover
[4.071s] DEBUG:colcon.colcon_installed_package_information.package_discovery:Found 18 installed packages in /home/jj/wearable-biosensors-ros2/install
[4.083s] DEBUG:colcon.colcon_installed_package_information.package_discovery:Found 270 installed packages in /opt/ros/humble
[4.094s] Level 1:colcon.colcon_core.package_discovery:discover_packages(prefix_path) using defaults
[4.440s] Level 5:colcon.colcon_core.verb:set package 'manager' build argument 'cmake_args' from command line to 'None'
[4.440s] Level 5:colcon.colcon_core.verb:set package 'manager' build argument 'cmake_target' from command line to 'None'
[4.441s] Level 5:colcon.colcon_core.verb:set package 'manager' build argument 'cmake_target_skip_unavailable' from command line to 'False'
[4.441s] Level 5:colcon.colcon_core.verb:set package 'manager' build argument 'cmake_clean_cache' from command line to 'False'
[4.441s] Level 5:colcon.colcon_core.verb:set package 'manager' build argument 'cmake_clean_first' from command line to 'False'
[4.441s] Level 5:colcon.colcon_core.verb:set package 'manager' build argument 'cmake_force_configure' from command line to 'False'
[4.441s] Level 5:colcon.colcon_core.verb:set package 'manager' build argument 'ament_cmake_args' from command line to 'None'
[4.441s] Level 5:colcon.colcon_core.verb:set package 'manager' build argument 'catkin_cmake_args' from command line to 'None'
[4.442s] Level 5:colcon.colcon_core.verb:set package 'manager' build argument 'catkin_skip_building_tests' from command line to 'False'
[4.442s] DEBUG:colcon.colcon_core.verb:Building package 'manager' with the following arguments: {'ament_cmake_args': None, 'build_base': '/home/jj/wearable-biosensors-ros2/build/manager', 'catkin_cmake_args': None, 'catkin_skip_building_tests': False, 'cmake_args': None, 'cmake_clean_cache': False, 'cmake_clean_first': False, 'cmake_force_configure': False, 'cmake_target': None, 'cmake_target_skip_unavailable': False, 'install_base': '/home/jj/wearable-biosensors-ros2/install/manager', 'merge_install': False, 'path': '/home/jj/wearable-biosensors-ros2/src/manager', 'symlink_install': False, 'test_result_base': None}
[4.443s] INFO:colcon.colcon_core.executor:Executing jobs using 'parallel' executor
[4.447s] DEBUG:colcon.colcon_parallel_executor.executor.parallel:run_until_complete
[4.449s] INFO:colcon.colcon_ros.task.ament_cmake.build:Building ROS package in '/home/jj/wearable-biosensors-ros2/src/manager' with build type 'ament_cmake'
[4.450s] INFO:colcon.colcon_cmake.task.cmake.build:Building CMake package in '/home/jj/wearable-biosensors-ros2/src/manager'
[4.485s] INFO:colcon.colcon_core.plugin_system:Skipping extension 'colcon_core.shell.bat': Not used on non-Windows systems
[4.486s] INFO:colcon.colcon_core.shell:Skip shell extension 'powershell' for command environment: Not usable outside of PowerShell
[4.487s] DEBUG:colcon.colcon_core.shell:Skip shell extension 'dsv' for command environment
[4.674s] DEBUG:colcon.colcon_core.event_handler.log_command:Invoking command in '/home/jj/wearable-biosensors-ros2/build/manager': AMENT_PREFIX_PATH=/home/jj/wearable-biosensors-ros2/install/vernier_respiration_belt:/home/jj/wearable-biosensors-ros2/install/polar_h10:/home/jj/wearable-biosensors-ros2/install/rosbag2_storage_mcap:/home/jj/wearable-biosensors-ros2/install/mcap_vendor:/home/jj/wearable-biosensors-ros2/install/zstd_vendor:/home/jj/wearable-biosensors-ros2/install/manager:/home/jj/wearable-biosensors-ros2/install/rosbag2_storage_default_plugins:/home/jj/wearable-biosensors-ros2/install/sqlite3_vendor:/home/jj/wearable-biosensors-ros2/install/shimmer3_gsr_unit:/home/jj/wearable-biosensors-ros2/install/shared_queues_vendor:/home/jj/wearable-biosensors-ros2/install/rosbag2_test_common:/home/jj/wearable-biosensors-ros2/install/rosbag2_storage_mcap_testdata:/home/jj/wearable-biosensors-ros2/install/rosbag2_storage:/home/jj/wearable-biosensors-ros2/install/rosbag2_interfaces:/home/jj/wearable-biosensors-ros2/install/empatica_e4:/home/jj/wearable-biosensors-ros2/install/emotiv_insight:/home/jj/wearable-biosensors-ros2/install/cdcl_umd_msgs:/opt/ros/humble CMAKE_PREFIX_PATH=/home/jj/wearable-biosensors-ros2/install/cdcl_umd_msgs:/home/jj/wearable-biosensors-ros2/install/rosbag2_storage_mcap:/home/jj/wearable-biosensors-ros2/install/mcap_vendor:/home/jj/wearable-biosensors-ros2/install/zstd_vendor:/home/jj/wearable-biosensors-ros2/install/manager:/home/jj/wearable-biosensors-ros2/install/rosbag2_storage_default_plugins:/home/jj/wearable-biosensors-ros2/install/sqlite3_vendor:/home/jj/wearable-biosensors-ros2/install/shared_queues_vendor:/home/jj/wearable-biosensors-ros2/install/rosbag2_test_common:/home/jj/wearable-biosensors-ros2/install/rosbag2_storage_mcap_testdata:/home/jj/wearable-biosensors-ros2/install/rosbag2_storage:/home/jj/wearable-biosensors-ros2/install/rosbag2_interfaces:/home/jj/wearable-biosensors-ros2/install/vernier_respiration_belt:/home/jj/wearable-biosensors-ros2/install/shimmer3_gsr_unit:/home/jj/wearable-biosensors-ros2/install/polar_h10:/home/jj/wearable-biosensors-ros2/install/empatica_e4:/home/jj/wearable-biosensors-ros2/install/emotiv_insight:/opt/ros/humble LD_LIBRARY_PATH=/home/jj/wearable-biosensors-ros2/install/cdcl_umd_msgs/lib:/home/jj/wearable-biosensors-ros2/install/rosbag2_storage_mcap/lib:/home/jj/wearable-biosensors-ros2/install/mcap_vendor/lib:/home/jj/wearable-biosensors-ros2/install/rosbag2_storage_default_plugins/lib:/home/jj/wearable-biosensors-ros2/install/rosbag2_storage_mcap_testdata/lib:/home/jj/wearable-biosensors-ros2/install/rosbag2_storage/lib:/home/jj/wearable-biosensors-ros2/install/rosbag2_interfaces/lib:/opt/ros/humble/opt/rviz_ogre_vendor/lib:/opt/ros/humble/lib/aarch64-linux-gnu:/opt/ros/humble/lib PYTHONPATH=/home/jj/wearable-biosensors-ros2/install/vernier_respiration_belt/lib/python3.10/site-packages:/home/jj/wearable-biosensors-ros2/install/polar_h10/lib/python3.10/site-packages:/home/jj/wearable-biosensors-ros2/install/manager/local/lib/python3.10/dist-packages:/home/jj/wearable-biosensors-ros2/install/shimmer3_gsr_unit/lib/python3.10/site-packages:/home/jj/wearable-biosensors-ros2/install/rosbag2_storage_mcap_testdata/local/lib/python3.10/dist-packages:/home/jj/wearable-biosensors-ros2/install/rosbag2_interfaces/local/lib/python3.10/dist-packages:/home/jj/wearable-biosensors-ros2/install/empatica_e4/lib/python3.10/site-packages:/home/jj/wearable-biosensors-ros2/install/emotiv_insight/lib/python3.10/site-packages:/home/jj/wearable-biosensors-ros2/install/cdcl_umd_msgs/local/lib/python3.10/dist-packages:/opt/ros/humble/lib/python3.10/site-packages:/opt/ros/humble/local/lib/python3.10/dist-packages /usr/bin/cmake --build /home/jj/wearable-biosensors-ros2/build/manager -- -j4 -l4
[8.032s] DEBUG:colcon.colcon_core.event_handler.log_command:Invoked command in '/home/jj/wearable-biosensors-ros2/build/manager' returned '0': AMENT_PREFIX_PATH=/home/jj/wearable-biosensors-ros2/install/vernier_respiration_belt:/home/jj/wearable-biosensors-ros2/install/polar_h10:/home/jj/wearable-biosensors-ros2/install/rosbag2_storage_mcap:/home/jj/wearable-biosensors-ros2/install/mcap_vendor:/home/jj/wearable-biosensors-ros2/install/zstd_vendor:/home/jj/wearable-biosensors-ros2/install/manager:/home/jj/wearable-biosensors-ros2/install/rosbag2_storage_default_plugins:/home/jj/wearable-biosensors-ros2/install/sqlite3_vendor:/home/jj/wearable-biosensors-ros2/install/shimmer3_gsr_unit:/home/jj/wearable-biosensors-ros2/install/shared_queues_vendor:/home/jj/wearable-biosensors-ros2/install/rosbag2_test_common:/home/jj/wearable-biosensors-ros2/install/rosbag2_storage_mcap_testdata:/home/jj/wearable-biosensors-ros2/install/rosbag2_storage:/home/jj/wearable-biosensors-ros2/install/rosbag2_interfaces:/home/jj/wearable-biosensors-ros2/install/empatica_e4:/home/jj/wearable-biosensors-ros2/install/emotiv_insight:/home/jj/wearable-biosensors-ros2/install/cdcl_umd_msgs:/opt/ros/humble CMAKE_PREFIX_PATH=/home/jj/wearable-biosensors-ros2/install/cdcl_umd_msgs:/home/jj/wearable-biosensors-ros2/install/rosbag2_storage_mcap:/home/jj/wearable-biosensors-ros2/install/mcap_vendor:/home/jj/wearable-biosensors-ros2/install/zstd_vendor:/home/jj/wearable-biosensors-ros2/install/manager:/home/jj/wearable-biosensors-ros2/install/rosbag2_storage_default_plugins:/home/jj/wearable-biosensors-ros2/install/sqlite3_vendor:/home/jj/wearable-biosensors-ros2/install/shared_queues_vendor:/home/jj/wearable-biosensors-ros2/install/rosbag2_test_common:/home/jj/wearable-biosensors-ros2/install/rosbag2_storage_mcap_testdata:/home/jj/wearable-biosensors-ros2/install/rosbag2_storage:/home/jj/wearable-biosensors-ros2/install/rosbag2_interfaces:/home/jj/wearable-biosensors-ros2/install/vernier_respiration_belt:/home/jj/wearable-biosensors-ros2/install/shimmer3_gsr_unit:/home/jj/wearable-biosensors-ros2/install/polar_h10:/home/jj/wearable-biosensors-ros2/install/empatica_e4:/home/jj/wearable-biosensors-ros2/install/emotiv_insight:/opt/ros/humble LD_LIBRARY_PATH=/home/jj/wearable-biosensors-ros2/install/cdcl_umd_msgs/lib:/home/jj/wearable-biosensors-ros2/install/rosbag2_storage_mcap/lib:/home/jj/wearable-biosensors-ros2/install/mcap_vendor/lib:/home/jj/wearable-biosensors-ros2/install/rosbag2_storage_default_plugins/lib:/home/jj/wearable-biosensors-ros2/install/rosbag2_storage_mcap_testdata/lib:/home/jj/wearable-biosensors-ros2/install/rosbag2_storage/lib:/home/jj/wearable-biosensors-ros2/install/rosbag2_interfaces/lib:/opt/ros/humble/opt/rviz_ogre_vendor/lib:/opt/ros/humble/lib/aarch64-linux-gnu:/opt/ros/humble/lib PYTHONPATH=/home/jj/wearable-biosensors-ros2/install/vernier_respiration_belt/lib/python3.10/site-packages:/home/jj/wearable-biosensors-ros2/install/polar_h10/lib/python3.10/site-packages:/home/jj/wearable-biosensors-ros2/install/manager/local/lib/python3.10/dist-packages:/home/jj/wearable-biosensors-ros2/install/shimmer3_gsr_unit/lib/python3.10/site-packages:/home/jj/wearable-biosensors-ros2/install/rosbag2_storage_mcap_testdata/local/lib/python3.10/dist-packages:/home/jj/wearable-biosensors-ros2/install/rosbag2_interfaces/local/lib/python3.10/dist-packages:/home/jj/wearable-biosensors-ros2/install/empatica_e4/lib/python3.10/site-packages:/home/jj/wearable-biosensors-ros2/install/emotiv_insight/lib/python3.10/site-packages:/home/jj/wearable-biosensors-ros2/install/cdcl_umd_msgs/local/lib/python3.10/dist-packages:/opt/ros/humble/lib/python3.10/site-packages:/opt/ros/humble/local/lib/python3.10/dist-packages /usr/bin/cmake --build /home/jj/wearable-biosensors-ros2/build/manager -- -j4 -l4
[8.318s] DEBUG:colcon.colcon_core.event_handler.log_command:Invoking command in '/home/jj/wearable-biosensors-ros2/build/manager': AMENT_PREFIX_PATH=/home/jj/wearable-biosensors-ros2/install/vernier_respiration_belt:/home/jj/wearable-biosensors-ros2/install/polar_h10:/home/jj/wearable-biosensors-ros2/install/rosbag2_storage_mcap:/home/jj/wearable-biosensors-ros2/install/mcap_vendor:/home/jj/wearable-biosensors-ros2/install/zstd_vendor:/home/jj/wearable-biosensors-ros2/install/manager:/home/jj/wearable-biosensors-ros2/install/rosbag2_storage_default_plugins:/home/jj/wearable-biosensors-ros2/install/sqlite3_vendor:/home/jj/wearable-biosensors-ros2/install/shimmer3_gsr_unit:/home/jj/wearable-biosensors-ros2/install/shared_queues_vendor:/home/jj/wearable-biosensors-ros2/install/rosbag2_test_common:/home/jj/wearable-biosensors-ros2/install/rosbag2_storage_mcap_testdata:/home/jj/wearable-biosensors-ros2/install/rosbag2_storage:/home/jj/wearable-biosensors-ros2/install/rosbag2_interfaces:/home/jj/wearable-biosensors-ros2/install/empatica_e4:/home/jj/wearable-biosensors-ros2/install/emotiv_insight:/home/jj/wearable-biosensors-ros2/install/cdcl_umd_msgs:/opt/ros/humble CMAKE_PREFIX_PATH=/home/jj/wearable-biosensors-ros2/install/cdcl_umd_msgs:/home/jj/wearable-biosensors-ros2/install/rosbag2_storage_mcap:/home/jj/wearable-biosensors-ros2/install/mcap_vendor:/home/jj/wearable-biosensors-ros2/install/zstd_vendor:/home/jj/wearable-biosensors-ros2/install/manager:/home/jj/wearable-biosensors-ros2/install/rosbag2_storage_default_plugins:/home/jj/wearable-biosensors-ros2/install/sqlite3_vendor:/home/jj/wearable-biosensors-ros2/install/shared_queues_vendor:/home/jj/wearable-biosensors-ros2/install/rosbag2_test_common:/home/jj/wearable-biosensors-ros2/install/rosbag2_storage_mcap_testdata:/home/jj/wearable-biosensors-ros2/install/rosbag2_storage:/home/jj/wearable-biosensors-ros2/install/rosbag2_interfaces:/home/jj/wearable-biosensors-ros2/install/vernier_respiration_belt:/home/jj/wearable-biosensors-ros2/install/shimmer3_gsr_unit:/home/jj/wearable-biosensors-ros2/install/polar_h10:/home/jj/wearable-biosensors-ros2/install/empatica_e4:/home/jj/wearable-biosensors-ros2/install/emotiv_insight:/opt/ros/humble LD_LIBRARY_PATH=/home/jj/wearable-biosensors-ros2/install/cdcl_umd_msgs/lib:/home/jj/wearable-biosensors-ros2/install/rosbag2_storage_mcap/lib:/home/jj/wearable-biosensors-ros2/install/mcap_vendor/lib:/home/jj/wearable-biosensors-ros2/install/rosbag2_storage_default_plugins/lib:/home/jj/wearable-biosensors-ros2/install/rosbag2_storage_mcap_testdata/lib:/home/jj/wearable-biosensors-ros2/install/rosbag2_storage/lib:/home/jj/wearable-biosensors-ros2/install/rosbag2_interfaces/lib:/opt/ros/humble/opt/rviz_ogre_vendor/lib:/opt/ros/humble/lib/aarch64-linux-gnu:/opt/ros/humble/lib PYTHONPATH=/home/jj/wearable-biosensors-ros2/install/vernier_respiration_belt/lib/python3.10/site-packages:/home/jj/wearable-biosensors-ros2/install/polar_h10/lib/python3.10/site-packages:/home/jj/wearable-biosensors-ros2/install/manager/local/lib/python3.10/dist-packages:/home/jj/wearable-biosensors-ros2/install/shimmer3_gsr_unit/lib/python3.10/site-packages:/home/jj/wearable-biosensors-ros2/install/rosbag2_storage_mcap_testdata/local/lib/python3.10/dist-packages:/home/jj/wearable-biosensors-ros2/install/rosbag2_interfaces/local/lib/python3.10/dist-packages:/home/jj/wearable-biosensors-ros2/install/empatica_e4/lib/python3.10/site-packages:/home/jj/wearable-biosensors-ros2/install/emotiv_insight/lib/python3.10/site-packages:/home/jj/wearable-biosensors-ros2/install/cdcl_umd_msgs/local/lib/python3.10/dist-packages:/opt/ros/humble/lib/python3.10/site-packages:/opt/ros/humble/local/lib/python3.10/dist-packages /usr/bin/cmake --install /home/jj/wearable-biosensors-ros2/build/manager
[8.746s] Level 1:colcon.colcon_core.environment:create_environment_scripts_only(manager)
[8.751s] DEBUG:colcon.colcon_core.event_handler.log_command:Invoked command in '/home/jj/wearable-biosensors-ros2/build/manager' returned '0': AMENT_PREFIX_PATH=/home/jj/wearable-biosensors-ros2/install/vernier_respiration_belt:/home/jj/wearable-biosensors-ros2/install/polar_h10:/home/jj/wearable-biosensors-ros2/install/rosbag2_storage_mcap:/home/jj/wearable-biosensors-ros2/install/mcap_vendor:/home/jj/wearable-biosensors-ros2/install/zstd_vendor:/home/jj/wearable-biosensors-ros2/install/manager:/home/jj/wearable-biosensors-ros2/install/rosbag2_storage_default_plugins:/home/jj/wearable-biosensors-ros2/install/sqlite3_vendor:/home/jj/wearable-biosensors-ros2/install/shimmer3_gsr_unit:/home/jj/wearable-biosensors-ros2/install/shared_queues_vendor:/home/jj/wearable-biosensors-ros2/install/rosbag2_test_common:/home/jj/wearable-biosensors-ros2/install/rosbag2_storage_mcap_testdata:/home/jj/wearable-biosensors-ros2/install/rosbag2_storage:/home/jj/wearable-biosensors-ros2/install/rosbag2_interfaces:/home/jj/wearable-biosensors-ros2/install/empatica_e4:/home/jj/wearable-biosensors-ros2/install/emotiv_insight:/home/jj/wearable-biosensors-ros2/install/cdcl_umd_msgs:/opt/ros/humble CMAKE_PREFIX_PATH=/home/jj/wearable-biosensors-ros2/install/cdcl_umd_msgs:/home/jj/wearable-biosensors-ros2/install/rosbag2_storage_mcap:/home/jj/wearable-biosensors-ros2/install/mcap_vendor:/home/jj/wearable-biosensors-ros2/install/zstd_vendor:/home/jj/wearable-biosensors-ros2/install/manager:/home/jj/wearable-biosensors-ros2/install/rosbag2_storage_default_plugins:/home/jj/wearable-biosensors-ros2/install/sqlite3_vendor:/home/jj/wearable-biosensors-ros2/install/shared_queues_vendor:/home/jj/wearable-biosensors-ros2/install/rosbag2_test_common:/home/jj/wearable-biosensors-ros2/install/rosbag2_storage_mcap_testdata:/home/jj/wearable-biosensors-ros2/install/rosbag2_storage:/home/jj/wearable-biosensors-ros2/install/rosbag2_interfaces:/home/jj/wearable-biosensors-ros2/install/vernier_respiration_belt:/home/jj/wearable-biosensors-ros2/install/shimmer3_gsr_unit:/home/jj/wearable-biosensors-ros2/install/polar_h10:/home/jj/wearable-biosensors-ros2/install/empatica_e4:/home/jj/wearable-biosensors-ros2/install/emotiv_insight:/opt/ros/humble LD_LIBRARY_PATH=/home/jj/wearable-biosensors-ros2/install/cdcl_umd_msgs/lib:/home/jj/wearable-biosensors-ros2/install/rosbag2_storage_mcap/lib:/home/jj/wearable-biosensors-ros2/install/mcap_vendor/lib:/home/jj/wearable-biosensors-ros2/install/rosbag2_storage_default_plugins/lib:/home/jj/wearable-biosensors-ros2/install/rosbag2_storage_mcap_testdata/lib:/home/jj/wearable-biosensors-ros2/install/rosbag2_storage/lib:/home/jj/wearable-biosensors-ros2/install/rosbag2_interfaces/lib:/opt/ros/humble/opt/rviz_ogre_vendor/lib:/opt/ros/humble/lib/aarch64-linux-gnu:/opt/ros/humble/lib PYTHONPATH=/home/jj/wearable-biosensors-ros2/install/vernier_respiration_belt/lib/python3.10/site-packages:/home/jj/wearable-biosensors-ros2/install/polar_h10/lib/python3.10/site-packages:/home/jj/wearable-biosensors-ros2/install/manager/local/lib/python3.10/dist-packages:/home/jj/wearable-biosensors-ros2/install/shimmer3_gsr_unit/lib/python3.10/site-packages:/home/jj/wearable-biosensors-ros2/install/rosbag2_storage_mcap_testdata/local/lib/python3.10/dist-packages:/home/jj/wearable-biosensors-ros2/install/rosbag2_interfaces/local/lib/python3.10/dist-packages:/home/jj/wearable-biosensors-ros2/install/empatica_e4/lib/python3.10/site-packages:/home/jj/wearable-biosensors-ros2/install/emotiv_insight/lib/python3.10/site-packages:/home/jj/wearable-biosensors-ros2/install/cdcl_umd_msgs/local/lib/python3.10/dist-packages:/opt/ros/humble/lib/python3.10/site-packages:/opt/ros/humble/local/lib/python3.10/dist-packages /usr/bin/cmake --install /home/jj/wearable-biosensors-ros2/build/manager
[8.783s] Level 1:colcon.colcon_core.environment:checking '/home/jj/wearable-biosensors-ros2/install/manager' for CMake module files
[8.788s] Level 1:colcon.colcon_core.environment:checking '/home/jj/wearable-biosensors-ros2/install/manager' for CMake config files
[8.791s] Level 1:colcon.colcon_core.shell:create_environment_hook('manager', 'cmake_prefix_path')
[8.792s] INFO:colcon.colcon_core.shell:Creating environment hook '/home/jj/wearable-biosensors-ros2/install/manager/share/manager/hook/cmake_prefix_path.ps1'
[8.798s] INFO:colcon.colcon_core.shell:Creating environment descriptor '/home/jj/wearable-biosensors-ros2/install/manager/share/manager/hook/cmake_prefix_path.dsv'
[8.805s] INFO:colcon.colcon_core.shell:Creating environment hook '/home/jj/wearable-biosensors-ros2/install/manager/share/manager/hook/cmake_prefix_path.sh'
[8.812s] Level 1:colcon.colcon_core.environment:checking '/home/jj/wearable-biosensors-ros2/install/manager/lib'
[8.813s] Level 1:colcon.colcon_core.environment:checking '/home/jj/wearable-biosensors-ros2/install/manager/bin'
[8.814s] Level 1:colcon.colcon_core.environment:checking '/home/jj/wearable-biosensors-ros2/install/manager/lib/pkgconfig/manager.pc'
[8.815s] Level 1:colcon.colcon_core.environment:checking '/home/jj/wearable-biosensors-ros2/install/manager/lib/python3.10/site-packages'
[8.821s] Level 1:colcon.colcon_core.environment:checking '/home/jj/wearable-biosensors-ros2/install/manager/bin'
[8.830s] INFO:colcon.colcon_core.shell:Creating package script '/home/jj/wearable-biosensors-ros2/install/manager/share/manager/package.ps1'
[8.836s] INFO:colcon.colcon_core.shell:Creating package descriptor '/home/jj/wearable-biosensors-ros2/install/manager/share/manager/package.dsv'
[8.841s] INFO:colcon.colcon_core.shell:Creating package script '/home/jj/wearable-biosensors-ros2/install/manager/share/manager/package.sh'
[8.847s] INFO:colcon.colcon_core.shell:Creating package script '/home/jj/wearable-biosensors-ros2/install/manager/share/manager/package.bash'
[8.854s] INFO:colcon.colcon_core.shell:Creating package script '/home/jj/wearable-biosensors-ros2/install/manager/share/manager/package.zsh'
[8.860s] Level 1:colcon.colcon_core.environment:create_file_with_runtime_dependencies(/home/jj/wearable-biosensors-ros2/install/manager/share/colcon-core/packages/manager)
[9.118s] Level 1:colcon.colcon_core.environment:create_environment_scripts_only(manager)
[9.120s] Level 1:colcon.colcon_core.environment:checking '/home/jj/wearable-biosensors-ros2/install/manager' for CMake module files
[9.124s] Level 1:colcon.colcon_core.environment:checking '/home/jj/wearable-biosensors-ros2/install/manager' for CMake config files
[9.129s] Level 1:colcon.colcon_core.shell:create_environment_hook('manager', 'cmake_prefix_path')
[9.131s] INFO:colcon.colcon_core.shell:Creating environment hook '/home/jj/wearable-biosensors-ros2/install/manager/share/manager/hook/cmake_prefix_path.ps1'
[9.136s] INFO:colcon.colcon_core.shell:Creating environment descriptor '/home/jj/wearable-biosensors-ros2/install/manager/share/manager/hook/cmake_prefix_path.dsv'
[9.139s] INFO:colcon.colcon_core.shell:Creating environment hook '/home/jj/wearable-biosensors-ros2/install/manager/share/manager/hook/cmake_prefix_path.sh'
[9.144s] Level 1:colcon.colcon_core.environment:checking '/home/jj/wearable-biosensors-ros2/install/manager/lib'
[9.145s] Level 1:colcon.colcon_core.environment:checking '/home/jj/wearable-biosensors-ros2/install/manager/bin'
[9.145s] Level 1:colcon.colcon_core.environment:checking '/home/jj/wearable-biosensors-ros2/install/manager/lib/pkgconfig/manager.pc'
[9.148s] Level 1:colcon.colcon_core.environment:checking '/home/jj/wearable-biosensors-ros2/install/manager/lib/python3.10/site-packages'
[9.150s] Level 1:colcon.colcon_core.environment:checking '/home/jj/wearable-biosensors-ros2/install/manager/bin'
[9.152s] INFO:colcon.colcon_core.shell:Creating package script '/home/jj/wearable-biosensors-ros2/install/manager/share/manager/package.ps1'
[9.157s] INFO:colcon.colcon_core.shell:Creating package descriptor '/home/jj/wearable-biosensors-ros2/install/manager/share/manager/package.dsv'
[9.161s] INFO:colcon.colcon_core.shell:Creating package script '/home/jj/wearable-biosensors-ros2/install/manager/share/manager/package.sh'
[9.165s] INFO:colcon.colcon_core.shell:Creating package script '/home/jj/wearable-biosensors-ros2/install/manager/share/manager/package.bash'
[9.170s] INFO:colcon.colcon_core.shell:Creating package script '/home/jj/wearable-biosensors-ros2/install/manager/share/manager/package.zsh'
[9.174s] Level 1:colcon.colcon_core.environment:create_file_with_runtime_dependencies(/home/jj/wearable-biosensors-ros2/install/manager/share/colcon-core/packages/manager)
[9.180s] DEBUG:colcon.colcon_parallel_executor.executor.parallel:closing loop
[9.182s] DEBUG:colcon.colcon_parallel_executor.executor.parallel:loop closed
[9.182s] DEBUG:colcon.colcon_parallel_executor.executor.parallel:run_until_complete finished with '0'
[9.186s] DEBUG:colcon.colcon_core.event_reactor:joining thread
[9.290s] INFO:colcon.colcon_core.plugin_system:Skipping extension 'colcon_notification.desktop_notification.terminal_notifier': Not used on non-Darwin systems
[9.291s] INFO:colcon.colcon_core.plugin_system:Skipping extension 'colcon_notification.desktop_notification.win32': Not used on non-Windows systems
[9.291s] INFO:colcon.colcon_notification.desktop_notification:Sending desktop notification using 'notify2'
[9.618s] DEBUG:colcon.colcon_core.event_reactor:joined thread
[9.619s] INFO:colcon.colcon_core.shell:Creating prefix script '/home/jj/wearable-biosensors-ros2/install/local_setup.ps1'
[9.627s] INFO:colcon.colcon_core.shell:Creating prefix util module '/home/jj/wearable-biosensors-ros2/install/_local_setup_util_ps1.py'
[9.637s] INFO:colcon.colcon_core.shell:Creating prefix chain script '/home/jj/wearable-biosensors-ros2/install/setup.ps1'
[9.656s] INFO:colcon.colcon_core.shell:Creating prefix script '/home/jj/wearable-biosensors-ros2/install/local_setup.sh'
[9.663s] INFO:colcon.colcon_core.shell:Creating prefix util module '/home/jj/wearable-biosensors-ros2/install/_local_setup_util_sh.py'
[9.669s] INFO:colcon.colcon_core.shell:Creating prefix chain script '/home/jj/wearable-biosensors-ros2/install/setup.sh'
[9.693s] INFO:colcon.colcon_core.shell:Creating prefix script '/home/jj/wearable-biosensors-ros2/install/local_setup.bash'
[9.708s] INFO:colcon.colcon_core.shell:Creating prefix chain script '/home/jj/wearable-biosensors-ros2/install/setup.bash'
[9.741s] INFO:colcon.colcon_core.shell:Creating prefix script '/home/jj/wearable-biosensors-ros2/install/local_setup.zsh'
[9.752s] INFO:colcon.colcon_core.shell:Creating prefix chain script '/home/jj/wearable-biosensors-ros2/install/setup.zsh'
