[8.593s] Invoking command in '/home/jj/wearable-biosensors-ros2/build/emotiv_insight': PYTHONPATH=/home/jj/wearable-biosensors-ros2/build/emotiv_insight/prefix_override:/home/jj/wearable-biosensors-ros2/install/emotiv_insight/lib/python3.10/site-packages:${PYTHONPATH} /usr/bin/python3 -W ignore:setup.py install is deprecated setup.py develop --editable --build-directory /home/jj/wearable-biosensors-ros2/build/emotiv_insight/build --no-deps symlink_data
[12.433s] /usr/lib/python3/dist-packages/setuptools/dist.py:723: UserWarning: Usage of dash-separated 'script-dir' will not be supported in future versions. Please use the underscore name 'script_dir' instead
[12.433s]   warnings.warn(
[12.825s] /usr/lib/python3/dist-packages/setuptools/command/easy_install.py:158: EasyInstallDeprecationWarning: easy_install command is deprecated. Use build and pip and other standards-based tools.
[12.826s]   warnings.warn(
[12.842s] running develop
[14.374s] running egg_info
[14.387s] writing emotiv_insight.egg-info/PKG-INFO
[14.388s] writing dependency_links to emotiv_insight.egg-info/dependency_links.txt
[14.389s] writing entry points to emotiv_insight.egg-info/entry_points.txt
[14.389s] writing requirements to emotiv_insight.egg-info/requires.txt
[14.391s] writing top-level names to emotiv_insight.egg-info/top_level.txt
[14.392s] reading manifest file 'emotiv_insight.egg-info/SOURCES.txt'
[14.393s] writing manifest file 'emotiv_insight.egg-info/SOURCES.txt'
[14.402s] running build_ext
[14.405s] Creating /home/jj/wearable-biosensors-ros2/install/emotiv_insight/lib/python3.10/site-packages/emotiv-insight.egg-link (link to .)
[14.409s] Installing emotiv_insight_node script to /home/jj/wearable-biosensors-ros2/install/emotiv_insight/lib/emotiv_insight
[14.410s] 
[14.411s] Installed /home/jj/wearable-biosensors-ros2/build/emotiv_insight
[14.412s] running symlink_data
[14.638s] Invoked command in '/home/jj/wearable-biosensors-ros2/build/emotiv_insight' returned '0': PYTHONPATH=/home/jj/wearable-biosensors-ros2/build/emotiv_insight/prefix_override:/home/jj/wearable-biosensors-ros2/install/emotiv_insight/lib/python3.10/site-packages:${PYTHONPATH} /usr/bin/python3 -W ignore:setup.py install is deprecated setup.py develop --editable --build-directory /home/jj/wearable-biosensors-ros2/build/emotiv_insight/build --no-deps symlink_data
