Built target ament_cmake_python_copy_manager
running egg_info
writing manager.egg-info/PKG-INFO
writing dependency_links to manager.egg-info/dependency_links.txt
writing top-level names to manager.egg-info/top_level.txt
reading manifest file 'manager.egg-info/SOURCES.txt'
writing manifest file 'manager.egg-info/SOURCES.txt'
Built target ament_cmake_python_build_manager_egg
-- Install configuration: ""
-- Up-to-date: /home/jj/wearable-biosensors-ros2/install/manager/share/manager/environment/pythonpath.sh
-- Up-to-date: /home/jj/wearable-biosensors-ros2/install/manager/share/manager/environment/pythonpath.dsv
-- Up-to-date: /home/jj/wearable-biosensors-ros2/install/manager/local/lib/python3.10/dist-packages/manager-0.0.0-py3.10.egg-info
-- Installing: /home/jj/wearable-biosensors-ros2/install/manager/local/lib/python3.10/dist-packages/manager-0.0.0-py3.10.egg-info/dependency_links.txt
-- Installing: /home/jj/wearable-biosensors-ros2/install/manager/local/lib/python3.10/dist-packages/manager-0.0.0-py3.10.egg-info/top_level.txt
-- Installing: /home/jj/wearable-biosensors-ros2/install/manager/local/lib/python3.10/dist-packages/manager-0.0.0-py3.10.egg-info/SOURCES.txt
-- Installing: /home/jj/wearable-biosensors-ros2/install/manager/local/lib/python3.10/dist-packages/manager-0.0.0-py3.10.egg-info/PKG-INFO
-- Up-to-date: /home/jj/wearable-biosensors-ros2/install/manager/local/lib/python3.10/dist-packages/manager
-- Installing: /home/jj/wearable-biosensors-ros2/install/manager/local/lib/python3.10/dist-packages/manager/vital_logger.py
-- Up-to-date: /home/jj/wearable-biosensors-ros2/install/manager/local/lib/python3.10/dist-packages/manager/__init__.py
Listing '/home/jj/wearable-biosensors-ros2/install/manager/local/lib/python3.10/dist-packages/manager'...
Compiling '/home/jj/wearable-biosensors-ros2/install/manager/local/lib/python3.10/dist-packages/manager/vital_logger.py'...
-- Up-to-date: /home/jj/wearable-biosensors-ros2/install/manager/share/manager/launch
-- Installing: /home/jj/wearable-biosensors-ros2/install/manager/share/manager/launch/collector.launch.py
-- Installing: /home/jj/wearable-biosensors-ros2/install/manager/lib/manager/vital_logger.py
-- Up-to-date: /home/jj/wearable-biosensors-ros2/install/manager/share/ament_index/resource_index/package_run_dependencies/manager
-- Up-to-date: /home/jj/wearable-biosensors-ros2/install/manager/share/ament_index/resource_index/parent_prefix_path/manager
-- Up-to-date: /home/jj/wearable-biosensors-ros2/install/manager/share/manager/environment/ament_prefix_path.sh
-- Up-to-date: /home/jj/wearable-biosensors-ros2/install/manager/share/manager/environment/ament_prefix_path.dsv
-- Up-to-date: /home/jj/wearable-biosensors-ros2/install/manager/share/manager/environment/path.sh
-- Up-to-date: /home/jj/wearable-biosensors-ros2/install/manager/share/manager/environment/path.dsv
-- Up-to-date: /home/jj/wearable-biosensors-ros2/install/manager/share/manager/local_setup.bash
-- Up-to-date: /home/jj/wearable-biosensors-ros2/install/manager/share/manager/local_setup.sh
-- Up-to-date: /home/jj/wearable-biosensors-ros2/install/manager/share/manager/local_setup.zsh
-- Up-to-date: /home/jj/wearable-biosensors-ros2/install/manager/share/manager/local_setup.dsv
-- Installing: /home/jj/wearable-biosensors-ros2/install/manager/share/manager/package.dsv
-- Up-to-date: /home/jj/wearable-biosensors-ros2/install/manager/share/ament_index/resource_index/packages/manager
-- Up-to-date: /home/jj/wearable-biosensors-ros2/install/manager/share/manager/cmake/managerConfig.cmake
-- Up-to-date: /home/jj/wearable-biosensors-ros2/install/manager/share/manager/cmake/managerConfig-version.cmake
-- Up-to-date: /home/jj/wearable-biosensors-ros2/install/manager/share/manager/package.xml
