[0.264s] Invoking command in '/home/jj/wearable-biosensors-ros2/build/manager': AMENT_PREFIX_PATH=/home/jj/wearable-biosensors-ros2/install/vernier_respiration_belt:/home/jj/wearable-biosensors-ros2/install/polar_h10:/home/jj/wearable-biosensors-ros2/install/manager:/home/jj/wearable-biosensors-ros2/install/shimmer3_gsr_unit:/home/jj/wearable-biosensors-ros2/install/empatica_e4:/home/jj/wearable-biosensors-ros2/install/emotiv_insight:/home/jj/wearable-biosensors-ros2/install/cdcl_umd_msgs:/opt/ros/humble CMAKE_PREFIX_PATH=/home/jj/wearable-biosensors-ros2/install/cdcl_umd_msgs:/home/jj/wearable-biosensors-ros2/install/manager:/home/jj/wearable-biosensors-ros2/install/vernier_respiration_belt:/home/jj/wearable-biosensors-ros2/install/shimmer3_gsr_unit:/home/jj/wearable-biosensors-ros2/install/polar_h10:/home/jj/wearable-biosensors-ros2/install/empatica_e4:/home/jj/wearable-biosensors-ros2/install/emotiv_insight:/opt/ros/humble PYTHONPATH=/home/jj/wearable-biosensors-ros2/install/vernier_respiration_belt/lib/python3.10/site-packages:/home/jj/wearable-biosensors-ros2/install/polar_h10/lib/python3.10/site-packages:/home/jj/wearable-biosensors-ros2/install/manager/local/lib/python3.10/dist-packages:/home/jj/wearable-biosensors-ros2/install/shimmer3_gsr_unit/lib/python3.10/site-packages:/home/jj/wearable-biosensors-ros2/install/empatica_e4/lib/python3.10/site-packages:/home/jj/wearable-biosensors-ros2/install/emotiv_insight/lib/python3.10/site-packages:/home/jj/wearable-biosensors-ros2/install/cdcl_umd_msgs/local/lib/python3.10/dist-packages:/opt/ros/humble/lib/python3.10/site-packages:/opt/ros/humble/local/lib/python3.10/dist-packages:/opt/ros/humble/lib/python3/site-packages:/opt/ros/humble/local/lib/python3.10/dist-packages /usr/bin/cmake --build /home/jj/wearable-biosensors-ros2/build/manager -- -j4 -l4
[1.233s] Built target ament_cmake_python_copy_manager
[4.767s] running egg_info
[4.774s] writing manager.egg-info/PKG-INFO
[4.776s] writing dependency_links to manager.egg-info/dependency_links.txt
[4.779s] writing top-level names to manager.egg-info/top_level.txt
[4.812s] reading manifest file 'manager.egg-info/SOURCES.txt'
[4.820s] writing manifest file 'manager.egg-info/SOURCES.txt'
[5.098s] Built target ament_cmake_python_build_manager_egg
[5.203s] Invoked command in '/home/jj/wearable-biosensors-ros2/build/manager' returned '0': AMENT_PREFIX_PATH=/home/jj/wearable-biosensors-ros2/install/vernier_respiration_belt:/home/jj/wearable-biosensors-ros2/install/polar_h10:/home/jj/wearable-biosensors-ros2/install/manager:/home/jj/wearable-biosensors-ros2/install/shimmer3_gsr_unit:/home/jj/wearable-biosensors-ros2/install/empatica_e4:/home/jj/wearable-biosensors-ros2/install/emotiv_insight:/home/jj/wearable-biosensors-ros2/install/cdcl_umd_msgs:/opt/ros/humble CMAKE_PREFIX_PATH=/home/jj/wearable-biosensors-ros2/install/cdcl_umd_msgs:/home/jj/wearable-biosensors-ros2/install/manager:/home/jj/wearable-biosensors-ros2/install/vernier_respiration_belt:/home/jj/wearable-biosensors-ros2/install/shimmer3_gsr_unit:/home/jj/wearable-biosensors-ros2/install/polar_h10:/home/jj/wearable-biosensors-ros2/install/empatica_e4:/home/jj/wearable-biosensors-ros2/install/emotiv_insight:/opt/ros/humble PYTHONPATH=/home/jj/wearable-biosensors-ros2/install/vernier_respiration_belt/lib/python3.10/site-packages:/home/jj/wearable-biosensors-ros2/install/polar_h10/lib/python3.10/site-packages:/home/jj/wearable-biosensors-ros2/install/manager/local/lib/python3.10/dist-packages:/home/jj/wearable-biosensors-ros2/install/shimmer3_gsr_unit/lib/python3.10/site-packages:/home/jj/wearable-biosensors-ros2/install/empatica_e4/lib/python3.10/site-packages:/home/jj/wearable-biosensors-ros2/install/emotiv_insight/lib/python3.10/site-packages:/home/jj/wearable-biosensors-ros2/install/cdcl_umd_msgs/local/lib/python3.10/dist-packages:/opt/ros/humble/lib/python3.10/site-packages:/opt/ros/humble/local/lib/python3.10/dist-packages:/opt/ros/humble/lib/python3/site-packages:/opt/ros/humble/local/lib/python3.10/dist-packages /usr/bin/cmake --build /home/jj/wearable-biosensors-ros2/build/manager -- -j4 -l4
[5.629s] Invoking command in '/home/jj/wearable-biosensors-ros2/build/manager': AMENT_PREFIX_PATH=/home/jj/wearable-biosensors-ros2/install/vernier_respiration_belt:/home/jj/wearable-biosensors-ros2/install/polar_h10:/home/jj/wearable-biosensors-ros2/install/manager:/home/jj/wearable-biosensors-ros2/install/shimmer3_gsr_unit:/home/jj/wearable-biosensors-ros2/install/empatica_e4:/home/jj/wearable-biosensors-ros2/install/emotiv_insight:/home/jj/wearable-biosensors-ros2/install/cdcl_umd_msgs:/opt/ros/humble CMAKE_PREFIX_PATH=/home/jj/wearable-biosensors-ros2/install/cdcl_umd_msgs:/home/jj/wearable-biosensors-ros2/install/manager:/home/jj/wearable-biosensors-ros2/install/vernier_respiration_belt:/home/jj/wearable-biosensors-ros2/install/shimmer3_gsr_unit:/home/jj/wearable-biosensors-ros2/install/polar_h10:/home/jj/wearable-biosensors-ros2/install/empatica_e4:/home/jj/wearable-biosensors-ros2/install/emotiv_insight:/opt/ros/humble PYTHONPATH=/home/jj/wearable-biosensors-ros2/install/vernier_respiration_belt/lib/python3.10/site-packages:/home/jj/wearable-biosensors-ros2/install/polar_h10/lib/python3.10/site-packages:/home/jj/wearable-biosensors-ros2/install/manager/local/lib/python3.10/dist-packages:/home/jj/wearable-biosensors-ros2/install/shimmer3_gsr_unit/lib/python3.10/site-packages:/home/jj/wearable-biosensors-ros2/install/empatica_e4/lib/python3.10/site-packages:/home/jj/wearable-biosensors-ros2/install/emotiv_insight/lib/python3.10/site-packages:/home/jj/wearable-biosensors-ros2/install/cdcl_umd_msgs/local/lib/python3.10/dist-packages:/opt/ros/humble/lib/python3.10/site-packages:/opt/ros/humble/local/lib/python3.10/dist-packages:/opt/ros/humble/lib/python3/site-packages:/opt/ros/humble/local/lib/python3.10/dist-packages /usr/bin/cmake --install /home/jj/wearable-biosensors-ros2/build/manager
[5.713s] -- Install configuration: ""
[5.717s] -- Up-to-date: /home/jj/wearable-biosensors-ros2/install/manager/share/manager/environment/pythonpath.sh
[5.724s] -- Up-to-date: /home/jj/wearable-biosensors-ros2/install/manager/share/manager/environment/pythonpath.dsv
[5.725s] -- Up-to-date: /home/jj/wearable-biosensors-ros2/install/manager/local/lib/python3.10/dist-packages/manager-0.0.0-py3.10.egg-info
[5.727s] -- Installing: /home/jj/wearable-biosensors-ros2/install/manager/local/lib/python3.10/dist-packages/manager-0.0.0-py3.10.egg-info/dependency_links.txt
[5.727s] -- Installing: /home/jj/wearable-biosensors-ros2/install/manager/local/lib/python3.10/dist-packages/manager-0.0.0-py3.10.egg-info/top_level.txt
[5.729s] -- Installing: /home/jj/wearable-biosensors-ros2/install/manager/local/lib/python3.10/dist-packages/manager-0.0.0-py3.10.egg-info/SOURCES.txt
[5.733s] -- Installing: /home/jj/wearable-biosensors-ros2/install/manager/local/lib/python3.10/dist-packages/manager-0.0.0-py3.10.egg-info/PKG-INFO
[5.737s] -- Up-to-date: /home/jj/wearable-biosensors-ros2/install/manager/local/lib/python3.10/dist-packages/manager
[5.738s] -- Installing: /home/jj/wearable-biosensors-ros2/install/manager/local/lib/python3.10/dist-packages/manager/vital_logger.py
[5.741s] -- Up-to-date: /home/jj/wearable-biosensors-ros2/install/manager/local/lib/python3.10/dist-packages/manager/__init__.py
[6.218s] Listing '/home/jj/wearable-biosensors-ros2/install/manager/local/lib/python3.10/dist-packages/manager'...
[6.220s] Compiling '/home/jj/wearable-biosensors-ros2/install/manager/local/lib/python3.10/dist-packages/manager/vital_logger.py'...
[6.269s] -- Up-to-date: /home/jj/wearable-biosensors-ros2/install/manager/share/manager/launch
[6.270s] -- Installing: /home/jj/wearable-biosensors-ros2/install/manager/share/manager/launch/collector.launch.py
[6.274s] -- Installing: /home/jj/wearable-biosensors-ros2/install/manager/lib/manager/vital_logger.py
[6.278s] -- Up-to-date: /home/jj/wearable-biosensors-ros2/install/manager/share/ament_index/resource_index/package_run_dependencies/manager
[6.280s] -- Up-to-date: /home/jj/wearable-biosensors-ros2/install/manager/share/ament_index/resource_index/parent_prefix_path/manager
[6.281s] -- Up-to-date: /home/jj/wearable-biosensors-ros2/install/manager/share/manager/environment/ament_prefix_path.sh
[6.282s] -- Up-to-date: /home/jj/wearable-biosensors-ros2/install/manager/share/manager/environment/ament_prefix_path.dsv
[6.285s] -- Up-to-date: /home/jj/wearable-biosensors-ros2/install/manager/share/manager/environment/path.sh
[6.288s] -- Up-to-date: /home/jj/wearable-biosensors-ros2/install/manager/share/manager/environment/path.dsv
[6.289s] -- Up-to-date: /home/jj/wearable-biosensors-ros2/install/manager/share/manager/local_setup.bash
[6.291s] -- Up-to-date: /home/jj/wearable-biosensors-ros2/install/manager/share/manager/local_setup.sh
[6.292s] -- Up-to-date: /home/jj/wearable-biosensors-ros2/install/manager/share/manager/local_setup.zsh
[6.293s] -- Up-to-date: /home/jj/wearable-biosensors-ros2/install/manager/share/manager/local_setup.dsv
[6.294s] -- Installing: /home/jj/wearable-biosensors-ros2/install/manager/share/manager/package.dsv
[6.296s] -- Up-to-date: /home/jj/wearable-biosensors-ros2/install/manager/share/ament_index/resource_index/packages/manager
[6.297s] -- Up-to-date: /home/jj/wearable-biosensors-ros2/install/manager/share/manager/cmake/managerConfig.cmake
[6.298s] -- Up-to-date: /home/jj/wearable-biosensors-ros2/install/manager/share/manager/cmake/managerConfig-version.cmake
[6.299s] -- Up-to-date: /home/jj/wearable-biosensors-ros2/install/manager/share/manager/package.xml
[6.323s] Invoked command in '/home/jj/wearable-biosensors-ros2/build/manager' returned '0': AMENT_PREFIX_PATH=/home/jj/wearable-biosensors-ros2/install/vernier_respiration_belt:/home/jj/wearable-biosensors-ros2/install/polar_h10:/home/jj/wearable-biosensors-ros2/install/manager:/home/jj/wearable-biosensors-ros2/install/shimmer3_gsr_unit:/home/jj/wearable-biosensors-ros2/install/empatica_e4:/home/jj/wearable-biosensors-ros2/install/emotiv_insight:/home/jj/wearable-biosensors-ros2/install/cdcl_umd_msgs:/opt/ros/humble CMAKE_PREFIX_PATH=/home/jj/wearable-biosensors-ros2/install/cdcl_umd_msgs:/home/jj/wearable-biosensors-ros2/install/manager:/home/jj/wearable-biosensors-ros2/install/vernier_respiration_belt:/home/jj/wearable-biosensors-ros2/install/shimmer3_gsr_unit:/home/jj/wearable-biosensors-ros2/install/polar_h10:/home/jj/wearable-biosensors-ros2/install/empatica_e4:/home/jj/wearable-biosensors-ros2/install/emotiv_insight:/opt/ros/humble PYTHONPATH=/home/jj/wearable-biosensors-ros2/install/vernier_respiration_belt/lib/python3.10/site-packages:/home/jj/wearable-biosensors-ros2/install/polar_h10/lib/python3.10/site-packages:/home/jj/wearable-biosensors-ros2/install/manager/local/lib/python3.10/dist-packages:/home/jj/wearable-biosensors-ros2/install/shimmer3_gsr_unit/lib/python3.10/site-packages:/home/jj/wearable-biosensors-ros2/install/empatica_e4/lib/python3.10/site-packages:/home/jj/wearable-biosensors-ros2/install/emotiv_insight/lib/python3.10/site-packages:/home/jj/wearable-biosensors-ros2/install/cdcl_umd_msgs/local/lib/python3.10/dist-packages:/opt/ros/humble/lib/python3.10/site-packages:/opt/ros/humble/local/lib/python3.10/dist-packages:/opt/ros/humble/lib/python3/site-packages:/opt/ros/humble/local/lib/python3.10/dist-packages /usr/bin/cmake --install /home/jj/wearable-biosensors-ros2/build/manager
