[0.262s] Invoking command in '/home/jj/wearable-biosensors-ros2/build/cdcl_umd_msgs': CMAKE_PREFIX_PATH=/home/jj/wearable-biosensors-ros2/install/vernier_respiration_belt:/home/jj/wearable-biosensors-ros2/install/shimmer3_gsr_unit:/home/jj/wearable-biosensors-ros2/install/polar_h10:/home/jj/wearable-biosensors-ros2/install/empatica_e4:/home/jj/wearable-biosensors-ros2/install/emotiv_insight:/home/jj/wearable-biosensors-ros2/install/cdcl_umd_msgs:/opt/ros/humble /usr/bin/cmake /home/jj/wearable-biosensors-ros2/src/cdcl_umd_msgs -DAMENT_CMAKE_SYMLINK_INSTALL=1 -DCMAKE_INSTALL_PREFIX=/home/jj/wearable-biosensors-ros2/install/cdcl_umd_msgs
[3.223s] -- Found ament_cmake: 1.3.9 (/opt/ros/humble/share/ament_cmake/cmake)
[3.224s] -- Override CMake install command with custom implementation using symlinks instead of copying resources
[3.226s] -- Found rosidl_default_generators: 1.2.0 (/opt/ros/humble/share/rosidl_default_generators/cmake)
[3.229s] -- Using all available rosidl_typesupport_c: rosidl_typesupport_fastrtps_c;rosidl_typesupport_introspection_c
[3.231s] -- Found rosidl_adapter: 3.1.5 (/opt/ros/humble/share/rosidl_adapter/cmake)
[3.236s] -- Using all available rosidl_typesupport_cpp: rosidl_typesupport_fastrtps_cpp;rosidl_typesupport_introspection_cpp
[3.236s] -- Configuring incomplete, errors occurred!
[3.237s] See also "/home/jj/wearable-biosensors-ros2/build/cdcl_umd_msgs/CMakeFiles/CMakeOutput.log".
[3.237s] [31mCMake Error at /opt/ros/humble/share/rosidl_adapter/cmake/rosidl_adapt_interfaces.cmake:59 (message):
[3.238s]   execute_process(/usr/bin/python3 -m rosidl_adapter --package-name
[3.238s]   cdcl_umd_msgs --arguments-file
[3.239s]   /home/jj/wearable-biosensors-ros2/build/cdcl_umd_msgs/rosidl_adapter__arguments__cdcl_umd_msgs.json
[3.239s]   --output-dir
[3.240s]   /home/jj/wearable-biosensors-ros2/build/cdcl_umd_msgs/rosidl_adapter/cdcl_umd_msgs
[3.241s]   --output-file
[3.241s]   /home/jj/wearable-biosensors-ros2/build/cdcl_umd_msgs/rosidl_adapter/cdcl_umd_msgs.idls)
[3.242s]   returned error code 1:
[3.242s] 
[3.243s]   Error processing 'Header Header' of 'cdcl_umd_msgs/Vitals': ''Header' is an
[3.244s]   invalid field name.  It should have the pattern
[3.244s]   '^(?!.*__)(?!.*_$)[a-z][a-z0-9_]*$''
[3.244s] 
[3.245s]   Traceback (most recent call last):
[3.245s] 
[3.246s]     File "/usr/lib/python3.10/runpy.py", line 196, in _run_module_as_main
[3.246s]       return _run_code(code, main_globals, None,
[3.247s]     File "/usr/lib/python3.10/runpy.py", line 86, in _run_code
[3.247s]       exec(code, run_globals)
[3.248s]     File "/opt/ros/humble/local/lib/python3.10/dist-packages/rosidl_adapter/__main__.py", line 19, in <module>
[3.248s]       sys.exit(main())
[3.249s]     File "/opt/ros/humble/local/lib/python3.10/dist-packages/rosidl_adapter/main.py", line 53, in main
[3.249s]       abs_idl_file = convert_to_idl(
[3.249s]     File "/opt/ros/humble/local/lib/python3.10/dist-packages/rosidl_adapter/__init__.py", line 19, in convert_to_idl
[3.250s]       return convert_msg_to_idl(
[3.250s]     File "/opt/ros/humble/local/lib/python3.10/dist-packages/rosidl_adapter/msg/__init__.py", line 28, in convert_msg_to_idl
[3.251s]       msg = parse_message_string(package_name, input_file.stem, content)
[3.251s]     File "/opt/ros/humble/local/lib/python3.10/dist-packages/rosidl_adapter/parser.py", line 519, in parse_message_string
[3.252s]       fields.append(Field(
[3.252s]     File "/opt/ros/humble/local/lib/python3.10/dist-packages/rosidl_adapter/parser.py", line 354, in __init__
[3.253s]       raise NameError(
[3.253s] 
[3.254s]   NameError: 'Header' is an invalid field name.  It should have the pattern
[3.254s]   '^(?!.*__)(?!.*_$)[a-z][a-z0-9_]*$'
[3.255s] 
[3.255s] Call Stack (most recent call first):
[3.256s]   /opt/ros/humble/share/rosidl_cmake/cmake/rosidl_generate_interfaces.cmake:130 (rosidl_adapt_interfaces)
[3.257s]   CMakeLists.txt:16 (rosidl_generate_interfaces)
[3.258s] 
[3.258s] [0m
[4.588s] Invoked command in '/home/jj/wearable-biosensors-ros2/build/cdcl_umd_msgs' returned '1': CMAKE_PREFIX_PATH=/home/jj/wearable-biosensors-ros2/install/vernier_respiration_belt:/home/jj/wearable-biosensors-ros2/install/shimmer3_gsr_unit:/home/jj/wearable-biosensors-ros2/install/polar_h10:/home/jj/wearable-biosensors-ros2/install/empatica_e4:/home/jj/wearable-biosensors-ros2/install/emotiv_insight:/home/jj/wearable-biosensors-ros2/install/cdcl_umd_msgs:/opt/ros/humble /usr/bin/cmake /home/jj/wearable-biosensors-ros2/src/cdcl_umd_msgs -DAMENT_CMAKE_SYMLINK_INSTALL=1 -DCMAKE_INSTALL_PREFIX=/home/jj/wearable-biosensors-ros2/install/cdcl_umd_msgs
