/usr/lib/python3/dist-packages/setuptools/dist.py:723: UserWarning: Usage of dash-separated 'script-dir' will not be supported in future versions. Please use the underscore name 'script_dir' instead
  warnings.warn(
running develop
/usr/lib/python3/dist-packages/setuptools/command/easy_install.py:158: EasyInstallDeprecationWarning: easy_install command is deprecated. Use build and pip and other standards-based tools.
  warnings.warn(
running egg_info
creating vernier_respiration_belt.egg-info
writing vernier_respiration_belt.egg-info/PKG-INFO
writing dependency_links to vernier_respiration_belt.egg-info/dependency_links.txt
writing entry points to vernier_respiration_belt.egg-info/entry_points.txt
writing requirements to vernier_respiration_belt.egg-info/requires.txt
writing top-level names to vernier_respiration_belt.egg-info/top_level.txt
writing manifest file 'vernier_respiration_belt.egg-info/SOURCES.txt'
reading manifest file 'vernier_respiration_belt.egg-info/SOURCES.txt'
writing manifest file 'vernier_respiration_belt.egg-info/SOURCES.txt'
running build_ext
Creating /home/jj/wearable-biosensors-ros2/install/vernier_respiration_belt/lib/python3.10/site-packages/vernier-respiration-belt.egg-link (link to .)
Installing vernier_respiration_belt_node script to /home/jj/wearable-biosensors-ros2/install/vernier_respiration_belt/lib/vernier_respiration_belt

Installed /home/jj/wearable-biosensors-ros2/build/vernier_respiration_belt
running symlink_data
creating /home/jj/wearable-biosensors-ros2/install/vernier_respiration_belt/share/ament_index
creating /home/jj/wearable-biosensors-ros2/install/vernier_respiration_belt/share/ament_index/resource_index
creating /home/jj/wearable-biosensors-ros2/install/vernier_respiration_belt/share/ament_index/resource_index/packages
symbolically linking /home/jj/wearable-biosensors-ros2/build/vernier_respiration_belt/resource/vernier_respiration_belt -> /home/jj/wearable-biosensors-ros2/install/vernier_respiration_belt/share/ament_index/resource_index/packages
symbolically linking /home/jj/wearable-biosensors-ros2/build/vernier_respiration_belt/package.xml -> /home/jj/wearable-biosensors-ros2/install/vernier_respiration_belt/share/vernier_respiration_belt
symbolically linking /home/jj/wearable-biosensors-ros2/build/vernier_respiration_belt/launch/ros2-vernier_respiration_belt.launch.py -> /home/jj/wearable-biosensors-ros2/install/vernier_respiration_belt/share/vernier_respiration_belt
