[0.766s] Invoking command in '/home/jj/wearable-biosensors-ros2/build/vernier_respiration_belt': AMENT_PREFIX_PATH=/home/jj/wearable-biosensors-ros2/install/cdcl_umd_msgs:${AMENT_PREFIX_PATH} CMAKE_PREFIX_PATH=/home/jj/wearable-biosensors-ros2/install/cdcl_umd_msgs:${CMAKE_PREFIX_PATH} LD_LIBRARY_PATH=/home/jj/wearable-biosensors-ros2/install/cdcl_umd_msgs/lib:${LD_LIBRARY_PATH} PYTHONPATH=/home/jj/wearable-biosensors-ros2/build/vernier_respiration_belt/prefix_override:/usr/lib/python3/dist-packages/colcon_core/task/python/colcon_distutils_commands:/home/jj/wearable-biosensors-ros2/install/vernier_respiration_belt/lib/python3.10/site-packages:/home/jj/wearable-biosensors-ros2/install/cdcl_umd_msgs/local/lib/python3.10/dist-packages:${PYTHONPATH} /usr/bin/python3 -W ignore:setup.py install is deprecated setup.py develop --editable --build-directory /home/jj/wearable-biosensors-ros2/build/vernier_respiration_belt/build --no-deps symlink_data
[0.954s] /usr/lib/python3/dist-packages/setuptools/dist.py:723: UserWarning: Usage of dash-separated 'script-dir' will not be supported in future versions. Please use the underscore name 'script_dir' instead
[0.954s]   warnings.warn(
[0.978s] running develop
[0.978s] /usr/lib/python3/dist-packages/setuptools/command/easy_install.py:158: EasyInstallDeprecationWarning: easy_install command is deprecated. Use build and pip and other standards-based tools.
[0.979s]   warnings.warn(
[1.110s] running egg_info
[1.110s] creating vernier_respiration_belt.egg-info
[1.110s] writing vernier_respiration_belt.egg-info/PKG-INFO
[1.110s] writing dependency_links to vernier_respiration_belt.egg-info/dependency_links.txt
[1.111s] writing entry points to vernier_respiration_belt.egg-info/entry_points.txt
[1.111s] writing requirements to vernier_respiration_belt.egg-info/requires.txt
[1.111s] writing top-level names to vernier_respiration_belt.egg-info/top_level.txt
[1.111s] writing manifest file 'vernier_respiration_belt.egg-info/SOURCES.txt'
[1.113s] reading manifest file 'vernier_respiration_belt.egg-info/SOURCES.txt'
[1.114s] writing manifest file 'vernier_respiration_belt.egg-info/SOURCES.txt'
[1.116s] running build_ext
[1.116s] Creating /home/jj/wearable-biosensors-ros2/install/vernier_respiration_belt/lib/python3.10/site-packages/vernier-respiration-belt.egg-link (link to .)
[1.117s] Installing vernier_respiration_belt_node script to /home/jj/wearable-biosensors-ros2/install/vernier_respiration_belt/lib/vernier_respiration_belt
[1.118s] 
[1.118s] Installed /home/jj/wearable-biosensors-ros2/build/vernier_respiration_belt
[1.118s] running symlink_data
[1.118s] creating /home/jj/wearable-biosensors-ros2/install/vernier_respiration_belt/share/ament_index
[1.118s] creating /home/jj/wearable-biosensors-ros2/install/vernier_respiration_belt/share/ament_index/resource_index
[1.119s] creating /home/jj/wearable-biosensors-ros2/install/vernier_respiration_belt/share/ament_index/resource_index/packages
[1.119s] symbolically linking /home/jj/wearable-biosensors-ros2/build/vernier_respiration_belt/resource/vernier_respiration_belt -> /home/jj/wearable-biosensors-ros2/install/vernier_respiration_belt/share/ament_index/resource_index/packages
[1.119s] symbolically linking /home/jj/wearable-biosensors-ros2/build/vernier_respiration_belt/package.xml -> /home/jj/wearable-biosensors-ros2/install/vernier_respiration_belt/share/vernier_respiration_belt
[1.119s] symbolically linking /home/jj/wearable-biosensors-ros2/build/vernier_respiration_belt/launch/ros2-vernier_respiration_belt.launch.py -> /home/jj/wearable-biosensors-ros2/install/vernier_respiration_belt/share/vernier_respiration_belt
[1.145s] Invoked command in '/home/jj/wearable-biosensors-ros2/build/vernier_respiration_belt' returned '0': AMENT_PREFIX_PATH=/home/jj/wearable-biosensors-ros2/install/cdcl_umd_msgs:${AMENT_PREFIX_PATH} CMAKE_PREFIX_PATH=/home/jj/wearable-biosensors-ros2/install/cdcl_umd_msgs:${CMAKE_PREFIX_PATH} LD_LIBRARY_PATH=/home/jj/wearable-biosensors-ros2/install/cdcl_umd_msgs/lib:${LD_LIBRARY_PATH} PYTHONPATH=/home/jj/wearable-biosensors-ros2/build/vernier_respiration_belt/prefix_override:/usr/lib/python3/dist-packages/colcon_core/task/python/colcon_distutils_commands:/home/jj/wearable-biosensors-ros2/install/vernier_respiration_belt/lib/python3.10/site-packages:/home/jj/wearable-biosensors-ros2/install/cdcl_umd_msgs/local/lib/python3.10/dist-packages:${PYTHONPATH} /usr/bin/python3 -W ignore:setup.py install is deprecated setup.py develop --editable --build-directory /home/jj/wearable-biosensors-ros2/build/vernier_respiration_belt/build --no-deps symlink_data
