[12.382s] Invoking command in '/home/jj/wearable-biosensors-ros2/build/emotiv_insight': PYTHONPATH=/home/jj/wearable-biosensors-ros2/build/emotiv_insight/prefix_override:/home/jj/wearable-biosensors-ros2/install/emotiv_insight/lib/python3.10/site-packages:${PYTHONPATH} /usr/bin/python3 -W ignore:setup.py install is deprecated setup.py develop --editable --build-directory /home/jj/wearable-biosensors-ros2/build/emotiv_insight/build --no-deps symlink_data
[13.604s] /home/jj/.local/lib/python3.10/site-packages/setuptools/dist.py:476: SetuptoolsDeprecationWarning: Invalid dash-separated options
[13.605s] !!
[13.606s] 
[13.607s]         ********************************************************************************
[13.608s]         Usage of dash-separated 'script-dir' will not be supported in future
[13.610s]         versions. Please use the underscore name 'script_dir' instead.
[13.611s] 
[13.612s]         By 2024-Sep-26, you need to update your project and remove deprecated calls
[13.614s]         or your builds will no longer be supported.
[13.615s] 
[13.619s]         See https://setuptools.pypa.io/en/latest/userguide/declarative_config.html for details.
[13.622s]         ********************************************************************************
[13.623s] 
[13.624s] !!
[13.624s]   opt = self.warn_dash_deprecation(opt, section)
[15.735s] running develop
[15.739s] /home/jj/.local/lib/python3.10/site-packages/setuptools/command/develop.py:42: EasyInstallDeprecationWarning: easy_install command is deprecated.
[15.743s] !!
[15.747s] 
[15.750s]         ********************************************************************************
[15.754s]         Please avoid running ``setup.py`` and ``easy_install``.
[15.759s]         Instead, use pypa/build, pypa/installer or other
[15.772s]         standards-based tools.
[15.776s] 
[15.779s]         See https://github.com/pypa/setuptools/issues/917 for details.
[15.782s]         ********************************************************************************
[15.786s] 
[15.790s] !!
[15.793s]   easy_install.initialize_options(self)
[18.820s] running egg_info
[19.331s] writing emotiv_insight.egg-info/PKG-INFO
[19.342s] writing dependency_links to emotiv_insight.egg-info/dependency_links.txt
[19.348s] writing entry points to emotiv_insight.egg-info/entry_points.txt
[19.368s] writing requirements to emotiv_insight.egg-info/requires.txt
[19.391s] writing top-level names to emotiv_insight.egg-info/top_level.txt
[20.053s] reading manifest file 'emotiv_insight.egg-info/SOURCES.txt'
[20.059s] writing manifest file 'emotiv_insight.egg-info/SOURCES.txt'
[20.190s] running build_ext
[20.191s] Creating /home/jj/wearable-biosensors-ros2/install/emotiv_insight/lib/python3.10/site-packages/emotiv-insight.egg-link (link to .)
[20.196s] Installing emotiv_insight_node script to /home/jj/wearable-biosensors-ros2/install/emotiv_insight/lib/emotiv_insight
[20.199s] 
[20.200s] Installed /home/jj/wearable-biosensors-ros2/build/emotiv_insight
[20.200s] running symlink_data
[20.411s] Invoked command in '/home/jj/wearable-biosensors-ros2/build/emotiv_insight' returned '0': PYTHONPATH=/home/jj/wearable-biosensors-ros2/build/emotiv_insight/prefix_override:/home/jj/wearable-biosensors-ros2/install/emotiv_insight/lib/python3.10/site-packages:${PYTHONPATH} /usr/bin/python3 -W ignore:setup.py install is deprecated setup.py develop --editable --build-directory /home/jj/wearable-biosensors-ros2/build/emotiv_insight/build --no-deps symlink_data
