[0.649s] Invoking command in '/home/jj/wearable-biosensors-ros2/build/manager': AMENT_PREFIX_PATH=/home/jj/wearable-biosensors-ros2/install/vernier_respiration_belt:/home/jj/wearable-biosensors-ros2/install/polar_h10:/home/jj/wearable-biosensors-ros2/install/cdcl_umd_msgs:${AMENT_PREFIX_PATH} CMAKE_PREFIX_PATH=/home/jj/wearable-biosensors-ros2/install/cdcl_umd_msgs:/home/jj/ros2_ws/install/spot_nav2:/home/jj/ros2_ws/install/robot_localization:/opt/ros/humble LD_LIBRARY_PATH=/home/jj/wearable-biosensors-ros2/install/cdcl_umd_msgs/lib:${LD_LIBRARY_PATH} PYTHONPATH=/home/jj/wearable-biosensors-ros2/install/vernier_respiration_belt/lib/python3.10/site-packages:/home/jj/wearable-biosensors-ros2/install/polar_h10/lib/python3.10/site-packages:/home/jj/wearable-biosensors-ros2/install/cdcl_umd_msgs/local/lib/python3.10/dist-packages:${PYTHONPATH} /usr/bin/cmake /home/jj/wearable-biosensors-ros2/src/manager -DCMAKE_INSTALL_PREFIX=/home/jj/wearable-biosensors-ros2/install/manager
[0.717s] -- Found ament_cmake: 1.3.9 (/opt/ros/humble/share/ament_cmake/cmake)
[1.330s] -- Override CMake install command with custom implementation using symlinks instead of copying resources
[1.686s] -- Configuring done
[1.709s] -- Generating done
[1.713s] -- Build files have been written to: /home/jj/wearable-biosensors-ros2/build/manager
[1.722s] Invoked command in '/home/jj/wearable-biosensors-ros2/build/manager' returned '0': AMENT_PREFIX_PATH=/home/jj/wearable-biosensors-ros2/install/vernier_respiration_belt:/home/jj/wearable-biosensors-ros2/install/polar_h10:/home/jj/wearable-biosensors-ros2/install/cdcl_umd_msgs:${AMENT_PREFIX_PATH} CMAKE_PREFIX_PATH=/home/jj/wearable-biosensors-ros2/install/cdcl_umd_msgs:/home/jj/ros2_ws/install/spot_nav2:/home/jj/ros2_ws/install/robot_localization:/opt/ros/humble LD_LIBRARY_PATH=/home/jj/wearable-biosensors-ros2/install/cdcl_umd_msgs/lib:${LD_LIBRARY_PATH} PYTHONPATH=/home/jj/wearable-biosensors-ros2/install/vernier_respiration_belt/lib/python3.10/site-packages:/home/jj/wearable-biosensors-ros2/install/polar_h10/lib/python3.10/site-packages:/home/jj/wearable-biosensors-ros2/install/cdcl_umd_msgs/local/lib/python3.10/dist-packages:${PYTHONPATH} /usr/bin/cmake /home/jj/wearable-biosensors-ros2/src/manager -DCMAKE_INSTALL_PREFIX=/home/jj/wearable-biosensors-ros2/install/manager
[1.729s] Invoking command in '/home/jj/wearable-biosensors-ros2/build/manager': AMENT_PREFIX_PATH=/home/jj/wearable-biosensors-ros2/install/vernier_respiration_belt:/home/jj/wearable-biosensors-ros2/install/polar_h10:/home/jj/wearable-biosensors-ros2/install/cdcl_umd_msgs:${AMENT_PREFIX_PATH} CMAKE_PREFIX_PATH=/home/jj/wearable-biosensors-ros2/install/cdcl_umd_msgs:/home/jj/ros2_ws/install/spot_nav2:/home/jj/ros2_ws/install/robot_localization:/opt/ros/humble LD_LIBRARY_PATH=/home/jj/wearable-biosensors-ros2/install/cdcl_umd_msgs/lib:${LD_LIBRARY_PATH} PYTHONPATH=/home/jj/wearable-biosensors-ros2/install/vernier_respiration_belt/lib/python3.10/site-packages:/home/jj/wearable-biosensors-ros2/install/polar_h10/lib/python3.10/site-packages:/home/jj/wearable-biosensors-ros2/install/cdcl_umd_msgs/local/lib/python3.10/dist-packages:${PYTHONPATH} /usr/bin/cmake --build /home/jj/wearable-biosensors-ros2/build/manager -- -j12 -l12
[1.883s] Invoked command in '/home/jj/wearable-biosensors-ros2/build/manager' returned '0': AMENT_PREFIX_PATH=/home/jj/wearable-biosensors-ros2/install/vernier_respiration_belt:/home/jj/wearable-biosensors-ros2/install/polar_h10:/home/jj/wearable-biosensors-ros2/install/cdcl_umd_msgs:${AMENT_PREFIX_PATH} CMAKE_PREFIX_PATH=/home/jj/wearable-biosensors-ros2/install/cdcl_umd_msgs:/home/jj/ros2_ws/install/spot_nav2:/home/jj/ros2_ws/install/robot_localization:/opt/ros/humble LD_LIBRARY_PATH=/home/jj/wearable-biosensors-ros2/install/cdcl_umd_msgs/lib:${LD_LIBRARY_PATH} PYTHONPATH=/home/jj/wearable-biosensors-ros2/install/vernier_respiration_belt/lib/python3.10/site-packages:/home/jj/wearable-biosensors-ros2/install/polar_h10/lib/python3.10/site-packages:/home/jj/wearable-biosensors-ros2/install/cdcl_umd_msgs/local/lib/python3.10/dist-packages:${PYTHONPATH} /usr/bin/cmake --build /home/jj/wearable-biosensors-ros2/build/manager -- -j12 -l12
[1.986s] Invoking command in '/home/jj/wearable-biosensors-ros2/build/manager': AMENT_PREFIX_PATH=/home/jj/wearable-biosensors-ros2/install/vernier_respiration_belt:/home/jj/wearable-biosensors-ros2/install/polar_h10:/home/jj/wearable-biosensors-ros2/install/cdcl_umd_msgs:${AMENT_PREFIX_PATH} CMAKE_PREFIX_PATH=/home/jj/wearable-biosensors-ros2/install/cdcl_umd_msgs:/home/jj/ros2_ws/install/spot_nav2:/home/jj/ros2_ws/install/robot_localization:/opt/ros/humble LD_LIBRARY_PATH=/home/jj/wearable-biosensors-ros2/install/cdcl_umd_msgs/lib:${LD_LIBRARY_PATH} PYTHONPATH=/home/jj/wearable-biosensors-ros2/install/vernier_respiration_belt/lib/python3.10/site-packages:/home/jj/wearable-biosensors-ros2/install/polar_h10/lib/python3.10/site-packages:/home/jj/wearable-biosensors-ros2/install/cdcl_umd_msgs/local/lib/python3.10/dist-packages:${PYTHONPATH} /usr/bin/cmake --install /home/jj/wearable-biosensors-ros2/build/manager
[2.015s] -- Install configuration: ""
[2.017s] -- Execute custom install script
[2.025s] -- Up-to-date symlink: /home/jj/wearable-biosensors-ros2/install/manager/share/manager/launch/collector.launch.py
[2.028s] -- Up-to-date symlink: /home/jj/wearable-biosensors-ros2/install/manager/share/ament_index/resource_index/package_run_dependencies/manager
[2.030s] -- Up-to-date symlink: /home/jj/wearable-biosensors-ros2/install/manager/share/ament_index/resource_index/parent_prefix_path/manager
[2.032s] -- Up-to-date symlink: /home/jj/wearable-biosensors-ros2/install/manager/share/manager/environment/ament_prefix_path.sh
[2.035s] -- Up-to-date symlink: /home/jj/wearable-biosensors-ros2/install/manager/share/manager/environment/ament_prefix_path.dsv
[2.038s] -- Up-to-date symlink: /home/jj/wearable-biosensors-ros2/install/manager/share/manager/environment/path.sh
[2.039s] -- Up-to-date symlink: /home/jj/wearable-biosensors-ros2/install/manager/share/manager/environment/path.dsv
[2.041s] -- Up-to-date symlink: /home/jj/wearable-biosensors-ros2/install/manager/share/manager/local_setup.bash
[2.043s] -- Up-to-date symlink: /home/jj/wearable-biosensors-ros2/install/manager/share/manager/local_setup.sh
[2.046s] -- Up-to-date symlink: /home/jj/wearable-biosensors-ros2/install/manager/share/manager/local_setup.zsh
[2.048s] -- Up-to-date symlink: /home/jj/wearable-biosensors-ros2/install/manager/share/manager/local_setup.dsv
[2.049s] -- Symlinking: /home/jj/wearable-biosensors-ros2/install/manager/share/manager/package.dsv
[2.089s] -- Up-to-date symlink: /home/jj/wearable-biosensors-ros2/install/manager/share/ament_index/resource_index/packages/manager
[2.091s] -- Up-to-date symlink: /home/jj/wearable-biosensors-ros2/install/manager/share/manager/cmake/managerConfig.cmake
[2.092s] -- Up-to-date symlink: /home/jj/wearable-biosensors-ros2/install/manager/share/manager/cmake/managerConfig-version.cmake
[2.094s] -- Up-to-date symlink: /home/jj/wearable-biosensors-ros2/install/manager/share/manager/package.xml
[2.104s] Invoked command in '/home/jj/wearable-biosensors-ros2/build/manager' returned '0': AMENT_PREFIX_PATH=/home/jj/wearable-biosensors-ros2/install/vernier_respiration_belt:/home/jj/wearable-biosensors-ros2/install/polar_h10:/home/jj/wearable-biosensors-ros2/install/cdcl_umd_msgs:${AMENT_PREFIX_PATH} CMAKE_PREFIX_PATH=/home/jj/wearable-biosensors-ros2/install/cdcl_umd_msgs:/home/jj/ros2_ws/install/spot_nav2:/home/jj/ros2_ws/install/robot_localization:/opt/ros/humble LD_LIBRARY_PATH=/home/jj/wearable-biosensors-ros2/install/cdcl_umd_msgs/lib:${LD_LIBRARY_PATH} PYTHONPATH=/home/jj/wearable-biosensors-ros2/install/vernier_respiration_belt/lib/python3.10/site-packages:/home/jj/wearable-biosensors-ros2/install/polar_h10/lib/python3.10/site-packages:/home/jj/wearable-biosensors-ros2/install/cdcl_umd_msgs/local/lib/python3.10/dist-packages:${PYTHONPATH} /usr/bin/cmake --install /home/jj/wearable-biosensors-ros2/build/manager
