/home/jj/.local/lib/python3.10/site-packages/setuptools/dist.py:476: SetuptoolsDeprecationWarning: Invalid dash-separated options
!!

        ********************************************************************************
        Usage of dash-separated 'script-dir' will not be supported in future
        versions. Please use the underscore name 'script_dir' instead.

        By 2024-Sep-26, you need to update your project and remove deprecated calls
        or your builds will no longer be supported.

        See https://setuptools.pypa.io/en/latest/userguide/declarative_config.html for details.
        ********************************************************************************

!!
  opt = self.warn_dash_deprecation(opt, section)
running develop
/home/jj/.local/lib/python3.10/site-packages/setuptools/command/develop.py:42: EasyInstallDeprecationWarning: easy_install command is deprecated.
!!

        ********************************************************************************
        Please avoid running ``setup.py`` and ``easy_install``.
        Instead, use pypa/build, pypa/installer or other
        standards-based tools.

        See https://github.com/pypa/setuptools/issues/917 for details.
        ********************************************************************************

!!
  easy_install.initialize_options(self)
running egg_info
writing vernier_respiration_belt.egg-info/PKG-INFO
writing dependency_links to vernier_respiration_belt.egg-info/dependency_links.txt
writing entry points to vernier_respiration_belt.egg-info/entry_points.txt
writing requirements to vernier_respiration_belt.egg-info/requires.txt
writing top-level names to vernier_respiration_belt.egg-info/top_level.txt
reading manifest file 'vernier_respiration_belt.egg-info/SOURCES.txt'
writing manifest file 'vernier_respiration_belt.egg-info/SOURCES.txt'
running build_ext
Creating /home/jj/wearable-biosensors-ros2/install/vernier_respiration_belt/lib/python3.10/site-packages/vernier-respiration-belt.egg-link (link to .)
Installing vernier_respiration_belt_node script to /home/jj/wearable-biosensors-ros2/install/vernier_respiration_belt/lib/vernier_respiration_belt

Installed /home/jj/wearable-biosensors-ros2/build/vernier_respiration_belt
running symlink_data
