[0.195s] Invoking command in '/home/jj/wearable-biosensors-ros2/build/cdcl_umd_msgs': CMAKE_PREFIX_PATH=${CMAKE_PREFIX_PATH}:/home/jj/wearable-biosensors-ros2/install/manager:/home/jj/wearable-biosensors-ros2/install/vernier_respiration_belt:/home/jj/wearable-biosensors-ros2/install/shimmer3_gsr_unit:/home/jj/wearable-biosensors-ros2/install/polar_h10:/home/jj/wearable-biosensors-ros2/install/empatica_e4:/home/jj/wearable-biosensors-ros2/install/emotiv_insight:/opt/ros/humble /usr/bin/cmake --build /home/jj/wearable-biosensors-ros2/build/cdcl_umd_msgs -- -j4 -l4
[5.080s] [  3%] Built target cdcl_umd_msgs__cpp
[5.083s] [ 12%] Built target cdcl_umd_msgs__rosidl_generator_c
[5.084s] [ 12%] Built target ament_cmake_python_symlink_cdcl_umd_msgs
[5.086s] [ 22%] Built target cdcl_umd_msgs__rosidl_typesupport_fastrtps_cpp
[5.088s] [ 32%] Built target cdcl_umd_msgs__rosidl_typesupport_cpp
[5.089s] [ 41%] Built target cdcl_umd_msgs__rosidl_typesupport_introspection_cpp
[5.089s] [ 51%] Built target cdcl_umd_msgs__rosidl_typesupport_fastrtps_c
[5.090s] [ 64%] Built target cdcl_umd_msgs__rosidl_typesupport_introspection_c
[5.091s] [ 70%] Built target cdcl_umd_msgs__rosidl_typesupport_c
[5.091s] [ 70%] Built target cdcl_umd_msgs
[5.092s] [ 74%] Built target cdcl_umd_msgs__py
[5.093s] [ 80%] Built target cdcl_umd_msgs__rosidl_generator_py
[5.093s] [ 87%] Built target cdcl_umd_msgs__rosidl_typesupport_fastrtps_c__pyext
[5.094s] [ 93%] Built target cdcl_umd_msgs__rosidl_typesupport_introspection_c__pyext
[5.094s] [100%] Built target cdcl_umd_msgs__rosidl_typesupport_c__pyext
[5.095s] running egg_info
[5.095s] writing cdcl_umd_msgs.egg-info/PKG-INFO
[5.096s] writing dependency_links to cdcl_umd_msgs.egg-info/dependency_links.txt
[5.096s] writing top-level names to cdcl_umd_msgs.egg-info/top_level.txt
[5.097s] reading manifest file 'cdcl_umd_msgs.egg-info/SOURCES.txt'
[5.097s] writing manifest file 'cdcl_umd_msgs.egg-info/SOURCES.txt'
[5.097s] [100%] Built target ament_cmake_python_build_cdcl_umd_msgs_egg
[5.106s] Invoked command in '/home/jj/wearable-biosensors-ros2/build/cdcl_umd_msgs' returned '0': CMAKE_PREFIX_PATH=${CMAKE_PREFIX_PATH}:/home/jj/wearable-biosensors-ros2/install/manager:/home/jj/wearable-biosensors-ros2/install/vernier_respiration_belt:/home/jj/wearable-biosensors-ros2/install/shimmer3_gsr_unit:/home/jj/wearable-biosensors-ros2/install/polar_h10:/home/jj/wearable-biosensors-ros2/install/empatica_e4:/home/jj/wearable-biosensors-ros2/install/emotiv_insight:/opt/ros/humble /usr/bin/cmake --build /home/jj/wearable-biosensors-ros2/build/cdcl_umd_msgs -- -j4 -l4
[7.234s] Invoking command in '/home/jj/wearable-biosensors-ros2/build/cdcl_umd_msgs': CMAKE_PREFIX_PATH=${CMAKE_PREFIX_PATH}:/home/jj/wearable-biosensors-ros2/install/manager:/home/jj/wearable-biosensors-ros2/install/vernier_respiration_belt:/home/jj/wearable-biosensors-ros2/install/shimmer3_gsr_unit:/home/jj/wearable-biosensors-ros2/install/polar_h10:/home/jj/wearable-biosensors-ros2/install/empatica_e4:/home/jj/wearable-biosensors-ros2/install/emotiv_insight:/opt/ros/humble /usr/bin/cmake --install /home/jj/wearable-biosensors-ros2/build/cdcl_umd_msgs
[7.342s] -- Install configuration: ""
[7.346s] -- Execute custom install script
[7.349s] -- Up-to-date symlink: /home/jj/wearable-biosensors-ros2/install/cdcl_umd_msgs/share/ament_index/resource_index/rosidl_interfaces/cdcl_umd_msgs
[7.361s] -- Up-to-date symlink: /home/jj/wearable-biosensors-ros2/install/cdcl_umd_msgs/include/cdcl_umd_msgs/cdcl_umd_msgs/msg/detail/vitals__functions.h
[7.371s] -- Up-to-date symlink: /home/jj/wearable-biosensors-ros2/install/cdcl_umd_msgs/include/cdcl_umd_msgs/cdcl_umd_msgs/msg/detail/vitals__struct.h
[7.374s] -- Up-to-date symlink: /home/jj/wearable-biosensors-ros2/install/cdcl_umd_msgs/include/cdcl_umd_msgs/cdcl_umd_msgs/msg/detail/vitals__type_support.h
[7.377s] -- Up-to-date symlink: /home/jj/wearable-biosensors-ros2/install/cdcl_umd_msgs/include/cdcl_umd_msgs/cdcl_umd_msgs/msg/rosidl_generator_c__visibility_control.h
[7.378s] -- Up-to-date symlink: /home/jj/wearable-biosensors-ros2/install/cdcl_umd_msgs/include/cdcl_umd_msgs/cdcl_umd_msgs/msg/vitals.h
[7.379s] -- Up-to-date symlink: /home/jj/wearable-biosensors-ros2/install/cdcl_umd_msgs/share/cdcl_umd_msgs/environment/library_path.sh
[7.379s] -- Up-to-date symlink: /home/jj/wearable-biosensors-ros2/install/cdcl_umd_msgs/share/cdcl_umd_msgs/environment/library_path.dsv
[7.394s] -- Up-to-date symlink: /home/jj/wearable-biosensors-ros2/install/cdcl_umd_msgs/include/cdcl_umd_msgs/cdcl_umd_msgs/msg/detail/vitals__rosidl_typesupport_fastrtps_c.h
[7.396s] -- Up-to-date symlink: /home/jj/wearable-biosensors-ros2/install/cdcl_umd_msgs/include/cdcl_umd_msgs/cdcl_umd_msgs/msg/rosidl_typesupport_fastrtps_c__visibility_control.h
[7.412s] -- Up-to-date symlink: /home/jj/wearable-biosensors-ros2/install/cdcl_umd_msgs/include/cdcl_umd_msgs/cdcl_umd_msgs/msg/detail/vitals__rosidl_typesupport_introspection_c.h
[7.414s] -- Up-to-date symlink: /home/jj/wearable-biosensors-ros2/install/cdcl_umd_msgs/include/cdcl_umd_msgs/cdcl_umd_msgs/msg/rosidl_typesupport_introspection_c__visibility_control.h
[7.417s] -- Up-to-date symlink: /home/jj/wearable-biosensors-ros2/install/cdcl_umd_msgs/include/cdcl_umd_msgs/cdcl_umd_msgs/msg/detail/vitals__builder.hpp
[7.418s] -- Up-to-date symlink: /home/jj/wearable-biosensors-ros2/install/cdcl_umd_msgs/include/cdcl_umd_msgs/cdcl_umd_msgs/msg/detail/vitals__struct.hpp
[7.432s] -- Up-to-date symlink: /home/jj/wearable-biosensors-ros2/install/cdcl_umd_msgs/include/cdcl_umd_msgs/cdcl_umd_msgs/msg/detail/vitals__traits.hpp
[7.433s] -- Up-to-date symlink: /home/jj/wearable-biosensors-ros2/install/cdcl_umd_msgs/include/cdcl_umd_msgs/cdcl_umd_msgs/msg/vitals.hpp
[7.438s] -- Up-to-date symlink: /home/jj/wearable-biosensors-ros2/install/cdcl_umd_msgs/include/cdcl_umd_msgs/cdcl_umd_msgs/msg/detail/vitals__rosidl_typesupport_fastrtps_cpp.hpp
[7.447s] -- Up-to-date symlink: /home/jj/wearable-biosensors-ros2/install/cdcl_umd_msgs/include/cdcl_umd_msgs/cdcl_umd_msgs/msg/rosidl_typesupport_fastrtps_cpp__visibility_control.h
[7.451s] -- Up-to-date symlink: /home/jj/wearable-biosensors-ros2/install/cdcl_umd_msgs/include/cdcl_umd_msgs/cdcl_umd_msgs/msg/detail/vitals__rosidl_typesupport_introspection_cpp.hpp
[7.460s] -- Up-to-date symlink: /home/jj/wearable-biosensors-ros2/install/cdcl_umd_msgs/share/cdcl_umd_msgs/environment/pythonpath.sh
[7.461s] -- Up-to-date symlink: /home/jj/wearable-biosensors-ros2/install/cdcl_umd_msgs/share/cdcl_umd_msgs/environment/pythonpath.dsv
[7.475s] -- Up-to-date symlink: /home/jj/wearable-biosensors-ros2/install/cdcl_umd_msgs/local/lib/python3.10/dist-packages/cdcl_umd_msgs-0.0.0-py3.10.egg-info/PKG-INFO
[7.488s] -- Up-to-date symlink: /home/jj/wearable-biosensors-ros2/install/cdcl_umd_msgs/local/lib/python3.10/dist-packages/cdcl_umd_msgs-0.0.0-py3.10.egg-info/SOURCES.txt
[7.492s] -- Up-to-date symlink: /home/jj/wearable-biosensors-ros2/install/cdcl_umd_msgs/local/lib/python3.10/dist-packages/cdcl_umd_msgs-0.0.0-py3.10.egg-info/dependency_links.txt
[7.499s] -- Up-to-date symlink: /home/jj/wearable-biosensors-ros2/install/cdcl_umd_msgs/local/lib/python3.10/dist-packages/cdcl_umd_msgs-0.0.0-py3.10.egg-info/top_level.txt
[7.516s] -- Up-to-date symlink: /home/jj/wearable-biosensors-ros2/install/cdcl_umd_msgs/local/lib/python3.10/dist-packages/cdcl_umd_msgs/__init__.py
[7.525s] -- Up-to-date symlink: /home/jj/wearable-biosensors-ros2/install/cdcl_umd_msgs/local/lib/python3.10/dist-packages/cdcl_umd_msgs/_cdcl_umd_msgs_s.ep.rosidl_typesupport_c.c
[7.530s] -- Up-to-date symlink: /home/jj/wearable-biosensors-ros2/install/cdcl_umd_msgs/local/lib/python3.10/dist-packages/cdcl_umd_msgs/_cdcl_umd_msgs_s.ep.rosidl_typesupport_fastrtps_c.c
[7.535s] -- Up-to-date symlink: /home/jj/wearable-biosensors-ros2/install/cdcl_umd_msgs/local/lib/python3.10/dist-packages/cdcl_umd_msgs/_cdcl_umd_msgs_s.ep.rosidl_typesupport_introspection_c.c
[7.540s] -- Up-to-date symlink: /home/jj/wearable-biosensors-ros2/install/cdcl_umd_msgs/local/lib/python3.10/dist-packages/cdcl_umd_msgs/cdcl_umd_msgs_s__rosidl_typesupport_c.cpython-310-aarch64-linux-gnu.so
[7.549s] -- Up-to-date symlink: /home/jj/wearable-biosensors-ros2/install/cdcl_umd_msgs/local/lib/python3.10/dist-packages/cdcl_umd_msgs/cdcl_umd_msgs_s__rosidl_typesupport_fastrtps_c.cpython-310-aarch64-linux-gnu.so
[7.558s] -- Up-to-date symlink: /home/jj/wearable-biosensors-ros2/install/cdcl_umd_msgs/local/lib/python3.10/dist-packages/cdcl_umd_msgs/cdcl_umd_msgs_s__rosidl_typesupport_introspection_c.cpython-310-aarch64-linux-gnu.so
[7.561s] -- Up-to-date symlink: /home/jj/wearable-biosensors-ros2/install/cdcl_umd_msgs/local/lib/python3.10/dist-packages/cdcl_umd_msgs/libcdcl_umd_msgs__rosidl_generator_py.so
[7.567s] -- Up-to-date symlink: /home/jj/wearable-biosensors-ros2/install/cdcl_umd_msgs/local/lib/python3.10/dist-packages/cdcl_umd_msgs/msg/__init__.py
[7.575s] -- Up-to-date symlink: /home/jj/wearable-biosensors-ros2/install/cdcl_umd_msgs/local/lib/python3.10/dist-packages/cdcl_umd_msgs/msg/_vitals.py
[7.578s] -- Up-to-date symlink: /home/jj/wearable-biosensors-ros2/install/cdcl_umd_msgs/local/lib/python3.10/dist-packages/cdcl_umd_msgs/msg/_vitals_s.c
[7.587s] -- Up-to-date symlink: /home/jj/wearable-biosensors-ros2/install/cdcl_umd_msgs/local/lib/python3.10/dist-packages/cdcl_umd_msgs/cdcl_umd_msgs_s__rosidl_typesupport_fastrtps_c.cpython-310-aarch64-linux-gnu.so
[7.595s] -- Up-to-date symlink: /home/jj/wearable-biosensors-ros2/install/cdcl_umd_msgs/local/lib/python3.10/dist-packages/cdcl_umd_msgs/cdcl_umd_msgs_s__rosidl_typesupport_introspection_c.cpython-310-aarch64-linux-gnu.so
[7.602s] -- Up-to-date symlink: /home/jj/wearable-biosensors-ros2/install/cdcl_umd_msgs/local/lib/python3.10/dist-packages/cdcl_umd_msgs/cdcl_umd_msgs_s__rosidl_typesupport_c.cpython-310-aarch64-linux-gnu.so
[7.609s] -- Up-to-date symlink: /home/jj/wearable-biosensors-ros2/install/cdcl_umd_msgs/share/cdcl_umd_msgs/msg/Vitals.idl
[7.615s] -- Up-to-date symlink: /home/jj/wearable-biosensors-ros2/install/cdcl_umd_msgs/share/cdcl_umd_msgs/msg/Vitals.msg
[7.618s] -- Up-to-date symlink: /home/jj/wearable-biosensors-ros2/install/cdcl_umd_msgs/share/ament_index/resource_index/package_run_dependencies/cdcl_umd_msgs
[7.627s] -- Up-to-date symlink: /home/jj/wearable-biosensors-ros2/install/cdcl_umd_msgs/share/ament_index/resource_index/parent_prefix_path/cdcl_umd_msgs
[7.630s] -- Up-to-date symlink: /home/jj/wearable-biosensors-ros2/install/cdcl_umd_msgs/share/cdcl_umd_msgs/environment/ament_prefix_path.sh
[7.633s] -- Up-to-date symlink: /home/jj/wearable-biosensors-ros2/install/cdcl_umd_msgs/share/cdcl_umd_msgs/environment/ament_prefix_path.dsv
[7.645s] -- Up-to-date symlink: /home/jj/wearable-biosensors-ros2/install/cdcl_umd_msgs/share/cdcl_umd_msgs/environment/path.sh
[7.647s] -- Up-to-date symlink: /home/jj/wearable-biosensors-ros2/install/cdcl_umd_msgs/share/cdcl_umd_msgs/environment/path.dsv
[7.650s] -- Up-to-date symlink: /home/jj/wearable-biosensors-ros2/install/cdcl_umd_msgs/share/cdcl_umd_msgs/local_setup.bash
[7.652s] -- Up-to-date symlink: /home/jj/wearable-biosensors-ros2/install/cdcl_umd_msgs/share/cdcl_umd_msgs/local_setup.sh
[7.667s] -- Up-to-date symlink: /home/jj/wearable-biosensors-ros2/install/cdcl_umd_msgs/share/cdcl_umd_msgs/local_setup.zsh
[7.670s] -- Up-to-date symlink: /home/jj/wearable-biosensors-ros2/install/cdcl_umd_msgs/share/cdcl_umd_msgs/local_setup.dsv
[7.672s] -- Symlinking: /home/jj/wearable-biosensors-ros2/install/cdcl_umd_msgs/share/cdcl_umd_msgs/package.dsv
[7.787s] -- Up-to-date symlink: /home/jj/wearable-biosensors-ros2/install/cdcl_umd_msgs/share/ament_index/resource_index/packages/cdcl_umd_msgs
[7.790s] -- Up-to-date symlink: /home/jj/wearable-biosensors-ros2/install/cdcl_umd_msgs/share/cdcl_umd_msgs/cmake/rosidl_cmake-extras.cmake
[7.801s] -- Up-to-date symlink: /home/jj/wearable-biosensors-ros2/install/cdcl_umd_msgs/share/cdcl_umd_msgs/cmake/ament_cmake_export_dependencies-extras.cmake
[7.804s] -- Up-to-date symlink: /home/jj/wearable-biosensors-ros2/install/cdcl_umd_msgs/share/cdcl_umd_msgs/cmake/ament_cmake_export_include_directories-extras.cmake
[7.813s] -- Up-to-date symlink: /home/jj/wearable-biosensors-ros2/install/cdcl_umd_msgs/share/cdcl_umd_msgs/cmake/ament_cmake_export_libraries-extras.cmake
[7.816s] -- Up-to-date symlink: /home/jj/wearable-biosensors-ros2/install/cdcl_umd_msgs/share/cdcl_umd_msgs/cmake/ament_cmake_export_targets-extras.cmake
[7.817s] -- Up-to-date symlink: /home/jj/wearable-biosensors-ros2/install/cdcl_umd_msgs/share/cdcl_umd_msgs/cmake/rosidl_cmake_export_typesupport_targets-extras.cmake
[7.819s] -- Up-to-date symlink: /home/jj/wearable-biosensors-ros2/install/cdcl_umd_msgs/share/cdcl_umd_msgs/cmake/rosidl_cmake_export_typesupport_libraries-extras.cmake
[7.841s] -- Up-to-date symlink: /home/jj/wearable-biosensors-ros2/install/cdcl_umd_msgs/share/cdcl_umd_msgs/cmake/cdcl_umd_msgsConfig.cmake
[7.844s] -- Up-to-date symlink: /home/jj/wearable-biosensors-ros2/install/cdcl_umd_msgs/share/cdcl_umd_msgs/cmake/cdcl_umd_msgsConfig-version.cmake
[7.846s] -- Up-to-date symlink: /home/jj/wearable-biosensors-ros2/install/cdcl_umd_msgs/share/cdcl_umd_msgs/package.xml
[7.852s] -- Up-to-date: /home/jj/wearable-biosensors-ros2/install/cdcl_umd_msgs/lib/libcdcl_umd_msgs__rosidl_generator_c.so
[7.865s] -- Up-to-date: /home/jj/wearable-biosensors-ros2/install/cdcl_umd_msgs/lib/libcdcl_umd_msgs__rosidl_typesupport_fastrtps_c.so
[7.869s] -- Up-to-date: /home/jj/wearable-biosensors-ros2/install/cdcl_umd_msgs/lib/libcdcl_umd_msgs__rosidl_typesupport_introspection_c.so
[7.872s] -- Up-to-date: /home/jj/wearable-biosensors-ros2/install/cdcl_umd_msgs/lib/libcdcl_umd_msgs__rosidl_typesupport_c.so
[7.890s] -- Up-to-date: /home/jj/wearable-biosensors-ros2/install/cdcl_umd_msgs/lib/libcdcl_umd_msgs__rosidl_typesupport_fastrtps_cpp.so
[7.898s] -- Up-to-date: /home/jj/wearable-biosensors-ros2/install/cdcl_umd_msgs/lib/libcdcl_umd_msgs__rosidl_typesupport_introspection_cpp.so
[7.901s] -- Up-to-date: /home/jj/wearable-biosensors-ros2/install/cdcl_umd_msgs/lib/libcdcl_umd_msgs__rosidl_typesupport_cpp.so
[8.535s] Listing '/home/jj/wearable-biosensors-ros2/install/cdcl_umd_msgs/local/lib/python3.10/dist-packages/cdcl_umd_msgs'...
[8.536s] Listing '/home/jj/wearable-biosensors-ros2/install/cdcl_umd_msgs/local/lib/python3.10/dist-packages/cdcl_umd_msgs/msg'...
[8.640s] -- Up-to-date: /home/jj/wearable-biosensors-ros2/install/cdcl_umd_msgs/lib/libcdcl_umd_msgs__rosidl_generator_py.so
[8.651s] -- Up-to-date: /home/jj/wearable-biosensors-ros2/install/cdcl_umd_msgs/share/cdcl_umd_msgs/cmake/export_cdcl_umd_msgs__rosidl_generator_cExport.cmake
[8.653s] -- Up-to-date: /home/jj/wearable-biosensors-ros2/install/cdcl_umd_msgs/share/cdcl_umd_msgs/cmake/export_cdcl_umd_msgs__rosidl_generator_cExport-noconfig.cmake
[8.656s] -- Up-to-date: /home/jj/wearable-biosensors-ros2/install/cdcl_umd_msgs/share/cdcl_umd_msgs/cmake/export_cdcl_umd_msgs__rosidl_typesupport_fastrtps_cExport.cmake
[8.658s] -- Up-to-date: /home/jj/wearable-biosensors-ros2/install/cdcl_umd_msgs/share/cdcl_umd_msgs/cmake/export_cdcl_umd_msgs__rosidl_typesupport_fastrtps_cExport-noconfig.cmake
[8.668s] -- Up-to-date: /home/jj/wearable-biosensors-ros2/install/cdcl_umd_msgs/share/cdcl_umd_msgs/cmake/cdcl_umd_msgs__rosidl_typesupport_introspection_cExport.cmake
[8.670s] -- Up-to-date: /home/jj/wearable-biosensors-ros2/install/cdcl_umd_msgs/share/cdcl_umd_msgs/cmake/cdcl_umd_msgs__rosidl_typesupport_introspection_cExport-noconfig.cmake
[8.682s] -- Up-to-date: /home/jj/wearable-biosensors-ros2/install/cdcl_umd_msgs/share/cdcl_umd_msgs/cmake/cdcl_umd_msgs__rosidl_typesupport_cExport.cmake
[8.684s] -- Up-to-date: /home/jj/wearable-biosensors-ros2/install/cdcl_umd_msgs/share/cdcl_umd_msgs/cmake/cdcl_umd_msgs__rosidl_typesupport_cExport-noconfig.cmake
[8.691s] -- Up-to-date: /home/jj/wearable-biosensors-ros2/install/cdcl_umd_msgs/share/cdcl_umd_msgs/cmake/export_cdcl_umd_msgs__rosidl_generator_cppExport.cmake
[8.694s] -- Up-to-date: /home/jj/wearable-biosensors-ros2/install/cdcl_umd_msgs/share/cdcl_umd_msgs/cmake/export_cdcl_umd_msgs__rosidl_typesupport_fastrtps_cppExport.cmake
[8.697s] -- Up-to-date: /home/jj/wearable-biosensors-ros2/install/cdcl_umd_msgs/share/cdcl_umd_msgs/cmake/export_cdcl_umd_msgs__rosidl_typesupport_fastrtps_cppExport-noconfig.cmake
[8.704s] -- Up-to-date: /home/jj/wearable-biosensors-ros2/install/cdcl_umd_msgs/share/cdcl_umd_msgs/cmake/cdcl_umd_msgs__rosidl_typesupport_introspection_cppExport.cmake
[8.714s] -- Up-to-date: /home/jj/wearable-biosensors-ros2/install/cdcl_umd_msgs/share/cdcl_umd_msgs/cmake/cdcl_umd_msgs__rosidl_typesupport_introspection_cppExport-noconfig.cmake
[8.720s] -- Up-to-date: /home/jj/wearable-biosensors-ros2/install/cdcl_umd_msgs/share/cdcl_umd_msgs/cmake/cdcl_umd_msgs__rosidl_typesupport_cppExport.cmake
[8.724s] -- Up-to-date: /home/jj/wearable-biosensors-ros2/install/cdcl_umd_msgs/share/cdcl_umd_msgs/cmake/cdcl_umd_msgs__rosidl_typesupport_cppExport-noconfig.cmake
[8.740s] -- Up-to-date: /home/jj/wearable-biosensors-ros2/install/cdcl_umd_msgs/share/cdcl_umd_msgs/cmake/export_cdcl_umd_msgs__rosidl_generator_pyExport.cmake
[8.744s] -- Up-to-date: /home/jj/wearable-biosensors-ros2/install/cdcl_umd_msgs/share/cdcl_umd_msgs/cmake/export_cdcl_umd_msgs__rosidl_generator_pyExport-noconfig.cmake
[8.768s] Invoked command in '/home/jj/wearable-biosensors-ros2/build/cdcl_umd_msgs' returned '0': CMAKE_PREFIX_PATH=${CMAKE_PREFIX_PATH}:/home/jj/wearable-biosensors-ros2/install/manager:/home/jj/wearable-biosensors-ros2/install/vernier_respiration_belt:/home/jj/wearable-biosensors-ros2/install/shimmer3_gsr_unit:/home/jj/wearable-biosensors-ros2/install/polar_h10:/home/jj/wearable-biosensors-ros2/install/empatica_e4:/home/jj/wearable-biosensors-ros2/install/emotiv_insight:/opt/ros/humble /usr/bin/cmake --install /home/jj/wearable-biosensors-ros2/build/cdcl_umd_msgs
