[8.880s] Invoking command in '/home/jj/wearable-biosensors-ros2/build/shimmer3_gsr_unit': PYTHONPATH=/home/jj/wearable-biosensors-ros2/build/shimmer3_gsr_unit/prefix_override:/home/jj/wearable-biosensors-ros2/install/shimmer3_gsr_unit/lib/python3.10/site-packages:${PYTHONPATH} /usr/bin/python3 -W ignore:setup.py install is deprecated setup.py develop --editable --build-directory /home/jj/wearable-biosensors-ros2/build/shimmer3_gsr_unit/build --no-deps symlink_data
[13.633s] /usr/lib/python3/dist-packages/setuptools/dist.py:723: UserWarning: Usage of dash-separated 'script-dir' will not be supported in future versions. Please use the underscore name 'script_dir' instead
[13.634s]   warnings.warn(
[14.187s] running develop
[14.196s] /usr/lib/python3/dist-packages/setuptools/command/easy_install.py:158: EasyInstallDeprecationWarning: easy_install command is deprecated. Use build and pip and other standards-based tools.
[14.200s]   warnings.warn(
[16.361s] running egg_info
[16.364s] writing shimmer3_gsr_unit.egg-info/PKG-INFO
[16.368s] writing dependency_links to shimmer3_gsr_unit.egg-info/dependency_links.txt
[16.369s] writing entry points to shimmer3_gsr_unit.egg-info/entry_points.txt
[16.373s] writing requirements to shimmer3_gsr_unit.egg-info/requires.txt
[16.373s] writing top-level names to shimmer3_gsr_unit.egg-info/top_level.txt
[16.383s] reading manifest file 'shimmer3_gsr_unit.egg-info/SOURCES.txt'
[16.386s] writing manifest file 'shimmer3_gsr_unit.egg-info/SOURCES.txt'
[16.397s] running build_ext
[16.397s] Creating /home/jj/wearable-biosensors-ros2/install/shimmer3_gsr_unit/lib/python3.10/site-packages/shimmer3-gsr-unit.egg-link (link to .)
[16.403s] Installing shimmer_gsr_ppg_node script to /home/jj/wearable-biosensors-ros2/install/shimmer3_gsr_unit/lib/shimmer3_gsr_unit
[16.407s] 
[16.407s] Installed /home/jj/wearable-biosensors-ros2/build/shimmer3_gsr_unit
[16.408s] running symlink_data
[16.729s] Invoked command in '/home/jj/wearable-biosensors-ros2/build/shimmer3_gsr_unit' returned '0': PYTHONPATH=/home/jj/wearable-biosensors-ros2/build/shimmer3_gsr_unit/prefix_override:/home/jj/wearable-biosensors-ros2/install/shimmer3_gsr_unit/lib/python3.10/site-packages:${PYTHONPATH} /usr/bin/python3 -W ignore:setup.py install is deprecated setup.py develop --editable --build-directory /home/jj/wearable-biosensors-ros2/build/shimmer3_gsr_unit/build --no-deps symlink_data
