[0.333s] Invoking command in '/home/jj/wearable-biosensors-ros2/build/rosbag2_storage': AMENT_PREFIX_PATH=/home/jj/wearable-biosensors-ros2/install/rosbag2_test_common:${AMENT_PREFIX_PATH} CMAKE_PREFIX_PATH=/home/jj/wearable-biosensors-ros2/install/rosbag2_test_common:/home/jj/wearable-biosensors-ros2/install/manager:/home/jj/wearable-biosensors-ros2/install/cdcl_umd_msgs:/home/jj/wearable-biosensors-ros2/install/vernier_respiration_belt:/home/jj/wearable-biosensors-ros2/install/shimmer3_gsr_unit:/home/jj/wearable-biosensors-ros2/install/polar_h10:/home/jj/wearable-biosensors-ros2/install/empatica_e4:/home/jj/wearable-biosensors-ros2/install/emotiv_insight:/opt/ros/humble /usr/bin/cmake /home/jj/wearable-biosensors-ros2/src/rosbag2/rosbag2_storage -DCMAKE_INSTALL_PREFIX=/home/jj/wearable-biosensors-ros2/install/rosbag2_storage
[3.307s] -- The C compiler identification is GNU 11.4.0
[5.714s] -- The CXX compiler identification is GNU 11.4.0
[6.036s] -- Detecting C compiler ABI info
[9.616s] -- Detecting C compiler ABI info - done
[9.952s] -- Check for working C compiler: /usr/bin/cc - skipped
[9.964s] -- Detecting C compile features
[9.984s] -- Detecting C compile features - done
[10.138s] -- Detecting CXX compiler ABI info
[13.603s] -- Detecting CXX compiler ABI info - done
[13.889s] -- Check for working CXX compiler: /usr/bin/c++ - skipped
[13.905s] -- Detecting CXX compile features
[13.921s] -- Detecting CXX compile features - done
[14.052s] -- Found ament_cmake: 1.3.9 (/opt/ros/humble/share/ament_cmake/cmake)
[22.760s] -- Found Python3: /usr/bin/python3 (found version "3.10.12") found components: Interpreter 
[29.899s] -- Found pluginlib: 5.1.0 (/opt/ros/humble/share/pluginlib/cmake)
[35.304s] -- Found yaml_cpp_vendor: 8.0.2 (/opt/ros/humble/share/yaml_cpp_vendor/cmake)
[35.947s] -- Found ament_lint_auto: 0.12.11 (/opt/ros/humble/share/ament_lint_auto/cmake)
[36.415s] -- Found ament_cmake_gmock: 1.3.9 (/opt/ros/humble/share/ament_cmake_gmock/cmake)
[36.442s] -- Found rosbag2_test_common: 0.15.11 (/home/jj/wearable-biosensors-ros2/install/rosbag2_test_common/share/rosbag2_test_common/cmake)
[39.010s] -- Found rosidl_generator_c: 3.1.5 (/opt/ros/humble/share/rosidl_generator_c/cmake)
[39.648s] -- Found rosidl_adapter: 3.1.5 (/opt/ros/humble/share/rosidl_adapter/cmake)
[40.416s] -- Found rosidl_generator_cpp: 3.1.5 (/opt/ros/humble/share/rosidl_generator_cpp/cmake)
[41.516s] -- Using all available rosidl_typesupport_c: rosidl_typesupport_fastrtps_c;rosidl_typesupport_introspection_c
[42.705s] -- Using all available rosidl_typesupport_cpp: rosidl_typesupport_fastrtps_cpp;rosidl_typesupport_introspection_cpp
[48.840s] -- Found rmw_implementation_cmake: 6.1.2 (/opt/ros/humble/share/rmw_implementation_cmake/cmake)
[49.296s] -- Found rmw_fastrtps_cpp: 6.2.6 (/opt/ros/humble/share/rmw_fastrtps_cpp/cmake)
[50.925s] -- Found TinyXML2 via Config file: TinyXML2_DIR-NOTFOUND
[52.625s] -- Found OpenSSL: /usr/lib/aarch64-linux-gnu/libcrypto.so (found version "3.0.2")  
[52.712s] -- Found TinyXML2 via Config file: TinyXML2_DIR-NOTFOUND
[53.160s] -- Found FastRTPS: /opt/ros/humble/include  
[53.460s] -- Found TinyXML2 via Config file: TinyXML2_DIR-NOTFOUND
[53.712s] -- Found TinyXML2 via Config file: TinyXML2_DIR-NOTFOUND
[54.107s] -- Using RMW implementation 'rmw_fastrtps_cpp' as default
[55.137s] -- Looking for pthread.h
[58.491s] -- Looking for pthread.h - found
[58.503s] -- Performing Test CMAKE_HAVE_LIBC_PTHREAD
[61.665s] -- Performing Test CMAKE_HAVE_LIBC_PTHREAD - Success
[61.683s] -- Found Threads: TRUE  
[76.551s] -- Found gmock sources under '/opt/ros/humble/src/gmock_vendor': C++ tests using 'Google Mock' will be built
[76.823s] -- Found gtest sources under '/opt/ros/humble/src/gtest_vendor': C++ tests using 'Google Test' will be built
[77.203s] -- Added test 'copyright' to check source files copyright and LICENSE
[77.447s] -- Added test 'cppcheck' to perform static code analysis on C / C++ code
[77.452s] -- Configured cppcheck include dirs: $<BUILD_INTERFACE:/home/jj/wearable-biosensors-ros2/src/rosbag2/rosbag2_storage/include>
[77.454s] -- Configured cppcheck exclude dirs and/or files: 
[77.706s] -- Added test 'cpplint' to check C / C++ code against the Google style
[77.710s] -- Configured cpplint exclude dirs and/or files: 
[77.867s] -- Added test 'lint_cmake' to check CMake code style
[78.097s] -- Added test 'uncrustify' to check C / C++ code style
[78.098s] -- Configured uncrustify additional arguments: 
[78.160s] -- Added test 'xmllint' to check XML markup files
[78.228s] -- Configuring done
[79.563s] -- Generating done
[79.677s] -- Build files have been written to: /home/jj/wearable-biosensors-ros2/build/rosbag2_storage
[79.911s] Invoked command in '/home/jj/wearable-biosensors-ros2/build/rosbag2_storage' returned '0': AMENT_PREFIX_PATH=/home/jj/wearable-biosensors-ros2/install/rosbag2_test_common:${AMENT_PREFIX_PATH} CMAKE_PREFIX_PATH=/home/jj/wearable-biosensors-ros2/install/rosbag2_test_common:/home/jj/wearable-biosensors-ros2/install/manager:/home/jj/wearable-biosensors-ros2/install/cdcl_umd_msgs:/home/jj/wearable-biosensors-ros2/install/vernier_respiration_belt:/home/jj/wearable-biosensors-ros2/install/shimmer3_gsr_unit:/home/jj/wearable-biosensors-ros2/install/polar_h10:/home/jj/wearable-biosensors-ros2/install/empatica_e4:/home/jj/wearable-biosensors-ros2/install/emotiv_insight:/opt/ros/humble /usr/bin/cmake /home/jj/wearable-biosensors-ros2/src/rosbag2/rosbag2_storage -DCMAKE_INSTALL_PREFIX=/home/jj/wearable-biosensors-ros2/install/rosbag2_storage
[79.941s] Invoking command in '/home/jj/wearable-biosensors-ros2/build/rosbag2_storage': AMENT_PREFIX_PATH=/home/jj/wearable-biosensors-ros2/install/rosbag2_test_common:${AMENT_PREFIX_PATH} CMAKE_PREFIX_PATH=/home/jj/wearable-biosensors-ros2/install/rosbag2_test_common:/home/jj/wearable-biosensors-ros2/install/manager:/home/jj/wearable-biosensors-ros2/install/cdcl_umd_msgs:/home/jj/wearable-biosensors-ros2/install/vernier_respiration_belt:/home/jj/wearable-biosensors-ros2/install/shimmer3_gsr_unit:/home/jj/wearable-biosensors-ros2/install/polar_h10:/home/jj/wearable-biosensors-ros2/install/empatica_e4:/home/jj/wearable-biosensors-ros2/install/emotiv_insight:/opt/ros/humble /usr/bin/cmake --build /home/jj/wearable-biosensors-ros2/build/rosbag2_storage -- -j4 -l4
[82.186s] [  4%] [32mBuilding CXX object CMakeFiles/rosbag2_storage.dir/src/rosbag2_storage/default_storage_id.cpp.o[0m
[91.971s] [  8%] [32mBuilding CXX object CMakeFiles/rosbag2_storage.dir/src/rosbag2_storage/metadata_io.cpp.o[0m
[170.181s] [ 13%] [32mBuilding CXX object CMakeFiles/rosbag2_storage.dir/src/rosbag2_storage/ros_helper.cpp.o[0m
[189.896s] [ 17%] [32mBuilding CXX object CMakeFiles/rosbag2_storage.dir/src/rosbag2_storage/storage_factory.cpp.o[0m
[347.283s] [ 21%] [32mBuilding CXX object CMakeFiles/rosbag2_storage.dir/src/rosbag2_storage/storage_options.cpp.o[0m
[380.976s] [ 26%] [32mBuilding CXX object CMakeFiles/rosbag2_storage.dir/src/rosbag2_storage/base_io_interface.cpp.o[0m
[402.785s] [ 30%] [32m[1mLinking CXX shared library librosbag2_storage.so[0m
[408.750s] [ 30%] Built target rosbag2_storage
[409.222s] [ 34%] [32mBuilding CXX object gmock/CMakeFiles/gmock.dir/opt/ros/humble/src/gtest_vendor/src/gtest-all.cc.o[0m
[522.287s] [ 39%] [32mBuilding CXX object gmock/CMakeFiles/gmock.dir/src/gmock-all.cc.o[0m
[581.529s] [ 43%] [32m[1mLinking CXX static library libgmock.a[0m
[584.671s] [ 43%] Built target gmock
[585.314s] [ 47%] [32mBuilding CXX object CMakeFiles/test_plugin.dir/test/rosbag2_storage/test_plugin.cpp.o[0m
[616.501s] [ 52%] [32mBuilding CXX object CMakeFiles/test_plugin.dir/test/rosbag2_storage/test_read_only_plugin.cpp.o[0m
[646.680s] [ 56%] [32m[1mLinking CXX shared library libtest_plugin.so[0m
[649.325s] [ 56%] Built target test_plugin
[650.027s] [ 60%] [32mBuilding CXX object gmock/CMakeFiles/gmock_main.dir/src/gmock_main.cc.o[0m
[681.096s] [ 65%] [32m[1mLinking CXX static library libgmock_main.a[0m
[682.235s] [ 65%] Built target gmock_main
[682.863s] [ 69%] [32mBuilding CXX object CMakeFiles/test_storage_factory.dir/test/rosbag2_storage/test_storage_factory.cpp.o[0m
[726.632s] [ 73%] [32m[1mLinking CXX executable test_storage_factory[0m
[732.984s] [ 73%] Built target test_storage_factory
[733.712s] [ 78%] [32mBuilding CXX object CMakeFiles/test_storage_options.dir/test/rosbag2_storage/test_storage_options.cpp.o[0m
[806.262s] [ 82%] [32m[1mLinking CXX executable test_storage_options[0m
[814.070s] [ 82%] Built target test_storage_options
[814.914s] [ 86%] [32mBuilding CXX object CMakeFiles/test_metadata_serialization.dir/test/rosbag2_storage/test_metadata_serialization.cpp.o[0m
[900.090s] [ 91%] [32m[1mLinking CXX executable test_metadata_serialization[0m
[908.789s] [ 91%] Built target test_metadata_serialization
[909.596s] [ 95%] [32mBuilding CXX object CMakeFiles/test_ros_helper.dir/test/rosbag2_storage/test_ros_helper.cpp.o[0m
[945.148s] [100%] [32m[1mLinking CXX executable test_ros_helper[0m
[949.258s] [100%] Built target test_ros_helper
[949.473s] Invoked command in '/home/jj/wearable-biosensors-ros2/build/rosbag2_storage' returned '0': AMENT_PREFIX_PATH=/home/jj/wearable-biosensors-ros2/install/rosbag2_test_common:${AMENT_PREFIX_PATH} CMAKE_PREFIX_PATH=/home/jj/wearable-biosensors-ros2/install/rosbag2_test_common:/home/jj/wearable-biosensors-ros2/install/manager:/home/jj/wearable-biosensors-ros2/install/cdcl_umd_msgs:/home/jj/wearable-biosensors-ros2/install/vernier_respiration_belt:/home/jj/wearable-biosensors-ros2/install/shimmer3_gsr_unit:/home/jj/wearable-biosensors-ros2/install/polar_h10:/home/jj/wearable-biosensors-ros2/install/empatica_e4:/home/jj/wearable-biosensors-ros2/install/emotiv_insight:/opt/ros/humble /usr/bin/cmake --build /home/jj/wearable-biosensors-ros2/build/rosbag2_storage -- -j4 -l4
[951.560s] Invoking command in '/home/jj/wearable-biosensors-ros2/build/rosbag2_storage': AMENT_PREFIX_PATH=/home/jj/wearable-biosensors-ros2/install/rosbag2_test_common:${AMENT_PREFIX_PATH} CMAKE_PREFIX_PATH=/home/jj/wearable-biosensors-ros2/install/rosbag2_test_common:/home/jj/wearable-biosensors-ros2/install/manager:/home/jj/wearable-biosensors-ros2/install/cdcl_umd_msgs:/home/jj/wearable-biosensors-ros2/install/vernier_respiration_belt:/home/jj/wearable-biosensors-ros2/install/shimmer3_gsr_unit:/home/jj/wearable-biosensors-ros2/install/polar_h10:/home/jj/wearable-biosensors-ros2/install/empatica_e4:/home/jj/wearable-biosensors-ros2/install/emotiv_insight:/opt/ros/humble /usr/bin/cmake --install /home/jj/wearable-biosensors-ros2/build/rosbag2_storage
[951.813s] -- Install configuration: ""
[951.817s] -- Installing: /home/jj/wearable-biosensors-ros2/install/rosbag2_storage/include/rosbag2_storage
[951.823s] -- Installing: /home/jj/wearable-biosensors-ros2/install/rosbag2_storage/include/rosbag2_storage/rosbag2_storage
[951.834s] -- Installing: /home/jj/wearable-biosensors-ros2/install/rosbag2_storage/include/rosbag2_storage/rosbag2_storage/metadata_io.hpp
[951.856s] -- Installing: /home/jj/wearable-biosensors-ros2/install/rosbag2_storage/include/rosbag2_storage/rosbag2_storage/logging.hpp
[951.866s] -- Installing: /home/jj/wearable-biosensors-ros2/install/rosbag2_storage/include/rosbag2_storage/rosbag2_storage/storage_factory_interface.hpp
[951.868s] -- Installing: /home/jj/wearable-biosensors-ros2/install/rosbag2_storage/include/rosbag2_storage/rosbag2_storage/storage_interfaces
[951.879s] -- Installing: /home/jj/wearable-biosensors-ros2/install/rosbag2_storage/include/rosbag2_storage/rosbag2_storage/storage_interfaces/base_info_interface.hpp
[951.891s] -- Installing: /home/jj/wearable-biosensors-ros2/install/rosbag2_storage/include/rosbag2_storage/rosbag2_storage/storage_interfaces/base_write_interface.hpp
[951.893s] -- Installing: /home/jj/wearable-biosensors-ros2/install/rosbag2_storage/include/rosbag2_storage/rosbag2_storage/storage_interfaces/base_read_interface.hpp
[951.899s] -- Installing: /home/jj/wearable-biosensors-ros2/install/rosbag2_storage/include/rosbag2_storage/rosbag2_storage/storage_interfaces/read_write_interface.hpp
[951.900s] -- Installing: /home/jj/wearable-biosensors-ros2/install/rosbag2_storage/include/rosbag2_storage/rosbag2_storage/storage_interfaces/read_only_interface.hpp
[951.914s] -- Installing: /home/jj/wearable-biosensors-ros2/install/rosbag2_storage/include/rosbag2_storage/rosbag2_storage/storage_interfaces/base_io_interface.hpp
[951.918s] -- Installing: /home/jj/wearable-biosensors-ros2/install/rosbag2_storage/include/rosbag2_storage/rosbag2_storage/topic_metadata.hpp
[951.919s] -- Installing: /home/jj/wearable-biosensors-ros2/install/rosbag2_storage/include/rosbag2_storage/rosbag2_storage/storage_filter.hpp
[951.920s] -- Installing: /home/jj/wearable-biosensors-ros2/install/rosbag2_storage/include/rosbag2_storage/rosbag2_storage/visibility_control.hpp
[951.922s] -- Installing: /home/jj/wearable-biosensors-ros2/install/rosbag2_storage/include/rosbag2_storage/rosbag2_storage/ros_helper.hpp
[951.923s] -- Installing: /home/jj/wearable-biosensors-ros2/install/rosbag2_storage/include/rosbag2_storage/rosbag2_storage/yaml.hpp
[951.931s] -- Installing: /home/jj/wearable-biosensors-ros2/install/rosbag2_storage/include/rosbag2_storage/rosbag2_storage/serialized_bag_message.hpp
[951.936s] -- Installing: /home/jj/wearable-biosensors-ros2/install/rosbag2_storage/include/rosbag2_storage/rosbag2_storage/bag_metadata.hpp
[951.940s] -- Installing: /home/jj/wearable-biosensors-ros2/install/rosbag2_storage/include/rosbag2_storage/rosbag2_storage/storage_options.hpp
[951.943s] -- Installing: /home/jj/wearable-biosensors-ros2/install/rosbag2_storage/include/rosbag2_storage/rosbag2_storage/storage_factory.hpp
[951.946s] -- Installing: /home/jj/wearable-biosensors-ros2/install/rosbag2_storage/include/rosbag2_storage/rosbag2_storage/storage_traits.hpp
[951.953s] -- Installing: /home/jj/wearable-biosensors-ros2/install/rosbag2_storage/include/rosbag2_storage/rosbag2_storage/default_storage_id.hpp
[951.962s] -- Installing: /home/jj/wearable-biosensors-ros2/install/rosbag2_storage/lib/librosbag2_storage.so
[952.064s] -- Set runtime path of "/home/jj/wearable-biosensors-ros2/install/rosbag2_storage/lib/librosbag2_storage.so" to ""
[952.071s] -- Installing: /home/jj/wearable-biosensors-ros2/install/rosbag2_storage/share/rosbag2_storage/environment/library_path.sh
[952.076s] -- Installing: /home/jj/wearable-biosensors-ros2/install/rosbag2_storage/share/rosbag2_storage/environment/library_path.dsv
[952.081s] -- Installing: /home/jj/wearable-biosensors-ros2/install/rosbag2_storage/lib/libtest_plugin.so
[952.102s] -- Set runtime path of "/home/jj/wearable-biosensors-ros2/install/rosbag2_storage/lib/libtest_plugin.so" to ""
[952.108s] -- Installing: /home/jj/wearable-biosensors-ros2/install/rosbag2_storage/share/rosbag2_storage/test/rosbag2_storage/test_plugin.xml
[952.127s] -- Installing: /home/jj/wearable-biosensors-ros2/install/rosbag2_storage/share/ament_index/resource_index/package_run_dependencies/rosbag2_storage
[952.135s] -- Installing: /home/jj/wearable-biosensors-ros2/install/rosbag2_storage/share/ament_index/resource_index/parent_prefix_path/rosbag2_storage
[952.140s] -- Installing: /home/jj/wearable-biosensors-ros2/install/rosbag2_storage/share/rosbag2_storage/environment/ament_prefix_path.sh
[952.147s] -- Installing: /home/jj/wearable-biosensors-ros2/install/rosbag2_storage/share/rosbag2_storage/environment/ament_prefix_path.dsv
[952.154s] -- Installing: /home/jj/wearable-biosensors-ros2/install/rosbag2_storage/share/rosbag2_storage/environment/path.sh
[952.167s] -- Installing: /home/jj/wearable-biosensors-ros2/install/rosbag2_storage/share/rosbag2_storage/environment/path.dsv
[952.169s] -- Installing: /home/jj/wearable-biosensors-ros2/install/rosbag2_storage/share/rosbag2_storage/local_setup.bash
[952.170s] -- Installing: /home/jj/wearable-biosensors-ros2/install/rosbag2_storage/share/rosbag2_storage/local_setup.sh
[952.171s] -- Installing: /home/jj/wearable-biosensors-ros2/install/rosbag2_storage/share/rosbag2_storage/local_setup.zsh
[952.173s] -- Installing: /home/jj/wearable-biosensors-ros2/install/rosbag2_storage/share/rosbag2_storage/local_setup.dsv
[952.178s] -- Installing: /home/jj/wearable-biosensors-ros2/install/rosbag2_storage/share/rosbag2_storage/package.dsv
[952.182s] -- Installing: /home/jj/wearable-biosensors-ros2/install/rosbag2_storage/share/ament_index/resource_index/packages/rosbag2_storage
[952.187s] -- Installing: /home/jj/wearable-biosensors-ros2/install/rosbag2_storage/share/ament_index/resource_index/rosbag2_storage__pluginlib__plugin/rosbag2_storage
[952.192s] -- Installing: /home/jj/wearable-biosensors-ros2/install/rosbag2_storage/share/rosbag2_storage/cmake/export_rosbag2_storageExport.cmake
[952.196s] -- Installing: /home/jj/wearable-biosensors-ros2/install/rosbag2_storage/share/rosbag2_storage/cmake/export_rosbag2_storageExport-noconfig.cmake
[952.201s] -- Installing: /home/jj/wearable-biosensors-ros2/install/rosbag2_storage/share/rosbag2_storage/cmake/ament_cmake_export_include_directories-extras.cmake
[952.210s] -- Installing: /home/jj/wearable-biosensors-ros2/install/rosbag2_storage/share/rosbag2_storage/cmake/ament_cmake_export_libraries-extras.cmake
[952.216s] -- Installing: /home/jj/wearable-biosensors-ros2/install/rosbag2_storage/share/rosbag2_storage/cmake/ament_cmake_export_targets-extras.cmake
[952.220s] -- Installing: /home/jj/wearable-biosensors-ros2/install/rosbag2_storage/share/rosbag2_storage/cmake/ament_cmake_export_dependencies-extras.cmake
[952.227s] -- Installing: /home/jj/wearable-biosensors-ros2/install/rosbag2_storage/share/rosbag2_storage/cmake/rosbag2_storageConfig.cmake
[952.230s] -- Installing: /home/jj/wearable-biosensors-ros2/install/rosbag2_storage/share/rosbag2_storage/cmake/rosbag2_storageConfig-version.cmake
[952.237s] -- Installing: /home/jj/wearable-biosensors-ros2/install/rosbag2_storage/share/rosbag2_storage/package.xml
[952.294s] Invoked command in '/home/jj/wearable-biosensors-ros2/build/rosbag2_storage' returned '0': AMENT_PREFIX_PATH=/home/jj/wearable-biosensors-ros2/install/rosbag2_test_common:${AMENT_PREFIX_PATH} CMAKE_PREFIX_PATH=/home/jj/wearable-biosensors-ros2/install/rosbag2_test_common:/home/jj/wearable-biosensors-ros2/install/manager:/home/jj/wearable-biosensors-ros2/install/cdcl_umd_msgs:/home/jj/wearable-biosensors-ros2/install/vernier_respiration_belt:/home/jj/wearable-biosensors-ros2/install/shimmer3_gsr_unit:/home/jj/wearable-biosensors-ros2/install/polar_h10:/home/jj/wearable-biosensors-ros2/install/empatica_e4:/home/jj/wearable-biosensors-ros2/install/emotiv_insight:/opt/ros/humble /usr/bin/cmake --install /home/jj/wearable-biosensors-ros2/build/rosbag2_storage
