[11.982s] Invoking command in '/home/jj/wearable-biosensors-ros2/build/shimmer3_gsr_unit': PYTHONPATH=/home/jj/wearable-biosensors-ros2/build/shimmer3_gsr_unit/prefix_override:/home/jj/wearable-biosensors-ros2/install/shimmer3_gsr_unit/lib/python3.10/site-packages:${PYTHONPATH} /usr/bin/python3 -W ignore:setup.py install is deprecated setup.py develop --editable --build-directory /home/jj/wearable-biosensors-ros2/build/shimmer3_gsr_unit/build --no-deps symlink_data --force
[15.064s] /usr/lib/python3/dist-packages/setuptools/dist.py:723: UserWarning: Usage of dash-separated 'script-dir' will not be supported in future versions. Please use the underscore name 'script_dir' instead
[15.064s]   warnings.warn(
[15.372s] running develop
[15.373s] /usr/lib/python3/dist-packages/setuptools/command/easy_install.py:158: EasyInstallDeprecationWarning: easy_install command is deprecated. Use build and pip and other standards-based tools.
[15.373s]   warnings.warn(
[17.798s] running egg_info
[17.802s] writing shimmer3_gsr_unit.egg-info/PKG-INFO
[17.802s] writing dependency_links to shimmer3_gsr_unit.egg-info/dependency_links.txt
[17.803s] writing entry points to shimmer3_gsr_unit.egg-info/entry_points.txt
[17.808s] writing requirements to shimmer3_gsr_unit.egg-info/requires.txt
[17.820s] writing top-level names to shimmer3_gsr_unit.egg-info/top_level.txt
[17.840s] reading manifest file 'shimmer3_gsr_unit.egg-info/SOURCES.txt'
[17.856s] writing manifest file 'shimmer3_gsr_unit.egg-info/SOURCES.txt'
[17.857s] running build_ext
[17.857s] Creating /home/jj/wearable-biosensors-ros2/install/shimmer3_gsr_unit/lib/python3.10/site-packages/shimmer3-gsr-unit.egg-link (link to .)
[17.872s] Installing shimmer_gsr_ppg_node script to /home/jj/wearable-biosensors-ros2/install/shimmer3_gsr_unit/lib/shimmer3_gsr_unit
[17.872s] 
[17.874s] Installed /home/jj/wearable-biosensors-ros2/build/shimmer3_gsr_unit
[17.874s] running symlink_data
[17.875s] symbolically linking /home/jj/wearable-biosensors-ros2/build/shimmer3_gsr_unit/resource/shimmer3_gsr_unit -> /home/jj/wearable-biosensors-ros2/install/shimmer3_gsr_unit/share/ament_index/resource_index/packages
[17.875s] symbolically linking /home/jj/wearable-biosensors-ros2/build/shimmer3_gsr_unit/package.xml -> /home/jj/wearable-biosensors-ros2/install/shimmer3_gsr_unit/share/shimmer3_gsr_unit
[17.884s] symbolically linking /home/jj/wearable-biosensors-ros2/build/shimmer3_gsr_unit/launch/ros2-shimmer3_gsr.launch.py -> /home/jj/wearable-biosensors-ros2/install/shimmer3_gsr_unit/share/shimmer3_gsr_unit
[18.097s] Invoked command in '/home/jj/wearable-biosensors-ros2/build/shimmer3_gsr_unit' returned '0': PYTHONPATH=/home/jj/wearable-biosensors-ros2/build/shimmer3_gsr_unit/prefix_override:/home/jj/wearable-biosensors-ros2/install/shimmer3_gsr_unit/lib/python3.10/site-packages:${PYTHONPATH} /usr/bin/python3 -W ignore:setup.py install is deprecated setup.py develop --editable --build-directory /home/jj/wearable-biosensors-ros2/build/shimmer3_gsr_unit/build --no-deps symlink_data --force
