[11.877s] Invoking command in '/home/jj/wearable-biosensors-ros2/build/empatica_e4': PYTHONPATH=/home/jj/wearable-biosensors-ros2/build/empatica_e4/prefix_override:/home/jj/wearable-biosensors-ros2/install/empatica_e4/lib/python3.10/site-packages:${PYTHONPATH} /usr/bin/python3 -W ignore:setup.py install is deprecated setup.py develop --editable --build-directory /home/jj/wearable-biosensors-ros2/build/empatica_e4/build --no-deps symlink_data --force
[15.352s] /usr/lib/python3/dist-packages/setuptools/dist.py:723: UserWarning: Usage of dash-separated 'script-dir' will not be supported in future versions. Please use the underscore name 'script_dir' instead
[15.353s]   warnings.warn(
[15.840s] running develop
[15.841s] /usr/lib/python3/dist-packages/setuptools/command/easy_install.py:158: EasyInstallDeprecationWarning: easy_install command is deprecated. Use build and pip and other standards-based tools.
[15.841s]   warnings.warn(
[18.963s] running egg_info
[18.964s] writing empatica_e4.egg-info/PKG-INFO
[18.965s] writing dependency_links to empatica_e4.egg-info/dependency_links.txt
[18.967s] writing entry points to empatica_e4.egg-info/entry_points.txt
[18.971s] writing requirements to empatica_e4.egg-info/requires.txt
[18.978s] writing top-level names to empatica_e4.egg-info/top_level.txt
[18.978s] reading manifest file 'empatica_e4.egg-info/SOURCES.txt'
[18.982s] writing manifest file 'empatica_e4.egg-info/SOURCES.txt'
[18.991s] running build_ext
[18.993s] Creating /home/jj/wearable-biosensors-ros2/install/empatica_e4/lib/python3.10/site-packages/empatica-e4.egg-link (link to .)
[18.998s] Installing empatica_e4_node script to /home/jj/wearable-biosensors-ros2/install/empatica_e4/lib/empatica_e4
[19.000s] 
[19.000s] Installed /home/jj/wearable-biosensors-ros2/build/empatica_e4
[19.001s] running symlink_data
[19.002s] symbolically linking /home/jj/wearable-biosensors-ros2/build/empatica_e4/resource/empatica_e4 -> /home/jj/wearable-biosensors-ros2/install/empatica_e4/share/ament_index/resource_index/packages
[19.009s] symbolically linking /home/jj/wearable-biosensors-ros2/build/empatica_e4/package.xml -> /home/jj/wearable-biosensors-ros2/install/empatica_e4/share/empatica_e4
[19.017s] symbolically linking /home/jj/wearable-biosensors-ros2/build/empatica_e4/launch/ros2-empatica_E4.launch.py -> /home/jj/wearable-biosensors-ros2/install/empatica_e4/share/empatica_e4
[19.184s] Invoked command in '/home/jj/wearable-biosensors-ros2/build/empatica_e4' returned '0': PYTHONPATH=/home/jj/wearable-biosensors-ros2/build/empatica_e4/prefix_override:/home/jj/wearable-biosensors-ros2/install/empatica_e4/lib/python3.10/site-packages:${PYTHONPATH} /usr/bin/python3 -W ignore:setup.py install is deprecated setup.py develop --editable --build-directory /home/jj/wearable-biosensors-ros2/build/empatica_e4/build --no-deps symlink_data --force
