[3.311s] Invoking command in '/home/jj/wearable-biosensors-ros2/build/vernier_respiration_belt': PYTHONPATH=/home/jj/wearable-biosensors-ros2/build/vernier_respiration_belt/prefix_override:/home/jj/wearable-biosensors-ros2/install/vernier_respiration_belt/lib/python3.10/site-packages:${PYTHONPATH} /usr/bin/python3 -W ignore:setup.py install is deprecated setup.py develop --editable --build-directory /home/jj/wearable-biosensors-ros2/build/vernier_respiration_belt/build --no-deps symlink_data
[4.523s] /usr/lib/python3/dist-packages/setuptools/dist.py:723: UserWarning: Usage of dash-separated 'script-dir' will not be supported in future versions. Please use the underscore name 'script_dir' instead
[4.523s]   warnings.warn(
[4.699s] running develop
[4.700s] /usr/lib/python3/dist-packages/setuptools/command/easy_install.py:158: EasyInstallDeprecationWarning: easy_install command is deprecated. Use build and pip and other standards-based tools.
[4.701s]   warnings.warn(
[5.599s] running egg_info
[5.600s] creating vernier_respiration_belt.egg-info
[5.601s] writing vernier_respiration_belt.egg-info/PKG-INFO
[5.602s] writing dependency_links to vernier_respiration_belt.egg-info/dependency_links.txt
[5.602s] writing entry points to vernier_respiration_belt.egg-info/entry_points.txt
[5.603s] writing requirements to vernier_respiration_belt.egg-info/requires.txt
[5.604s] writing top-level names to vernier_respiration_belt.egg-info/top_level.txt
[5.605s] writing manifest file 'vernier_respiration_belt.egg-info/SOURCES.txt'
[5.612s] package init file 'vernier_respiration_belt/gdx/__init__.py' not found (or not a regular file)
[5.615s] reading manifest file 'vernier_respiration_belt.egg-info/SOURCES.txt'
[5.618s] writing manifest file 'vernier_respiration_belt.egg-info/SOURCES.txt'
[5.624s] running build_ext
[5.625s] Creating /home/jj/wearable-biosensors-ros2/install/vernier_respiration_belt/lib/python3.10/site-packages/vernier-respiration-belt.egg-link (link to .)
[5.629s] Installing vernier_respiration_belt_node script to /home/jj/wearable-biosensors-ros2/install/vernier_respiration_belt/lib/vernier_respiration_belt
[5.631s] 
[5.631s] Installed /home/jj/wearable-biosensors-ros2/build/vernier_respiration_belt
[5.632s] running symlink_data
[5.633s] creating /home/jj/wearable-biosensors-ros2/install/vernier_respiration_belt/share/ament_index
[5.633s] creating /home/jj/wearable-biosensors-ros2/install/vernier_respiration_belt/share/ament_index/resource_index
[5.633s] creating /home/jj/wearable-biosensors-ros2/install/vernier_respiration_belt/share/ament_index/resource_index/packages
[5.634s] symbolically linking /home/jj/wearable-biosensors-ros2/build/vernier_respiration_belt/resource/vernier_respiration_belt -> /home/jj/wearable-biosensors-ros2/install/vernier_respiration_belt/share/ament_index/resource_index/packages
[5.635s] symbolically linking /home/jj/wearable-biosensors-ros2/build/vernier_respiration_belt/package.xml -> /home/jj/wearable-biosensors-ros2/install/vernier_respiration_belt/share/vernier_respiration_belt
[5.636s] symbolically linking /home/jj/wearable-biosensors-ros2/build/vernier_respiration_belt/launch/ros2-vernier_respiration_belt.launch.py -> /home/jj/wearable-biosensors-ros2/install/vernier_respiration_belt/share/vernier_respiration_belt
[5.781s] Invoked command in '/home/jj/wearable-biosensors-ros2/build/vernier_respiration_belt' returned '0': PYTHONPATH=/home/jj/wearable-biosensors-ros2/build/vernier_respiration_belt/prefix_override:/home/jj/wearable-biosensors-ros2/install/vernier_respiration_belt/lib/python3.10/site-packages:${PYTHONPATH} /usr/bin/python3 -W ignore:setup.py install is deprecated setup.py develop --editable --build-directory /home/jj/wearable-biosensors-ros2/build/vernier_respiration_belt/build --no-deps symlink_data
