[0.080s] Invoking command in '/home/jj/wearable-biosensors-ros2/build/manager': AMENT_PREFIX_PATH=/home/jj/wearable-biosensors-ros2/install/vernier_respiration_belt:/home/jj/wearable-biosensors-ros2/install/polar_h10:/home/jj/wearable-biosensors-ros2/install/cdcl_umd_msgs:${AMENT_PREFIX_PATH} CMAKE_PREFIX_PATH=/home/jj/wearable-biosensors-ros2/install/cdcl_umd_msgs:/home/jj/ros2_ws/install/spot_nav2:/home/jj/ros2_ws/install/robot_localization:/opt/ros/humble LD_LIBRARY_PATH=/home/jj/wearable-biosensors-ros2/install/cdcl_umd_msgs/lib:${LD_LIBRARY_PATH} PYTHONPATH=/home/jj/wearable-biosensors-ros2/build/vernier_respiration_belt:/home/jj/wearable-biosensors-ros2/install/vernier_respiration_belt/lib/python3.10/site-packages:/home/jj/wearable-biosensors-ros2/build/polar_h10:/home/jj/wearable-biosensors-ros2/install/polar_h10/lib/python3.10/site-packages:/home/jj/wearable-biosensors-ros2/install/cdcl_umd_msgs/local/lib/python3.10/dist-packages:${PYTHONPATH} /usr/bin/cmake /home/jj/wearable-biosensors-ros2/src/manager -DAMENT_CMAKE_SYMLINK_INSTALL=1 -DCMAKE_INSTALL_PREFIX=/home/jj/wearable-biosensors-ros2/install/manager
[0.144s] -- The C compiler identification is GNU 11.4.0
[0.292s] -- The CXX compiler identification is GNU 11.4.0
[0.374s] -- Detecting C compiler ABI info
[0.454s] -- Detecting C compiler ABI info - done
[0.460s] -- Check for working C compiler: /usr/bin/cc - skipped
[0.460s] -- Detecting C compile features
[0.461s] -- Detecting C compile features - done
[0.463s] -- Detecting CXX compiler ABI info
[0.550s] -- Detecting CXX compiler ABI info - done
[0.556s] -- Check for working CXX compiler: /usr/bin/c++ - skipped
[0.557s] -- Detecting CXX compile features
[0.557s] -- Detecting CXX compile features - done
[0.559s] -- Found ament_cmake: 1.3.9 (/opt/ros/humble/share/ament_cmake/cmake)
[0.693s] -- Found Python3: /usr/bin/python3 (found version "3.10.12") found components: Interpreter 
[0.758s] -- Override CMake install command with custom implementation using symlinks instead of copying resources
[0.849s] -- Configuring done
[0.852s] -- Generating done
[0.853s] -- Build files have been written to: /home/jj/wearable-biosensors-ros2/build/manager
[0.858s] Invoked command in '/home/jj/wearable-biosensors-ros2/build/manager' returned '0': AMENT_PREFIX_PATH=/home/jj/wearable-biosensors-ros2/install/vernier_respiration_belt:/home/jj/wearable-biosensors-ros2/install/polar_h10:/home/jj/wearable-biosensors-ros2/install/cdcl_umd_msgs:${AMENT_PREFIX_PATH} CMAKE_PREFIX_PATH=/home/jj/wearable-biosensors-ros2/install/cdcl_umd_msgs:/home/jj/ros2_ws/install/spot_nav2:/home/jj/ros2_ws/install/robot_localization:/opt/ros/humble LD_LIBRARY_PATH=/home/jj/wearable-biosensors-ros2/install/cdcl_umd_msgs/lib:${LD_LIBRARY_PATH} PYTHONPATH=/home/jj/wearable-biosensors-ros2/build/vernier_respiration_belt:/home/jj/wearable-biosensors-ros2/install/vernier_respiration_belt/lib/python3.10/site-packages:/home/jj/wearable-biosensors-ros2/build/polar_h10:/home/jj/wearable-biosensors-ros2/install/polar_h10/lib/python3.10/site-packages:/home/jj/wearable-biosensors-ros2/install/cdcl_umd_msgs/local/lib/python3.10/dist-packages:${PYTHONPATH} /usr/bin/cmake /home/jj/wearable-biosensors-ros2/src/manager -DAMENT_CMAKE_SYMLINK_INSTALL=1 -DCMAKE_INSTALL_PREFIX=/home/jj/wearable-biosensors-ros2/install/manager
[0.859s] Invoking command in '/home/jj/wearable-biosensors-ros2/build/manager': AMENT_PREFIX_PATH=/home/jj/wearable-biosensors-ros2/install/vernier_respiration_belt:/home/jj/wearable-biosensors-ros2/install/polar_h10:/home/jj/wearable-biosensors-ros2/install/cdcl_umd_msgs:${AMENT_PREFIX_PATH} CMAKE_PREFIX_PATH=/home/jj/wearable-biosensors-ros2/install/cdcl_umd_msgs:/home/jj/ros2_ws/install/spot_nav2:/home/jj/ros2_ws/install/robot_localization:/opt/ros/humble LD_LIBRARY_PATH=/home/jj/wearable-biosensors-ros2/install/cdcl_umd_msgs/lib:${LD_LIBRARY_PATH} PYTHONPATH=/home/jj/wearable-biosensors-ros2/build/vernier_respiration_belt:/home/jj/wearable-biosensors-ros2/install/vernier_respiration_belt/lib/python3.10/site-packages:/home/jj/wearable-biosensors-ros2/build/polar_h10:/home/jj/wearable-biosensors-ros2/install/polar_h10/lib/python3.10/site-packages:/home/jj/wearable-biosensors-ros2/install/cdcl_umd_msgs/local/lib/python3.10/dist-packages:${PYTHONPATH} /usr/bin/cmake --build /home/jj/wearable-biosensors-ros2/build/manager -- -j12 -l12
[0.889s] Invoked command in '/home/jj/wearable-biosensors-ros2/build/manager' returned '0': AMENT_PREFIX_PATH=/home/jj/wearable-biosensors-ros2/install/vernier_respiration_belt:/home/jj/wearable-biosensors-ros2/install/polar_h10:/home/jj/wearable-biosensors-ros2/install/cdcl_umd_msgs:${AMENT_PREFIX_PATH} CMAKE_PREFIX_PATH=/home/jj/wearable-biosensors-ros2/install/cdcl_umd_msgs:/home/jj/ros2_ws/install/spot_nav2:/home/jj/ros2_ws/install/robot_localization:/opt/ros/humble LD_LIBRARY_PATH=/home/jj/wearable-biosensors-ros2/install/cdcl_umd_msgs/lib:${LD_LIBRARY_PATH} PYTHONPATH=/home/jj/wearable-biosensors-ros2/build/vernier_respiration_belt:/home/jj/wearable-biosensors-ros2/install/vernier_respiration_belt/lib/python3.10/site-packages:/home/jj/wearable-biosensors-ros2/build/polar_h10:/home/jj/wearable-biosensors-ros2/install/polar_h10/lib/python3.10/site-packages:/home/jj/wearable-biosensors-ros2/install/cdcl_umd_msgs/local/lib/python3.10/dist-packages:${PYTHONPATH} /usr/bin/cmake --build /home/jj/wearable-biosensors-ros2/build/manager -- -j12 -l12
[0.909s] Invoking command in '/home/jj/wearable-biosensors-ros2/build/manager': AMENT_PREFIX_PATH=/home/jj/wearable-biosensors-ros2/install/vernier_respiration_belt:/home/jj/wearable-biosensors-ros2/install/polar_h10:/home/jj/wearable-biosensors-ros2/install/cdcl_umd_msgs:${AMENT_PREFIX_PATH} CMAKE_PREFIX_PATH=/home/jj/wearable-biosensors-ros2/install/cdcl_umd_msgs:/home/jj/ros2_ws/install/spot_nav2:/home/jj/ros2_ws/install/robot_localization:/opt/ros/humble LD_LIBRARY_PATH=/home/jj/wearable-biosensors-ros2/install/cdcl_umd_msgs/lib:${LD_LIBRARY_PATH} PYTHONPATH=/home/jj/wearable-biosensors-ros2/build/vernier_respiration_belt:/home/jj/wearable-biosensors-ros2/install/vernier_respiration_belt/lib/python3.10/site-packages:/home/jj/wearable-biosensors-ros2/build/polar_h10:/home/jj/wearable-biosensors-ros2/install/polar_h10/lib/python3.10/site-packages:/home/jj/wearable-biosensors-ros2/install/cdcl_umd_msgs/local/lib/python3.10/dist-packages:${PYTHONPATH} /usr/bin/cmake --install /home/jj/wearable-biosensors-ros2/build/manager
[0.916s] -- Install configuration: ""
[0.916s] -- Execute custom install script
[0.917s] -- Symlinking: /home/jj/wearable-biosensors-ros2/install/manager/share/manager/launch/collector.launch.py
[0.925s] -- Symlinking: /home/jj/wearable-biosensors-ros2/install/manager/share/ament_index/resource_index/package_run_dependencies/manager
[0.933s] -- Symlinking: /home/jj/wearable-biosensors-ros2/install/manager/share/ament_index/resource_index/parent_prefix_path/manager
[0.940s] -- Symlinking: /home/jj/wearable-biosensors-ros2/install/manager/share/manager/environment/ament_prefix_path.sh
[0.948s] -- Symlinking: /home/jj/wearable-biosensors-ros2/install/manager/share/manager/environment/ament_prefix_path.dsv
[0.959s] -- Symlinking: /home/jj/wearable-biosensors-ros2/install/manager/share/manager/environment/path.sh
[0.962s] -- Symlinking: /home/jj/wearable-biosensors-ros2/install/manager/share/manager/environment/path.dsv
[0.972s] -- Symlinking: /home/jj/wearable-biosensors-ros2/install/manager/share/manager/local_setup.bash
[0.979s] -- Symlinking: /home/jj/wearable-biosensors-ros2/install/manager/share/manager/local_setup.sh
[0.986s] -- Symlinking: /home/jj/wearable-biosensors-ros2/install/manager/share/manager/local_setup.zsh
[0.993s] -- Symlinking: /home/jj/wearable-biosensors-ros2/install/manager/share/manager/local_setup.dsv
[1.002s] -- Symlinking: /home/jj/wearable-biosensors-ros2/install/manager/share/manager/package.dsv
[1.010s] -- Symlinking: /home/jj/wearable-biosensors-ros2/install/manager/share/ament_index/resource_index/packages/manager
[1.018s] -- Symlinking: /home/jj/wearable-biosensors-ros2/install/manager/share/manager/cmake/managerConfig.cmake
[1.025s] -- Symlinking: /home/jj/wearable-biosensors-ros2/install/manager/share/manager/cmake/managerConfig-version.cmake
[1.032s] -- Symlinking: /home/jj/wearable-biosensors-ros2/install/manager/share/manager/package.xml
[1.041s] Invoked command in '/home/jj/wearable-biosensors-ros2/build/manager' returned '0': AMENT_PREFIX_PATH=/home/jj/wearable-biosensors-ros2/install/vernier_respiration_belt:/home/jj/wearable-biosensors-ros2/install/polar_h10:/home/jj/wearable-biosensors-ros2/install/cdcl_umd_msgs:${AMENT_PREFIX_PATH} CMAKE_PREFIX_PATH=/home/jj/wearable-biosensors-ros2/install/cdcl_umd_msgs:/home/jj/ros2_ws/install/spot_nav2:/home/jj/ros2_ws/install/robot_localization:/opt/ros/humble LD_LIBRARY_PATH=/home/jj/wearable-biosensors-ros2/install/cdcl_umd_msgs/lib:${LD_LIBRARY_PATH} PYTHONPATH=/home/jj/wearable-biosensors-ros2/build/vernier_respiration_belt:/home/jj/wearable-biosensors-ros2/install/vernier_respiration_belt/lib/python3.10/site-packages:/home/jj/wearable-biosensors-ros2/build/polar_h10:/home/jj/wearable-biosensors-ros2/install/polar_h10/lib/python3.10/site-packages:/home/jj/wearable-biosensors-ros2/install/cdcl_umd_msgs/local/lib/python3.10/dist-packages:${PYTHONPATH} /usr/bin/cmake --install /home/jj/wearable-biosensors-ros2/build/manager
