[10.721s] Invoking command in '/home/jj/wearable-biosensors-ros2/build/empatica_e4': PYTHONPATH=/home/jj/wearable-biosensors-ros2/build/empatica_e4/prefix_override:/home/jj/wearable-biosensors-ros2/install/empatica_e4/lib/python3.10/site-packages:${PYTHONPATH} /usr/bin/python3 -W ignore:setup.py install is deprecated setup.py develop --editable --build-directory /home/jj/wearable-biosensors-ros2/build/empatica_e4/build --no-deps symlink_data
[15.557s] /usr/lib/python3/dist-packages/setuptools/dist.py:723: UserWarning: Usage of dash-separated 'script-dir' will not be supported in future versions. Please use the underscore name 'script_dir' instead
[15.558s]   warnings.warn(
[16.217s] /usr/lib/python3/dist-packages/setuptools/command/easy_install.py:158: EasyInstallDeprecationWarning: easy_install command is deprecated. Use build and pip and other standards-based tools.
[16.218s]   warnings.warn(
[16.218s] running develop
[21.904s] running egg_info
[21.906s] writing empatica_e4.egg-info/PKG-INFO
[21.913s] writing dependency_links to empatica_e4.egg-info/dependency_links.txt
[21.917s] writing entry points to empatica_e4.egg-info/entry_points.txt
[21.921s] writing requirements to empatica_e4.egg-info/requires.txt
[21.927s] writing top-level names to empatica_e4.egg-info/top_level.txt
[21.954s] reading manifest file 'empatica_e4.egg-info/SOURCES.txt'
[21.986s] writing manifest file 'empatica_e4.egg-info/SOURCES.txt'
[22.020s] running build_ext
[22.026s] Creating /home/jj/wearable-biosensors-ros2/install/empatica_e4/lib/python3.10/site-packages/empatica-e4.egg-link (link to .)
[22.051s] Installing empatica_e4_node script to /home/jj/wearable-biosensors-ros2/install/empatica_e4/lib/empatica_e4
[22.057s] 
[22.065s] Installed /home/jj/wearable-biosensors-ros2/build/empatica_e4
[22.067s] running symlink_data
[24.827s] Invoked command in '/home/jj/wearable-biosensors-ros2/build/empatica_e4' returned '0': PYTHONPATH=/home/jj/wearable-biosensors-ros2/build/empatica_e4/prefix_override:/home/jj/wearable-biosensors-ros2/install/empatica_e4/lib/python3.10/site-packages:${PYTHONPATH} /usr/bin/python3 -W ignore:setup.py install is deprecated setup.py develop --editable --build-directory /home/jj/wearable-biosensors-ros2/build/empatica_e4/build --no-deps symlink_data
