[11.371s] Invoking command in '/home/jj/wearable-biosensors-ros2/build/emotiv_insight': PYTHONPATH=/home/jj/wearable-biosensors-ros2/build/emotiv_insight/prefix_override:/home/jj/wearable-biosensors-ros2/install/emotiv_insight/lib/python3.10/site-packages:${PYTHONPATH} /usr/bin/python3 -W ignore:setup.py install is deprecated setup.py develop --editable --build-directory /home/jj/wearable-biosensors-ros2/build/emotiv_insight/build --no-deps symlink_data
[15.099s] /usr/lib/python3/dist-packages/setuptools/dist.py:723: UserWarning: Usage of dash-separated 'script-dir' will not be supported in future versions. Please use the underscore name 'script_dir' instead
[15.100s]   warnings.warn(
[15.797s] running develop
[15.799s] /usr/lib/python3/dist-packages/setuptools/command/easy_install.py:158: EasyInstallDeprecationWarning: easy_install command is deprecated. Use build and pip and other standards-based tools.
[15.799s]   warnings.warn(
[21.081s] running egg_info
[21.082s] writing emotiv_insight.egg-info/PKG-INFO
[21.088s] writing dependency_links to emotiv_insight.egg-info/dependency_links.txt
[21.100s] writing entry points to emotiv_insight.egg-info/entry_points.txt
[21.105s] writing requirements to emotiv_insight.egg-info/requires.txt
[21.106s] writing top-level names to emotiv_insight.egg-info/top_level.txt
[21.126s] reading manifest file 'emotiv_insight.egg-info/SOURCES.txt'
[21.128s] writing manifest file 'emotiv_insight.egg-info/SOURCES.txt'
[21.154s] running build_ext
[21.156s] Creating /home/jj/wearable-biosensors-ros2/install/emotiv_insight/lib/python3.10/site-packages/emotiv-insight.egg-link (link to .)
[21.171s] Installing emotiv_insight_node script to /home/jj/wearable-biosensors-ros2/install/emotiv_insight/lib/emotiv_insight
[21.184s] 
[21.186s] Installed /home/jj/wearable-biosensors-ros2/build/emotiv_insight
[21.188s] running symlink_data
[25.489s] Invoked command in '/home/jj/wearable-biosensors-ros2/build/emotiv_insight' returned '0': PYTHONPATH=/home/jj/wearable-biosensors-ros2/build/emotiv_insight/prefix_override:/home/jj/wearable-biosensors-ros2/install/emotiv_insight/lib/python3.10/site-packages:${PYTHONPATH} /usr/bin/python3 -W ignore:setup.py install is deprecated setup.py develop --editable --build-directory /home/jj/wearable-biosensors-ros2/build/emotiv_insight/build --no-deps symlink_data
