running develop
/home/jj/.local/lib/python3.10/site-packages/setuptools/command/develop.py:42: EasyInstallDeprecationWarning: easy_install command is deprecated.
!!

        ********************************************************************************
        Please avoid running ``setup.py`` and ``easy_install``.
        Instead, use pypa/build, pypa/installer or other
        standards-based tools.

        See https://github.com/pypa/setuptools/issues/917 for details.
        ********************************************************************************

!!
  easy_install.initialize_options(self)
running egg_info
writing cdcl_umd_msgs.egg-info/PKG-INFO
writing dependency_links to cdcl_umd_msgs.egg-info/dependency_links.txt
deleting cdcl_umd_msgs.egg-info/entry_points.txt
writing requirements to cdcl_umd_msgs.egg-info/requires.txt
writing top-level names to cdcl_umd_msgs.egg-info/top_level.txt
reading manifest file 'cdcl_umd_msgs.egg-info/SOURCES.txt'
writing manifest file 'cdcl_umd_msgs.egg-info/SOURCES.txt'
running build_ext
Creating /home/jj/wearable-biosensors-ros2/install/cdcl_umd_msgs/lib/python3.10/site-packages/cdcl-umd-msgs.egg-link (link to .)

Installed /home/jj/wearable-biosensors-ros2/build/cdcl_umd_msgs
running symlink_data
