[16.316s] Invoking command in '/home/jj/wearable-biosensors-ros2/build/cdcl_umd_msgs': PYTHONPATH=/home/jj/wearable-biosensors-ros2/build/cdcl_umd_msgs/prefix_override:/home/jj/wearable-biosensors-ros2/install/cdcl_umd_msgs/lib/python3.10/site-packages:${PYTHONPATH} /usr/bin/python3 -W ignore:setup.py install is deprecated setup.py develop --editable --build-directory /home/jj/wearable-biosensors-ros2/build/cdcl_umd_msgs/build --no-deps symlink_data
[27.480s] running develop
[27.488s] /home/jj/.local/lib/python3.10/site-packages/setuptools/command/develop.py:42: EasyInstallDeprecationWarning: easy_install command is deprecated.
[27.495s] !!
[27.501s] 
[27.502s]         ********************************************************************************
[27.510s]         Please avoid running ``setup.py`` and ``easy_install``.
[27.511s]         Instead, use pypa/build, pypa/installer or other
[27.531s]         standards-based tools.
[27.539s] 
[27.540s]         See https://github.com/pypa/setuptools/issues/917 for details.
[27.544s]         ********************************************************************************
[27.545s] 
[27.546s] !!
[27.547s]   easy_install.initialize_options(self)
[32.085s] running egg_info
[32.184s] writing cdcl_umd_msgs.egg-info/PKG-INFO
[32.187s] writing dependency_links to cdcl_umd_msgs.egg-info/dependency_links.txt
[32.188s] deleting cdcl_umd_msgs.egg-info/entry_points.txt
[32.189s] writing requirements to cdcl_umd_msgs.egg-info/requires.txt
[32.190s] writing top-level names to cdcl_umd_msgs.egg-info/top_level.txt
[32.372s] reading manifest file 'cdcl_umd_msgs.egg-info/SOURCES.txt'
[32.377s] writing manifest file 'cdcl_umd_msgs.egg-info/SOURCES.txt'
[32.466s] running build_ext
[32.467s] Creating /home/jj/wearable-biosensors-ros2/install/cdcl_umd_msgs/lib/python3.10/site-packages/cdcl-umd-msgs.egg-link (link to .)
[32.471s] 
[32.472s] Installed /home/jj/wearable-biosensors-ros2/build/cdcl_umd_msgs
[32.472s] running symlink_data
[32.649s] Invoked command in '/home/jj/wearable-biosensors-ros2/build/cdcl_umd_msgs' returned '0': PYTHONPATH=/home/jj/wearable-biosensors-ros2/build/cdcl_umd_msgs/prefix_override:/home/jj/wearable-biosensors-ros2/install/cdcl_umd_msgs/lib/python3.10/site-packages:${PYTHONPATH} /usr/bin/python3 -W ignore:setup.py install is deprecated setup.py develop --editable --build-directory /home/jj/wearable-biosensors-ros2/build/cdcl_umd_msgs/build --no-deps symlink_data
