[10.542s] Invoking command in '/home/jj/wearable-biosensors-ros2/build/empatica_e4': PYTHONPATH=/home/jj/wearable-biosensors-ros2/build/empatica_e4/prefix_override:/home/jj/wearable-biosensors-ros2/install/empatica_e4/lib/python3.10/site-packages:${PYTHONPATH} /usr/bin/python3 -W ignore:setup.py install is deprecated setup.py develop --editable --build-directory /home/jj/wearable-biosensors-ros2/build/empatica_e4/build --no-deps symlink_data
[14.728s] /usr/lib/python3/dist-packages/setuptools/dist.py:723: UserWarning: Usage of dash-separated 'script-dir' will not be supported in future versions. Please use the underscore name 'script_dir' instead
[14.736s]   warnings.warn(
[15.619s] running develop
[15.640s] /usr/lib/python3/dist-packages/setuptools/command/easy_install.py:158: EasyInstallDeprecationWarning: easy_install command is deprecated. Use build and pip and other standards-based tools.
[15.645s]   warnings.warn(
[21.698s] running egg_info
[21.710s] writing empatica_e4.egg-info/PKG-INFO
[21.720s] writing dependency_links to empatica_e4.egg-info/dependency_links.txt
[21.730s] writing entry points to empatica_e4.egg-info/entry_points.txt
[21.731s] writing requirements to empatica_e4.egg-info/requires.txt
[21.740s] writing top-level names to empatica_e4.egg-info/top_level.txt
[21.765s] reading manifest file 'empatica_e4.egg-info/SOURCES.txt'
[21.778s] writing manifest file 'empatica_e4.egg-info/SOURCES.txt'
[21.813s] running build_ext
[21.819s] Creating /home/jj/wearable-biosensors-ros2/install/empatica_e4/lib/python3.10/site-packages/empatica-e4.egg-link (link to .)
[21.836s] Installing empatica_e4_node script to /home/jj/wearable-biosensors-ros2/install/empatica_e4/lib/empatica_e4
[21.844s] 
[21.859s] Installed /home/jj/wearable-biosensors-ros2/build/empatica_e4
[21.860s] running symlink_data
[22.809s] Invoked command in '/home/jj/wearable-biosensors-ros2/build/empatica_e4' returned '0': PYTHONPATH=/home/jj/wearable-biosensors-ros2/build/empatica_e4/prefix_override:/home/jj/wearable-biosensors-ros2/install/empatica_e4/lib/python3.10/site-packages:${PYTHONPATH} /usr/bin/python3 -W ignore:setup.py install is deprecated setup.py develop --editable --build-directory /home/jj/wearable-biosensors-ros2/build/empatica_e4/build --no-deps symlink_data
