[10.688s] Invoking command in '/home/jj/wearable-biosensors-ros2/build/shimmer3_gsr_unit': PYTHONPATH=/home/jj/wearable-biosensors-ros2/build/shimmer3_gsr_unit/prefix_override:/home/jj/wearable-biosensors-ros2/install/shimmer3_gsr_unit/lib/python3.10/site-packages:${PYTHONPATH} /usr/bin/python3 -W ignore:setup.py install is deprecated setup.py develop --editable --build-directory /home/jj/wearable-biosensors-ros2/build/shimmer3_gsr_unit/build --no-deps symlink_data
[12.007s] /home/jj/.local/lib/python3.10/site-packages/setuptools/dist.py:476: SetuptoolsDeprecationWarning: Invalid dash-separated options
[12.010s] !!
[12.014s] 
[12.017s]         ********************************************************************************
[12.021s]         Usage of dash-separated 'script-dir' will not be supported in future
[12.024s]         versions. Please use the underscore name 'script_dir' instead.
[12.039s] 
[12.043s]         By 2024-Sep-26, you need to update your project and remove deprecated calls
[12.046s]         or your builds will no longer be supported.
[12.050s] 
[12.053s]         See https://setuptools.pypa.io/en/latest/userguide/declarative_config.html for details.
[12.057s]         ********************************************************************************
[12.060s] 
[12.064s] !!
[12.067s]   opt = self.warn_dash_deprecation(opt, section)
[13.878s] running develop
[13.882s] /home/jj/.local/lib/python3.10/site-packages/setuptools/command/develop.py:42: EasyInstallDeprecationWarning: easy_install command is deprecated.
[13.885s] !!
[13.888s] 
[13.892s]         ********************************************************************************
[13.897s]         Please avoid running ``setup.py`` and ``easy_install``.
[13.900s]         Instead, use pypa/build, pypa/installer or other
[13.914s]         standards-based tools.
[13.917s] 
[13.927s]         See https://github.com/pypa/setuptools/issues/917 for details.
[13.928s]         ********************************************************************************
[13.929s] 
[13.929s] !!
[13.930s]   easy_install.initialize_options(self)
[15.929s] running egg_info
[16.150s] writing shimmer3_gsr_unit.egg-info/PKG-INFO
[16.152s] writing dependency_links to shimmer3_gsr_unit.egg-info/dependency_links.txt
[16.154s] writing entry points to shimmer3_gsr_unit.egg-info/entry_points.txt
[16.157s] writing requirements to shimmer3_gsr_unit.egg-info/requires.txt
[16.159s] writing top-level names to shimmer3_gsr_unit.egg-info/top_level.txt
[16.502s] reading manifest file 'shimmer3_gsr_unit.egg-info/SOURCES.txt'
[16.509s] writing manifest file 'shimmer3_gsr_unit.egg-info/SOURCES.txt'
[16.655s] running build_ext
[16.661s] Creating /home/jj/wearable-biosensors-ros2/install/shimmer3_gsr_unit/lib/python3.10/site-packages/shimmer3-gsr-unit.egg-link (link to .)
[16.673s] Installing shimmer_gsr_ppg_node script to /home/jj/wearable-biosensors-ros2/install/shimmer3_gsr_unit/lib/shimmer3_gsr_unit
[16.683s] 
[16.684s] Installed /home/jj/wearable-biosensors-ros2/build/shimmer3_gsr_unit
[16.692s] running symlink_data
[16.958s] Invoked command in '/home/jj/wearable-biosensors-ros2/build/shimmer3_gsr_unit' returned '0': PYTHONPATH=/home/jj/wearable-biosensors-ros2/build/shimmer3_gsr_unit/prefix_override:/home/jj/wearable-biosensors-ros2/install/shimmer3_gsr_unit/lib/python3.10/site-packages:${PYTHONPATH} /usr/bin/python3 -W ignore:setup.py install is deprecated setup.py develop --editable --build-directory /home/jj/wearable-biosensors-ros2/build/shimmer3_gsr_unit/build --no-deps symlink_data
