/usr/lib/python3/dist-packages/setuptools/dist.py:723: UserWarning: Usage of dash-separated 'script-dir' will not be supported in future versions. Please use the underscore name 'script_dir' instead
  warnings.warn(
running egg_info
creating ../../build/vernier_respiration_belt/vernier_respiration_belt.egg-info
writing ../../build/vernier_respiration_belt/vernier_respiration_belt.egg-info/PKG-INFO
writing dependency_links to ../../build/vernier_respiration_belt/vernier_respiration_belt.egg-info/dependency_links.txt
writing entry points to ../../build/vernier_respiration_belt/vernier_respiration_belt.egg-info/entry_points.txt
writing requirements to ../../build/vernier_respiration_belt/vernier_respiration_belt.egg-info/requires.txt
writing top-level names to ../../build/vernier_respiration_belt/vernier_respiration_belt.egg-info/top_level.txt
writing manifest file '../../build/vernier_respiration_belt/vernier_respiration_belt.egg-info/SOURCES.txt'
reading manifest file '../../build/vernier_respiration_belt/vernier_respiration_belt.egg-info/SOURCES.txt'
writing manifest file '../../build/vernier_respiration_belt/vernier_respiration_belt.egg-info/SOURCES.txt'
running build
running build_py
creating /home/jj/wearable-biosensors-ros2/build/vernier_respiration_belt/build
creating /home/jj/wearable-biosensors-ros2/build/vernier_respiration_belt/build/lib
creating /home/jj/wearable-biosensors-ros2/build/vernier_respiration_belt/build/lib/vernier_respiration_belt
copying vernier_respiration_belt/vernier_respiration_belt_node.py -> /home/jj/wearable-biosensors-ros2/build/vernier_respiration_belt/build/lib/vernier_respiration_belt
copying vernier_respiration_belt/__init__.py -> /home/jj/wearable-biosensors-ros2/build/vernier_respiration_belt/build/lib/vernier_respiration_belt
creating /home/jj/wearable-biosensors-ros2/build/vernier_respiration_belt/build/lib/vernier_respiration_belt/gdx
copying vernier_respiration_belt/gdx/gdx.py -> /home/jj/wearable-biosensors-ros2/build/vernier_respiration_belt/build/lib/vernier_respiration_belt/gdx
copying vernier_respiration_belt/gdx/__init__.py -> /home/jj/wearable-biosensors-ros2/build/vernier_respiration_belt/build/lib/vernier_respiration_belt/gdx
running install
running install_lib
creating /home/jj/wearable-biosensors-ros2/install/vernier_respiration_belt/lib/python3.10/site-packages/vernier_respiration_belt
creating /home/jj/wearable-biosensors-ros2/install/vernier_respiration_belt/lib/python3.10/site-packages/vernier_respiration_belt/gdx
copying /home/jj/wearable-biosensors-ros2/build/vernier_respiration_belt/build/lib/vernier_respiration_belt/gdx/gdx.py -> /home/jj/wearable-biosensors-ros2/install/vernier_respiration_belt/lib/python3.10/site-packages/vernier_respiration_belt/gdx
copying /home/jj/wearable-biosensors-ros2/build/vernier_respiration_belt/build/lib/vernier_respiration_belt/gdx/__init__.py -> /home/jj/wearable-biosensors-ros2/install/vernier_respiration_belt/lib/python3.10/site-packages/vernier_respiration_belt/gdx
copying /home/jj/wearable-biosensors-ros2/build/vernier_respiration_belt/build/lib/vernier_respiration_belt/vernier_respiration_belt_node.py -> /home/jj/wearable-biosensors-ros2/install/vernier_respiration_belt/lib/python3.10/site-packages/vernier_respiration_belt
copying /home/jj/wearable-biosensors-ros2/build/vernier_respiration_belt/build/lib/vernier_respiration_belt/__init__.py -> /home/jj/wearable-biosensors-ros2/install/vernier_respiration_belt/lib/python3.10/site-packages/vernier_respiration_belt
byte-compiling /home/jj/wearable-biosensors-ros2/install/vernier_respiration_belt/lib/python3.10/site-packages/vernier_respiration_belt/gdx/gdx.py to gdx.cpython-310.pyc
byte-compiling /home/jj/wearable-biosensors-ros2/install/vernier_respiration_belt/lib/python3.10/site-packages/vernier_respiration_belt/gdx/__init__.py to __init__.cpython-310.pyc
byte-compiling /home/jj/wearable-biosensors-ros2/install/vernier_respiration_belt/lib/python3.10/site-packages/vernier_respiration_belt/vernier_respiration_belt_node.py to vernier_respiration_belt_node.cpython-310.pyc
byte-compiling /home/jj/wearable-biosensors-ros2/install/vernier_respiration_belt/lib/python3.10/site-packages/vernier_respiration_belt/__init__.py to __init__.cpython-310.pyc
running install_data
creating /home/jj/wearable-biosensors-ros2/install/vernier_respiration_belt/share/ament_index
creating /home/jj/wearable-biosensors-ros2/install/vernier_respiration_belt/share/ament_index/resource_index
creating /home/jj/wearable-biosensors-ros2/install/vernier_respiration_belt/share/ament_index/resource_index/packages
copying resource/vernier_respiration_belt -> /home/jj/wearable-biosensors-ros2/install/vernier_respiration_belt/share/ament_index/resource_index/packages
copying package.xml -> /home/jj/wearable-biosensors-ros2/install/vernier_respiration_belt/share/vernier_respiration_belt
copying launch/ros2-vernier_respiration_belt.launch.py -> /home/jj/wearable-biosensors-ros2/install/vernier_respiration_belt/share/vernier_respiration_belt
running install_egg_info
Copying ../../build/vernier_respiration_belt/vernier_respiration_belt.egg-info to /home/jj/wearable-biosensors-ros2/install/vernier_respiration_belt/lib/python3.10/site-packages/vernier_respiration_belt-0.0.1-py3.10.egg-info
running install_scripts
Installing vernier_respiration_belt_node script to /home/jj/wearable-biosensors-ros2/install/vernier_respiration_belt/lib/vernier_respiration_belt
writing list of installed files to '/home/jj/wearable-biosensors-ros2/build/vernier_respiration_belt/install.log'
