[11.134s] Invoking command in '/home/jj/wearable-biosensors-ros2/src/vernier_respiration_belt': CMAKE_PREFIX_PATH=/home/jj/wearable-biosensors-ros2/install/cdcl_umd_msgs:/home/jj/wearable-biosensors-ros2/install/manager PYTHONPATH=/home/jj/wearable-biosensors-ros2/build/vernier_respiration_belt/prefix_override:/home/jj/wearable-biosensors-ros2/install/vernier_respiration_belt/lib/python3.10/site-packages:${PYTHONPATH} /usr/bin/python3 -W ignore:setup.py install is deprecated setup.py egg_info --egg-base ../../build/vernier_respiration_belt build --build-base /home/jj/wearable-biosensors-ros2/build/vernier_respiration_belt/build install --record /home/jj/wearable-biosensors-ros2/build/vernier_respiration_belt/install.log --install-scripts $base/lib/vernier_respiration_belt --single-version-externally-managed install_data
[15.477s] /usr/lib/python3/dist-packages/setuptools/dist.py:723: UserWarning: Usage of dash-separated 'script-dir' will not be supported in future versions. Please use the underscore name 'script_dir' instead
[15.478s]   warnings.warn(
[15.602s] running egg_info
[15.608s] creating ../../build/vernier_respiration_belt/vernier_respiration_belt.egg-info
[15.620s] writing ../../build/vernier_respiration_belt/vernier_respiration_belt.egg-info/PKG-INFO
[15.635s] writing dependency_links to ../../build/vernier_respiration_belt/vernier_respiration_belt.egg-info/dependency_links.txt
[15.637s] writing entry points to ../../build/vernier_respiration_belt/vernier_respiration_belt.egg-info/entry_points.txt
[15.638s] writing requirements to ../../build/vernier_respiration_belt/vernier_respiration_belt.egg-info/requires.txt
[15.640s] writing top-level names to ../../build/vernier_respiration_belt/vernier_respiration_belt.egg-info/top_level.txt
[15.649s] writing manifest file '../../build/vernier_respiration_belt/vernier_respiration_belt.egg-info/SOURCES.txt'
[15.661s] reading manifest file '../../build/vernier_respiration_belt/vernier_respiration_belt.egg-info/SOURCES.txt'
[15.672s] writing manifest file '../../build/vernier_respiration_belt/vernier_respiration_belt.egg-info/SOURCES.txt'
[15.679s] running build
[15.684s] running build_py
[15.685s] creating /home/jj/wearable-biosensors-ros2/build/vernier_respiration_belt/build
[15.687s] creating /home/jj/wearable-biosensors-ros2/build/vernier_respiration_belt/build/lib
[15.692s] creating /home/jj/wearable-biosensors-ros2/build/vernier_respiration_belt/build/lib/vernier_respiration_belt
[15.693s] copying vernier_respiration_belt/vernier_respiration_belt_node.py -> /home/jj/wearable-biosensors-ros2/build/vernier_respiration_belt/build/lib/vernier_respiration_belt
[15.695s] copying vernier_respiration_belt/__init__.py -> /home/jj/wearable-biosensors-ros2/build/vernier_respiration_belt/build/lib/vernier_respiration_belt
[15.696s] creating /home/jj/wearable-biosensors-ros2/build/vernier_respiration_belt/build/lib/vernier_respiration_belt/gdx
[15.698s] copying vernier_respiration_belt/gdx/gdx.py -> /home/jj/wearable-biosensors-ros2/build/vernier_respiration_belt/build/lib/vernier_respiration_belt/gdx
[15.701s] copying vernier_respiration_belt/gdx/__init__.py -> /home/jj/wearable-biosensors-ros2/build/vernier_respiration_belt/build/lib/vernier_respiration_belt/gdx
[15.703s] running install
[15.713s] running install_lib
[15.716s] creating /home/jj/wearable-biosensors-ros2/install/vernier_respiration_belt/lib/python3.10/site-packages/vernier_respiration_belt
[15.717s] creating /home/jj/wearable-biosensors-ros2/install/vernier_respiration_belt/lib/python3.10/site-packages/vernier_respiration_belt/gdx
[15.718s] copying /home/jj/wearable-biosensors-ros2/build/vernier_respiration_belt/build/lib/vernier_respiration_belt/gdx/gdx.py -> /home/jj/wearable-biosensors-ros2/install/vernier_respiration_belt/lib/python3.10/site-packages/vernier_respiration_belt/gdx
[15.720s] copying /home/jj/wearable-biosensors-ros2/build/vernier_respiration_belt/build/lib/vernier_respiration_belt/gdx/__init__.py -> /home/jj/wearable-biosensors-ros2/install/vernier_respiration_belt/lib/python3.10/site-packages/vernier_respiration_belt/gdx
[15.725s] copying /home/jj/wearable-biosensors-ros2/build/vernier_respiration_belt/build/lib/vernier_respiration_belt/vernier_respiration_belt_node.py -> /home/jj/wearable-biosensors-ros2/install/vernier_respiration_belt/lib/python3.10/site-packages/vernier_respiration_belt
[15.726s] copying /home/jj/wearable-biosensors-ros2/build/vernier_respiration_belt/build/lib/vernier_respiration_belt/__init__.py -> /home/jj/wearable-biosensors-ros2/install/vernier_respiration_belt/lib/python3.10/site-packages/vernier_respiration_belt
[15.729s] byte-compiling /home/jj/wearable-biosensors-ros2/install/vernier_respiration_belt/lib/python3.10/site-packages/vernier_respiration_belt/gdx/gdx.py to gdx.cpython-310.pyc
[15.756s] byte-compiling /home/jj/wearable-biosensors-ros2/install/vernier_respiration_belt/lib/python3.10/site-packages/vernier_respiration_belt/gdx/__init__.py to __init__.cpython-310.pyc
[15.760s] byte-compiling /home/jj/wearable-biosensors-ros2/install/vernier_respiration_belt/lib/python3.10/site-packages/vernier_respiration_belt/vernier_respiration_belt_node.py to vernier_respiration_belt_node.cpython-310.pyc
[15.769s] byte-compiling /home/jj/wearable-biosensors-ros2/install/vernier_respiration_belt/lib/python3.10/site-packages/vernier_respiration_belt/__init__.py to __init__.cpython-310.pyc
[15.773s] running install_data
[15.776s] creating /home/jj/wearable-biosensors-ros2/install/vernier_respiration_belt/share/ament_index
[15.788s] creating /home/jj/wearable-biosensors-ros2/install/vernier_respiration_belt/share/ament_index/resource_index
[15.791s] creating /home/jj/wearable-biosensors-ros2/install/vernier_respiration_belt/share/ament_index/resource_index/packages
[15.793s] copying resource/vernier_respiration_belt -> /home/jj/wearable-biosensors-ros2/install/vernier_respiration_belt/share/ament_index/resource_index/packages
[15.794s] copying package.xml -> /home/jj/wearable-biosensors-ros2/install/vernier_respiration_belt/share/vernier_respiration_belt
[15.796s] copying launch/ros2-vernier_respiration_belt.launch.py -> /home/jj/wearable-biosensors-ros2/install/vernier_respiration_belt/share/vernier_respiration_belt
[15.797s] running install_egg_info
[15.809s] Copying ../../build/vernier_respiration_belt/vernier_respiration_belt.egg-info to /home/jj/wearable-biosensors-ros2/install/vernier_respiration_belt/lib/python3.10/site-packages/vernier_respiration_belt-0.0.1-py3.10.egg-info
[15.830s] running install_scripts
[16.063s] Installing vernier_respiration_belt_node script to /home/jj/wearable-biosensors-ros2/install/vernier_respiration_belt/lib/vernier_respiration_belt
[16.068s] writing list of installed files to '/home/jj/wearable-biosensors-ros2/build/vernier_respiration_belt/install.log'
[16.366s] Invoked command in '/home/jj/wearable-biosensors-ros2/src/vernier_respiration_belt' returned '0': CMAKE_PREFIX_PATH=/home/jj/wearable-biosensors-ros2/install/cdcl_umd_msgs:/home/jj/wearable-biosensors-ros2/install/manager PYTHONPATH=/home/jj/wearable-biosensors-ros2/build/vernier_respiration_belt/prefix_override:/home/jj/wearable-biosensors-ros2/install/vernier_respiration_belt/lib/python3.10/site-packages:${PYTHONPATH} /usr/bin/python3 -W ignore:setup.py install is deprecated setup.py egg_info --egg-base ../../build/vernier_respiration_belt build --build-base /home/jj/wearable-biosensors-ros2/build/vernier_respiration_belt/build install --record /home/jj/wearable-biosensors-ros2/build/vernier_respiration_belt/install.log --install-scripts $base/lib/vernier_respiration_belt --single-version-externally-managed install_data
