[11.653s] Invoking command in '/home/jj/wearable-biosensors-ros2/build/empatica_e4': PYTHONPATH=/home/jj/wearable-biosensors-ros2/build/empatica_e4/prefix_override:/home/jj/wearable-biosensors-ros2/install/empatica_e4/lib/python3.10/site-packages:${PYTHONPATH} /usr/bin/python3 -W ignore:setup.py install is deprecated setup.py develop --editable --build-directory /home/jj/wearable-biosensors-ros2/build/empatica_e4/build --no-deps symlink_data
[13.028s] /home/jj/.local/lib/python3.10/site-packages/setuptools/dist.py:476: SetuptoolsDeprecationWarning: Invalid dash-separated options
[13.028s] !!
[13.029s] 
[13.030s]         ********************************************************************************
[13.031s]         Usage of dash-separated 'script-dir' will not be supported in future
[13.032s]         versions. Please use the underscore name 'script_dir' instead.
[13.032s] 
[13.033s]         By 2024-Sep-26, you need to update your project and remove deprecated calls
[13.034s]         or your builds will no longer be supported.
[13.034s] 
[13.035s]         See https://setuptools.pypa.io/en/latest/userguide/declarative_config.html for details.
[13.035s]         ********************************************************************************
[13.036s] 
[13.036s] !!
[13.037s]   opt = self.warn_dash_deprecation(opt, section)
[14.986s] running develop
[14.986s] /home/jj/.local/lib/python3.10/site-packages/setuptools/command/develop.py:42: EasyInstallDeprecationWarning: easy_install command is deprecated.
[14.987s] !!
[14.988s] 
[14.989s]         ********************************************************************************
[14.989s]         Please avoid running ``setup.py`` and ``easy_install``.
[14.990s]         Instead, use pypa/build, pypa/installer or other
[14.990s]         standards-based tools.
[14.991s] 
[14.991s]         See https://github.com/pypa/setuptools/issues/917 for details.
[14.992s]         ********************************************************************************
[14.993s] 
[14.993s] !!
[14.994s]   easy_install.initialize_options(self)
[17.319s] running egg_info
[17.651s] writing empatica_e4.egg-info/PKG-INFO
[17.659s] writing dependency_links to empatica_e4.egg-info/dependency_links.txt
[17.660s] writing entry points to empatica_e4.egg-info/entry_points.txt
[17.661s] writing requirements to empatica_e4.egg-info/requires.txt
[17.662s] writing top-level names to empatica_e4.egg-info/top_level.txt
[18.066s] reading manifest file 'empatica_e4.egg-info/SOURCES.txt'
[18.087s] writing manifest file 'empatica_e4.egg-info/SOURCES.txt'
[18.765s] running build_ext
[18.777s] Creating /home/jj/wearable-biosensors-ros2/install/empatica_e4/lib/python3.10/site-packages/empatica-e4.egg-link (link to .)
[18.786s] Installing empatica_e4_node script to /home/jj/wearable-biosensors-ros2/install/empatica_e4/lib/empatica_e4
[18.798s] 
[18.798s] Installed /home/jj/wearable-biosensors-ros2/build/empatica_e4
[18.807s] running symlink_data
[19.675s] Invoked command in '/home/jj/wearable-biosensors-ros2/build/empatica_e4' returned '0': PYTHONPATH=/home/jj/wearable-biosensors-ros2/build/empatica_e4/prefix_override:/home/jj/wearable-biosensors-ros2/install/empatica_e4/lib/python3.10/site-packages:${PYTHONPATH} /usr/bin/python3 -W ignore:setup.py install is deprecated setup.py develop --editable --build-directory /home/jj/wearable-biosensors-ros2/build/empatica_e4/build --no-deps symlink_data
