[9.901s] Invoking command in '/home/jj/wearable-biosensors-ros2/build/emotiv_insight': PYTHONPATH=/home/jj/wearable-biosensors-ros2/build/emotiv_insight/prefix_override:/home/jj/wearable-biosensors-ros2/install/emotiv_insight/lib/python3.10/site-packages:${PYTHONPATH} /usr/bin/python3 -W ignore:setup.py install is deprecated setup.py develop --editable --build-directory /home/jj/wearable-biosensors-ros2/build/emotiv_insight/build --no-deps symlink_data
[11.357s] /home/jj/.local/lib/python3.10/site-packages/setuptools/dist.py:476: SetuptoolsDeprecationWarning: Invalid dash-separated options
[11.363s] !!
[11.373s] 
[11.378s]         ********************************************************************************
[11.382s]         Usage of dash-separated 'script-dir' will not be supported in future
[11.385s]         versions. Please use the underscore name 'script_dir' instead.
[11.397s] 
[11.401s]         By 2024-Sep-26, you need to update your project and remove deprecated calls
[11.408s]         or your builds will no longer be supported.
[11.412s] 
[11.415s]         See https://setuptools.pypa.io/en/latest/userguide/declarative_config.html for details.
[11.419s]         ********************************************************************************
[11.422s] 
[11.426s] !!
[11.429s]   opt = self.warn_dash_deprecation(opt, section)
[13.251s] running develop
[13.255s] /home/jj/.local/lib/python3.10/site-packages/setuptools/command/develop.py:42: EasyInstallDeprecationWarning: easy_install command is deprecated.
[13.259s] !!
[13.263s] 
[13.266s]         ********************************************************************************
[13.270s]         Please avoid running ``setup.py`` and ``easy_install``.
[13.286s]         Instead, use pypa/build, pypa/installer or other
[13.290s]         standards-based tools.
[13.294s] 
[13.299s]         See https://github.com/pypa/setuptools/issues/917 for details.
[13.302s]         ********************************************************************************
[13.306s] 
[13.309s] !!
[13.313s]   easy_install.initialize_options(self)
[15.433s] running egg_info
[15.615s] writing emotiv_insight.egg-info/PKG-INFO
[15.623s] writing dependency_links to emotiv_insight.egg-info/dependency_links.txt
[15.627s] writing entry points to emotiv_insight.egg-info/entry_points.txt
[15.630s] writing requirements to emotiv_insight.egg-info/requires.txt
[15.634s] writing top-level names to emotiv_insight.egg-info/top_level.txt
[15.931s] reading manifest file 'emotiv_insight.egg-info/SOURCES.txt'
[15.937s] writing manifest file 'emotiv_insight.egg-info/SOURCES.txt'
[16.121s] running build_ext
[16.127s] Creating /home/jj/wearable-biosensors-ros2/install/emotiv_insight/lib/python3.10/site-packages/emotiv-insight.egg-link (link to .)
[16.131s] Installing emotiv_insight_node script to /home/jj/wearable-biosensors-ros2/install/emotiv_insight/lib/emotiv_insight
[16.137s] 
[16.142s] Installed /home/jj/wearable-biosensors-ros2/build/emotiv_insight
[16.150s] running symlink_data
[16.388s] Invoked command in '/home/jj/wearable-biosensors-ros2/build/emotiv_insight' returned '0': PYTHONPATH=/home/jj/wearable-biosensors-ros2/build/emotiv_insight/prefix_override:/home/jj/wearable-biosensors-ros2/install/emotiv_insight/lib/python3.10/site-packages:${PYTHONPATH} /usr/bin/python3 -W ignore:setup.py install is deprecated setup.py develop --editable --build-directory /home/jj/wearable-biosensors-ros2/build/emotiv_insight/build --no-deps symlink_data
