-- Found ament_cmake: 1.3.9 (/opt/ros/humble/share/ament_cmake/cmake)
-- Override CMake install command with custom implementation using symlinks instead of copying resources
-- Found std_msgs: 4.2.4 (/opt/ros/humble/share/std_msgs/cmake)
-- Found rosidl_generator_c: 3.1.5 (/opt/ros/humble/share/rosidl_generator_c/cmake)
-- Found rosidl_adapter: 3.1.5 (/opt/ros/humble/share/rosidl_adapter/cmake)
-- Found rosidl_generator_cpp: 3.1.5 (/opt/ros/humble/share/rosidl_generator_cpp/cmake)
-- Using all available rosidl_typesupport_c: rosidl_typesupport_fastrtps_c;rosidl_typesupport_introspection_c
-- Using all available rosidl_typesupport_cpp: rosidl_typesupport_fastrtps_cpp;rosidl_typesupport_introspection_cpp
-- Found geometry_msgs: 4.2.4 (/opt/ros/humble/share/geometry_msgs/cmake)
-- Found sensor_msgs: 4.2.4 (/opt/ros/humble/share/sensor_msgs/cmake)
-- Found rosidl_default_generators: 1.2.0 (/opt/ros/humble/share/rosidl_default_generators/cmake)
-- Found ament_cmake_ros: 0.10.0 (/opt/ros/humble/share/ament_cmake_ros/cmake)
-- Using all available rosidl_typesupport_c: rosidl_typesupport_fastrtps_c;rosidl_typesupport_introspection_c
-- Using all available rosidl_typesupport_cpp: rosidl_typesupport_fastrtps_cpp;rosidl_typesupport_introspection_cpp
-- Found python_cmake_module: 0.10.0 (/opt/ros/humble/share/python_cmake_module/cmake)
-- Using PYTHON_EXECUTABLE: /usr/bin/python3
-- Using PYTHON_INCLUDE_DIRS: /usr/include/python3.10
-- Using PYTHON_LIBRARIES: /usr/lib/x86_64-linux-gnu/libpython3.10.so
-- Found ament_lint_auto: 0.12.11 (/opt/ros/humble/share/ament_lint_auto/cmake)
-- Added test 'lint_cmake' to check CMake code style
-- Added test 'xmllint' to check XML markup files
-- Configuring done
-- Generating done
-- Build files have been written to: /home/jj/wearable-biosensors-ros2/build/cdcl_umd_msgs
[  0%] Built target ament_cmake_python_symlink_cdcl_umd_msgs
running egg_info
writing cdcl_umd_msgs.egg-info/PKG-INFO
writing dependency_links to cdcl_umd_msgs.egg-info/dependency_links.txt
writing top-level names to cdcl_umd_msgs.egg-info/top_level.txt
reading manifest file 'cdcl_umd_msgs.egg-info/SOURCES.txt'
writing manifest file 'cdcl_umd_msgs.egg-info/SOURCES.txt'
[  0%] Built target ament_cmake_python_build_cdcl_umd_msgs_egg
[  0%] Built target cdcl_umd_msgs__cpp
[35m[1mConsolidate compiler generated dependencies of target cdcl_umd_msgs__rosidl_typesupport_cpp[0m
[  1%] [32mBuilding CXX object CMakeFiles/cdcl_umd_msgs__rosidl_typesupport_cpp.dir/rosidl_typesupport_cpp/cdcl_umd_msgs/msg/resnet18_classifier_observations__type_support.cpp.o[0m
[35m[1mConsolidate compiler generated dependencies of target cdcl_umd_msgs__rosidl_generator_c[0m
[  1%] [32mBuilding C object CMakeFiles/cdcl_umd_msgs__rosidl_generator_c.dir/rosidl_generator_c/cdcl_umd_msgs/msg/detail/resnet18_classifier_observations__functions.c.o[0m
[35m[1mConsolidate compiler generated dependencies of target cdcl_umd_msgs__rosidl_typesupport_fastrtps_cpp[0m
[  1%] [32mBuilding CXX object CMakeFiles/cdcl_umd_msgs__rosidl_typesupport_fastrtps_cpp.dir/rosidl_typesupport_fastrtps_cpp/cdcl_umd_msgs/msg/detail/dds_fastrtps/resnet18_classifier_observations__type_support.cpp.o[0m
[35m[1mConsolidate compiler generated dependencies of target cdcl_umd_msgs__rosidl_typesupport_introspection_cpp[0m
[  1%] [32mBuilding C object CMakeFiles/cdcl_umd_msgs__rosidl_generator_c.dir/rosidl_generator_c/cdcl_umd_msgs/msg/detail/resnet18_classifier_observation__functions.c.o[0m
[  2%] [32mBuilding C object CMakeFiles/cdcl_umd_msgs__rosidl_generator_c.dir/rosidl_generator_c/cdcl_umd_msgs/msg/detail/background_subtraction__functions.c.o[0m
[  2%] [32mBuilding CXX object CMakeFiles/cdcl_umd_msgs__rosidl_typesupport_introspection_cpp.dir/rosidl_typesupport_introspection_cpp/cdcl_umd_msgs/msg/detail/resnet18_classifier_observations__type_support.cpp.o[0m
[  2%] [32mBuilding C object CMakeFiles/cdcl_umd_msgs__rosidl_generator_c.dir/rosidl_generator_c/cdcl_umd_msgs/msg/detail/speech_activity__functions.c.o[0m
[  2%] [32mBuilding C object CMakeFiles/cdcl_umd_msgs__rosidl_generator_c.dir/rosidl_generator_c/cdcl_umd_msgs/msg/detail/casualty_report__functions.c.o[0m
[  3%] [32mBuilding C object CMakeFiles/cdcl_umd_msgs__rosidl_generator_c.dir/rosidl_generator_c/cdcl_umd_msgs/msg/detail/casualty_report_field__functions.c.o[0m
[  3%] [32mBuilding C object CMakeFiles/cdcl_umd_msgs__rosidl_generator_c.dir/rosidl_generator_c/cdcl_umd_msgs/msg/detail/categorical_field__functions.c.o[0m
[  3%] [32mBuilding C object CMakeFiles/cdcl_umd_msgs__rosidl_generator_c.dir/rosidl_generator_c/cdcl_umd_msgs/msg/detail/numerical_field__functions.c.o[0m
[  3%] [32mBuilding CXX object CMakeFiles/cdcl_umd_msgs__rosidl_typesupport_cpp.dir/rosidl_typesupport_cpp/cdcl_umd_msgs/msg/resnet18_classifier_observation__type_support.cpp.o[0m
[  4%] [32mBuilding C object CMakeFiles/cdcl_umd_msgs__rosidl_generator_c.dir/rosidl_generator_c/cdcl_umd_msgs/msg/detail/respiratory_distress__functions.c.o[0m
[  4%] [32mBuilding CXX object CMakeFiles/cdcl_umd_msgs__rosidl_typesupport_fastrtps_cpp.dir/rosidl_typesupport_fastrtps_cpp/cdcl_umd_msgs/msg/detail/dds_fastrtps/resnet18_classifier_observation__type_support.cpp.o[0m
[  4%] [32mBuilding CXX object CMakeFiles/cdcl_umd_msgs__rosidl_typesupport_introspection_cpp.dir/rosidl_typesupport_introspection_cpp/cdcl_umd_msgs/msg/detail/resnet18_classifier_observation__type_support.cpp.o[0m
[  4%] [32mBuilding C object CMakeFiles/cdcl_umd_msgs__rosidl_generator_c.dir/rosidl_generator_c/cdcl_umd_msgs/msg/detail/severe_hemorrhage__functions.c.o[0m
[  4%] [32mBuilding C object CMakeFiles/cdcl_umd_msgs__rosidl_generator_c.dir/rosidl_generator_c/cdcl_umd_msgs/msg/detail/heart_rate__functions.c.o[0m
[  5%] [32mBuilding C object CMakeFiles/cdcl_umd_msgs__rosidl_generator_c.dir/rosidl_generator_c/cdcl_umd_msgs/msg/detail/respiratory_rate__functions.c.o[0m
[  5%] [32mBuilding CXX object CMakeFiles/cdcl_umd_msgs__rosidl_typesupport_cpp.dir/rosidl_typesupport_cpp/cdcl_umd_msgs/msg/background_subtraction__type_support.cpp.o[0m
[  5%] [32mBuilding C object CMakeFiles/cdcl_umd_msgs__rosidl_generator_c.dir/rosidl_generator_c/cdcl_umd_msgs/msg/detail/trauma_head__functions.c.o[0m
[  5%] [32mBuilding C object CMakeFiles/cdcl_umd_msgs__rosidl_generator_c.dir/rosidl_generator_c/cdcl_umd_msgs/msg/detail/trauma_torso__functions.c.o[0m
[  6%] [32mBuilding CXX object CMakeFiles/cdcl_umd_msgs__rosidl_typesupport_fastrtps_cpp.dir/rosidl_typesupport_fastrtps_cpp/cdcl_umd_msgs/msg/detail/dds_fastrtps/background_subtraction__type_support.cpp.o[0m
[  7%] [32mBuilding C object CMakeFiles/cdcl_umd_msgs__rosidl_generator_c.dir/rosidl_generator_c/cdcl_umd_msgs/msg/detail/trauma_upper_extremity__functions.c.o[0m
[  7%] [32mBuilding C object CMakeFiles/cdcl_umd_msgs__rosidl_generator_c.dir/rosidl_generator_c/cdcl_umd_msgs/msg/detail/trauma_lower_extremity__functions.c.o[0m
[  8%] [32mBuilding CXX object CMakeFiles/cdcl_umd_msgs__rosidl_typesupport_introspection_cpp.dir/rosidl_typesupport_introspection_cpp/cdcl_umd_msgs/msg/detail/background_subtraction__type_support.cpp.o[0m
[  8%] [32mBuilding C object CMakeFiles/cdcl_umd_msgs__rosidl_generator_c.dir/rosidl_generator_c/cdcl_umd_msgs/msg/detail/alertness_motor__functions.c.o[0m
[  9%] [32mBuilding CXX object CMakeFiles/cdcl_umd_msgs__rosidl_typesupport_cpp.dir/rosidl_typesupport_cpp/cdcl_umd_msgs/msg/speech_activity__type_support.cpp.o[0m
[ 10%] [32mBuilding C object CMakeFiles/cdcl_umd_msgs__rosidl_generator_c.dir/rosidl_generator_c/cdcl_umd_msgs/msg/detail/alertness_ocular__functions.c.o[0m
[ 10%] [32mBuilding C object CMakeFiles/cdcl_umd_msgs__rosidl_generator_c.dir/rosidl_generator_c/cdcl_umd_msgs/msg/detail/alertness_verbal__functions.c.o[0m
[ 10%] [32mBuilding C object CMakeFiles/cdcl_umd_msgs__rosidl_generator_c.dir/rosidl_generator_c/cdcl_umd_msgs/msg/detail/latitude_longitude__functions.c.o[0m
[ 10%] [32mBuilding CXX object CMakeFiles/cdcl_umd_msgs__rosidl_typesupport_fastrtps_cpp.dir/rosidl_typesupport_fastrtps_cpp/cdcl_umd_msgs/msg/detail/dds_fastrtps/speech_activity__type_support.cpp.o[0m
[ 11%] [32mBuilding C object CMakeFiles/cdcl_umd_msgs__rosidl_generator_c.dir/rosidl_generator_c/cdcl_umd_msgs/msg/detail/spot_status__functions.c.o[0m
[ 11%] [32mBuilding CXX object CMakeFiles/cdcl_umd_msgs__rosidl_typesupport_cpp.dir/rosidl_typesupport_cpp/cdcl_umd_msgs/msg/casualty_report__type_support.cpp.o[0m
[ 11%] [32mBuilding C object CMakeFiles/cdcl_umd_msgs__rosidl_generator_c.dir/rosidl_generator_c/cdcl_umd_msgs/msg/detail/point2_d__functions.c.o[0m
[ 11%] [32mBuilding CXX object CMakeFiles/cdcl_umd_msgs__rosidl_typesupport_introspection_cpp.dir/rosidl_typesupport_introspection_cpp/cdcl_umd_msgs/msg/detail/speech_activity__type_support.cpp.o[0m
[ 11%] [32mBuilding C object CMakeFiles/cdcl_umd_msgs__rosidl_generator_c.dir/rosidl_generator_c/cdcl_umd_msgs/msg/detail/target__functions.c.o[0m
[ 12%] [32mBuilding C object CMakeFiles/cdcl_umd_msgs__rosidl_generator_c.dir/rosidl_generator_c/cdcl_umd_msgs/msg/detail/target_list__functions.c.o[0m
[ 13%] [32mBuilding CXX object CMakeFiles/cdcl_umd_msgs__rosidl_typesupport_cpp.dir/rosidl_typesupport_cpp/cdcl_umd_msgs/msg/casualty_report_field__type_support.cpp.o[0m
[ 13%] [32mBuilding C object CMakeFiles/cdcl_umd_msgs__rosidl_generator_c.dir/rosidl_generator_c/cdcl_umd_msgs/msg/detail/april_tag_detection__functions.c.o[0m
[ 13%] [32mBuilding CXX object CMakeFiles/cdcl_umd_msgs__rosidl_typesupport_fastrtps_cpp.dir/rosidl_typesupport_fastrtps_cpp/cdcl_umd_msgs/msg/detail/dds_fastrtps/casualty_report__type_support.cpp.o[0m
[ 13%] [32mBuilding C object CMakeFiles/cdcl_umd_msgs__rosidl_generator_c.dir/rosidl_generator_c/cdcl_umd_msgs/msg/detail/april_tag_detection_array__functions.c.o[0m
[ 14%] [32mBuilding C object CMakeFiles/cdcl_umd_msgs__rosidl_generator_c.dir/rosidl_generator_c/cdcl_umd_msgs/msg/detail/nav_sat_fix_array__functions.c.o[0m
[ 14%] [32mBuilding C object CMakeFiles/cdcl_umd_msgs__rosidl_generator_c.dir/rosidl_generator_c/cdcl_umd_msgs/msg/detail/speech__functions.c.o[0m
[ 14%] [32mBuilding CXX object CMakeFiles/cdcl_umd_msgs__rosidl_typesupport_introspection_cpp.dir/rosidl_typesupport_introspection_cpp/cdcl_umd_msgs/msg/detail/casualty_report__type_support.cpp.o[0m
[ 14%] [32mBuilding CXX object CMakeFiles/cdcl_umd_msgs__rosidl_typesupport_cpp.dir/rosidl_typesupport_cpp/cdcl_umd_msgs/msg/categorical_field__type_support.cpp.o[0m
[ 14%] [32mBuilding C object CMakeFiles/cdcl_umd_msgs__rosidl_generator_c.dir/rosidl_generator_c/cdcl_umd_msgs/msg/detail/vitals__functions.c.o[0m
[ 15%] [32mBuilding C object CMakeFiles/cdcl_umd_msgs__rosidl_generator_c.dir/rosidl_generator_c/cdcl_umd_msgs/srv/detail/play_sound__functions.c.o[0m
[ 15%] [32mBuilding C object CMakeFiles/cdcl_umd_msgs__rosidl_generator_c.dir/rosidl_generator_c/cdcl_umd_msgs/srv/detail/set_arena_gain__functions.c.o[0m
[ 16%] [32mBuilding CXX object CMakeFiles/cdcl_umd_msgs__rosidl_typesupport_fastrtps_cpp.dir/rosidl_typesupport_fastrtps_cpp/cdcl_umd_msgs/msg/detail/dds_fastrtps/casualty_report_field__type_support.cpp.o[0m
[ 16%] [32mBuilding C object CMakeFiles/cdcl_umd_msgs__rosidl_generator_c.dir/rosidl_generator_c/cdcl_umd_msgs/srv/detail/set_arena_operating_mode__functions.c.o[0m
[ 17%] [32mBuilding C object CMakeFiles/cdcl_umd_msgs__rosidl_generator_c.dir/rosidl_generator_c/cdcl_umd_msgs/srv/detail/injury_report__functions.c.o[0m
[ 17%] [32mBuilding CXX object CMakeFiles/cdcl_umd_msgs__rosidl_typesupport_cpp.dir/rosidl_typesupport_cpp/cdcl_umd_msgs/msg/numerical_field__type_support.cpp.o[0m
[ 17%] [32mBuilding C object CMakeFiles/cdcl_umd_msgs__rosidl_generator_c.dir/rosidl_generator_c/cdcl_umd_msgs/action/detail/waypoint_navigation__functions.c.o[0m
[ 18%] [32mBuilding CXX object CMakeFiles/cdcl_umd_msgs__rosidl_typesupport_introspection_cpp.dir/rosidl_typesupport_introspection_cpp/cdcl_umd_msgs/msg/detail/casualty_report_field__type_support.cpp.o[0m
[ 18%] [32m[1mLinking C shared library libcdcl_umd_msgs__rosidl_generator_c.so[0m
[ 19%] Built target cdcl_umd_msgs__rosidl_generator_c
[ 19%] [32mBuilding CXX object CMakeFiles/cdcl_umd_msgs__rosidl_typesupport_fastrtps_cpp.dir/rosidl_typesupport_fastrtps_cpp/cdcl_umd_msgs/msg/detail/dds_fastrtps/categorical_field__type_support.cpp.o[0m
[ 20%] [32mBuilding CXX object CMakeFiles/cdcl_umd_msgs__rosidl_typesupport_cpp.dir/rosidl_typesupport_cpp/cdcl_umd_msgs/msg/respiratory_distress__type_support.cpp.o[0m
[ 20%] [32mBuilding CXX object CMakeFiles/cdcl_umd_msgs__rosidl_typesupport_introspection_cpp.dir/rosidl_typesupport_introspection_cpp/cdcl_umd_msgs/msg/detail/categorical_field__type_support.cpp.o[0m
[ 20%] [32mBuilding CXX object CMakeFiles/cdcl_umd_msgs__rosidl_typesupport_cpp.dir/rosidl_typesupport_cpp/cdcl_umd_msgs/msg/severe_hemorrhage__type_support.cpp.o[0m
[ 20%] [32mBuilding CXX object CMakeFiles/cdcl_umd_msgs__rosidl_typesupport_fastrtps_cpp.dir/rosidl_typesupport_fastrtps_cpp/cdcl_umd_msgs/msg/detail/dds_fastrtps/numerical_field__type_support.cpp.o[0m
[ 20%] [32mBuilding CXX object CMakeFiles/cdcl_umd_msgs__rosidl_typesupport_cpp.dir/rosidl_typesupport_cpp/cdcl_umd_msgs/msg/heart_rate__type_support.cpp.o[0m
[ 20%] [32mBuilding CXX object CMakeFiles/cdcl_umd_msgs__rosidl_typesupport_introspection_cpp.dir/rosidl_typesupport_introspection_cpp/cdcl_umd_msgs/msg/detail/numerical_field__type_support.cpp.o[0m
[ 21%] [32mBuilding CXX object CMakeFiles/cdcl_umd_msgs__rosidl_typesupport_fastrtps_cpp.dir/rosidl_typesupport_fastrtps_cpp/cdcl_umd_msgs/msg/detail/dds_fastrtps/respiratory_distress__type_support.cpp.o[0m
[ 22%] [32mBuilding CXX object CMakeFiles/cdcl_umd_msgs__rosidl_typesupport_cpp.dir/rosidl_typesupport_cpp/cdcl_umd_msgs/msg/respiratory_rate__type_support.cpp.o[0m
[ 23%] [32mBuilding CXX object CMakeFiles/cdcl_umd_msgs__rosidl_typesupport_introspection_cpp.dir/rosidl_typesupport_introspection_cpp/cdcl_umd_msgs/msg/detail/respiratory_distress__type_support.cpp.o[0m
[ 23%] [32mBuilding CXX object CMakeFiles/cdcl_umd_msgs__rosidl_typesupport_cpp.dir/rosidl_typesupport_cpp/cdcl_umd_msgs/msg/trauma_head__type_support.cpp.o[0m
[ 23%] [32mBuilding CXX object CMakeFiles/cdcl_umd_msgs__rosidl_typesupport_fastrtps_cpp.dir/rosidl_typesupport_fastrtps_cpp/cdcl_umd_msgs/msg/detail/dds_fastrtps/severe_hemorrhage__type_support.cpp.o[0m
[ 23%] [32mBuilding CXX object CMakeFiles/cdcl_umd_msgs__rosidl_typesupport_introspection_cpp.dir/rosidl_typesupport_introspection_cpp/cdcl_umd_msgs/msg/detail/severe_hemorrhage__type_support.cpp.o[0m
[ 23%] [32mBuilding CXX object CMakeFiles/cdcl_umd_msgs__rosidl_typesupport_cpp.dir/rosidl_typesupport_cpp/cdcl_umd_msgs/msg/trauma_torso__type_support.cpp.o[0m
[ 24%] [32mBuilding CXX object CMakeFiles/cdcl_umd_msgs__rosidl_typesupport_cpp.dir/rosidl_typesupport_cpp/cdcl_umd_msgs/msg/trauma_upper_extremity__type_support.cpp.o[0m
[ 24%] [32mBuilding CXX object CMakeFiles/cdcl_umd_msgs__rosidl_typesupport_fastrtps_cpp.dir/rosidl_typesupport_fastrtps_cpp/cdcl_umd_msgs/msg/detail/dds_fastrtps/heart_rate__type_support.cpp.o[0m
[ 24%] [32mBuilding CXX object CMakeFiles/cdcl_umd_msgs__rosidl_typesupport_introspection_cpp.dir/rosidl_typesupport_introspection_cpp/cdcl_umd_msgs/msg/detail/heart_rate__type_support.cpp.o[0m
[ 24%] [32mBuilding CXX object CMakeFiles/cdcl_umd_msgs__rosidl_typesupport_cpp.dir/rosidl_typesupport_cpp/cdcl_umd_msgs/msg/trauma_lower_extremity__type_support.cpp.o[0m
[ 25%] [32mBuilding CXX object CMakeFiles/cdcl_umd_msgs__rosidl_typesupport_fastrtps_cpp.dir/rosidl_typesupport_fastrtps_cpp/cdcl_umd_msgs/msg/detail/dds_fastrtps/respiratory_rate__type_support.cpp.o[0m
[ 25%] [32mBuilding CXX object CMakeFiles/cdcl_umd_msgs__rosidl_typesupport_cpp.dir/rosidl_typesupport_cpp/cdcl_umd_msgs/msg/alertness_motor__type_support.cpp.o[0m
[ 26%] [32mBuilding CXX object CMakeFiles/cdcl_umd_msgs__rosidl_typesupport_introspection_cpp.dir/rosidl_typesupport_introspection_cpp/cdcl_umd_msgs/msg/detail/respiratory_rate__type_support.cpp.o[0m
[ 27%] [32mBuilding CXX object CMakeFiles/cdcl_umd_msgs__rosidl_typesupport_cpp.dir/rosidl_typesupport_cpp/cdcl_umd_msgs/msg/alertness_ocular__type_support.cpp.o[0m
[ 27%] [32mBuilding CXX object CMakeFiles/cdcl_umd_msgs__rosidl_typesupport_fastrtps_cpp.dir/rosidl_typesupport_fastrtps_cpp/cdcl_umd_msgs/msg/detail/dds_fastrtps/trauma_head__type_support.cpp.o[0m
[ 27%] [32mBuilding CXX object CMakeFiles/cdcl_umd_msgs__rosidl_typesupport_introspection_cpp.dir/rosidl_typesupport_introspection_cpp/cdcl_umd_msgs/msg/detail/trauma_head__type_support.cpp.o[0m
[ 27%] [32mBuilding CXX object CMakeFiles/cdcl_umd_msgs__rosidl_typesupport_cpp.dir/rosidl_typesupport_cpp/cdcl_umd_msgs/msg/alertness_verbal__type_support.cpp.o[0m
[ 27%] [32mBuilding CXX object CMakeFiles/cdcl_umd_msgs__rosidl_typesupport_fastrtps_cpp.dir/rosidl_typesupport_fastrtps_cpp/cdcl_umd_msgs/msg/detail/dds_fastrtps/trauma_torso__type_support.cpp.o[0m
[ 27%] [32mBuilding CXX object CMakeFiles/cdcl_umd_msgs__rosidl_typesupport_cpp.dir/rosidl_typesupport_cpp/cdcl_umd_msgs/msg/latitude_longitude__type_support.cpp.o[0m
[ 27%] [32mBuilding CXX object CMakeFiles/cdcl_umd_msgs__rosidl_typesupport_introspection_cpp.dir/rosidl_typesupport_introspection_cpp/cdcl_umd_msgs/msg/detail/trauma_torso__type_support.cpp.o[0m
[ 28%] [32mBuilding CXX object CMakeFiles/cdcl_umd_msgs__rosidl_typesupport_cpp.dir/rosidl_typesupport_cpp/cdcl_umd_msgs/msg/spot_status__type_support.cpp.o[0m
[ 29%] [32mBuilding CXX object CMakeFiles/cdcl_umd_msgs__rosidl_typesupport_fastrtps_cpp.dir/rosidl_typesupport_fastrtps_cpp/cdcl_umd_msgs/msg/detail/dds_fastrtps/trauma_upper_extremity__type_support.cpp.o[0m
[ 29%] [32mBuilding CXX object CMakeFiles/cdcl_umd_msgs__rosidl_typesupport_cpp.dir/rosidl_typesupport_cpp/cdcl_umd_msgs/msg/point2_d__type_support.cpp.o[0m
[ 30%] [32mBuilding CXX object CMakeFiles/cdcl_umd_msgs__rosidl_typesupport_introspection_cpp.dir/rosidl_typesupport_introspection_cpp/cdcl_umd_msgs/msg/detail/trauma_upper_extremity__type_support.cpp.o[0m
[ 30%] [32mBuilding CXX object CMakeFiles/cdcl_umd_msgs__rosidl_typesupport_cpp.dir/rosidl_typesupport_cpp/cdcl_umd_msgs/msg/target__type_support.cpp.o[0m
[ 30%] [32mBuilding CXX object CMakeFiles/cdcl_umd_msgs__rosidl_typesupport_fastrtps_cpp.dir/rosidl_typesupport_fastrtps_cpp/cdcl_umd_msgs/msg/detail/dds_fastrtps/trauma_lower_extremity__type_support.cpp.o[0m
[ 31%] [32mBuilding CXX object CMakeFiles/cdcl_umd_msgs__rosidl_typesupport_cpp.dir/rosidl_typesupport_cpp/cdcl_umd_msgs/msg/target_list__type_support.cpp.o[0m
[ 31%] [32mBuilding CXX object CMakeFiles/cdcl_umd_msgs__rosidl_typesupport_introspection_cpp.dir/rosidl_typesupport_introspection_cpp/cdcl_umd_msgs/msg/detail/trauma_lower_extremity__type_support.cpp.o[0m
[ 31%] [32mBuilding CXX object CMakeFiles/cdcl_umd_msgs__rosidl_typesupport_cpp.dir/rosidl_typesupport_cpp/cdcl_umd_msgs/msg/april_tag_detection__type_support.cpp.o[0m
[ 31%] [32mBuilding CXX object CMakeFiles/cdcl_umd_msgs__rosidl_typesupport_fastrtps_cpp.dir/rosidl_typesupport_fastrtps_cpp/cdcl_umd_msgs/msg/detail/dds_fastrtps/alertness_motor__type_support.cpp.o[0m
[ 31%] [32mBuilding CXX object CMakeFiles/cdcl_umd_msgs__rosidl_typesupport_cpp.dir/rosidl_typesupport_cpp/cdcl_umd_msgs/msg/april_tag_detection_array__type_support.cpp.o[0m
[ 31%] [32mBuilding CXX object CMakeFiles/cdcl_umd_msgs__rosidl_typesupport_introspection_cpp.dir/rosidl_typesupport_introspection_cpp/cdcl_umd_msgs/msg/detail/alertness_motor__type_support.cpp.o[0m
[ 32%] [32mBuilding CXX object CMakeFiles/cdcl_umd_msgs__rosidl_typesupport_cpp.dir/rosidl_typesupport_cpp/cdcl_umd_msgs/msg/nav_sat_fix_array__type_support.cpp.o[0m
[ 33%] [32mBuilding CXX object CMakeFiles/cdcl_umd_msgs__rosidl_typesupport_fastrtps_cpp.dir/rosidl_typesupport_fastrtps_cpp/cdcl_umd_msgs/msg/detail/dds_fastrtps/alertness_ocular__type_support.cpp.o[0m
[ 34%] [32mBuilding CXX object CMakeFiles/cdcl_umd_msgs__rosidl_typesupport_introspection_cpp.dir/rosidl_typesupport_introspection_cpp/cdcl_umd_msgs/msg/detail/alertness_ocular__type_support.cpp.o[0m
[ 34%] [32mBuilding CXX object CMakeFiles/cdcl_umd_msgs__rosidl_typesupport_cpp.dir/rosidl_typesupport_cpp/cdcl_umd_msgs/msg/speech__type_support.cpp.o[0m
[ 34%] [32mBuilding CXX object CMakeFiles/cdcl_umd_msgs__rosidl_typesupport_fastrtps_cpp.dir/rosidl_typesupport_fastrtps_cpp/cdcl_umd_msgs/msg/detail/dds_fastrtps/alertness_verbal__type_support.cpp.o[0m
[ 34%] [32mBuilding CXX object CMakeFiles/cdcl_umd_msgs__rosidl_typesupport_cpp.dir/rosidl_typesupport_cpp/cdcl_umd_msgs/msg/vitals__type_support.cpp.o[0m
[ 34%] [32mBuilding CXX object CMakeFiles/cdcl_umd_msgs__rosidl_typesupport_introspection_cpp.dir/rosidl_typesupport_introspection_cpp/cdcl_umd_msgs/msg/detail/alertness_verbal__type_support.cpp.o[0m
[ 35%] [32mBuilding CXX object CMakeFiles/cdcl_umd_msgs__rosidl_typesupport_cpp.dir/rosidl_typesupport_cpp/cdcl_umd_msgs/srv/play_sound__type_support.cpp.o[0m
[ 35%] [32mBuilding CXX object CMakeFiles/cdcl_umd_msgs__rosidl_typesupport_fastrtps_cpp.dir/rosidl_typesupport_fastrtps_cpp/cdcl_umd_msgs/msg/detail/dds_fastrtps/latitude_longitude__type_support.cpp.o[0m
[ 35%] [32mBuilding CXX object CMakeFiles/cdcl_umd_msgs__rosidl_typesupport_cpp.dir/rosidl_typesupport_cpp/cdcl_umd_msgs/srv/set_arena_gain__type_support.cpp.o[0m
[ 35%] [32mBuilding CXX object CMakeFiles/cdcl_umd_msgs__rosidl_typesupport_introspection_cpp.dir/rosidl_typesupport_introspection_cpp/cdcl_umd_msgs/msg/detail/latitude_longitude__type_support.cpp.o[0m
[ 36%] [32mBuilding CXX object CMakeFiles/cdcl_umd_msgs__rosidl_typesupport_fastrtps_cpp.dir/rosidl_typesupport_fastrtps_cpp/cdcl_umd_msgs/msg/detail/dds_fastrtps/spot_status__type_support.cpp.o[0m
[ 36%] [32mBuilding CXX object CMakeFiles/cdcl_umd_msgs__rosidl_typesupport_cpp.dir/rosidl_typesupport_cpp/cdcl_umd_msgs/srv/set_arena_operating_mode__type_support.cpp.o[0m
[ 37%] [32mBuilding CXX object CMakeFiles/cdcl_umd_msgs__rosidl_typesupport_introspection_cpp.dir/rosidl_typesupport_introspection_cpp/cdcl_umd_msgs/msg/detail/spot_status__type_support.cpp.o[0m
[ 38%] [32mBuilding CXX object CMakeFiles/cdcl_umd_msgs__rosidl_typesupport_cpp.dir/rosidl_typesupport_cpp/cdcl_umd_msgs/srv/injury_report__type_support.cpp.o[0m
[ 38%] [32mBuilding CXX object CMakeFiles/cdcl_umd_msgs__rosidl_typesupport_fastrtps_cpp.dir/rosidl_typesupport_fastrtps_cpp/cdcl_umd_msgs/msg/detail/dds_fastrtps/point2_d__type_support.cpp.o[0m
[ 38%] [32mBuilding CXX object CMakeFiles/cdcl_umd_msgs__rosidl_typesupport_cpp.dir/rosidl_typesupport_cpp/cdcl_umd_msgs/action/waypoint_navigation__type_support.cpp.o[0m
[ 38%] [32mBuilding CXX object CMakeFiles/cdcl_umd_msgs__rosidl_typesupport_introspection_cpp.dir/rosidl_typesupport_introspection_cpp/cdcl_umd_msgs/msg/detail/point2_d__type_support.cpp.o[0m
[ 38%] [32mBuilding CXX object CMakeFiles/cdcl_umd_msgs__rosidl_typesupport_fastrtps_cpp.dir/rosidl_typesupport_fastrtps_cpp/cdcl_umd_msgs/msg/detail/dds_fastrtps/target__type_support.cpp.o[0m
[ 38%] [32m[1mLinking CXX shared library libcdcl_umd_msgs__rosidl_typesupport_cpp.so[0m
[ 39%] [32mBuilding CXX object CMakeFiles/cdcl_umd_msgs__rosidl_typesupport_fastrtps_cpp.dir/rosidl_typesupport_fastrtps_cpp/cdcl_umd_msgs/msg/detail/dds_fastrtps/target_list__type_support.cpp.o[0m
[ 39%] [32mBuilding CXX object CMakeFiles/cdcl_umd_msgs__rosidl_typesupport_introspection_cpp.dir/rosidl_typesupport_introspection_cpp/cdcl_umd_msgs/msg/detail/target__type_support.cpp.o[0m
[ 39%] Built target cdcl_umd_msgs__rosidl_typesupport_cpp
[ 40%] [32mBuilding CXX object CMakeFiles/cdcl_umd_msgs__rosidl_typesupport_introspection_cpp.dir/rosidl_typesupport_introspection_cpp/cdcl_umd_msgs/msg/detail/target_list__type_support.cpp.o[0m
[ 40%] [32mBuilding CXX object CMakeFiles/cdcl_umd_msgs__rosidl_typesupport_fastrtps_cpp.dir/rosidl_typesupport_fastrtps_cpp/cdcl_umd_msgs/msg/detail/dds_fastrtps/april_tag_detection__type_support.cpp.o[0m
[ 40%] [32mBuilding CXX object CMakeFiles/cdcl_umd_msgs__rosidl_typesupport_fastrtps_cpp.dir/rosidl_typesupport_fastrtps_cpp/cdcl_umd_msgs/msg/detail/dds_fastrtps/april_tag_detection_array__type_support.cpp.o[0m
[ 40%] [32mBuilding CXX object CMakeFiles/cdcl_umd_msgs__rosidl_typesupport_introspection_cpp.dir/rosidl_typesupport_introspection_cpp/cdcl_umd_msgs/msg/detail/april_tag_detection__type_support.cpp.o[0m
[ 41%] [32mBuilding CXX object CMakeFiles/cdcl_umd_msgs__rosidl_typesupport_fastrtps_cpp.dir/rosidl_typesupport_fastrtps_cpp/cdcl_umd_msgs/msg/detail/dds_fastrtps/nav_sat_fix_array__type_support.cpp.o[0m
[ 41%] [32mBuilding CXX object CMakeFiles/cdcl_umd_msgs__rosidl_typesupport_introspection_cpp.dir/rosidl_typesupport_introspection_cpp/cdcl_umd_msgs/msg/detail/april_tag_detection_array__type_support.cpp.o[0m
[ 41%] [32mBuilding CXX object CMakeFiles/cdcl_umd_msgs__rosidl_typesupport_fastrtps_cpp.dir/rosidl_typesupport_fastrtps_cpp/cdcl_umd_msgs/msg/detail/dds_fastrtps/speech__type_support.cpp.o[0m
[ 42%] [32mBuilding CXX object CMakeFiles/cdcl_umd_msgs__rosidl_typesupport_introspection_cpp.dir/rosidl_typesupport_introspection_cpp/cdcl_umd_msgs/msg/detail/nav_sat_fix_array__type_support.cpp.o[0m
[ 42%] [32mBuilding CXX object CMakeFiles/cdcl_umd_msgs__rosidl_typesupport_fastrtps_cpp.dir/rosidl_typesupport_fastrtps_cpp/cdcl_umd_msgs/msg/detail/dds_fastrtps/vitals__type_support.cpp.o[0m
[ 42%] [32mBuilding CXX object CMakeFiles/cdcl_umd_msgs__rosidl_typesupport_introspection_cpp.dir/rosidl_typesupport_introspection_cpp/cdcl_umd_msgs/msg/detail/speech__type_support.cpp.o[0m
[ 43%] [32mBuilding CXX object CMakeFiles/cdcl_umd_msgs__rosidl_typesupport_fastrtps_cpp.dir/rosidl_typesupport_fastrtps_cpp/cdcl_umd_msgs/srv/detail/dds_fastrtps/play_sound__type_support.cpp.o[0m
[ 43%] [32mBuilding CXX object CMakeFiles/cdcl_umd_msgs__rosidl_typesupport_introspection_cpp.dir/rosidl_typesupport_introspection_cpp/cdcl_umd_msgs/msg/detail/vitals__type_support.cpp.o[0m
[ 43%] [32mBuilding CXX object CMakeFiles/cdcl_umd_msgs__rosidl_typesupport_fastrtps_cpp.dir/rosidl_typesupport_fastrtps_cpp/cdcl_umd_msgs/srv/detail/dds_fastrtps/set_arena_gain__type_support.cpp.o[0m
[ 44%] [32mBuilding CXX object CMakeFiles/cdcl_umd_msgs__rosidl_typesupport_introspection_cpp.dir/rosidl_typesupport_introspection_cpp/cdcl_umd_msgs/srv/detail/play_sound__type_support.cpp.o[0m
[ 44%] [32mBuilding CXX object CMakeFiles/cdcl_umd_msgs__rosidl_typesupport_introspection_cpp.dir/rosidl_typesupport_introspection_cpp/cdcl_umd_msgs/srv/detail/set_arena_gain__type_support.cpp.o[0m
[ 44%] [32mBuilding CXX object CMakeFiles/cdcl_umd_msgs__rosidl_typesupport_fastrtps_cpp.dir/rosidl_typesupport_fastrtps_cpp/cdcl_umd_msgs/srv/detail/dds_fastrtps/set_arena_operating_mode__type_support.cpp.o[0m
[ 44%] [32mBuilding CXX object CMakeFiles/cdcl_umd_msgs__rosidl_typesupport_introspection_cpp.dir/rosidl_typesupport_introspection_cpp/cdcl_umd_msgs/srv/detail/set_arena_operating_mode__type_support.cpp.o[0m
[ 45%] [32mBuilding CXX object CMakeFiles/cdcl_umd_msgs__rosidl_typesupport_fastrtps_cpp.dir/rosidl_typesupport_fastrtps_cpp/cdcl_umd_msgs/srv/detail/dds_fastrtps/injury_report__type_support.cpp.o[0m
[ 46%] [32mBuilding CXX object CMakeFiles/cdcl_umd_msgs__rosidl_typesupport_introspection_cpp.dir/rosidl_typesupport_introspection_cpp/cdcl_umd_msgs/srv/detail/injury_report__type_support.cpp.o[0m
[ 46%] [32mBuilding CXX object CMakeFiles/cdcl_umd_msgs__rosidl_typesupport_fastrtps_cpp.dir/rosidl_typesupport_fastrtps_cpp/cdcl_umd_msgs/action/detail/dds_fastrtps/waypoint_navigation__type_support.cpp.o[0m
[ 46%] [32mBuilding CXX object CMakeFiles/cdcl_umd_msgs__rosidl_typesupport_introspection_cpp.dir/rosidl_typesupport_introspection_cpp/cdcl_umd_msgs/action/detail/waypoint_navigation__type_support.cpp.o[0m
[ 46%] [32m[1mLinking CXX shared library libcdcl_umd_msgs__rosidl_typesupport_fastrtps_cpp.so[0m
[ 47%] Built target cdcl_umd_msgs__rosidl_typesupport_fastrtps_cpp
[ 48%] [32m[1mLinking CXX shared library libcdcl_umd_msgs__rosidl_typesupport_introspection_cpp.so[0m
[ 49%] Built target cdcl_umd_msgs__rosidl_typesupport_introspection_cpp
[35m[1mConsolidate compiler generated dependencies of target cdcl_umd_msgs__rosidl_typesupport_c[0m
[ 49%] [32mBuilding CXX object CMakeFiles/cdcl_umd_msgs__rosidl_typesupport_c.dir/rosidl_typesupport_c/cdcl_umd_msgs/msg/resnet18_classifier_observations__type_support.cpp.o[0m
[ 49%] [32mBuilding CXX object CMakeFiles/cdcl_umd_msgs__rosidl_typesupport_c.dir/rosidl_typesupport_c/cdcl_umd_msgs/msg/resnet18_classifier_observation__type_support.cpp.o[0m
[ 50%] [32mBuilding CXX object CMakeFiles/cdcl_umd_msgs__rosidl_typesupport_c.dir/rosidl_typesupport_c/cdcl_umd_msgs/msg/background_subtraction__type_support.cpp.o[0m
[ 50%] [32mBuilding CXX object CMakeFiles/cdcl_umd_msgs__rosidl_typesupport_c.dir/rosidl_typesupport_c/cdcl_umd_msgs/msg/speech_activity__type_support.cpp.o[0m
[ 50%] [32mBuilding CXX object CMakeFiles/cdcl_umd_msgs__rosidl_typesupport_c.dir/rosidl_typesupport_c/cdcl_umd_msgs/msg/casualty_report__type_support.cpp.o[0m
[ 51%] [32mBuilding CXX object CMakeFiles/cdcl_umd_msgs__rosidl_typesupport_c.dir/rosidl_typesupport_c/cdcl_umd_msgs/msg/casualty_report_field__type_support.cpp.o[0m
[ 51%] [32mBuilding CXX object CMakeFiles/cdcl_umd_msgs__rosidl_typesupport_c.dir/rosidl_typesupport_c/cdcl_umd_msgs/msg/categorical_field__type_support.cpp.o[0m
[ 51%] [32mBuilding CXX object CMakeFiles/cdcl_umd_msgs__rosidl_typesupport_c.dir/rosidl_typesupport_c/cdcl_umd_msgs/msg/numerical_field__type_support.cpp.o[0m
[ 52%] [32mBuilding CXX object CMakeFiles/cdcl_umd_msgs__rosidl_typesupport_c.dir/rosidl_typesupport_c/cdcl_umd_msgs/msg/respiratory_distress__type_support.cpp.o[0m
[ 52%] [32mBuilding CXX object CMakeFiles/cdcl_umd_msgs__rosidl_typesupport_c.dir/rosidl_typesupport_c/cdcl_umd_msgs/msg/severe_hemorrhage__type_support.cpp.o[0m
[ 52%] [32mBuilding CXX object CMakeFiles/cdcl_umd_msgs__rosidl_typesupport_c.dir/rosidl_typesupport_c/cdcl_umd_msgs/msg/heart_rate__type_support.cpp.o[0m
[ 53%] [32mBuilding CXX object CMakeFiles/cdcl_umd_msgs__rosidl_typesupport_c.dir/rosidl_typesupport_c/cdcl_umd_msgs/msg/respiratory_rate__type_support.cpp.o[0m
[ 53%] [32mBuilding CXX object CMakeFiles/cdcl_umd_msgs__rosidl_typesupport_c.dir/rosidl_typesupport_c/cdcl_umd_msgs/msg/trauma_head__type_support.cpp.o[0m
[ 53%] [32mBuilding CXX object CMakeFiles/cdcl_umd_msgs__rosidl_typesupport_c.dir/rosidl_typesupport_c/cdcl_umd_msgs/msg/trauma_torso__type_support.cpp.o[0m
[ 54%] [32mBuilding CXX object CMakeFiles/cdcl_umd_msgs__rosidl_typesupport_c.dir/rosidl_typesupport_c/cdcl_umd_msgs/msg/trauma_upper_extremity__type_support.cpp.o[0m
[ 54%] [32mBuilding CXX object CMakeFiles/cdcl_umd_msgs__rosidl_typesupport_c.dir/rosidl_typesupport_c/cdcl_umd_msgs/msg/trauma_lower_extremity__type_support.cpp.o[0m
[ 54%] [32mBuilding CXX object CMakeFiles/cdcl_umd_msgs__rosidl_typesupport_c.dir/rosidl_typesupport_c/cdcl_umd_msgs/msg/alertness_motor__type_support.cpp.o[0m
[ 55%] [32mBuilding CXX object CMakeFiles/cdcl_umd_msgs__rosidl_typesupport_c.dir/rosidl_typesupport_c/cdcl_umd_msgs/msg/alertness_ocular__type_support.cpp.o[0m
[ 55%] [32mBuilding CXX object CMakeFiles/cdcl_umd_msgs__rosidl_typesupport_c.dir/rosidl_typesupport_c/cdcl_umd_msgs/msg/alertness_verbal__type_support.cpp.o[0m
[ 55%] [32mBuilding CXX object CMakeFiles/cdcl_umd_msgs__rosidl_typesupport_c.dir/rosidl_typesupport_c/cdcl_umd_msgs/msg/latitude_longitude__type_support.cpp.o[0m
[ 56%] [32mBuilding CXX object CMakeFiles/cdcl_umd_msgs__rosidl_typesupport_c.dir/rosidl_typesupport_c/cdcl_umd_msgs/msg/spot_status__type_support.cpp.o[0m
[ 56%] [32mBuilding CXX object CMakeFiles/cdcl_umd_msgs__rosidl_typesupport_c.dir/rosidl_typesupport_c/cdcl_umd_msgs/msg/point2_d__type_support.cpp.o[0m
[ 56%] [32mBuilding CXX object CMakeFiles/cdcl_umd_msgs__rosidl_typesupport_c.dir/rosidl_typesupport_c/cdcl_umd_msgs/msg/target__type_support.cpp.o[0m
[ 57%] [32mBuilding CXX object CMakeFiles/cdcl_umd_msgs__rosidl_typesupport_c.dir/rosidl_typesupport_c/cdcl_umd_msgs/msg/target_list__type_support.cpp.o[0m
[ 57%] [32mBuilding CXX object CMakeFiles/cdcl_umd_msgs__rosidl_typesupport_c.dir/rosidl_typesupport_c/cdcl_umd_msgs/msg/april_tag_detection__type_support.cpp.o[0m
[ 57%] [32mBuilding CXX object CMakeFiles/cdcl_umd_msgs__rosidl_typesupport_c.dir/rosidl_typesupport_c/cdcl_umd_msgs/msg/april_tag_detection_array__type_support.cpp.o[0m
[ 58%] [32mBuilding CXX object CMakeFiles/cdcl_umd_msgs__rosidl_typesupport_c.dir/rosidl_typesupport_c/cdcl_umd_msgs/msg/nav_sat_fix_array__type_support.cpp.o[0m
[ 58%] [32mBuilding CXX object CMakeFiles/cdcl_umd_msgs__rosidl_typesupport_c.dir/rosidl_typesupport_c/cdcl_umd_msgs/msg/speech__type_support.cpp.o[0m
[ 58%] [32mBuilding CXX object CMakeFiles/cdcl_umd_msgs__rosidl_typesupport_c.dir/rosidl_typesupport_c/cdcl_umd_msgs/msg/vitals__type_support.cpp.o[0m
[ 59%] [32mBuilding CXX object CMakeFiles/cdcl_umd_msgs__rosidl_typesupport_c.dir/rosidl_typesupport_c/cdcl_umd_msgs/srv/play_sound__type_support.cpp.o[0m
[ 59%] [32mBuilding CXX object CMakeFiles/cdcl_umd_msgs__rosidl_typesupport_c.dir/rosidl_typesupport_c/cdcl_umd_msgs/srv/set_arena_gain__type_support.cpp.o[0m
[ 59%] [32mBuilding CXX object CMakeFiles/cdcl_umd_msgs__rosidl_typesupport_c.dir/rosidl_typesupport_c/cdcl_umd_msgs/srv/set_arena_operating_mode__type_support.cpp.o[0m
[ 60%] [32mBuilding CXX object CMakeFiles/cdcl_umd_msgs__rosidl_typesupport_c.dir/rosidl_typesupport_c/cdcl_umd_msgs/srv/injury_report__type_support.cpp.o[0m
[ 60%] [32mBuilding CXX object CMakeFiles/cdcl_umd_msgs__rosidl_typesupport_c.dir/rosidl_typesupport_c/cdcl_umd_msgs/action/waypoint_navigation__type_support.cpp.o[0m
[ 60%] [32m[1mLinking CXX shared library libcdcl_umd_msgs__rosidl_typesupport_c.so[0m
[ 61%] Built target cdcl_umd_msgs__rosidl_typesupport_c
[35m[1mConsolidate compiler generated dependencies of target cdcl_umd_msgs__rosidl_typesupport_introspection_c[0m
[ 61%] [32mBuilding C object CMakeFiles/cdcl_umd_msgs__rosidl_typesupport_introspection_c.dir/rosidl_typesupport_introspection_c/cdcl_umd_msgs/msg/detail/resnet18_classifier_observations__type_support.c.o[0m
[ 62%] [32mBuilding C object CMakeFiles/cdcl_umd_msgs__rosidl_typesupport_introspection_c.dir/rosidl_typesupport_introspection_c/cdcl_umd_msgs/msg/detail/background_subtraction__type_support.c.o[0m
[ 62%] [32mBuilding C object CMakeFiles/cdcl_umd_msgs__rosidl_typesupport_introspection_c.dir/rosidl_typesupport_introspection_c/cdcl_umd_msgs/msg/detail/speech_activity__type_support.c.o[0m
[ 62%] [32mBuilding C object CMakeFiles/cdcl_umd_msgs__rosidl_typesupport_introspection_c.dir/rosidl_typesupport_introspection_c/cdcl_umd_msgs/msg/detail/casualty_report__type_support.c.o[0m
[ 63%] [32mBuilding C object CMakeFiles/cdcl_umd_msgs__rosidl_typesupport_introspection_c.dir/rosidl_typesupport_introspection_c/cdcl_umd_msgs/msg/detail/casualty_report_field__type_support.c.o[0m
[ 63%] [32mBuilding C object CMakeFiles/cdcl_umd_msgs__rosidl_typesupport_introspection_c.dir/rosidl_typesupport_introspection_c/cdcl_umd_msgs/msg/detail/categorical_field__type_support.c.o[0m
[ 63%] [32mBuilding C object CMakeFiles/cdcl_umd_msgs__rosidl_typesupport_introspection_c.dir/rosidl_typesupport_introspection_c/cdcl_umd_msgs/msg/detail/numerical_field__type_support.c.o[0m
[ 64%] [32mBuilding C object CMakeFiles/cdcl_umd_msgs__rosidl_typesupport_introspection_c.dir/rosidl_typesupport_introspection_c/cdcl_umd_msgs/msg/detail/respiratory_distress__type_support.c.o[0m
[ 64%] [32mBuilding C object CMakeFiles/cdcl_umd_msgs__rosidl_typesupport_introspection_c.dir/rosidl_typesupport_introspection_c/cdcl_umd_msgs/msg/detail/severe_hemorrhage__type_support.c.o[0m
[ 64%] [32mBuilding C object CMakeFiles/cdcl_umd_msgs__rosidl_typesupport_introspection_c.dir/rosidl_typesupport_introspection_c/cdcl_umd_msgs/msg/detail/heart_rate__type_support.c.o[0m
[ 65%] [32mBuilding C object CMakeFiles/cdcl_umd_msgs__rosidl_typesupport_introspection_c.dir/rosidl_typesupport_introspection_c/cdcl_umd_msgs/msg/detail/respiratory_rate__type_support.c.o[0m
[ 65%] [32mBuilding C object CMakeFiles/cdcl_umd_msgs__rosidl_typesupport_introspection_c.dir/rosidl_typesupport_introspection_c/cdcl_umd_msgs/msg/detail/trauma_head__type_support.c.o[0m
[ 66%] [32mBuilding C object CMakeFiles/cdcl_umd_msgs__rosidl_typesupport_introspection_c.dir/rosidl_typesupport_introspection_c/cdcl_umd_msgs/msg/detail/trauma_torso__type_support.c.o[0m
[ 66%] [32mBuilding C object CMakeFiles/cdcl_umd_msgs__rosidl_typesupport_introspection_c.dir/rosidl_typesupport_introspection_c/cdcl_umd_msgs/msg/detail/trauma_upper_extremity__type_support.c.o[0m
[ 66%] [32mBuilding C object CMakeFiles/cdcl_umd_msgs__rosidl_typesupport_introspection_c.dir/rosidl_typesupport_introspection_c/cdcl_umd_msgs/msg/detail/trauma_lower_extremity__type_support.c.o[0m
[ 67%] [32mBuilding C object CMakeFiles/cdcl_umd_msgs__rosidl_typesupport_introspection_c.dir/rosidl_typesupport_introspection_c/cdcl_umd_msgs/msg/detail/alertness_motor__type_support.c.o[0m
[ 67%] [32mBuilding C object CMakeFiles/cdcl_umd_msgs__rosidl_typesupport_introspection_c.dir/rosidl_typesupport_introspection_c/cdcl_umd_msgs/msg/detail/alertness_ocular__type_support.c.o[0m
[ 67%] [32mBuilding C object CMakeFiles/cdcl_umd_msgs__rosidl_typesupport_introspection_c.dir/rosidl_typesupport_introspection_c/cdcl_umd_msgs/msg/detail/alertness_verbal__type_support.c.o[0m
[ 68%] [32mBuilding C object CMakeFiles/cdcl_umd_msgs__rosidl_typesupport_introspection_c.dir/rosidl_typesupport_introspection_c/cdcl_umd_msgs/msg/detail/latitude_longitude__type_support.c.o[0m
[ 68%] [32mBuilding C object CMakeFiles/cdcl_umd_msgs__rosidl_typesupport_introspection_c.dir/rosidl_typesupport_introspection_c/cdcl_umd_msgs/msg/detail/spot_status__type_support.c.o[0m
[ 68%] [32mBuilding C object CMakeFiles/cdcl_umd_msgs__rosidl_typesupport_introspection_c.dir/rosidl_typesupport_introspection_c/cdcl_umd_msgs/msg/detail/point2_d__type_support.c.o[0m
[ 69%] [32mBuilding C object CMakeFiles/cdcl_umd_msgs__rosidl_typesupport_introspection_c.dir/rosidl_typesupport_introspection_c/cdcl_umd_msgs/msg/detail/target__type_support.c.o[0m
[ 69%] [32mBuilding C object CMakeFiles/cdcl_umd_msgs__rosidl_typesupport_introspection_c.dir/rosidl_typesupport_introspection_c/cdcl_umd_msgs/msg/detail/target_list__type_support.c.o[0m
[ 69%] [32mBuilding C object CMakeFiles/cdcl_umd_msgs__rosidl_typesupport_introspection_c.dir/rosidl_typesupport_introspection_c/cdcl_umd_msgs/msg/detail/april_tag_detection__type_support.c.o[0m
[ 70%] [32mBuilding C object CMakeFiles/cdcl_umd_msgs__rosidl_typesupport_introspection_c.dir/rosidl_typesupport_introspection_c/cdcl_umd_msgs/msg/detail/april_tag_detection_array__type_support.c.o[0m
[ 70%] [32mBuilding C object CMakeFiles/cdcl_umd_msgs__rosidl_typesupport_introspection_c.dir/rosidl_typesupport_introspection_c/cdcl_umd_msgs/msg/detail/nav_sat_fix_array__type_support.c.o[0m
[ 70%] [32mBuilding C object CMakeFiles/cdcl_umd_msgs__rosidl_typesupport_introspection_c.dir/rosidl_typesupport_introspection_c/cdcl_umd_msgs/msg/detail/speech__type_support.c.o[0m
[ 71%] [32mBuilding C object CMakeFiles/cdcl_umd_msgs__rosidl_typesupport_introspection_c.dir/rosidl_typesupport_introspection_c/cdcl_umd_msgs/msg/detail/vitals__type_support.c.o[0m
[ 71%] [32mBuilding C object CMakeFiles/cdcl_umd_msgs__rosidl_typesupport_introspection_c.dir/rosidl_typesupport_introspection_c/cdcl_umd_msgs/srv/detail/play_sound__type_support.c.o[0m
[ 71%] [32mBuilding C object CMakeFiles/cdcl_umd_msgs__rosidl_typesupport_introspection_c.dir/rosidl_typesupport_introspection_c/cdcl_umd_msgs/srv/detail/set_arena_gain__type_support.c.o[0m
[ 72%] [32mBuilding C object CMakeFiles/cdcl_umd_msgs__rosidl_typesupport_introspection_c.dir/rosidl_typesupport_introspection_c/cdcl_umd_msgs/srv/detail/set_arena_operating_mode__type_support.c.o[0m
[ 72%] [32mBuilding C object CMakeFiles/cdcl_umd_msgs__rosidl_typesupport_introspection_c.dir/rosidl_typesupport_introspection_c/cdcl_umd_msgs/srv/detail/injury_report__type_support.c.o[0m
[ 72%] [32mBuilding C object CMakeFiles/cdcl_umd_msgs__rosidl_typesupport_introspection_c.dir/rosidl_typesupport_introspection_c/cdcl_umd_msgs/action/detail/waypoint_navigation__type_support.c.o[0m
[ 72%] [32mBuilding C object CMakeFiles/cdcl_umd_msgs__rosidl_typesupport_introspection_c.dir/rosidl_typesupport_introspection_c/cdcl_umd_msgs/msg/detail/resnet18_classifier_observation__type_support.c.o[0m
[ 73%] [32m[1mLinking C shared library libcdcl_umd_msgs__rosidl_typesupport_introspection_c.so[0m
[ 74%] Built target cdcl_umd_msgs__rosidl_typesupport_introspection_c
[35m[1mConsolidate compiler generated dependencies of target cdcl_umd_msgs__rosidl_typesupport_fastrtps_c[0m
[ 74%] [32mBuilding CXX object CMakeFiles/cdcl_umd_msgs__rosidl_typesupport_fastrtps_c.dir/rosidl_typesupport_fastrtps_c/cdcl_umd_msgs/msg/detail/resnet18_classifier_observations__type_support_c.cpp.o[0m
[ 74%] [32mBuilding CXX object CMakeFiles/cdcl_umd_msgs__rosidl_typesupport_fastrtps_c.dir/rosidl_typesupport_fastrtps_c/cdcl_umd_msgs/msg/detail/speech_activity__type_support_c.cpp.o[0m
[ 74%] [32mBuilding CXX object CMakeFiles/cdcl_umd_msgs__rosidl_typesupport_fastrtps_c.dir/rosidl_typesupport_fastrtps_c/cdcl_umd_msgs/msg/detail/casualty_report__type_support_c.cpp.o[0m
[ 75%] [32mBuilding CXX object CMakeFiles/cdcl_umd_msgs__rosidl_typesupport_fastrtps_c.dir/rosidl_typesupport_fastrtps_c/cdcl_umd_msgs/msg/detail/casualty_report_field__type_support_c.cpp.o[0m
[ 75%] [32mBuilding CXX object CMakeFiles/cdcl_umd_msgs__rosidl_typesupport_fastrtps_c.dir/rosidl_typesupport_fastrtps_c/cdcl_umd_msgs/msg/detail/categorical_field__type_support_c.cpp.o[0m
[ 75%] [32mBuilding CXX object CMakeFiles/cdcl_umd_msgs__rosidl_typesupport_fastrtps_c.dir/rosidl_typesupport_fastrtps_c/cdcl_umd_msgs/msg/detail/numerical_field__type_support_c.cpp.o[0m
[ 76%] [32mBuilding CXX object CMakeFiles/cdcl_umd_msgs__rosidl_typesupport_fastrtps_c.dir/rosidl_typesupport_fastrtps_c/cdcl_umd_msgs/msg/detail/respiratory_distress__type_support_c.cpp.o[0m
[ 76%] [32mBuilding CXX object CMakeFiles/cdcl_umd_msgs__rosidl_typesupport_fastrtps_c.dir/rosidl_typesupport_fastrtps_c/cdcl_umd_msgs/msg/detail/severe_hemorrhage__type_support_c.cpp.o[0m
[ 76%] [32mBuilding CXX object CMakeFiles/cdcl_umd_msgs__rosidl_typesupport_fastrtps_c.dir/rosidl_typesupport_fastrtps_c/cdcl_umd_msgs/msg/detail/heart_rate__type_support_c.cpp.o[0m
[ 77%] [32mBuilding CXX object CMakeFiles/cdcl_umd_msgs__rosidl_typesupport_fastrtps_c.dir/rosidl_typesupport_fastrtps_c/cdcl_umd_msgs/msg/detail/respiratory_rate__type_support_c.cpp.o[0m
[ 77%] [32mBuilding CXX object CMakeFiles/cdcl_umd_msgs__rosidl_typesupport_fastrtps_c.dir/rosidl_typesupport_fastrtps_c/cdcl_umd_msgs/msg/detail/trauma_head__type_support_c.cpp.o[0m
[ 77%] [32mBuilding CXX object CMakeFiles/cdcl_umd_msgs__rosidl_typesupport_fastrtps_c.dir/rosidl_typesupport_fastrtps_c/cdcl_umd_msgs/msg/detail/trauma_torso__type_support_c.cpp.o[0m
[ 78%] [32mBuilding CXX object CMakeFiles/cdcl_umd_msgs__rosidl_typesupport_fastrtps_c.dir/rosidl_typesupport_fastrtps_c/cdcl_umd_msgs/msg/detail/trauma_upper_extremity__type_support_c.cpp.o[0m
[ 78%] [32mBuilding CXX object CMakeFiles/cdcl_umd_msgs__rosidl_typesupport_fastrtps_c.dir/rosidl_typesupport_fastrtps_c/cdcl_umd_msgs/msg/detail/trauma_lower_extremity__type_support_c.cpp.o[0m
[ 78%] [32mBuilding CXX object CMakeFiles/cdcl_umd_msgs__rosidl_typesupport_fastrtps_c.dir/rosidl_typesupport_fastrtps_c/cdcl_umd_msgs/msg/detail/alertness_motor__type_support_c.cpp.o[0m
[ 79%] [32mBuilding CXX object CMakeFiles/cdcl_umd_msgs__rosidl_typesupport_fastrtps_c.dir/rosidl_typesupport_fastrtps_c/cdcl_umd_msgs/msg/detail/alertness_ocular__type_support_c.cpp.o[0m
[ 79%] [32mBuilding CXX object CMakeFiles/cdcl_umd_msgs__rosidl_typesupport_fastrtps_c.dir/rosidl_typesupport_fastrtps_c/cdcl_umd_msgs/msg/detail/alertness_verbal__type_support_c.cpp.o[0m
[ 79%] [32mBuilding CXX object CMakeFiles/cdcl_umd_msgs__rosidl_typesupport_fastrtps_c.dir/rosidl_typesupport_fastrtps_c/cdcl_umd_msgs/msg/detail/latitude_longitude__type_support_c.cpp.o[0m
[ 80%] [32mBuilding CXX object CMakeFiles/cdcl_umd_msgs__rosidl_typesupport_fastrtps_c.dir/rosidl_typesupport_fastrtps_c/cdcl_umd_msgs/msg/detail/spot_status__type_support_c.cpp.o[0m
[ 80%] [32mBuilding CXX object CMakeFiles/cdcl_umd_msgs__rosidl_typesupport_fastrtps_c.dir/rosidl_typesupport_fastrtps_c/cdcl_umd_msgs/msg/detail/point2_d__type_support_c.cpp.o[0m
[ 80%] [32mBuilding CXX object CMakeFiles/cdcl_umd_msgs__rosidl_typesupport_fastrtps_c.dir/rosidl_typesupport_fastrtps_c/cdcl_umd_msgs/msg/detail/target__type_support_c.cpp.o[0m
[ 81%] [32mBuilding CXX object CMakeFiles/cdcl_umd_msgs__rosidl_typesupport_fastrtps_c.dir/rosidl_typesupport_fastrtps_c/cdcl_umd_msgs/msg/detail/target_list__type_support_c.cpp.o[0m
[ 81%] [32mBuilding CXX object CMakeFiles/cdcl_umd_msgs__rosidl_typesupport_fastrtps_c.dir/rosidl_typesupport_fastrtps_c/cdcl_umd_msgs/msg/detail/april_tag_detection__type_support_c.cpp.o[0m
[ 81%] [32mBuilding CXX object CMakeFiles/cdcl_umd_msgs__rosidl_typesupport_fastrtps_c.dir/rosidl_typesupport_fastrtps_c/cdcl_umd_msgs/msg/detail/april_tag_detection_array__type_support_c.cpp.o[0m
[ 82%] [32mBuilding CXX object CMakeFiles/cdcl_umd_msgs__rosidl_typesupport_fastrtps_c.dir/rosidl_typesupport_fastrtps_c/cdcl_umd_msgs/msg/detail/nav_sat_fix_array__type_support_c.cpp.o[0m
[ 82%] [32mBuilding CXX object CMakeFiles/cdcl_umd_msgs__rosidl_typesupport_fastrtps_c.dir/rosidl_typesupport_fastrtps_c/cdcl_umd_msgs/msg/detail/speech__type_support_c.cpp.o[0m
[ 83%] [32mBuilding CXX object CMakeFiles/cdcl_umd_msgs__rosidl_typesupport_fastrtps_c.dir/rosidl_typesupport_fastrtps_c/cdcl_umd_msgs/msg/detail/vitals__type_support_c.cpp.o[0m
[ 83%] [32mBuilding CXX object CMakeFiles/cdcl_umd_msgs__rosidl_typesupport_fastrtps_c.dir/rosidl_typesupport_fastrtps_c/cdcl_umd_msgs/srv/detail/play_sound__type_support_c.cpp.o[0m
[ 83%] [32mBuilding CXX object CMakeFiles/cdcl_umd_msgs__rosidl_typesupport_fastrtps_c.dir/rosidl_typesupport_fastrtps_c/cdcl_umd_msgs/srv/detail/set_arena_gain__type_support_c.cpp.o[0m
[ 84%] [32mBuilding CXX object CMakeFiles/cdcl_umd_msgs__rosidl_typesupport_fastrtps_c.dir/rosidl_typesupport_fastrtps_c/cdcl_umd_msgs/srv/detail/set_arena_operating_mode__type_support_c.cpp.o[0m
[ 84%] [32mBuilding CXX object CMakeFiles/cdcl_umd_msgs__rosidl_typesupport_fastrtps_c.dir/rosidl_typesupport_fastrtps_c/cdcl_umd_msgs/srv/detail/injury_report__type_support_c.cpp.o[0m
[ 84%] [32mBuilding CXX object CMakeFiles/cdcl_umd_msgs__rosidl_typesupport_fastrtps_c.dir/rosidl_typesupport_fastrtps_c/cdcl_umd_msgs/action/detail/waypoint_navigation__type_support_c.cpp.o[0m
[ 85%] [32mBuilding CXX object CMakeFiles/cdcl_umd_msgs__rosidl_typesupport_fastrtps_c.dir/rosidl_typesupport_fastrtps_c/cdcl_umd_msgs/msg/detail/background_subtraction__type_support_c.cpp.o[0m
[ 85%] [32mBuilding CXX object CMakeFiles/cdcl_umd_msgs__rosidl_typesupport_fastrtps_c.dir/rosidl_typesupport_fastrtps_c/cdcl_umd_msgs/msg/detail/resnet18_classifier_observation__type_support_c.cpp.o[0m
[ 86%] [32m[1mLinking CXX shared library libcdcl_umd_msgs__rosidl_typesupport_fastrtps_c.so[0m
[ 87%] Built target cdcl_umd_msgs__rosidl_typesupport_fastrtps_c
[ 87%] Built target cdcl_umd_msgs
[ 87%] Built target cdcl_umd_msgs__py
[35m[1mConsolidate compiler generated dependencies of target cdcl_umd_msgs__rosidl_generator_py[0m
[ 88%] [32mBuilding C object CMakeFiles/cdcl_umd_msgs__rosidl_generator_py.dir/rosidl_generator_py/cdcl_umd_msgs/msg/_resnet18_classifier_observations_s.c.o[0m
[ 89%] [32mBuilding C object CMakeFiles/cdcl_umd_msgs__rosidl_generator_py.dir/rosidl_generator_py/cdcl_umd_msgs/msg/_speech_activity_s.c.o[0m
[ 89%] [32mBuilding C object CMakeFiles/cdcl_umd_msgs__rosidl_generator_py.dir/rosidl_generator_py/cdcl_umd_msgs/msg/_casualty_report_s.c.o[0m
[ 89%] [32mBuilding C object CMakeFiles/cdcl_umd_msgs__rosidl_generator_py.dir/rosidl_generator_py/cdcl_umd_msgs/msg/_casualty_report_field_s.c.o[0m
[ 90%] [32mBuilding C object CMakeFiles/cdcl_umd_msgs__rosidl_generator_py.dir/rosidl_generator_py/cdcl_umd_msgs/msg/_categorical_field_s.c.o[0m
[ 90%] [32mBuilding C object CMakeFiles/cdcl_umd_msgs__rosidl_generator_py.dir/rosidl_generator_py/cdcl_umd_msgs/msg/_numerical_field_s.c.o[0m
[ 90%] [32mBuilding C object CMakeFiles/cdcl_umd_msgs__rosidl_generator_py.dir/rosidl_generator_py/cdcl_umd_msgs/msg/_respiratory_distress_s.c.o[0m
[ 91%] [32mBuilding C object CMakeFiles/cdcl_umd_msgs__rosidl_generator_py.dir/rosidl_generator_py/cdcl_umd_msgs/msg/_severe_hemorrhage_s.c.o[0m
[ 91%] [32mBuilding C object CMakeFiles/cdcl_umd_msgs__rosidl_generator_py.dir/rosidl_generator_py/cdcl_umd_msgs/msg/_heart_rate_s.c.o[0m
[ 91%] [32mBuilding C object CMakeFiles/cdcl_umd_msgs__rosidl_generator_py.dir/rosidl_generator_py/cdcl_umd_msgs/msg/_respiratory_rate_s.c.o[0m
[ 92%] [32mBuilding C object CMakeFiles/cdcl_umd_msgs__rosidl_generator_py.dir/rosidl_generator_py/cdcl_umd_msgs/msg/_trauma_head_s.c.o[0m
[ 92%] [32mBuilding C object CMakeFiles/cdcl_umd_msgs__rosidl_generator_py.dir/rosidl_generator_py/cdcl_umd_msgs/msg/_trauma_torso_s.c.o[0m
[ 92%] [32mBuilding C object CMakeFiles/cdcl_umd_msgs__rosidl_generator_py.dir/rosidl_generator_py/cdcl_umd_msgs/msg/_trauma_upper_extremity_s.c.o[0m
[ 93%] [32mBuilding C object CMakeFiles/cdcl_umd_msgs__rosidl_generator_py.dir/rosidl_generator_py/cdcl_umd_msgs/msg/_trauma_lower_extremity_s.c.o[0m
[ 93%] [32mBuilding C object CMakeFiles/cdcl_umd_msgs__rosidl_generator_py.dir/rosidl_generator_py/cdcl_umd_msgs/msg/_alertness_motor_s.c.o[0m
[ 93%] [32mBuilding C object CMakeFiles/cdcl_umd_msgs__rosidl_generator_py.dir/rosidl_generator_py/cdcl_umd_msgs/msg/_background_subtraction_s.c.o[0m
[ 93%] [32mBuilding C object CMakeFiles/cdcl_umd_msgs__rosidl_generator_py.dir/rosidl_generator_py/cdcl_umd_msgs/msg/_alertness_ocular_s.c.o[0m
[ 94%] [32mBuilding C object CMakeFiles/cdcl_umd_msgs__rosidl_generator_py.dir/rosidl_generator_py/cdcl_umd_msgs/msg/_alertness_verbal_s.c.o[0m
[ 94%] [32mBuilding C object CMakeFiles/cdcl_umd_msgs__rosidl_generator_py.dir/rosidl_generator_py/cdcl_umd_msgs/msg/_latitude_longitude_s.c.o[0m
[ 94%] [32mBuilding C object CMakeFiles/cdcl_umd_msgs__rosidl_generator_py.dir/rosidl_generator_py/cdcl_umd_msgs/msg/_resnet18_classifier_observation_s.c.o[0m
[ 95%] [32mBuilding C object CMakeFiles/cdcl_umd_msgs__rosidl_generator_py.dir/rosidl_generator_py/cdcl_umd_msgs/msg/_spot_status_s.c.o[0m
[ 95%] [32mBuilding C object CMakeFiles/cdcl_umd_msgs__rosidl_generator_py.dir/rosidl_generator_py/cdcl_umd_msgs/msg/_point2_d_s.c.o[0m
[ 95%] [32mBuilding C object CMakeFiles/cdcl_umd_msgs__rosidl_generator_py.dir/rosidl_generator_py/cdcl_umd_msgs/msg/_target_s.c.o[0m
[ 96%] [32mBuilding C object CMakeFiles/cdcl_umd_msgs__rosidl_generator_py.dir/rosidl_generator_py/cdcl_umd_msgs/msg/_target_list_s.c.o[0m
[ 96%] [32mBuilding C object CMakeFiles/cdcl_umd_msgs__rosidl_generator_py.dir/rosidl_generator_py/cdcl_umd_msgs/msg/_april_tag_detection_s.c.o[0m
[ 96%] [32mBuilding C object CMakeFiles/cdcl_umd_msgs__rosidl_generator_py.dir/rosidl_generator_py/cdcl_umd_msgs/msg/_april_tag_detection_array_s.c.o[0m
[ 97%] [32mBuilding C object CMakeFiles/cdcl_umd_msgs__rosidl_generator_py.dir/rosidl_generator_py/cdcl_umd_msgs/msg/_nav_sat_fix_array_s.c.o[0m
[ 97%] [32mBuilding C object CMakeFiles/cdcl_umd_msgs__rosidl_generator_py.dir/rosidl_generator_py/cdcl_umd_msgs/msg/_speech_s.c.o[0m
[ 97%] [32mBuilding C object CMakeFiles/cdcl_umd_msgs__rosidl_generator_py.dir/rosidl_generator_py/cdcl_umd_msgs/msg/_vitals_s.c.o[0m
[ 98%] [32mBuilding C object CMakeFiles/cdcl_umd_msgs__rosidl_generator_py.dir/rosidl_generator_py/cdcl_umd_msgs/srv/_play_sound_s.c.o[0m
[ 98%] [32mBuilding C object CMakeFiles/cdcl_umd_msgs__rosidl_generator_py.dir/rosidl_generator_py/cdcl_umd_msgs/srv/_set_arena_gain_s.c.o[0m
[ 98%] [32mBuilding C object CMakeFiles/cdcl_umd_msgs__rosidl_generator_py.dir/rosidl_generator_py/cdcl_umd_msgs/srv/_set_arena_operating_mode_s.c.o[0m
[ 99%] [32mBuilding C object CMakeFiles/cdcl_umd_msgs__rosidl_generator_py.dir/rosidl_generator_py/cdcl_umd_msgs/srv/_injury_report_s.c.o[0m
[ 99%] [32mBuilding C object CMakeFiles/cdcl_umd_msgs__rosidl_generator_py.dir/rosidl_generator_py/cdcl_umd_msgs/action/_waypoint_navigation_s.c.o[0m
