[0.279s] Invoking command in '/home/jj/wearable-biosensors-ros2/build/cdcl_umd_msgs': CMAKE_PREFIX_PATH=/home/jj/wearable-biosensors-ros2/install/vernier_respiration_belt:/home/jj/wearable-biosensors-ros2/install/shimmer3_gsr_unit:/home/jj/wearable-biosensors-ros2/install/polar_h10:/home/jj/wearable-biosensors-ros2/install/empatica_e4:/home/jj/wearable-biosensors-ros2/install/emotiv_insight:/home/jj/wearable-biosensors-ros2/install/cdcl_umd_msgs:/opt/ros/humble /usr/bin/cmake /home/jj/wearable-biosensors-ros2/src/cdcl_umd_msgs -DAMENT_CMAKE_SYMLINK_INSTALL=1 -DCMAKE_INSTALL_PREFIX=/home/jj/wearable-biosensors-ros2/install/cdcl_umd_msgs
[3.439s] -- The C compiler identification is GNU 11.4.0
[3.440s] -- The CXX compiler identification is GNU 11.4.0
[3.441s] -- Detecting C compiler ABI info
[3.442s] -- Detecting C compiler ABI info - done
[3.443s] -- Check for working C compiler: /usr/bin/cc - skipped
[3.448s] -- Detecting C compile features
[3.448s] -- Detecting C compile features - done
[3.449s] -- Detecting CXX compiler ABI info
[3.449s] -- Detecting CXX compiler ABI info - done
[3.449s] -- Check for working CXX compiler: /usr/bin/c++ - skipped
[3.450s] -- Detecting CXX compile features
[3.451s] -- Detecting CXX compile features - done
[3.587s] -- Found ament_cmake: 1.3.9 (/opt/ros/humble/share/ament_cmake/cmake)
[6.475s] -- Found Python3: /usr/bin/python3 (found version "3.10.12") found components: Interpreter 
[7.130s] -- Override CMake install command with custom implementation using symlinks instead of copying resources
[7.738s] -- Found rosidl_default_generators: 1.2.0 (/opt/ros/humble/share/rosidl_default_generators/cmake)
[7.810s] -- Using all available rosidl_typesupport_c: rosidl_typesupport_fastrtps_c;rosidl_typesupport_introspection_c
[7.965s] -- Found rosidl_adapter: 3.1.5 (/opt/ros/humble/share/rosidl_adapter/cmake)
[8.689s] -- Using all available rosidl_typesupport_cpp: rosidl_typesupport_fastrtps_cpp;rosidl_typesupport_introspection_cpp
[9.182s] [31mCMake Error at /opt/ros/humble/share/rosidl_cmake/cmake/rosidl_generate_interfaces.cmake:93 (message):
[9.186s]   rosidl_generate_interfaces() the passed file 'msg/Vitals.msg' doesn't exist
[9.191s]   relative to the CMAKE_CURRENT_SOURCE_DIR
[9.195s]   '/home/jj/wearable-biosensors-ros2/src/cdcl_umd_msgs'
[9.207s] Call Stack (most recent call first):
[9.208s]   CMakeLists.txt:16 (rosidl_generate_interfaces)
[9.209s] 
[9.209s] [0m
[9.210s] -- Configuring incomplete, errors occurred!
[9.210s] See also "/home/jj/wearable-biosensors-ros2/build/cdcl_umd_msgs/CMakeFiles/CMakeOutput.log".
[9.211s] Invoked command in '/home/jj/wearable-biosensors-ros2/build/cdcl_umd_msgs' returned '1': CMAKE_PREFIX_PATH=/home/jj/wearable-biosensors-ros2/install/vernier_respiration_belt:/home/jj/wearable-biosensors-ros2/install/shimmer3_gsr_unit:/home/jj/wearable-biosensors-ros2/install/polar_h10:/home/jj/wearable-biosensors-ros2/install/empatica_e4:/home/jj/wearable-biosensors-ros2/install/emotiv_insight:/home/jj/wearable-biosensors-ros2/install/cdcl_umd_msgs:/opt/ros/humble /usr/bin/cmake /home/jj/wearable-biosensors-ros2/src/cdcl_umd_msgs -DAMENT_CMAKE_SYMLINK_INSTALL=1 -DCMAKE_INSTALL_PREFIX=/home/jj/wearable-biosensors-ros2/install/cdcl_umd_msgs
