[0.387s] Invoking command in '/home/jj/wearable-biosensors-ros2/build/sqlite3_vendor': CMAKE_PREFIX_PATH=${CMAKE_PREFIX_PATH}:/home/jj/wearable-biosensors-ros2/install/vernier_respiration_belt:/home/jj/wearable-biosensors-ros2/install/shimmer3_gsr_unit:/home/jj/wearable-biosensors-ros2/install/polar_h10:/home/jj/wearable-biosensors-ros2/install/empatica_e4:/home/jj/wearable-biosensors-ros2/install/emotiv_insight:/opt/ros/humble /usr/bin/cmake /home/jj/wearable-biosensors-ros2/src/rosbag2/sqlite3_vendor -DCMAKE_INSTALL_PREFIX=/home/jj/wearable-biosensors-ros2/install/sqlite3_vendor
[2.728s] -- The C compiler identification is GNU 11.4.0
[4.431s] -- The CXX compiler identification is GNU 11.4.0
[4.729s] -- Detecting C compiler ABI info
[6.422s] -- Detecting C compiler ABI info - done
[6.656s] -- Check for working C compiler: /usr/bin/cc - skipped
[6.665s] -- Detecting C compile features
[6.689s] -- Detecting C compile features - done
[6.760s] -- Detecting CXX compiler ABI info
[8.919s] -- Detecting CXX compiler ABI info - done
[9.128s] -- Check for working CXX compiler: /usr/bin/c++ - skipped
[9.139s] -- Detecting CXX compile features
[9.141s] -- Detecting CXX compile features - done
[9.347s] -- Found ament_cmake: 1.3.9 (/opt/ros/humble/share/ament_cmake/cmake)
[14.543s] -- Found Python3: /usr/bin/python3 (found version "3.10.12") found components: Interpreter 
[19.466s] [31mCMake Error at CMakeLists.txt:5 (find_package):
[19.467s]   By not providing "Findament_cmake_vendor_package.cmake" in
[19.468s]   CMAKE_MODULE_PATH this project has asked CMake to find a package
[19.480s]   configuration file provided by "ament_cmake_vendor_package", but CMake did
[19.481s]   not find one.
[19.482s] 
[19.484s]   Could not find a package configuration file provided by
[19.509s]   "ament_cmake_vendor_package" with any of the following names:
[19.521s] 
[19.522s]     ament_cmake_vendor_packageConfig.cmake
[19.523s]     ament_cmake_vendor_package-config.cmake
[19.524s] 
[19.525s]   Add the installation prefix of "ament_cmake_vendor_package" to
[19.541s]   CMAKE_PREFIX_PATH or set "ament_cmake_vendor_package_DIR" to a directory
[19.542s]   containing one of the above files.  If "ament_cmake_vendor_package"
[19.543s]   provides a separate development package or SDK, be sure it has been
[19.544s]   installed.
[19.545s] 
[19.546s] [0m
[19.550s] -- Configuring incomplete, errors occurred!
[19.551s] See also "/home/jj/wearable-biosensors-ros2/build/sqlite3_vendor/CMakeFiles/CMakeOutput.log".
