-- The C compiler identification is GNU 11.4.0
-- The CXX compiler identification is GNU 11.4.0
-- Detecting C compiler ABI info
-- Detecting C compiler ABI info - done
-- Check for working C compiler: /usr/bin/cc - skipped
-- Detecting C compile features
-- Detecting C compile features - done
-- Detecting CXX compiler ABI info
-- Detecting CXX compiler ABI info - done
-- Check for working CXX compiler: /usr/bin/c++ - skipped
-- Detecting CXX compile features
-- Detecting CXX compile features - done
-- Found ament_cmake: 1.3.9 (/opt/ros/humble/share/ament_cmake/cmake)
-- Found Python3: /usr/bin/python3 (found version "3.10.12") found components: Interpreter 
-- Found builtin_interfaces: 1.2.1 (/opt/ros/humble/share/builtin_interfaces/cmake)
-- Found rosidl_generator_c: 3.1.5 (/opt/ros/humble/share/rosidl_generator_c/cmake)
-- Found rosidl_adapter: 3.1.5 (/opt/ros/humble/share/rosidl_adapter/cmake)
-- Found rosidl_generator_cpp: 3.1.5 (/opt/ros/humble/share/rosidl_generator_cpp/cmake)
-- Using all available rosidl_typesupport_c: rosidl_typesupport_fastrtps_c;rosidl_typesupport_introspection_c
-- Using all available rosidl_typesupport_cpp: rosidl_typesupport_fastrtps_cpp;rosidl_typesupport_introspection_cpp
-- Found rosidl_default_generators: 1.2.0 (/opt/ros/humble/share/rosidl_default_generators/cmake)
-- Found ament_cmake_cppcheck: 0.12.11 (/opt/ros/humble/share/ament_cmake_cppcheck/cmake)
-- Found ament_cmake_cpplint: 0.12.11 (/opt/ros/humble/share/ament_cmake_cpplint/cmake)
-- Found ament_cmake_uncrustify: 0.12.11 (/opt/ros/humble/share/ament_cmake_uncrustify/cmake)
-- Found ament_cmake_ros: 0.10.0 (/opt/ros/humble/share/ament_cmake_ros/cmake)
-- Using all available rosidl_typesupport_c: rosidl_typesupport_fastrtps_c;rosidl_typesupport_introspection_c
-- Using all available rosidl_typesupport_cpp: rosidl_typesupport_fastrtps_cpp;rosidl_typesupport_introspection_cpp
-- Found PythonInterp: /usr/bin/python3 (found suitable version "3.10.12", minimum required is "3.6") 
-- Found python_cmake_module: 0.10.0 (/opt/ros/humble/share/python_cmake_module/cmake)
-- Found PythonLibs: /usr/lib/aarch64-linux-gnu/libpython3.10.so (found suitable version "3.10.12", minimum required is "3.5") 
-- Using PYTHON_EXECUTABLE: /usr/bin/python3
-- Using PYTHON_INCLUDE_DIRS: /usr/include/python3.10
-- Using PYTHON_LIBRARIES: /usr/lib/aarch64-linux-gnu/libpython3.10.so
-- Found PythonExtra: .so  
-- Found ament_cmake_flake8: 0.12.11 (/opt/ros/humble/share/ament_cmake_flake8/cmake)
-- Found ament_cmake_pep257: 0.12.11 (/opt/ros/humble/share/ament_cmake_pep257/cmake)
-- Found ament_lint_auto: 0.12.11 (/opt/ros/humble/share/ament_lint_auto/cmake)
-- Added test 'copyright' to check source files copyright and LICENSE
-- Added test 'lint_cmake' to check CMake code style
-- Added test 'xmllint' to check XML markup files
-- Configuring done
-- Generating done
-- Build files have been written to: /home/jj/wearable-biosensors-ros2/build/rosbag2_interfaces
[  0%] [34m[1mGenerating C++ code for ROS interfaces[0m
[  0%] Built target rosbag2_interfaces__cpp
[  0%] Built target ament_cmake_python_copy_rosbag2_interfaces
[  0%] [34m[1mGenerating C++ type support for eProsima Fast-RTPS[0m
[  1%] [32mBuilding CXX object CMakeFiles/rosbag2_interfaces__rosidl_typesupport_fastrtps_cpp.dir/rosidl_typesupport_fastrtps_cpp/rosbag2_interfaces/msg/detail/dds_fastrtps/read_split_event__type_support.cpp.o[0m
[  2%] [32mBuilding CXX object CMakeFiles/rosbag2_interfaces__rosidl_typesupport_fastrtps_cpp.dir/rosidl_typesupport_fastrtps_cpp/rosbag2_interfaces/msg/detail/dds_fastrtps/write_split_event__type_support.cpp.o[0m
[  3%] [32mBuilding CXX object CMakeFiles/rosbag2_interfaces__rosidl_typesupport_fastrtps_cpp.dir/rosidl_typesupport_fastrtps_cpp/rosbag2_interfaces/srv/detail/dds_fastrtps/burst__type_support.cpp.o[0m
[  4%] [32mBuilding CXX object CMakeFiles/rosbag2_interfaces__rosidl_typesupport_fastrtps_cpp.dir/rosidl_typesupport_fastrtps_cpp/rosbag2_interfaces/srv/detail/dds_fastrtps/get_rate__type_support.cpp.o[0m
[  5%] [32mBuilding CXX object CMakeFiles/rosbag2_interfaces__rosidl_typesupport_fastrtps_cpp.dir/rosidl_typesupport_fastrtps_cpp/rosbag2_interfaces/srv/detail/dds_fastrtps/is_paused__type_support.cpp.o[0m
[  5%] [32mBuilding CXX object CMakeFiles/rosbag2_interfaces__rosidl_typesupport_fastrtps_cpp.dir/rosidl_typesupport_fastrtps_cpp/rosbag2_interfaces/srv/detail/dds_fastrtps/pause__type_support.cpp.o[0m
[  6%] [32mBuilding CXX object CMakeFiles/rosbag2_interfaces__rosidl_typesupport_fastrtps_cpp.dir/rosidl_typesupport_fastrtps_cpp/rosbag2_interfaces/srv/detail/dds_fastrtps/play_next__type_support.cpp.o[0m
[  7%] [32mBuilding CXX object CMakeFiles/rosbag2_interfaces__rosidl_typesupport_fastrtps_cpp.dir/rosidl_typesupport_fastrtps_cpp/rosbag2_interfaces/srv/detail/dds_fastrtps/resume__type_support.cpp.o[0m
[  8%] [32mBuilding CXX object CMakeFiles/rosbag2_interfaces__rosidl_typesupport_fastrtps_cpp.dir/rosidl_typesupport_fastrtps_cpp/rosbag2_interfaces/srv/detail/dds_fastrtps/seek__type_support.cpp.o[0m
[  9%] [32mBuilding CXX object CMakeFiles/rosbag2_interfaces__rosidl_typesupport_fastrtps_cpp.dir/rosidl_typesupport_fastrtps_cpp/rosbag2_interfaces/srv/detail/dds_fastrtps/set_rate__type_support.cpp.o[0m
[ 10%] [32mBuilding CXX object CMakeFiles/rosbag2_interfaces__rosidl_typesupport_fastrtps_cpp.dir/rosidl_typesupport_fastrtps_cpp/rosbag2_interfaces/srv/detail/dds_fastrtps/snapshot__type_support.cpp.o[0m
[ 10%] [32mBuilding CXX object CMakeFiles/rosbag2_interfaces__rosidl_typesupport_fastrtps_cpp.dir/rosidl_typesupport_fastrtps_cpp/rosbag2_interfaces/srv/detail/dds_fastrtps/toggle_paused__type_support.cpp.o[0m
[ 11%] [32m[1mLinking CXX shared library librosbag2_interfaces__rosidl_typesupport_fastrtps_cpp.so[0m
[ 11%] Built target rosbag2_interfaces__rosidl_typesupport_fastrtps_cpp
[ 12%] [34m[1mGenerating C++ introspection for ROS interfaces[0m
[ 12%] [32mBuilding CXX object CMakeFiles/rosbag2_interfaces__rosidl_typesupport_introspection_cpp.dir/rosidl_typesupport_introspection_cpp/rosbag2_interfaces/msg/detail/read_split_event__type_support.cpp.o[0m
[ 13%] [32mBuilding CXX object CMakeFiles/rosbag2_interfaces__rosidl_typesupport_introspection_cpp.dir/rosidl_typesupport_introspection_cpp/rosbag2_interfaces/msg/detail/write_split_event__type_support.cpp.o[0m
[ 14%] [32mBuilding CXX object CMakeFiles/rosbag2_interfaces__rosidl_typesupport_introspection_cpp.dir/rosidl_typesupport_introspection_cpp/rosbag2_interfaces/srv/detail/burst__type_support.cpp.o[0m
[ 15%] [32mBuilding CXX object CMakeFiles/rosbag2_interfaces__rosidl_typesupport_introspection_cpp.dir/rosidl_typesupport_introspection_cpp/rosbag2_interfaces/srv/detail/get_rate__type_support.cpp.o[0m
[ 16%] [32mBuilding CXX object CMakeFiles/rosbag2_interfaces__rosidl_typesupport_introspection_cpp.dir/rosidl_typesupport_introspection_cpp/rosbag2_interfaces/srv/detail/is_paused__type_support.cpp.o[0m
[ 17%] [32mBuilding CXX object CMakeFiles/rosbag2_interfaces__rosidl_typesupport_introspection_cpp.dir/rosidl_typesupport_introspection_cpp/rosbag2_interfaces/srv/detail/pause__type_support.cpp.o[0m
[ 17%] [32mBuilding CXX object CMakeFiles/rosbag2_interfaces__rosidl_typesupport_introspection_cpp.dir/rosidl_typesupport_introspection_cpp/rosbag2_interfaces/srv/detail/play_next__type_support.cpp.o[0m
[ 18%] [32mBuilding CXX object CMakeFiles/rosbag2_interfaces__rosidl_typesupport_introspection_cpp.dir/rosidl_typesupport_introspection_cpp/rosbag2_interfaces/srv/detail/resume__type_support.cpp.o[0m
[ 19%] [32mBuilding CXX object CMakeFiles/rosbag2_interfaces__rosidl_typesupport_introspection_cpp.dir/rosidl_typesupport_introspection_cpp/rosbag2_interfaces/srv/detail/seek__type_support.cpp.o[0m
[ 20%] [32mBuilding CXX object CMakeFiles/rosbag2_interfaces__rosidl_typesupport_introspection_cpp.dir/rosidl_typesupport_introspection_cpp/rosbag2_interfaces/srv/detail/set_rate__type_support.cpp.o[0m
[ 21%] [32mBuilding CXX object CMakeFiles/rosbag2_interfaces__rosidl_typesupport_introspection_cpp.dir/rosidl_typesupport_introspection_cpp/rosbag2_interfaces/srv/detail/snapshot__type_support.cpp.o[0m
[ 22%] [32mBuilding CXX object CMakeFiles/rosbag2_interfaces__rosidl_typesupport_introspection_cpp.dir/rosidl_typesupport_introspection_cpp/rosbag2_interfaces/srv/detail/toggle_paused__type_support.cpp.o[0m
[ 23%] [32m[1mLinking CXX shared library librosbag2_interfaces__rosidl_typesupport_introspection_cpp.so[0m
[ 23%] Built target rosbag2_interfaces__rosidl_typesupport_introspection_cpp
running egg_info
creating rosbag2_interfaces.egg-info
writing rosbag2_interfaces.egg-info/PKG-INFO
writing dependency_links to rosbag2_interfaces.egg-info/dependency_links.txt
writing top-level names to rosbag2_interfaces.egg-info/top_level.txt
writing manifest file 'rosbag2_interfaces.egg-info/SOURCES.txt'
reading manifest file 'rosbag2_interfaces.egg-info/SOURCES.txt'
writing manifest file 'rosbag2_interfaces.egg-info/SOURCES.txt'
[ 23%] Built target ament_cmake_python_build_rosbag2_interfaces_egg
[ 24%] [34m[1mGenerating C++ type support dispatch for ROS interfaces[0m
[ 25%] [32mBuilding CXX object CMakeFiles/rosbag2_interfaces__rosidl_typesupport_cpp.dir/rosidl_typesupport_cpp/rosbag2_interfaces/msg/read_split_event__type_support.cpp.o[0m
[ 26%] [32mBuilding CXX object CMakeFiles/rosbag2_interfaces__rosidl_typesupport_cpp.dir/rosidl_typesupport_cpp/rosbag2_interfaces/srv/burst__type_support.cpp.o[0m
[ 27%] [32mBuilding CXX object CMakeFiles/rosbag2_interfaces__rosidl_typesupport_cpp.dir/rosidl_typesupport_cpp/rosbag2_interfaces/srv/get_rate__type_support.cpp.o[0m
[ 27%] [32mBuilding CXX object CMakeFiles/rosbag2_interfaces__rosidl_typesupport_cpp.dir/rosidl_typesupport_cpp/rosbag2_interfaces/srv/is_paused__type_support.cpp.o[0m
[ 28%] [32mBuilding CXX object CMakeFiles/rosbag2_interfaces__rosidl_typesupport_cpp.dir/rosidl_typesupport_cpp/rosbag2_interfaces/srv/pause__type_support.cpp.o[0m
[ 29%] [32mBuilding CXX object CMakeFiles/rosbag2_interfaces__rosidl_typesupport_cpp.dir/rosidl_typesupport_cpp/rosbag2_interfaces/srv/play_next__type_support.cpp.o[0m
[ 30%] [32mBuilding CXX object CMakeFiles/rosbag2_interfaces__rosidl_typesupport_cpp.dir/rosidl_typesupport_cpp/rosbag2_interfaces/srv/resume__type_support.cpp.o[0m
[ 31%] [32mBuilding CXX object CMakeFiles/rosbag2_interfaces__rosidl_typesupport_cpp.dir/rosidl_typesupport_cpp/rosbag2_interfaces/srv/seek__type_support.cpp.o[0m
[ 32%] [32mBuilding CXX object CMakeFiles/rosbag2_interfaces__rosidl_typesupport_cpp.dir/rosidl_typesupport_cpp/rosbag2_interfaces/srv/set_rate__type_support.cpp.o[0m
[ 32%] [32mBuilding CXX object CMakeFiles/rosbag2_interfaces__rosidl_typesupport_cpp.dir/rosidl_typesupport_cpp/rosbag2_interfaces/srv/snapshot__type_support.cpp.o[0m
[ 33%] [32mBuilding CXX object CMakeFiles/rosbag2_interfaces__rosidl_typesupport_cpp.dir/rosidl_typesupport_cpp/rosbag2_interfaces/srv/toggle_paused__type_support.cpp.o[0m
[ 34%] [32mBuilding CXX object CMakeFiles/rosbag2_interfaces__rosidl_typesupport_cpp.dir/rosidl_typesupport_cpp/rosbag2_interfaces/msg/write_split_event__type_support.cpp.o[0m
[ 35%] [32m[1mLinking CXX shared library librosbag2_interfaces__rosidl_typesupport_cpp.so[0m
[ 35%] Built target rosbag2_interfaces__rosidl_typesupport_cpp
[ 36%] [34m[1mGenerating C code for ROS interfaces[0m
[ 37%] [32mBuilding C object CMakeFiles/rosbag2_interfaces__rosidl_generator_c.dir/rosidl_generator_c/rosbag2_interfaces/msg/detail/read_split_event__functions.c.o[0m
[ 37%] [32mBuilding C object CMakeFiles/rosbag2_interfaces__rosidl_generator_c.dir/rosidl_generator_c/rosbag2_interfaces/srv/detail/get_rate__functions.c.o[0m
[ 38%] [32mBuilding C object CMakeFiles/rosbag2_interfaces__rosidl_generator_c.dir/rosidl_generator_c/rosbag2_interfaces/srv/detail/is_paused__functions.c.o[0m
[ 39%] [32mBuilding C object CMakeFiles/rosbag2_interfaces__rosidl_generator_c.dir/rosidl_generator_c/rosbag2_interfaces/srv/detail/pause__functions.c.o[0m
[ 40%] [32mBuilding C object CMakeFiles/rosbag2_interfaces__rosidl_generator_c.dir/rosidl_generator_c/rosbag2_interfaces/srv/detail/play_next__functions.c.o[0m
[ 41%] [32mBuilding C object CMakeFiles/rosbag2_interfaces__rosidl_generator_c.dir/rosidl_generator_c/rosbag2_interfaces/srv/detail/resume__functions.c.o[0m
[ 42%] [32mBuilding C object CMakeFiles/rosbag2_interfaces__rosidl_generator_c.dir/rosidl_generator_c/rosbag2_interfaces/srv/detail/seek__functions.c.o[0m
[ 42%] [32mBuilding C object CMakeFiles/rosbag2_interfaces__rosidl_generator_c.dir/rosidl_generator_c/rosbag2_interfaces/srv/detail/set_rate__functions.c.o[0m
[ 43%] [32mBuilding C object CMakeFiles/rosbag2_interfaces__rosidl_generator_c.dir/rosidl_generator_c/rosbag2_interfaces/srv/detail/snapshot__functions.c.o[0m
[ 44%] [32mBuilding C object CMakeFiles/rosbag2_interfaces__rosidl_generator_c.dir/rosidl_generator_c/rosbag2_interfaces/srv/detail/toggle_paused__functions.c.o[0m
[ 45%] [32mBuilding C object CMakeFiles/rosbag2_interfaces__rosidl_generator_c.dir/rosidl_generator_c/rosbag2_interfaces/srv/detail/burst__functions.c.o[0m
[ 46%] [32mBuilding C object CMakeFiles/rosbag2_interfaces__rosidl_generator_c.dir/rosidl_generator_c/rosbag2_interfaces/msg/detail/write_split_event__functions.c.o[0m
[ 47%] [32m[1mLinking C shared library librosbag2_interfaces__rosidl_generator_c.so[0m
[ 47%] Built target rosbag2_interfaces__rosidl_generator_c
[ 48%] [34m[1mGenerating C type support for eProsima Fast-RTPS[0m
[ 49%] [32mBuilding CXX object CMakeFiles/rosbag2_interfaces__rosidl_typesupport_fastrtps_c.dir/rosidl_typesupport_fastrtps_c/rosbag2_interfaces/msg/detail/read_split_event__type_support_c.cpp.o[0m
[ 50%] [32mBuilding CXX object CMakeFiles/rosbag2_interfaces__rosidl_typesupport_fastrtps_c.dir/rosidl_typesupport_fastrtps_c/rosbag2_interfaces/msg/detail/write_split_event__type_support_c.cpp.o[0m
[ 50%] [32mBuilding CXX object CMakeFiles/rosbag2_interfaces__rosidl_typesupport_fastrtps_c.dir/rosidl_typesupport_fastrtps_c/rosbag2_interfaces/srv/detail/burst__type_support_c.cpp.o[0m
[ 51%] [32mBuilding CXX object CMakeFiles/rosbag2_interfaces__rosidl_typesupport_fastrtps_c.dir/rosidl_typesupport_fastrtps_c/rosbag2_interfaces/srv/detail/get_rate__type_support_c.cpp.o[0m
[ 52%] [32mBuilding CXX object CMakeFiles/rosbag2_interfaces__rosidl_typesupport_fastrtps_c.dir/rosidl_typesupport_fastrtps_c/rosbag2_interfaces/srv/detail/is_paused__type_support_c.cpp.o[0m
[ 53%] [32mBuilding CXX object CMakeFiles/rosbag2_interfaces__rosidl_typesupport_fastrtps_c.dir/rosidl_typesupport_fastrtps_c/rosbag2_interfaces/srv/detail/pause__type_support_c.cpp.o[0m
[ 54%] [32mBuilding CXX object CMakeFiles/rosbag2_interfaces__rosidl_typesupport_fastrtps_c.dir/rosidl_typesupport_fastrtps_c/rosbag2_interfaces/srv/detail/play_next__type_support_c.cpp.o[0m
[ 55%] [32mBuilding CXX object CMakeFiles/rosbag2_interfaces__rosidl_typesupport_fastrtps_c.dir/rosidl_typesupport_fastrtps_c/rosbag2_interfaces/srv/detail/resume__type_support_c.cpp.o[0m
[ 55%] [32mBuilding CXX object CMakeFiles/rosbag2_interfaces__rosidl_typesupport_fastrtps_c.dir/rosidl_typesupport_fastrtps_c/rosbag2_interfaces/srv/detail/seek__type_support_c.cpp.o[0m
[ 56%] [32mBuilding CXX object CMakeFiles/rosbag2_interfaces__rosidl_typesupport_fastrtps_c.dir/rosidl_typesupport_fastrtps_c/rosbag2_interfaces/srv/detail/set_rate__type_support_c.cpp.o[0m
[ 57%] [32mBuilding CXX object CMakeFiles/rosbag2_interfaces__rosidl_typesupport_fastrtps_c.dir/rosidl_typesupport_fastrtps_c/rosbag2_interfaces/srv/detail/snapshot__type_support_c.cpp.o[0m
[ 58%] [32mBuilding CXX object CMakeFiles/rosbag2_interfaces__rosidl_typesupport_fastrtps_c.dir/rosidl_typesupport_fastrtps_c/rosbag2_interfaces/srv/detail/toggle_paused__type_support_c.cpp.o[0m
[ 59%] [32m[1mLinking CXX shared library librosbag2_interfaces__rosidl_typesupport_fastrtps_c.so[0m
[ 59%] Built target rosbag2_interfaces__rosidl_typesupport_fastrtps_c
[ 60%] [34m[1mGenerating C type support dispatch for ROS interfaces[0m
[ 61%] [32mBuilding CXX object CMakeFiles/rosbag2_interfaces__rosidl_typesupport_c.dir/rosidl_typesupport_c/rosbag2_interfaces/msg/read_split_event__type_support.cpp.o[0m
[ 62%] [32mBuilding CXX object CMakeFiles/rosbag2_interfaces__rosidl_typesupport_c.dir/rosidl_typesupport_c/rosbag2_interfaces/srv/burst__type_support.cpp.o[0m
[ 63%] [32mBuilding CXX object CMakeFiles/rosbag2_interfaces__rosidl_typesupport_c.dir/rosidl_typesupport_c/rosbag2_interfaces/srv/get_rate__type_support.cpp.o[0m
[ 64%] [32mBuilding CXX object CMakeFiles/rosbag2_interfaces__rosidl_typesupport_c.dir/rosidl_typesupport_c/rosbag2_interfaces/srv/is_paused__type_support.cpp.o[0m
[ 65%] [32mBuilding CXX object CMakeFiles/rosbag2_interfaces__rosidl_typesupport_c.dir/rosidl_typesupport_c/rosbag2_interfaces/srv/pause__type_support.cpp.o[0m
[ 66%] [32mBuilding CXX object CMakeFiles/rosbag2_interfaces__rosidl_typesupport_c.dir/rosidl_typesupport_c/rosbag2_interfaces/srv/play_next__type_support.cpp.o[0m
[ 66%] [32mBuilding CXX object CMakeFiles/rosbag2_interfaces__rosidl_typesupport_c.dir/rosidl_typesupport_c/rosbag2_interfaces/srv/resume__type_support.cpp.o[0m
[ 67%] [32mBuilding CXX object CMakeFiles/rosbag2_interfaces__rosidl_typesupport_c.dir/rosidl_typesupport_c/rosbag2_interfaces/srv/seek__type_support.cpp.o[0m
[ 68%] [32mBuilding CXX object CMakeFiles/rosbag2_interfaces__rosidl_typesupport_c.dir/rosidl_typesupport_c/rosbag2_interfaces/srv/set_rate__type_support.cpp.o[0m
[ 69%] [32mBuilding CXX object CMakeFiles/rosbag2_interfaces__rosidl_typesupport_c.dir/rosidl_typesupport_c/rosbag2_interfaces/srv/snapshot__type_support.cpp.o[0m
[ 70%] [32mBuilding CXX object CMakeFiles/rosbag2_interfaces__rosidl_typesupport_c.dir/rosidl_typesupport_c/rosbag2_interfaces/srv/toggle_paused__type_support.cpp.o[0m
[ 70%] [32mBuilding CXX object CMakeFiles/rosbag2_interfaces__rosidl_typesupport_c.dir/rosidl_typesupport_c/rosbag2_interfaces/msg/write_split_event__type_support.cpp.o[0m
[ 71%] [32m[1mLinking CXX shared library librosbag2_interfaces__rosidl_typesupport_c.so[0m
[ 71%] Built target rosbag2_interfaces__rosidl_typesupport_c
[ 72%] [34m[1mGenerating C introspection for ROS interfaces[0m
[ 73%] [32mBuilding C object CMakeFiles/rosbag2_interfaces__rosidl_typesupport_introspection_c.dir/rosidl_typesupport_introspection_c/rosbag2_interfaces/msg/detail/read_split_event__type_support.c.o[0m
[ 73%] [32mBuilding C object CMakeFiles/rosbag2_interfaces__rosidl_typesupport_introspection_c.dir/rosidl_typesupport_introspection_c/rosbag2_interfaces/srv/detail/get_rate__type_support.c.o[0m
[ 74%] [32mBuilding C object CMakeFiles/rosbag2_interfaces__rosidl_typesupport_introspection_c.dir/rosidl_typesupport_introspection_c/rosbag2_interfaces/srv/detail/is_paused__type_support.c.o[0m
[ 75%] [32mBuilding C object CMakeFiles/rosbag2_interfaces__rosidl_typesupport_introspection_c.dir/rosidl_typesupport_introspection_c/rosbag2_interfaces/srv/detail/pause__type_support.c.o[0m
[ 76%] [32mBuilding C object CMakeFiles/rosbag2_interfaces__rosidl_typesupport_introspection_c.dir/rosidl_typesupport_introspection_c/rosbag2_interfaces/srv/detail/play_next__type_support.c.o[0m
[ 77%] [32mBuilding C object CMakeFiles/rosbag2_interfaces__rosidl_typesupport_introspection_c.dir/rosidl_typesupport_introspection_c/rosbag2_interfaces/srv/detail/resume__type_support.c.o[0m
[ 78%] [32mBuilding C object CMakeFiles/rosbag2_interfaces__rosidl_typesupport_introspection_c.dir/rosidl_typesupport_introspection_c/rosbag2_interfaces/srv/detail/seek__type_support.c.o[0m
[ 79%] [32mBuilding C object CMakeFiles/rosbag2_interfaces__rosidl_typesupport_introspection_c.dir/rosidl_typesupport_introspection_c/rosbag2_interfaces/srv/detail/set_rate__type_support.c.o[0m
[ 79%] [32mBuilding C object CMakeFiles/rosbag2_interfaces__rosidl_typesupport_introspection_c.dir/rosidl_typesupport_introspection_c/rosbag2_interfaces/srv/detail/snapshot__type_support.c.o[0m
[ 80%] [32mBuilding C object CMakeFiles/rosbag2_interfaces__rosidl_typesupport_introspection_c.dir/rosidl_typesupport_introspection_c/rosbag2_interfaces/srv/detail/toggle_paused__type_support.c.o[0m
[ 81%] [32mBuilding C object CMakeFiles/rosbag2_interfaces__rosidl_typesupport_introspection_c.dir/rosidl_typesupport_introspection_c/rosbag2_interfaces/srv/detail/burst__type_support.c.o[0m
[ 82%] [32mBuilding C object CMakeFiles/rosbag2_interfaces__rosidl_typesupport_introspection_c.dir/rosidl_typesupport_introspection_c/rosbag2_interfaces/msg/detail/write_split_event__type_support.c.o[0m
[ 83%] [32m[1mLinking C shared library librosbag2_interfaces__rosidl_typesupport_introspection_c.so[0m
[ 83%] Built target rosbag2_interfaces__rosidl_typesupport_introspection_c
[ 83%] Built target rosbag2_interfaces
[ 84%] [34m[1mGenerating Python code for ROS interfaces[0m
[ 84%] Built target rosbag2_interfaces__py
[ 85%] [32mBuilding C object CMakeFiles/rosbag2_interfaces__rosidl_generator_py.dir/rosidl_generator_py/rosbag2_interfaces/msg/_read_split_event_s.c.o[0m
[ 86%] [32mBuilding C object CMakeFiles/rosbag2_interfaces__rosidl_generator_py.dir/rosidl_generator_py/rosbag2_interfaces/srv/_get_rate_s.c.o[0m
[ 87%] [32mBuilding C object CMakeFiles/rosbag2_interfaces__rosidl_generator_py.dir/rosidl_generator_py/rosbag2_interfaces/srv/_is_paused_s.c.o[0m
[ 88%] [32mBuilding C object CMakeFiles/rosbag2_interfaces__rosidl_generator_py.dir/rosidl_generator_py/rosbag2_interfaces/srv/_pause_s.c.o[0m
[ 89%] [32mBuilding C object CMakeFiles/rosbag2_interfaces__rosidl_generator_py.dir/rosidl_generator_py/rosbag2_interfaces/srv/_play_next_s.c.o[0m
[ 90%] [32mBuilding C object CMakeFiles/rosbag2_interfaces__rosidl_generator_py.dir/rosidl_generator_py/rosbag2_interfaces/srv/_resume_s.c.o[0m
[ 91%] [32mBuilding C object CMakeFiles/rosbag2_interfaces__rosidl_generator_py.dir/rosidl_generator_py/rosbag2_interfaces/srv/_seek_s.c.o[0m
[ 91%] [32mBuilding C object CMakeFiles/rosbag2_interfaces__rosidl_generator_py.dir/rosidl_generator_py/rosbag2_interfaces/srv/_set_rate_s.c.o[0m
[ 92%] [32mBuilding C object CMakeFiles/rosbag2_interfaces__rosidl_generator_py.dir/rosidl_generator_py/rosbag2_interfaces/srv/_snapshot_s.c.o[0m
[ 93%] [32mBuilding C object CMakeFiles/rosbag2_interfaces__rosidl_generator_py.dir/rosidl_generator_py/rosbag2_interfaces/srv/_toggle_paused_s.c.o[0m
[ 93%] [32mBuilding C object CMakeFiles/rosbag2_interfaces__rosidl_generator_py.dir/rosidl_generator_py/rosbag2_interfaces/srv/_burst_s.c.o[0m
[ 94%] [32mBuilding C object CMakeFiles/rosbag2_interfaces__rosidl_generator_py.dir/rosidl_generator_py/rosbag2_interfaces/msg/_write_split_event_s.c.o[0m
[ 95%] [32m[1mLinking C shared library rosidl_generator_py/rosbag2_interfaces/librosbag2_interfaces__rosidl_generator_py.so[0m
[ 95%] Built target rosbag2_interfaces__rosidl_generator_py
[ 96%] [32mBuilding C object CMakeFiles/rosbag2_interfaces__rosidl_typesupport_fastrtps_c__pyext.dir/rosidl_generator_py/rosbag2_interfaces/_rosbag2_interfaces_s.ep.rosidl_typesupport_fastrtps_c.c.o[0m
[ 97%] [32m[1mLinking C shared library rosidl_generator_py/rosbag2_interfaces/rosbag2_interfaces_s__rosidl_typesupport_fastrtps_c.cpython-310-aarch64-linux-gnu.so[0m
[ 97%] Built target rosbag2_interfaces__rosidl_typesupport_fastrtps_c__pyext
[ 97%] [32mBuilding C object CMakeFiles/rosbag2_interfaces__rosidl_typesupport_c__pyext.dir/rosidl_generator_py/rosbag2_interfaces/_rosbag2_interfaces_s.ep.rosidl_typesupport_c.c.o[0m
[ 98%] [32m[1mLinking C shared library rosidl_generator_py/rosbag2_interfaces/rosbag2_interfaces_s__rosidl_typesupport_c.cpython-310-aarch64-linux-gnu.so[0m
[ 98%] Built target rosbag2_interfaces__rosidl_typesupport_c__pyext
[ 99%] [32mBuilding C object CMakeFiles/rosbag2_interfaces__rosidl_typesupport_introspection_c__pyext.dir/rosidl_generator_py/rosbag2_interfaces/_rosbag2_interfaces_s.ep.rosidl_typesupport_introspection_c.c.o[0m
[100%] [32m[1mLinking C shared library rosidl_generator_py/rosbag2_interfaces/rosbag2_interfaces_s__rosidl_typesupport_introspection_c.cpython-310-aarch64-linux-gnu.so[0m
[100%] Built target rosbag2_interfaces__rosidl_typesupport_introspection_c__pyext
-- Install configuration: ""
-- Installing: /home/jj/wearable-biosensors-ros2/install/rosbag2_interfaces/share/ament_index/resource_index/rosidl_interfaces/rosbag2_interfaces
-- Installing: /home/jj/wearable-biosensors-ros2/install/rosbag2_interfaces/include/rosbag2_interfaces/rosbag2_interfaces
-- Installing: /home/jj/wearable-biosensors-ros2/install/rosbag2_interfaces/include/rosbag2_interfaces/rosbag2_interfaces/srv
-- Installing: /home/jj/wearable-biosensors-ros2/install/rosbag2_interfaces/include/rosbag2_interfaces/rosbag2_interfaces/srv/detail
-- Installing: /home/jj/wearable-biosensors-ros2/install/rosbag2_interfaces/include/rosbag2_interfaces/rosbag2_interfaces/srv/detail/set_rate__struct.h
-- Installing: /home/jj/wearable-biosensors-ros2/install/rosbag2_interfaces/include/rosbag2_interfaces/rosbag2_interfaces/srv/detail/play_next__struct.h
-- Installing: /home/jj/wearable-biosensors-ros2/install/rosbag2_interfaces/include/rosbag2_interfaces/rosbag2_interfaces/srv/detail/toggle_paused__type_support.h
-- Installing: /home/jj/wearable-biosensors-ros2/install/rosbag2_interfaces/include/rosbag2_interfaces/rosbag2_interfaces/srv/detail/play_next__type_support.h
-- Installing: /home/jj/wearable-biosensors-ros2/install/rosbag2_interfaces/include/rosbag2_interfaces/rosbag2_interfaces/srv/detail/snapshot__type_support.h
-- Installing: /home/jj/wearable-biosensors-ros2/install/rosbag2_interfaces/include/rosbag2_interfaces/rosbag2_interfaces/srv/detail/pause__type_support.h
-- Installing: /home/jj/wearable-biosensors-ros2/install/rosbag2_interfaces/include/rosbag2_interfaces/rosbag2_interfaces/srv/detail/get_rate__type_support.h
-- Installing: /home/jj/wearable-biosensors-ros2/install/rosbag2_interfaces/include/rosbag2_interfaces/rosbag2_interfaces/srv/detail/resume__functions.c
-- Installing: /home/jj/wearable-biosensors-ros2/install/rosbag2_interfaces/include/rosbag2_interfaces/rosbag2_interfaces/srv/detail/seek__functions.c
-- Installing: /home/jj/wearable-biosensors-ros2/install/rosbag2_interfaces/include/rosbag2_interfaces/rosbag2_interfaces/srv/detail/snapshot__struct.h
-- Installing: /home/jj/wearable-biosensors-ros2/install/rosbag2_interfaces/include/rosbag2_interfaces/rosbag2_interfaces/srv/detail/snapshot__functions.c
-- Installing: /home/jj/wearable-biosensors-ros2/install/rosbag2_interfaces/include/rosbag2_interfaces/rosbag2_interfaces/srv/detail/set_rate__functions.h
-- Installing: /home/jj/wearable-biosensors-ros2/install/rosbag2_interfaces/include/rosbag2_interfaces/rosbag2_interfaces/srv/detail/is_paused__functions.h
-- Installing: /home/jj/wearable-biosensors-ros2/install/rosbag2_interfaces/include/rosbag2_interfaces/rosbag2_interfaces/srv/detail/resume__type_support.h
-- Installing: /home/jj/wearable-biosensors-ros2/install/rosbag2_interfaces/include/rosbag2_interfaces/rosbag2_interfaces/srv/detail/seek__functions.h
-- Installing: /home/jj/wearable-biosensors-ros2/install/rosbag2_interfaces/include/rosbag2_interfaces/rosbag2_interfaces/srv/detail/pause__struct.h
-- Installing: /home/jj/wearable-biosensors-ros2/install/rosbag2_interfaces/include/rosbag2_interfaces/rosbag2_interfaces/srv/detail/toggle_paused__functions.c
-- Installing: /home/jj/wearable-biosensors-ros2/install/rosbag2_interfaces/include/rosbag2_interfaces/rosbag2_interfaces/srv/detail/snapshot__functions.h
-- Installing: /home/jj/wearable-biosensors-ros2/install/rosbag2_interfaces/include/rosbag2_interfaces/rosbag2_interfaces/srv/detail/burst__type_support.h
-- Installing: /home/jj/wearable-biosensors-ros2/install/rosbag2_interfaces/include/rosbag2_interfaces/rosbag2_interfaces/srv/detail/is_paused__functions.c
-- Installing: /home/jj/wearable-biosensors-ros2/install/rosbag2_interfaces/include/rosbag2_interfaces/rosbag2_interfaces/srv/detail/set_rate__type_support.h
-- Installing: /home/jj/wearable-biosensors-ros2/install/rosbag2_interfaces/include/rosbag2_interfaces/rosbag2_interfaces/srv/detail/get_rate__functions.h
-- Installing: /home/jj/wearable-biosensors-ros2/install/rosbag2_interfaces/include/rosbag2_interfaces/rosbag2_interfaces/srv/detail/play_next__functions.c
-- Installing: /home/jj/wearable-biosensors-ros2/install/rosbag2_interfaces/include/rosbag2_interfaces/rosbag2_interfaces/srv/detail/burst__functions.h
-- Installing: /home/jj/wearable-biosensors-ros2/install/rosbag2_interfaces/include/rosbag2_interfaces/rosbag2_interfaces/srv/detail/burst__struct.h
-- Installing: /home/jj/wearable-biosensors-ros2/install/rosbag2_interfaces/include/rosbag2_interfaces/rosbag2_interfaces/srv/detail/pause__functions.c
-- Installing: /home/jj/wearable-biosensors-ros2/install/rosbag2_interfaces/include/rosbag2_interfaces/rosbag2_interfaces/srv/detail/pause__functions.h
-- Installing: /home/jj/wearable-biosensors-ros2/install/rosbag2_interfaces/include/rosbag2_interfaces/rosbag2_interfaces/srv/detail/play_next__functions.h
-- Installing: /home/jj/wearable-biosensors-ros2/install/rosbag2_interfaces/include/rosbag2_interfaces/rosbag2_interfaces/srv/detail/is_paused__struct.h
-- Installing: /home/jj/wearable-biosensors-ros2/install/rosbag2_interfaces/include/rosbag2_interfaces/rosbag2_interfaces/srv/detail/set_rate__functions.c
-- Installing: /home/jj/wearable-biosensors-ros2/install/rosbag2_interfaces/include/rosbag2_interfaces/rosbag2_interfaces/srv/detail/resume__struct.h
-- Installing: /home/jj/wearable-biosensors-ros2/install/rosbag2_interfaces/include/rosbag2_interfaces/rosbag2_interfaces/srv/detail/toggle_paused__functions.h
-- Installing: /home/jj/wearable-biosensors-ros2/install/rosbag2_interfaces/include/rosbag2_interfaces/rosbag2_interfaces/srv/detail/get_rate__struct.h
-- Installing: /home/jj/wearable-biosensors-ros2/install/rosbag2_interfaces/include/rosbag2_interfaces/rosbag2_interfaces/srv/detail/seek__struct.h
-- Installing: /home/jj/wearable-biosensors-ros2/install/rosbag2_interfaces/include/rosbag2_interfaces/rosbag2_interfaces/srv/detail/resume__functions.h
-- Installing: /home/jj/wearable-biosensors-ros2/install/rosbag2_interfaces/include/rosbag2_interfaces/rosbag2_interfaces/srv/detail/get_rate__functions.c
-- Installing: /home/jj/wearable-biosensors-ros2/install/rosbag2_interfaces/include/rosbag2_interfaces/rosbag2_interfaces/srv/detail/toggle_paused__struct.h
-- Installing: /home/jj/wearable-biosensors-ros2/install/rosbag2_interfaces/include/rosbag2_interfaces/rosbag2_interfaces/srv/detail/is_paused__type_support.h
-- Installing: /home/jj/wearable-biosensors-ros2/install/rosbag2_interfaces/include/rosbag2_interfaces/rosbag2_interfaces/srv/detail/seek__type_support.h
-- Installing: /home/jj/wearable-biosensors-ros2/install/rosbag2_interfaces/include/rosbag2_interfaces/rosbag2_interfaces/srv/detail/burst__functions.c
-- Installing: /home/jj/wearable-biosensors-ros2/install/rosbag2_interfaces/include/rosbag2_interfaces/rosbag2_interfaces/srv/toggle_paused.h
-- Installing: /home/jj/wearable-biosensors-ros2/install/rosbag2_interfaces/include/rosbag2_interfaces/rosbag2_interfaces/srv/burst.h
-- Installing: /home/jj/wearable-biosensors-ros2/install/rosbag2_interfaces/include/rosbag2_interfaces/rosbag2_interfaces/srv/resume.h
-- Installing: /home/jj/wearable-biosensors-ros2/install/rosbag2_interfaces/include/rosbag2_interfaces/rosbag2_interfaces/srv/set_rate.h
-- Installing: /home/jj/wearable-biosensors-ros2/install/rosbag2_interfaces/include/rosbag2_interfaces/rosbag2_interfaces/srv/seek.h
-- Installing: /home/jj/wearable-biosensors-ros2/install/rosbag2_interfaces/include/rosbag2_interfaces/rosbag2_interfaces/srv/pause.h
-- Installing: /home/jj/wearable-biosensors-ros2/install/rosbag2_interfaces/include/rosbag2_interfaces/rosbag2_interfaces/srv/is_paused.h
-- Installing: /home/jj/wearable-biosensors-ros2/install/rosbag2_interfaces/include/rosbag2_interfaces/rosbag2_interfaces/srv/snapshot.h
-- Installing: /home/jj/wearable-biosensors-ros2/install/rosbag2_interfaces/include/rosbag2_interfaces/rosbag2_interfaces/srv/play_next.h
-- Installing: /home/jj/wearable-biosensors-ros2/install/rosbag2_interfaces/include/rosbag2_interfaces/rosbag2_interfaces/srv/get_rate.h
-- Installing: /home/jj/wearable-biosensors-ros2/install/rosbag2_interfaces/include/rosbag2_interfaces/rosbag2_interfaces/msg
-- Installing: /home/jj/wearable-biosensors-ros2/install/rosbag2_interfaces/include/rosbag2_interfaces/rosbag2_interfaces/msg/detail
-- Installing: /home/jj/wearable-biosensors-ros2/install/rosbag2_interfaces/include/rosbag2_interfaces/rosbag2_interfaces/msg/detail/write_split_event__functions.c
-- Installing: /home/jj/wearable-biosensors-ros2/install/rosbag2_interfaces/include/rosbag2_interfaces/rosbag2_interfaces/msg/detail/read_split_event__struct.h
-- Installing: /home/jj/wearable-biosensors-ros2/install/rosbag2_interfaces/include/rosbag2_interfaces/rosbag2_interfaces/msg/detail/read_split_event__functions.c
-- Installing: /home/jj/wearable-biosensors-ros2/install/rosbag2_interfaces/include/rosbag2_interfaces/rosbag2_interfaces/msg/detail/read_split_event__functions.h
-- Installing: /home/jj/wearable-biosensors-ros2/install/rosbag2_interfaces/include/rosbag2_interfaces/rosbag2_interfaces/msg/detail/write_split_event__functions.h
-- Installing: /home/jj/wearable-biosensors-ros2/install/rosbag2_interfaces/include/rosbag2_interfaces/rosbag2_interfaces/msg/detail/write_split_event__struct.h
-- Installing: /home/jj/wearable-biosensors-ros2/install/rosbag2_interfaces/include/rosbag2_interfaces/rosbag2_interfaces/msg/detail/read_split_event__type_support.h
-- Installing: /home/jj/wearable-biosensors-ros2/install/rosbag2_interfaces/include/rosbag2_interfaces/rosbag2_interfaces/msg/detail/write_split_event__type_support.h
-- Installing: /home/jj/wearable-biosensors-ros2/install/rosbag2_interfaces/include/rosbag2_interfaces/rosbag2_interfaces/msg/write_split_event.h
-- Installing: /home/jj/wearable-biosensors-ros2/install/rosbag2_interfaces/include/rosbag2_interfaces/rosbag2_interfaces/msg/read_split_event.h
-- Installing: /home/jj/wearable-biosensors-ros2/install/rosbag2_interfaces/include/rosbag2_interfaces/rosbag2_interfaces/msg/rosidl_generator_c__visibility_control.h
-- Installing: /home/jj/wearable-biosensors-ros2/install/rosbag2_interfaces/share/rosbag2_interfaces/environment/library_path.sh
-- Installing: /home/jj/wearable-biosensors-ros2/install/rosbag2_interfaces/share/rosbag2_interfaces/environment/library_path.dsv
-- Installing: /home/jj/wearable-biosensors-ros2/install/rosbag2_interfaces/lib/librosbag2_interfaces__rosidl_generator_c.so
-- Set runtime path of "/home/jj/wearable-biosensors-ros2/install/rosbag2_interfaces/lib/librosbag2_interfaces__rosidl_generator_c.so" to ""
-- Up-to-date: /home/jj/wearable-biosensors-ros2/install/rosbag2_interfaces/include/rosbag2_interfaces/rosbag2_interfaces
-- Up-to-date: /home/jj/wearable-biosensors-ros2/install/rosbag2_interfaces/include/rosbag2_interfaces/rosbag2_interfaces/srv
-- Up-to-date: /home/jj/wearable-biosensors-ros2/install/rosbag2_interfaces/include/rosbag2_interfaces/rosbag2_interfaces/srv/detail
-- Installing: /home/jj/wearable-biosensors-ros2/install/rosbag2_interfaces/include/rosbag2_interfaces/rosbag2_interfaces/srv/detail/pause__rosidl_typesupport_fastrtps_c.h
-- Installing: /home/jj/wearable-biosensors-ros2/install/rosbag2_interfaces/include/rosbag2_interfaces/rosbag2_interfaces/srv/detail/toggle_paused__rosidl_typesupport_fastrtps_c.h
-- Installing: /home/jj/wearable-biosensors-ros2/install/rosbag2_interfaces/include/rosbag2_interfaces/rosbag2_interfaces/srv/detail/get_rate__rosidl_typesupport_fastrtps_c.h
-- Installing: /home/jj/wearable-biosensors-ros2/install/rosbag2_interfaces/include/rosbag2_interfaces/rosbag2_interfaces/srv/detail/set_rate__rosidl_typesupport_fastrtps_c.h
-- Installing: /home/jj/wearable-biosensors-ros2/install/rosbag2_interfaces/include/rosbag2_interfaces/rosbag2_interfaces/srv/detail/is_paused__rosidl_typesupport_fastrtps_c.h
-- Installing: /home/jj/wearable-biosensors-ros2/install/rosbag2_interfaces/include/rosbag2_interfaces/rosbag2_interfaces/srv/detail/play_next__rosidl_typesupport_fastrtps_c.h
-- Installing: /home/jj/wearable-biosensors-ros2/install/rosbag2_interfaces/include/rosbag2_interfaces/rosbag2_interfaces/srv/detail/resume__rosidl_typesupport_fastrtps_c.h
-- Installing: /home/jj/wearable-biosensors-ros2/install/rosbag2_interfaces/include/rosbag2_interfaces/rosbag2_interfaces/srv/detail/seek__rosidl_typesupport_fastrtps_c.h
-- Installing: /home/jj/wearable-biosensors-ros2/install/rosbag2_interfaces/include/rosbag2_interfaces/rosbag2_interfaces/srv/detail/snapshot__rosidl_typesupport_fastrtps_c.h
-- Installing: /home/jj/wearable-biosensors-ros2/install/rosbag2_interfaces/include/rosbag2_interfaces/rosbag2_interfaces/srv/detail/burst__rosidl_typesupport_fastrtps_c.h
-- Up-to-date: /home/jj/wearable-biosensors-ros2/install/rosbag2_interfaces/include/rosbag2_interfaces/rosbag2_interfaces/msg
-- Up-to-date: /home/jj/wearable-biosensors-ros2/install/rosbag2_interfaces/include/rosbag2_interfaces/rosbag2_interfaces/msg/detail
-- Installing: /home/jj/wearable-biosensors-ros2/install/rosbag2_interfaces/include/rosbag2_interfaces/rosbag2_interfaces/msg/detail/read_split_event__rosidl_typesupport_fastrtps_c.h
-- Installing: /home/jj/wearable-biosensors-ros2/install/rosbag2_interfaces/include/rosbag2_interfaces/rosbag2_interfaces/msg/detail/write_split_event__rosidl_typesupport_fastrtps_c.h
-- Installing: /home/jj/wearable-biosensors-ros2/install/rosbag2_interfaces/include/rosbag2_interfaces/rosbag2_interfaces/msg/rosidl_typesupport_fastrtps_c__visibility_control.h
-- Installing: /home/jj/wearable-biosensors-ros2/install/rosbag2_interfaces/lib/librosbag2_interfaces__rosidl_typesupport_fastrtps_c.so
-- Set runtime path of "/home/jj/wearable-biosensors-ros2/install/rosbag2_interfaces/lib/librosbag2_interfaces__rosidl_typesupport_fastrtps_c.so" to ""
-- Up-to-date: /home/jj/wearable-biosensors-ros2/install/rosbag2_interfaces/include/rosbag2_interfaces/rosbag2_interfaces
-- Up-to-date: /home/jj/wearable-biosensors-ros2/install/rosbag2_interfaces/include/rosbag2_interfaces/rosbag2_interfaces/srv
-- Up-to-date: /home/jj/wearable-biosensors-ros2/install/rosbag2_interfaces/include/rosbag2_interfaces/rosbag2_interfaces/srv/detail
-- Installing: /home/jj/wearable-biosensors-ros2/install/rosbag2_interfaces/include/rosbag2_interfaces/rosbag2_interfaces/srv/detail/is_paused__traits.hpp
-- Installing: /home/jj/wearable-biosensors-ros2/install/rosbag2_interfaces/include/rosbag2_interfaces/rosbag2_interfaces/srv/detail/get_rate__traits.hpp
-- Installing: /home/jj/wearable-biosensors-ros2/install/rosbag2_interfaces/include/rosbag2_interfaces/rosbag2_interfaces/srv/detail/is_paused__struct.hpp
-- Installing: /home/jj/wearable-biosensors-ros2/install/rosbag2_interfaces/include/rosbag2_interfaces/rosbag2_interfaces/srv/detail/play_next__builder.hpp
-- Installing: /home/jj/wearable-biosensors-ros2/install/rosbag2_interfaces/include/rosbag2_interfaces/rosbag2_interfaces/srv/detail/play_next__traits.hpp
-- Installing: /home/jj/wearable-biosensors-ros2/install/rosbag2_interfaces/include/rosbag2_interfaces/rosbag2_interfaces/srv/detail/is_paused__builder.hpp
-- Installing: /home/jj/wearable-biosensors-ros2/install/rosbag2_interfaces/include/rosbag2_interfaces/rosbag2_interfaces/srv/detail/resume__builder.hpp
-- Installing: /home/jj/wearable-biosensors-ros2/install/rosbag2_interfaces/include/rosbag2_interfaces/rosbag2_interfaces/srv/detail/set_rate__traits.hpp
-- Installing: /home/jj/wearable-biosensors-ros2/install/rosbag2_interfaces/include/rosbag2_interfaces/rosbag2_interfaces/srv/detail/pause__struct.hpp
-- Installing: /home/jj/wearable-biosensors-ros2/install/rosbag2_interfaces/include/rosbag2_interfaces/rosbag2_interfaces/srv/detail/toggle_paused__builder.hpp
-- Installing: /home/jj/wearable-biosensors-ros2/install/rosbag2_interfaces/include/rosbag2_interfaces/rosbag2_interfaces/srv/detail/get_rate__builder.hpp
-- Installing: /home/jj/wearable-biosensors-ros2/install/rosbag2_interfaces/include/rosbag2_interfaces/rosbag2_interfaces/srv/detail/snapshot__traits.hpp
-- Installing: /home/jj/wearable-biosensors-ros2/install/rosbag2_interfaces/include/rosbag2_interfaces/rosbag2_interfaces/srv/detail/burst__traits.hpp
-- Installing: /home/jj/wearable-biosensors-ros2/install/rosbag2_interfaces/include/rosbag2_interfaces/rosbag2_interfaces/srv/detail/seek__traits.hpp
-- Installing: /home/jj/wearable-biosensors-ros2/install/rosbag2_interfaces/include/rosbag2_interfaces/rosbag2_interfaces/srv/detail/toggle_paused__struct.hpp
-- Installing: /home/jj/wearable-biosensors-ros2/install/rosbag2_interfaces/include/rosbag2_interfaces/rosbag2_interfaces/srv/detail/snapshot__builder.hpp
-- Installing: /home/jj/wearable-biosensors-ros2/install/rosbag2_interfaces/include/rosbag2_interfaces/rosbag2_interfaces/srv/detail/snapshot__struct.hpp
-- Installing: /home/jj/wearable-biosensors-ros2/install/rosbag2_interfaces/include/rosbag2_interfaces/rosbag2_interfaces/srv/detail/resume__traits.hpp
-- Installing: /home/jj/wearable-biosensors-ros2/install/rosbag2_interfaces/include/rosbag2_interfaces/rosbag2_interfaces/srv/detail/resume__struct.hpp
-- Installing: /home/jj/wearable-biosensors-ros2/install/rosbag2_interfaces/include/rosbag2_interfaces/rosbag2_interfaces/srv/detail/set_rate__struct.hpp
-- Installing: /home/jj/wearable-biosensors-ros2/install/rosbag2_interfaces/include/rosbag2_interfaces/rosbag2_interfaces/srv/detail/set_rate__builder.hpp
-- Installing: /home/jj/wearable-biosensors-ros2/install/rosbag2_interfaces/include/rosbag2_interfaces/rosbag2_interfaces/srv/detail/seek__struct.hpp
-- Installing: /home/jj/wearable-biosensors-ros2/install/rosbag2_interfaces/include/rosbag2_interfaces/rosbag2_interfaces/srv/detail/seek__builder.hpp
-- Installing: /home/jj/wearable-biosensors-ros2/install/rosbag2_interfaces/include/rosbag2_interfaces/rosbag2_interfaces/srv/detail/get_rate__struct.hpp
-- Installing: /home/jj/wearable-biosensors-ros2/install/rosbag2_interfaces/include/rosbag2_interfaces/rosbag2_interfaces/srv/detail/toggle_paused__traits.hpp
-- Installing: /home/jj/wearable-biosensors-ros2/install/rosbag2_interfaces/include/rosbag2_interfaces/rosbag2_interfaces/srv/detail/burst__builder.hpp
-- Installing: /home/jj/wearable-biosensors-ros2/install/rosbag2_interfaces/include/rosbag2_interfaces/rosbag2_interfaces/srv/detail/burst__struct.hpp
-- Installing: /home/jj/wearable-biosensors-ros2/install/rosbag2_interfaces/include/rosbag2_interfaces/rosbag2_interfaces/srv/detail/play_next__struct.hpp
-- Installing: /home/jj/wearable-biosensors-ros2/install/rosbag2_interfaces/include/rosbag2_interfaces/rosbag2_interfaces/srv/detail/pause__builder.hpp
-- Installing: /home/jj/wearable-biosensors-ros2/install/rosbag2_interfaces/include/rosbag2_interfaces/rosbag2_interfaces/srv/detail/pause__traits.hpp
-- Installing: /home/jj/wearable-biosensors-ros2/install/rosbag2_interfaces/include/rosbag2_interfaces/rosbag2_interfaces/srv/seek.hpp
-- Installing: /home/jj/wearable-biosensors-ros2/install/rosbag2_interfaces/include/rosbag2_interfaces/rosbag2_interfaces/srv/snapshot.hpp
-- Installing: /home/jj/wearable-biosensors-ros2/install/rosbag2_interfaces/include/rosbag2_interfaces/rosbag2_interfaces/srv/is_paused.hpp
-- Installing: /home/jj/wearable-biosensors-ros2/install/rosbag2_interfaces/include/rosbag2_interfaces/rosbag2_interfaces/srv/set_rate.hpp
-- Installing: /home/jj/wearable-biosensors-ros2/install/rosbag2_interfaces/include/rosbag2_interfaces/rosbag2_interfaces/srv/toggle_paused.hpp
-- Installing: /home/jj/wearable-biosensors-ros2/install/rosbag2_interfaces/include/rosbag2_interfaces/rosbag2_interfaces/srv/resume.hpp
-- Installing: /home/jj/wearable-biosensors-ros2/install/rosbag2_interfaces/include/rosbag2_interfaces/rosbag2_interfaces/srv/play_next.hpp
-- Installing: /home/jj/wearable-biosensors-ros2/install/rosbag2_interfaces/include/rosbag2_interfaces/rosbag2_interfaces/srv/get_rate.hpp
-- Installing: /home/jj/wearable-biosensors-ros2/install/rosbag2_interfaces/include/rosbag2_interfaces/rosbag2_interfaces/srv/pause.hpp
-- Installing: /home/jj/wearable-biosensors-ros2/install/rosbag2_interfaces/include/rosbag2_interfaces/rosbag2_interfaces/srv/burst.hpp
-- Up-to-date: /home/jj/wearable-biosensors-ros2/install/rosbag2_interfaces/include/rosbag2_interfaces/rosbag2_interfaces/msg
-- Up-to-date: /home/jj/wearable-biosensors-ros2/install/rosbag2_interfaces/include/rosbag2_interfaces/rosbag2_interfaces/msg/detail
-- Installing: /home/jj/wearable-biosensors-ros2/install/rosbag2_interfaces/include/rosbag2_interfaces/rosbag2_interfaces/msg/detail/write_split_event__traits.hpp
-- Installing: /home/jj/wearable-biosensors-ros2/install/rosbag2_interfaces/include/rosbag2_interfaces/rosbag2_interfaces/msg/detail/write_split_event__builder.hpp
-- Installing: /home/jj/wearable-biosensors-ros2/install/rosbag2_interfaces/include/rosbag2_interfaces/rosbag2_interfaces/msg/detail/read_split_event__struct.hpp
-- Installing: /home/jj/wearable-biosensors-ros2/install/rosbag2_interfaces/include/rosbag2_interfaces/rosbag2_interfaces/msg/detail/read_split_event__builder.hpp
-- Installing: /home/jj/wearable-biosensors-ros2/install/rosbag2_interfaces/include/rosbag2_interfaces/rosbag2_interfaces/msg/detail/write_split_event__struct.hpp
-- Installing: /home/jj/wearable-biosensors-ros2/install/rosbag2_interfaces/include/rosbag2_interfaces/rosbag2_interfaces/msg/detail/read_split_event__traits.hpp
-- Installing: /home/jj/wearable-biosensors-ros2/install/rosbag2_interfaces/include/rosbag2_interfaces/rosbag2_interfaces/msg/read_split_event.hpp
-- Installing: /home/jj/wearable-biosensors-ros2/install/rosbag2_interfaces/include/rosbag2_interfaces/rosbag2_interfaces/msg/write_split_event.hpp
-- Up-to-date: /home/jj/wearable-biosensors-ros2/install/rosbag2_interfaces/include/rosbag2_interfaces/rosbag2_interfaces
-- Up-to-date: /home/jj/wearable-biosensors-ros2/install/rosbag2_interfaces/include/rosbag2_interfaces/rosbag2_interfaces/srv
-- Up-to-date: /home/jj/wearable-biosensors-ros2/install/rosbag2_interfaces/include/rosbag2_interfaces/rosbag2_interfaces/srv/detail
-- Installing: /home/jj/wearable-biosensors-ros2/install/rosbag2_interfaces/include/rosbag2_interfaces/rosbag2_interfaces/srv/detail/set_rate__rosidl_typesupport_fastrtps_cpp.hpp
-- Installing: /home/jj/wearable-biosensors-ros2/install/rosbag2_interfaces/include/rosbag2_interfaces/rosbag2_interfaces/srv/detail/seek__rosidl_typesupport_fastrtps_cpp.hpp
-- Installing: /home/jj/wearable-biosensors-ros2/install/rosbag2_interfaces/include/rosbag2_interfaces/rosbag2_interfaces/srv/detail/get_rate__rosidl_typesupport_fastrtps_cpp.hpp
-- Installing: /home/jj/wearable-biosensors-ros2/install/rosbag2_interfaces/include/rosbag2_interfaces/rosbag2_interfaces/srv/detail/toggle_paused__rosidl_typesupport_fastrtps_cpp.hpp
-- Installing: /home/jj/wearable-biosensors-ros2/install/rosbag2_interfaces/include/rosbag2_interfaces/rosbag2_interfaces/srv/detail/resume__rosidl_typesupport_fastrtps_cpp.hpp
-- Installing: /home/jj/wearable-biosensors-ros2/install/rosbag2_interfaces/include/rosbag2_interfaces/rosbag2_interfaces/srv/detail/dds_fastrtps
-- Installing: /home/jj/wearable-biosensors-ros2/install/rosbag2_interfaces/include/rosbag2_interfaces/rosbag2_interfaces/srv/detail/pause__rosidl_typesupport_fastrtps_cpp.hpp
-- Installing: /home/jj/wearable-biosensors-ros2/install/rosbag2_interfaces/include/rosbag2_interfaces/rosbag2_interfaces/srv/detail/is_paused__rosidl_typesupport_fastrtps_cpp.hpp
-- Installing: /home/jj/wearable-biosensors-ros2/install/rosbag2_interfaces/include/rosbag2_interfaces/rosbag2_interfaces/srv/detail/snapshot__rosidl_typesupport_fastrtps_cpp.hpp
-- Installing: /home/jj/wearable-biosensors-ros2/install/rosbag2_interfaces/include/rosbag2_interfaces/rosbag2_interfaces/srv/detail/burst__rosidl_typesupport_fastrtps_cpp.hpp
-- Installing: /home/jj/wearable-biosensors-ros2/install/rosbag2_interfaces/include/rosbag2_interfaces/rosbag2_interfaces/srv/detail/play_next__rosidl_typesupport_fastrtps_cpp.hpp
-- Up-to-date: /home/jj/wearable-biosensors-ros2/install/rosbag2_interfaces/include/rosbag2_interfaces/rosbag2_interfaces/msg
-- Up-to-date: /home/jj/wearable-biosensors-ros2/install/rosbag2_interfaces/include/rosbag2_interfaces/rosbag2_interfaces/msg/detail
-- Installing: /home/jj/wearable-biosensors-ros2/install/rosbag2_interfaces/include/rosbag2_interfaces/rosbag2_interfaces/msg/detail/dds_fastrtps
-- Installing: /home/jj/wearable-biosensors-ros2/install/rosbag2_interfaces/include/rosbag2_interfaces/rosbag2_interfaces/msg/detail/write_split_event__rosidl_typesupport_fastrtps_cpp.hpp
-- Installing: /home/jj/wearable-biosensors-ros2/install/rosbag2_interfaces/include/rosbag2_interfaces/rosbag2_interfaces/msg/detail/read_split_event__rosidl_typesupport_fastrtps_cpp.hpp
-- Installing: /home/jj/wearable-biosensors-ros2/install/rosbag2_interfaces/include/rosbag2_interfaces/rosbag2_interfaces/msg/rosidl_typesupport_fastrtps_cpp__visibility_control.h
-- Installing: /home/jj/wearable-biosensors-ros2/install/rosbag2_interfaces/lib/librosbag2_interfaces__rosidl_typesupport_fastrtps_cpp.so
-- Set runtime path of "/home/jj/wearable-biosensors-ros2/install/rosbag2_interfaces/lib/librosbag2_interfaces__rosidl_typesupport_fastrtps_cpp.so" to ""
-- Up-to-date: /home/jj/wearable-biosensors-ros2/install/rosbag2_interfaces/include/rosbag2_interfaces/rosbag2_interfaces
-- Up-to-date: /home/jj/wearable-biosensors-ros2/install/rosbag2_interfaces/include/rosbag2_interfaces/rosbag2_interfaces/srv
-- Up-to-date: /home/jj/wearable-biosensors-ros2/install/rosbag2_interfaces/include/rosbag2_interfaces/rosbag2_interfaces/srv/detail
-- Installing: /home/jj/wearable-biosensors-ros2/install/rosbag2_interfaces/include/rosbag2_interfaces/rosbag2_interfaces/srv/detail/get_rate__type_support.c
-- Installing: /home/jj/wearable-biosensors-ros2/install/rosbag2_interfaces/include/rosbag2_interfaces/rosbag2_interfaces/srv/detail/play_next__rosidl_typesupport_introspection_c.h
-- Installing: /home/jj/wearable-biosensors-ros2/install/rosbag2_interfaces/include/rosbag2_interfaces/rosbag2_interfaces/srv/detail/is_paused__type_support.c
-- Installing: /home/jj/wearable-biosensors-ros2/install/rosbag2_interfaces/include/rosbag2_interfaces/rosbag2_interfaces/srv/detail/resume__rosidl_typesupport_introspection_c.h
-- Installing: /home/jj/wearable-biosensors-ros2/install/rosbag2_interfaces/include/rosbag2_interfaces/rosbag2_interfaces/srv/detail/burst__type_support.c
-- Installing: /home/jj/wearable-biosensors-ros2/install/rosbag2_interfaces/include/rosbag2_interfaces/rosbag2_interfaces/srv/detail/seek__rosidl_typesupport_introspection_c.h
-- Installing: /home/jj/wearable-biosensors-ros2/install/rosbag2_interfaces/include/rosbag2_interfaces/rosbag2_interfaces/srv/detail/is_paused__rosidl_typesupport_introspection_c.h
-- Installing: /home/jj/wearable-biosensors-ros2/install/rosbag2_interfaces/include/rosbag2_interfaces/rosbag2_interfaces/srv/detail/set_rate__rosidl_typesupport_introspection_c.h
-- Installing: /home/jj/wearable-biosensors-ros2/install/rosbag2_interfaces/include/rosbag2_interfaces/rosbag2_interfaces/srv/detail/seek__type_support.c
-- Installing: /home/jj/wearable-biosensors-ros2/install/rosbag2_interfaces/include/rosbag2_interfaces/rosbag2_interfaces/srv/detail/resume__type_support.c
-- Installing: /home/jj/wearable-biosensors-ros2/install/rosbag2_interfaces/include/rosbag2_interfaces/rosbag2_interfaces/srv/detail/toggle_paused__type_support.c
-- Installing: /home/jj/wearable-biosensors-ros2/install/rosbag2_interfaces/include/rosbag2_interfaces/rosbag2_interfaces/srv/detail/play_next__type_support.c
-- Installing: /home/jj/wearable-biosensors-ros2/install/rosbag2_interfaces/include/rosbag2_interfaces/rosbag2_interfaces/srv/detail/snapshot__type_support.c
-- Installing: /home/jj/wearable-biosensors-ros2/install/rosbag2_interfaces/include/rosbag2_interfaces/rosbag2_interfaces/srv/detail/toggle_paused__rosidl_typesupport_introspection_c.h
-- Installing: /home/jj/wearable-biosensors-ros2/install/rosbag2_interfaces/include/rosbag2_interfaces/rosbag2_interfaces/srv/detail/snapshot__rosidl_typesupport_introspection_c.h
-- Installing: /home/jj/wearable-biosensors-ros2/install/rosbag2_interfaces/include/rosbag2_interfaces/rosbag2_interfaces/srv/detail/burst__rosidl_typesupport_introspection_c.h
-- Installing: /home/jj/wearable-biosensors-ros2/install/rosbag2_interfaces/include/rosbag2_interfaces/rosbag2_interfaces/srv/detail/pause__rosidl_typesupport_introspection_c.h
-- Installing: /home/jj/wearable-biosensors-ros2/install/rosbag2_interfaces/include/rosbag2_interfaces/rosbag2_interfaces/srv/detail/pause__type_support.c
-- Installing: /home/jj/wearable-biosensors-ros2/install/rosbag2_interfaces/include/rosbag2_interfaces/rosbag2_interfaces/srv/detail/set_rate__type_support.c
-- Installing: /home/jj/wearable-biosensors-ros2/install/rosbag2_interfaces/include/rosbag2_interfaces/rosbag2_interfaces/srv/detail/get_rate__rosidl_typesupport_introspection_c.h
-- Up-to-date: /home/jj/wearable-biosensors-ros2/install/rosbag2_interfaces/include/rosbag2_interfaces/rosbag2_interfaces/msg
-- Up-to-date: /home/jj/wearable-biosensors-ros2/install/rosbag2_interfaces/include/rosbag2_interfaces/rosbag2_interfaces/msg/detail
-- Installing: /home/jj/wearable-biosensors-ros2/install/rosbag2_interfaces/include/rosbag2_interfaces/rosbag2_interfaces/msg/detail/read_split_event__type_support.c
-- Installing: /home/jj/wearable-biosensors-ros2/install/rosbag2_interfaces/include/rosbag2_interfaces/rosbag2_interfaces/msg/detail/write_split_event__rosidl_typesupport_introspection_c.h
-- Installing: /home/jj/wearable-biosensors-ros2/install/rosbag2_interfaces/include/rosbag2_interfaces/rosbag2_interfaces/msg/detail/read_split_event__rosidl_typesupport_introspection_c.h
-- Installing: /home/jj/wearable-biosensors-ros2/install/rosbag2_interfaces/include/rosbag2_interfaces/rosbag2_interfaces/msg/detail/write_split_event__type_support.c
-- Installing: /home/jj/wearable-biosensors-ros2/install/rosbag2_interfaces/include/rosbag2_interfaces/rosbag2_interfaces/msg/rosidl_typesupport_introspection_c__visibility_control.h
-- Installing: /home/jj/wearable-biosensors-ros2/install/rosbag2_interfaces/lib/librosbag2_interfaces__rosidl_typesupport_introspection_c.so
-- Set runtime path of "/home/jj/wearable-biosensors-ros2/install/rosbag2_interfaces/lib/librosbag2_interfaces__rosidl_typesupport_introspection_c.so" to ""
-- Installing: /home/jj/wearable-biosensors-ros2/install/rosbag2_interfaces/lib/librosbag2_interfaces__rosidl_typesupport_c.so
-- Set runtime path of "/home/jj/wearable-biosensors-ros2/install/rosbag2_interfaces/lib/librosbag2_interfaces__rosidl_typesupport_c.so" to ""
-- Up-to-date: /home/jj/wearable-biosensors-ros2/install/rosbag2_interfaces/include/rosbag2_interfaces/rosbag2_interfaces
-- Up-to-date: /home/jj/wearable-biosensors-ros2/install/rosbag2_interfaces/include/rosbag2_interfaces/rosbag2_interfaces/srv
-- Up-to-date: /home/jj/wearable-biosensors-ros2/install/rosbag2_interfaces/include/rosbag2_interfaces/rosbag2_interfaces/srv/detail
-- Installing: /home/jj/wearable-biosensors-ros2/install/rosbag2_interfaces/include/rosbag2_interfaces/rosbag2_interfaces/srv/detail/resume__type_support.cpp
-- Installing: /home/jj/wearable-biosensors-ros2/install/rosbag2_interfaces/include/rosbag2_interfaces/rosbag2_interfaces/srv/detail/is_paused__rosidl_typesupport_introspection_cpp.hpp
-- Installing: /home/jj/wearable-biosensors-ros2/install/rosbag2_interfaces/include/rosbag2_interfaces/rosbag2_interfaces/srv/detail/get_rate__rosidl_typesupport_introspection_cpp.hpp
-- Installing: /home/jj/wearable-biosensors-ros2/install/rosbag2_interfaces/include/rosbag2_interfaces/rosbag2_interfaces/srv/detail/set_rate__rosidl_typesupport_introspection_cpp.hpp
-- Installing: /home/jj/wearable-biosensors-ros2/install/rosbag2_interfaces/include/rosbag2_interfaces/rosbag2_interfaces/srv/detail/play_next__rosidl_typesupport_introspection_cpp.hpp
-- Installing: /home/jj/wearable-biosensors-ros2/install/rosbag2_interfaces/include/rosbag2_interfaces/rosbag2_interfaces/srv/detail/seek__rosidl_typesupport_introspection_cpp.hpp
-- Installing: /home/jj/wearable-biosensors-ros2/install/rosbag2_interfaces/include/rosbag2_interfaces/rosbag2_interfaces/srv/detail/is_paused__type_support.cpp
-- Installing: /home/jj/wearable-biosensors-ros2/install/rosbag2_interfaces/include/rosbag2_interfaces/rosbag2_interfaces/srv/detail/get_rate__type_support.cpp
-- Installing: /home/jj/wearable-biosensors-ros2/install/rosbag2_interfaces/include/rosbag2_interfaces/rosbag2_interfaces/srv/detail/snapshot__rosidl_typesupport_introspection_cpp.hpp
-- Installing: /home/jj/wearable-biosensors-ros2/install/rosbag2_interfaces/include/rosbag2_interfaces/rosbag2_interfaces/srv/detail/play_next__type_support.cpp
-- Installing: /home/jj/wearable-biosensors-ros2/install/rosbag2_interfaces/include/rosbag2_interfaces/rosbag2_interfaces/srv/detail/snapshot__type_support.cpp
-- Installing: /home/jj/wearable-biosensors-ros2/install/rosbag2_interfaces/include/rosbag2_interfaces/rosbag2_interfaces/srv/detail/toggle_paused__rosidl_typesupport_introspection_cpp.hpp
-- Installing: /home/jj/wearable-biosensors-ros2/install/rosbag2_interfaces/include/rosbag2_interfaces/rosbag2_interfaces/srv/detail/seek__type_support.cpp
-- Installing: /home/jj/wearable-biosensors-ros2/install/rosbag2_interfaces/include/rosbag2_interfaces/rosbag2_interfaces/srv/detail/burst__rosidl_typesupport_introspection_cpp.hpp
-- Installing: /home/jj/wearable-biosensors-ros2/install/rosbag2_interfaces/include/rosbag2_interfaces/rosbag2_interfaces/srv/detail/set_rate__type_support.cpp
-- Installing: /home/jj/wearable-biosensors-ros2/install/rosbag2_interfaces/include/rosbag2_interfaces/rosbag2_interfaces/srv/detail/burst__type_support.cpp
-- Installing: /home/jj/wearable-biosensors-ros2/install/rosbag2_interfaces/include/rosbag2_interfaces/rosbag2_interfaces/srv/detail/pause__type_support.cpp
-- Installing: /home/jj/wearable-biosensors-ros2/install/rosbag2_interfaces/include/rosbag2_interfaces/rosbag2_interfaces/srv/detail/resume__rosidl_typesupport_introspection_cpp.hpp
-- Installing: /home/jj/wearable-biosensors-ros2/install/rosbag2_interfaces/include/rosbag2_interfaces/rosbag2_interfaces/srv/detail/pause__rosidl_typesupport_introspection_cpp.hpp
-- Installing: /home/jj/wearable-biosensors-ros2/install/rosbag2_interfaces/include/rosbag2_interfaces/rosbag2_interfaces/srv/detail/toggle_paused__type_support.cpp
-- Up-to-date: /home/jj/wearable-biosensors-ros2/install/rosbag2_interfaces/include/rosbag2_interfaces/rosbag2_interfaces/msg
-- Up-to-date: /home/jj/wearable-biosensors-ros2/install/rosbag2_interfaces/include/rosbag2_interfaces/rosbag2_interfaces/msg/detail
-- Installing: /home/jj/wearable-biosensors-ros2/install/rosbag2_interfaces/include/rosbag2_interfaces/rosbag2_interfaces/msg/detail/read_split_event__type_support.cpp
-- Installing: /home/jj/wearable-biosensors-ros2/install/rosbag2_interfaces/include/rosbag2_interfaces/rosbag2_interfaces/msg/detail/write_split_event__type_support.cpp
-- Installing: /home/jj/wearable-biosensors-ros2/install/rosbag2_interfaces/include/rosbag2_interfaces/rosbag2_interfaces/msg/detail/read_split_event__rosidl_typesupport_introspection_cpp.hpp
-- Installing: /home/jj/wearable-biosensors-ros2/install/rosbag2_interfaces/include/rosbag2_interfaces/rosbag2_interfaces/msg/detail/write_split_event__rosidl_typesupport_introspection_cpp.hpp
-- Installing: /home/jj/wearable-biosensors-ros2/install/rosbag2_interfaces/lib/librosbag2_interfaces__rosidl_typesupport_introspection_cpp.so
-- Set runtime path of "/home/jj/wearable-biosensors-ros2/install/rosbag2_interfaces/lib/librosbag2_interfaces__rosidl_typesupport_introspection_cpp.so" to ""
-- Installing: /home/jj/wearable-biosensors-ros2/install/rosbag2_interfaces/lib/librosbag2_interfaces__rosidl_typesupport_cpp.so
-- Set runtime path of "/home/jj/wearable-biosensors-ros2/install/rosbag2_interfaces/lib/librosbag2_interfaces__rosidl_typesupport_cpp.so" to ""
-- Installing: /home/jj/wearable-biosensors-ros2/install/rosbag2_interfaces/share/rosbag2_interfaces/environment/pythonpath.sh
-- Installing: /home/jj/wearable-biosensors-ros2/install/rosbag2_interfaces/share/rosbag2_interfaces/environment/pythonpath.dsv
-- Installing: /home/jj/wearable-biosensors-ros2/install/rosbag2_interfaces/local/lib/python3.10/dist-packages/rosbag2_interfaces-0.15.11-py3.10.egg-info
-- Installing: /home/jj/wearable-biosensors-ros2/install/rosbag2_interfaces/local/lib/python3.10/dist-packages/rosbag2_interfaces-0.15.11-py3.10.egg-info/dependency_links.txt
-- Installing: /home/jj/wearable-biosensors-ros2/install/rosbag2_interfaces/local/lib/python3.10/dist-packages/rosbag2_interfaces-0.15.11-py3.10.egg-info/top_level.txt
-- Installing: /home/jj/wearable-biosensors-ros2/install/rosbag2_interfaces/local/lib/python3.10/dist-packages/rosbag2_interfaces-0.15.11-py3.10.egg-info/SOURCES.txt
-- Installing: /home/jj/wearable-biosensors-ros2/install/rosbag2_interfaces/local/lib/python3.10/dist-packages/rosbag2_interfaces-0.15.11-py3.10.egg-info/PKG-INFO
-- Installing: /home/jj/wearable-biosensors-ros2/install/rosbag2_interfaces/local/lib/python3.10/dist-packages/rosbag2_interfaces
-- Installing: /home/jj/wearable-biosensors-ros2/install/rosbag2_interfaces/local/lib/python3.10/dist-packages/rosbag2_interfaces/srv
-- Installing: /home/jj/wearable-biosensors-ros2/install/rosbag2_interfaces/local/lib/python3.10/dist-packages/rosbag2_interfaces/srv/_burst_s.c
-- Installing: /home/jj/wearable-biosensors-ros2/install/rosbag2_interfaces/local/lib/python3.10/dist-packages/rosbag2_interfaces/srv/_seek.py
-- Installing: /home/jj/wearable-biosensors-ros2/install/rosbag2_interfaces/local/lib/python3.10/dist-packages/rosbag2_interfaces/srv/_play_next.py
-- Installing: /home/jj/wearable-biosensors-ros2/install/rosbag2_interfaces/local/lib/python3.10/dist-packages/rosbag2_interfaces/srv/_resume.py
-- Installing: /home/jj/wearable-biosensors-ros2/install/rosbag2_interfaces/local/lib/python3.10/dist-packages/rosbag2_interfaces/srv/_set_rate.py
-- Installing: /home/jj/wearable-biosensors-ros2/install/rosbag2_interfaces/local/lib/python3.10/dist-packages/rosbag2_interfaces/srv/_is_paused.py
-- Installing: /home/jj/wearable-biosensors-ros2/install/rosbag2_interfaces/local/lib/python3.10/dist-packages/rosbag2_interfaces/srv/_snapshot_s.c
-- Installing: /home/jj/wearable-biosensors-ros2/install/rosbag2_interfaces/local/lib/python3.10/dist-packages/rosbag2_interfaces/srv/_toggle_paused_s.c
-- Installing: /home/jj/wearable-biosensors-ros2/install/rosbag2_interfaces/local/lib/python3.10/dist-packages/rosbag2_interfaces/srv/_pause.py
-- Installing: /home/jj/wearable-biosensors-ros2/install/rosbag2_interfaces/local/lib/python3.10/dist-packages/rosbag2_interfaces/srv/_set_rate_s.c
-- Installing: /home/jj/wearable-biosensors-ros2/install/rosbag2_interfaces/local/lib/python3.10/dist-packages/rosbag2_interfaces/srv/_get_rate.py
-- Installing: /home/jj/wearable-biosensors-ros2/install/rosbag2_interfaces/local/lib/python3.10/dist-packages/rosbag2_interfaces/srv/_seek_s.c
-- Installing: /home/jj/wearable-biosensors-ros2/install/rosbag2_interfaces/local/lib/python3.10/dist-packages/rosbag2_interfaces/srv/_pause_s.c
-- Installing: /home/jj/wearable-biosensors-ros2/install/rosbag2_interfaces/local/lib/python3.10/dist-packages/rosbag2_interfaces/srv/_play_next_s.c
-- Installing: /home/jj/wearable-biosensors-ros2/install/rosbag2_interfaces/local/lib/python3.10/dist-packages/rosbag2_interfaces/srv/_resume_s.c
-- Installing: /home/jj/wearable-biosensors-ros2/install/rosbag2_interfaces/local/lib/python3.10/dist-packages/rosbag2_interfaces/srv/__init__.py
-- Installing: /home/jj/wearable-biosensors-ros2/install/rosbag2_interfaces/local/lib/python3.10/dist-packages/rosbag2_interfaces/srv/_is_paused_s.c
-- Installing: /home/jj/wearable-biosensors-ros2/install/rosbag2_interfaces/local/lib/python3.10/dist-packages/rosbag2_interfaces/srv/_snapshot.py
-- Installing: /home/jj/wearable-biosensors-ros2/install/rosbag2_interfaces/local/lib/python3.10/dist-packages/rosbag2_interfaces/srv/_burst.py
-- Installing: /home/jj/wearable-biosensors-ros2/install/rosbag2_interfaces/local/lib/python3.10/dist-packages/rosbag2_interfaces/srv/_get_rate_s.c
-- Installing: /home/jj/wearable-biosensors-ros2/install/rosbag2_interfaces/local/lib/python3.10/dist-packages/rosbag2_interfaces/srv/_toggle_paused.py
-- Installing: /home/jj/wearable-biosensors-ros2/install/rosbag2_interfaces/local/lib/python3.10/dist-packages/rosbag2_interfaces/rosbag2_interfaces_s__rosidl_typesupport_introspection_c.cpython-310-aarch64-linux-gnu.so
-- Installing: /home/jj/wearable-biosensors-ros2/install/rosbag2_interfaces/local/lib/python3.10/dist-packages/rosbag2_interfaces/msg
-- Installing: /home/jj/wearable-biosensors-ros2/install/rosbag2_interfaces/local/lib/python3.10/dist-packages/rosbag2_interfaces/msg/_write_split_event.py
-- Installing: /home/jj/wearable-biosensors-ros2/install/rosbag2_interfaces/local/lib/python3.10/dist-packages/rosbag2_interfaces/msg/_read_split_event_s.c
-- Installing: /home/jj/wearable-biosensors-ros2/install/rosbag2_interfaces/local/lib/python3.10/dist-packages/rosbag2_interfaces/msg/__init__.py
-- Installing: /home/jj/wearable-biosensors-ros2/install/rosbag2_interfaces/local/lib/python3.10/dist-packages/rosbag2_interfaces/msg/_read_split_event.py
-- Installing: /home/jj/wearable-biosensors-ros2/install/rosbag2_interfaces/local/lib/python3.10/dist-packages/rosbag2_interfaces/msg/_write_split_event_s.c
-- Installing: /home/jj/wearable-biosensors-ros2/install/rosbag2_interfaces/local/lib/python3.10/dist-packages/rosbag2_interfaces/_rosbag2_interfaces_s.ep.rosidl_typesupport_c.c
-- Installing: /home/jj/wearable-biosensors-ros2/install/rosbag2_interfaces/local/lib/python3.10/dist-packages/rosbag2_interfaces/rosbag2_interfaces_s__rosidl_typesupport_fastrtps_c.cpython-310-aarch64-linux-gnu.so
-- Installing: /home/jj/wearable-biosensors-ros2/install/rosbag2_interfaces/local/lib/python3.10/dist-packages/rosbag2_interfaces/_rosbag2_interfaces_s.ep.rosidl_typesupport_fastrtps_c.c
-- Installing: /home/jj/wearable-biosensors-ros2/install/rosbag2_interfaces/local/lib/python3.10/dist-packages/rosbag2_interfaces/rosbag2_interfaces_s__rosidl_typesupport_c.cpython-310-aarch64-linux-gnu.so
-- Installing: /home/jj/wearable-biosensors-ros2/install/rosbag2_interfaces/local/lib/python3.10/dist-packages/rosbag2_interfaces/__init__.py
-- Installing: /home/jj/wearable-biosensors-ros2/install/rosbag2_interfaces/local/lib/python3.10/dist-packages/rosbag2_interfaces/librosbag2_interfaces__rosidl_generator_py.so
-- Installing: /home/jj/wearable-biosensors-ros2/install/rosbag2_interfaces/local/lib/python3.10/dist-packages/rosbag2_interfaces/_rosbag2_interfaces_s.ep.rosidl_typesupport_introspection_c.c
Listing '/home/jj/wearable-biosensors-ros2/install/rosbag2_interfaces/local/lib/python3.10/dist-packages/rosbag2_interfaces'...
Compiling '/home/jj/wearable-biosensors-ros2/install/rosbag2_interfaces/local/lib/python3.10/dist-packages/rosbag2_interfaces/__init__.py'...
Listing '/home/jj/wearable-biosensors-ros2/install/rosbag2_interfaces/local/lib/python3.10/dist-packages/rosbag2_interfaces/msg'...
Compiling '/home/jj/wearable-biosensors-ros2/install/rosbag2_interfaces/local/lib/python3.10/dist-packages/rosbag2_interfaces/msg/__init__.py'...
Compiling '/home/jj/wearable-biosensors-ros2/install/rosbag2_interfaces/local/lib/python3.10/dist-packages/rosbag2_interfaces/msg/_read_split_event.py'...
Compiling '/home/jj/wearable-biosensors-ros2/install/rosbag2_interfaces/local/lib/python3.10/dist-packages/rosbag2_interfaces/msg/_write_split_event.py'...
Listing '/home/jj/wearable-biosensors-ros2/install/rosbag2_interfaces/local/lib/python3.10/dist-packages/rosbag2_interfaces/srv'...
Compiling '/home/jj/wearable-biosensors-ros2/install/rosbag2_interfaces/local/lib/python3.10/dist-packages/rosbag2_interfaces/srv/__init__.py'...
Compiling '/home/jj/wearable-biosensors-ros2/install/rosbag2_interfaces/local/lib/python3.10/dist-packages/rosbag2_interfaces/srv/_burst.py'...
Compiling '/home/jj/wearable-biosensors-ros2/install/rosbag2_interfaces/local/lib/python3.10/dist-packages/rosbag2_interfaces/srv/_get_rate.py'...
Compiling '/home/jj/wearable-biosensors-ros2/install/rosbag2_interfaces/local/lib/python3.10/dist-packages/rosbag2_interfaces/srv/_is_paused.py'...
Compiling '/home/jj/wearable-biosensors-ros2/install/rosbag2_interfaces/local/lib/python3.10/dist-packages/rosbag2_interfaces/srv/_pause.py'...
Compiling '/home/jj/wearable-biosensors-ros2/install/rosbag2_interfaces/local/lib/python3.10/dist-packages/rosbag2_interfaces/srv/_play_next.py'...
Compiling '/home/jj/wearable-biosensors-ros2/install/rosbag2_interfaces/local/lib/python3.10/dist-packages/rosbag2_interfaces/srv/_resume.py'...
Compiling '/home/jj/wearable-biosensors-ros2/install/rosbag2_interfaces/local/lib/python3.10/dist-packages/rosbag2_interfaces/srv/_seek.py'...
Compiling '/home/jj/wearable-biosensors-ros2/install/rosbag2_interfaces/local/lib/python3.10/dist-packages/rosbag2_interfaces/srv/_set_rate.py'...
Compiling '/home/jj/wearable-biosensors-ros2/install/rosbag2_interfaces/local/lib/python3.10/dist-packages/rosbag2_interfaces/srv/_snapshot.py'...
Compiling '/home/jj/wearable-biosensors-ros2/install/rosbag2_interfaces/local/lib/python3.10/dist-packages/rosbag2_interfaces/srv/_toggle_paused.py'...
-- Installing: /home/jj/wearable-biosensors-ros2/install/rosbag2_interfaces/local/lib/python3.10/dist-packages/rosbag2_interfaces/rosbag2_interfaces_s__rosidl_typesupport_fastrtps_c.cpython-310-aarch64-linux-gnu.so
-- Set runtime path of "/home/jj/wearable-biosensors-ros2/install/rosbag2_interfaces/local/lib/python3.10/dist-packages/rosbag2_interfaces/rosbag2_interfaces_s__rosidl_typesupport_fastrtps_c.cpython-310-aarch64-linux-gnu.so" to ""
-- Installing: /home/jj/wearable-biosensors-ros2/install/rosbag2_interfaces/local/lib/python3.10/dist-packages/rosbag2_interfaces/rosbag2_interfaces_s__rosidl_typesupport_introspection_c.cpython-310-aarch64-linux-gnu.so
-- Set runtime path of "/home/jj/wearable-biosensors-ros2/install/rosbag2_interfaces/local/lib/python3.10/dist-packages/rosbag2_interfaces/rosbag2_interfaces_s__rosidl_typesupport_introspection_c.cpython-310-aarch64-linux-gnu.so" to ""
-- Installing: /home/jj/wearable-biosensors-ros2/install/rosbag2_interfaces/local/lib/python3.10/dist-packages/rosbag2_interfaces/rosbag2_interfaces_s__rosidl_typesupport_c.cpython-310-aarch64-linux-gnu.so
-- Set runtime path of "/home/jj/wearable-biosensors-ros2/install/rosbag2_interfaces/local/lib/python3.10/dist-packages/rosbag2_interfaces/rosbag2_interfaces_s__rosidl_typesupport_c.cpython-310-aarch64-linux-gnu.so" to ""
-- Installing: /home/jj/wearable-biosensors-ros2/install/rosbag2_interfaces/lib/librosbag2_interfaces__rosidl_generator_py.so
-- Set runtime path of "/home/jj/wearable-biosensors-ros2/install/rosbag2_interfaces/lib/librosbag2_interfaces__rosidl_generator_py.so" to ""
-- Installing: /home/jj/wearable-biosensors-ros2/install/rosbag2_interfaces/share/rosbag2_interfaces/msg/ReadSplitEvent.idl
-- Installing: /home/jj/wearable-biosensors-ros2/install/rosbag2_interfaces/share/rosbag2_interfaces/msg/WriteSplitEvent.idl
-- Installing: /home/jj/wearable-biosensors-ros2/install/rosbag2_interfaces/share/rosbag2_interfaces/srv/Burst.idl
-- Installing: /home/jj/wearable-biosensors-ros2/install/rosbag2_interfaces/share/rosbag2_interfaces/srv/GetRate.idl
-- Installing: /home/jj/wearable-biosensors-ros2/install/rosbag2_interfaces/share/rosbag2_interfaces/srv/IsPaused.idl
-- Installing: /home/jj/wearable-biosensors-ros2/install/rosbag2_interfaces/share/rosbag2_interfaces/srv/Pause.idl
-- Installing: /home/jj/wearable-biosensors-ros2/install/rosbag2_interfaces/share/rosbag2_interfaces/srv/PlayNext.idl
-- Installing: /home/jj/wearable-biosensors-ros2/install/rosbag2_interfaces/share/rosbag2_interfaces/srv/Resume.idl
-- Installing: /home/jj/wearable-biosensors-ros2/install/rosbag2_interfaces/share/rosbag2_interfaces/srv/Seek.idl
-- Installing: /home/jj/wearable-biosensors-ros2/install/rosbag2_interfaces/share/rosbag2_interfaces/srv/SetRate.idl
-- Installing: /home/jj/wearable-biosensors-ros2/install/rosbag2_interfaces/share/rosbag2_interfaces/srv/Snapshot.idl
-- Installing: /home/jj/wearable-biosensors-ros2/install/rosbag2_interfaces/share/rosbag2_interfaces/srv/TogglePaused.idl
-- Installing: /home/jj/wearable-biosensors-ros2/install/rosbag2_interfaces/share/rosbag2_interfaces/msg/ReadSplitEvent.msg
-- Installing: /home/jj/wearable-biosensors-ros2/install/rosbag2_interfaces/share/rosbag2_interfaces/msg/WriteSplitEvent.msg
-- Installing: /home/jj/wearable-biosensors-ros2/install/rosbag2_interfaces/share/rosbag2_interfaces/srv/Burst.srv
-- Installing: /home/jj/wearable-biosensors-ros2/install/rosbag2_interfaces/share/rosbag2_interfaces/srv/Burst_Request.msg
-- Installing: /home/jj/wearable-biosensors-ros2/install/rosbag2_interfaces/share/rosbag2_interfaces/srv/Burst_Response.msg
-- Installing: /home/jj/wearable-biosensors-ros2/install/rosbag2_interfaces/share/rosbag2_interfaces/srv/GetRate.srv
-- Installing: /home/jj/wearable-biosensors-ros2/install/rosbag2_interfaces/share/rosbag2_interfaces/srv/GetRate_Request.msg
-- Installing: /home/jj/wearable-biosensors-ros2/install/rosbag2_interfaces/share/rosbag2_interfaces/srv/GetRate_Response.msg
-- Installing: /home/jj/wearable-biosensors-ros2/install/rosbag2_interfaces/share/rosbag2_interfaces/srv/IsPaused.srv
-- Installing: /home/jj/wearable-biosensors-ros2/install/rosbag2_interfaces/share/rosbag2_interfaces/srv/IsPaused_Request.msg
-- Installing: /home/jj/wearable-biosensors-ros2/install/rosbag2_interfaces/share/rosbag2_interfaces/srv/IsPaused_Response.msg
-- Installing: /home/jj/wearable-biosensors-ros2/install/rosbag2_interfaces/share/rosbag2_interfaces/srv/Pause.srv
-- Installing: /home/jj/wearable-biosensors-ros2/install/rosbag2_interfaces/share/rosbag2_interfaces/srv/Pause_Request.msg
-- Installing: /home/jj/wearable-biosensors-ros2/install/rosbag2_interfaces/share/rosbag2_interfaces/srv/Pause_Response.msg
-- Installing: /home/jj/wearable-biosensors-ros2/install/rosbag2_interfaces/share/rosbag2_interfaces/srv/PlayNext.srv
-- Installing: /home/jj/wearable-biosensors-ros2/install/rosbag2_interfaces/share/rosbag2_interfaces/srv/PlayNext_Request.msg
-- Installing: /home/jj/wearable-biosensors-ros2/install/rosbag2_interfaces/share/rosbag2_interfaces/srv/PlayNext_Response.msg
-- Installing: /home/jj/wearable-biosensors-ros2/install/rosbag2_interfaces/share/rosbag2_interfaces/srv/Resume.srv
-- Installing: /home/jj/wearable-biosensors-ros2/install/rosbag2_interfaces/share/rosbag2_interfaces/srv/Resume_Request.msg
-- Installing: /home/jj/wearable-biosensors-ros2/install/rosbag2_interfaces/share/rosbag2_interfaces/srv/Resume_Response.msg
-- Installing: /home/jj/wearable-biosensors-ros2/install/rosbag2_interfaces/share/rosbag2_interfaces/srv/Seek.srv
-- Installing: /home/jj/wearable-biosensors-ros2/install/rosbag2_interfaces/share/rosbag2_interfaces/srv/Seek_Request.msg
-- Installing: /home/jj/wearable-biosensors-ros2/install/rosbag2_interfaces/share/rosbag2_interfaces/srv/Seek_Response.msg
-- Installing: /home/jj/wearable-biosensors-ros2/install/rosbag2_interfaces/share/rosbag2_interfaces/srv/SetRate.srv
-- Installing: /home/jj/wearable-biosensors-ros2/install/rosbag2_interfaces/share/rosbag2_interfaces/srv/SetRate_Request.msg
-- Installing: /home/jj/wearable-biosensors-ros2/install/rosbag2_interfaces/share/rosbag2_interfaces/srv/SetRate_Response.msg
-- Installing: /home/jj/wearable-biosensors-ros2/install/rosbag2_interfaces/share/rosbag2_interfaces/srv/Snapshot.srv
-- Installing: /home/jj/wearable-biosensors-ros2/install/rosbag2_interfaces/share/rosbag2_interfaces/srv/Snapshot_Request.msg
-- Installing: /home/jj/wearable-biosensors-ros2/install/rosbag2_interfaces/share/rosbag2_interfaces/srv/Snapshot_Response.msg
-- Installing: /home/jj/wearable-biosensors-ros2/install/rosbag2_interfaces/share/rosbag2_interfaces/srv/TogglePaused.srv
-- Installing: /home/jj/wearable-biosensors-ros2/install/rosbag2_interfaces/share/rosbag2_interfaces/srv/TogglePaused_Request.msg
-- Installing: /home/jj/wearable-biosensors-ros2/install/rosbag2_interfaces/share/rosbag2_interfaces/srv/TogglePaused_Response.msg
-- Installing: /home/jj/wearable-biosensors-ros2/install/rosbag2_interfaces/share/ament_index/resource_index/package_run_dependencies/rosbag2_interfaces
-- Installing: /home/jj/wearable-biosensors-ros2/install/rosbag2_interfaces/share/ament_index/resource_index/parent_prefix_path/rosbag2_interfaces
-- Installing: /home/jj/wearable-biosensors-ros2/install/rosbag2_interfaces/share/rosbag2_interfaces/environment/ament_prefix_path.sh
-- Installing: /home/jj/wearable-biosensors-ros2/install/rosbag2_interfaces/share/rosbag2_interfaces/environment/ament_prefix_path.dsv
-- Installing: /home/jj/wearable-biosensors-ros2/install/rosbag2_interfaces/share/rosbag2_interfaces/environment/path.sh
-- Installing: /home/jj/wearable-biosensors-ros2/install/rosbag2_interfaces/share/rosbag2_interfaces/environment/path.dsv
-- Installing: /home/jj/wearable-biosensors-ros2/install/rosbag2_interfaces/share/rosbag2_interfaces/local_setup.bash
-- Installing: /home/jj/wearable-biosensors-ros2/install/rosbag2_interfaces/share/rosbag2_interfaces/local_setup.sh
-- Installing: /home/jj/wearable-biosensors-ros2/install/rosbag2_interfaces/share/rosbag2_interfaces/local_setup.zsh
-- Installing: /home/jj/wearable-biosensors-ros2/install/rosbag2_interfaces/share/rosbag2_interfaces/local_setup.dsv
-- Installing: /home/jj/wearable-biosensors-ros2/install/rosbag2_interfaces/share/rosbag2_interfaces/package.dsv
-- Installing: /home/jj/wearable-biosensors-ros2/install/rosbag2_interfaces/share/ament_index/resource_index/packages/rosbag2_interfaces
-- Installing: /home/jj/wearable-biosensors-ros2/install/rosbag2_interfaces/share/rosbag2_interfaces/cmake/export_rosbag2_interfaces__rosidl_generator_cExport.cmake
-- Installing: /home/jj/wearable-biosensors-ros2/install/rosbag2_interfaces/share/rosbag2_interfaces/cmake/export_rosbag2_interfaces__rosidl_generator_cExport-noconfig.cmake
-- Installing: /home/jj/wearable-biosensors-ros2/install/rosbag2_interfaces/share/rosbag2_interfaces/cmake/export_rosbag2_interfaces__rosidl_typesupport_fastrtps_cExport.cmake
-- Installing: /home/jj/wearable-biosensors-ros2/install/rosbag2_interfaces/share/rosbag2_interfaces/cmake/export_rosbag2_interfaces__rosidl_typesupport_fastrtps_cExport-noconfig.cmake
-- Installing: /home/jj/wearable-biosensors-ros2/install/rosbag2_interfaces/share/rosbag2_interfaces/cmake/export_rosbag2_interfaces__rosidl_generator_cppExport.cmake
-- Installing: /home/jj/wearable-biosensors-ros2/install/rosbag2_interfaces/share/rosbag2_interfaces/cmake/export_rosbag2_interfaces__rosidl_typesupport_fastrtps_cppExport.cmake
-- Installing: /home/jj/wearable-biosensors-ros2/install/rosbag2_interfaces/share/rosbag2_interfaces/cmake/export_rosbag2_interfaces__rosidl_typesupport_fastrtps_cppExport-noconfig.cmake
-- Installing: /home/jj/wearable-biosensors-ros2/install/rosbag2_interfaces/share/rosbag2_interfaces/cmake/rosbag2_interfaces__rosidl_typesupport_introspection_cExport.cmake
-- Installing: /home/jj/wearable-biosensors-ros2/install/rosbag2_interfaces/share/rosbag2_interfaces/cmake/rosbag2_interfaces__rosidl_typesupport_introspection_cExport-noconfig.cmake
-- Installing: /home/jj/wearable-biosensors-ros2/install/rosbag2_interfaces/share/rosbag2_interfaces/cmake/rosbag2_interfaces__rosidl_typesupport_cExport.cmake
-- Installing: /home/jj/wearable-biosensors-ros2/install/rosbag2_interfaces/share/rosbag2_interfaces/cmake/rosbag2_interfaces__rosidl_typesupport_cExport-noconfig.cmake
-- Installing: /home/jj/wearable-biosensors-ros2/install/rosbag2_interfaces/share/rosbag2_interfaces/cmake/rosbag2_interfaces__rosidl_typesupport_introspection_cppExport.cmake
-- Installing: /home/jj/wearable-biosensors-ros2/install/rosbag2_interfaces/share/rosbag2_interfaces/cmake/rosbag2_interfaces__rosidl_typesupport_introspection_cppExport-noconfig.cmake
-- Installing: /home/jj/wearable-biosensors-ros2/install/rosbag2_interfaces/share/rosbag2_interfaces/cmake/rosbag2_interfaces__rosidl_typesupport_cppExport.cmake
-- Installing: /home/jj/wearable-biosensors-ros2/install/rosbag2_interfaces/share/rosbag2_interfaces/cmake/rosbag2_interfaces__rosidl_typesupport_cppExport-noconfig.cmake
-- Installing: /home/jj/wearable-biosensors-ros2/install/rosbag2_interfaces/share/rosbag2_interfaces/cmake/export_rosbag2_interfaces__rosidl_generator_pyExport.cmake
-- Installing: /home/jj/wearable-biosensors-ros2/install/rosbag2_interfaces/share/rosbag2_interfaces/cmake/export_rosbag2_interfaces__rosidl_generator_pyExport-noconfig.cmake
-- Installing: /home/jj/wearable-biosensors-ros2/install/rosbag2_interfaces/share/rosbag2_interfaces/cmake/rosidl_cmake-extras.cmake
-- Installing: /home/jj/wearable-biosensors-ros2/install/rosbag2_interfaces/share/rosbag2_interfaces/cmake/ament_cmake_export_dependencies-extras.cmake
-- Installing: /home/jj/wearable-biosensors-ros2/install/rosbag2_interfaces/share/rosbag2_interfaces/cmake/ament_cmake_export_include_directories-extras.cmake
-- Installing: /home/jj/wearable-biosensors-ros2/install/rosbag2_interfaces/share/rosbag2_interfaces/cmake/ament_cmake_export_libraries-extras.cmake
-- Installing: /home/jj/wearable-biosensors-ros2/install/rosbag2_interfaces/share/rosbag2_interfaces/cmake/ament_cmake_export_targets-extras.cmake
-- Installing: /home/jj/wearable-biosensors-ros2/install/rosbag2_interfaces/share/rosbag2_interfaces/cmake/rosidl_cmake_export_typesupport_targets-extras.cmake
-- Installing: /home/jj/wearable-biosensors-ros2/install/rosbag2_interfaces/share/rosbag2_interfaces/cmake/rosidl_cmake_export_typesupport_libraries-extras.cmake
-- Installing: /home/jj/wearable-biosensors-ros2/install/rosbag2_interfaces/share/rosbag2_interfaces/cmake/rosbag2_interfacesConfig.cmake
-- Installing: /home/jj/wearable-biosensors-ros2/install/rosbag2_interfaces/share/rosbag2_interfaces/cmake/rosbag2_interfacesConfig-version.cmake
-- Installing: /home/jj/wearable-biosensors-ros2/install/rosbag2_interfaces/share/rosbag2_interfaces/package.xml
