[8.349s] Invoking command in '/home/jj/wearable-biosensors-ros2/build/empatica_e4': PYTHONPATH=/home/jj/wearable-biosensors-ros2/build/empatica_e4/prefix_override:/home/jj/wearable-biosensors-ros2/install/empatica_e4/lib/python3.10/site-packages:${PYTHONPATH} /usr/bin/python3 -W ignore:setup.py install is deprecated setup.py develop --editable --build-directory /home/jj/wearable-biosensors-ros2/build/empatica_e4/build --no-deps symlink_data
[10.472s] /usr/lib/python3/dist-packages/setuptools/dist.py:723: UserWarning: Usage of dash-separated 'script-dir' will not be supported in future versions. Please use the underscore name 'script_dir' instead
[10.472s]   warnings.warn(
[10.736s] running develop
[10.739s] /usr/lib/python3/dist-packages/setuptools/command/easy_install.py:158: EasyInstallDeprecationWarning: easy_install command is deprecated. Use build and pip and other standards-based tools.
[10.739s]   warnings.warn(
[12.701s] running egg_info
[12.704s] writing empatica_e4.egg-info/PKG-INFO
[12.706s] writing dependency_links to empatica_e4.egg-info/dependency_links.txt
[12.709s] writing entry points to empatica_e4.egg-info/entry_points.txt
[12.711s] writing requirements to empatica_e4.egg-info/requires.txt
[12.717s] writing top-level names to empatica_e4.egg-info/top_level.txt
[12.738s] reading manifest file 'empatica_e4.egg-info/SOURCES.txt'
[12.739s] writing manifest file 'empatica_e4.egg-info/SOURCES.txt'
[12.754s] running build_ext
[12.756s] Creating /home/jj/wearable-biosensors-ros2/install/empatica_e4/lib/python3.10/site-packages/empatica-e4.egg-link (link to .)
[12.777s] Installing empatica_e4_node script to /home/jj/wearable-biosensors-ros2/install/empatica_e4/lib/empatica_e4
[12.781s] 
[12.783s] Installed /home/jj/wearable-biosensors-ros2/build/empatica_e4
[12.785s] running symlink_data
[16.760s] Invoked command in '/home/jj/wearable-biosensors-ros2/build/empatica_e4' returned '0': PYTHONPATH=/home/jj/wearable-biosensors-ros2/build/empatica_e4/prefix_override:/home/jj/wearable-biosensors-ros2/install/empatica_e4/lib/python3.10/site-packages:${PYTHONPATH} /usr/bin/python3 -W ignore:setup.py install is deprecated setup.py develop --editable --build-directory /home/jj/wearable-biosensors-ros2/build/empatica_e4/build --no-deps symlink_data
