[0.631s] DEBUG:colcon:Command line arguments: ['/usr/bin/colcon', 'build', '--packages-select', 'manager']
[0.632s] DEBUG:colcon:Parsed command line arguments: Namespace(log_base=None, log_level=None, verb_name='build', build_base='build', install_base='install', merge_install=False, symlink_install=False, test_result_base=None, continue_on_error=False, executor='parallel', parallel_workers=4, event_handlers=None, ignore_user_meta=False, metas=['./colcon.meta'], base_paths=['.'], packages_ignore=None, packages_ignore_regex=None, paths=None, packages_up_to=None, packages_up_to_regex=None, packages_above=None, packages_above_and_dependencies=None, packages_above_depth=None, packages_select_by_dep=None, packages_skip_by_dep=None, packages_skip_up_to=None, packages_select_build_failed=False, packages_skip_build_finished=False, packages_select_test_failures=False, packages_skip_test_passed=False, packages_select=['manager'], packages_skip=None, packages_select_regex=None, packages_skip_regex=None, packages_start=None, packages_end=None, allow_overriding=[], cmake_args=None, cmake_target=None, cmake_target_skip_unavailable=False, cmake_clean_cache=False, cmake_clean_first=False, cmake_force_configure=False, ament_cmake_args=None, catkin_cmake_args=None, catkin_skip_building_tests=False, mixin_files=None, mixin=None, verb_parser=<colcon_mixin.mixin.mixin_argument.MixinArgumentDecorator object at 0xffff83fcecb0>, verb_extension=<colcon_core.verb.build.BuildVerb object at 0xffff840db940>, main=<bound method BuildVerb.main of <colcon_core.verb.build.BuildVerb object at 0xffff840db940>>, mixin_verb=('build',))
[1.875s] Level 1:colcon.colcon_core.package_discovery:discover_packages(colcon_meta) check parameters
[1.876s] Level 1:colcon.colcon_core.package_discovery:discover_packages(recursive) check parameters
[1.876s] Level 1:colcon.colcon_core.package_discovery:discover_packages(ignore) check parameters
[1.876s] Level 1:colcon.colcon_core.package_discovery:discover_packages(path) check parameters
[1.877s] Level 1:colcon.colcon_core.package_discovery:discover_packages(colcon_meta) discover
[1.877s] Level 1:colcon.colcon_core.package_discovery:discover_packages(recursive) discover
[1.877s] INFO:colcon.colcon_core.package_discovery:Crawling recursively for packages in '/home/jj/wearable-biosensors-ros2'
[1.878s] Level 1:colcon.colcon_core.package_identification:_identify(.) by extensions ['ignore', 'ignore_ament_install']
[1.879s] Level 1:colcon.colcon_core.package_identification:_identify(.) by extension 'ignore'
[1.879s] Level 1:colcon.colcon_core.package_identification:_identify(.) by extension 'ignore_ament_install'
[1.880s] Level 1:colcon.colcon_core.package_identification:_identify(.) by extensions ['colcon_pkg']
[1.880s] Level 1:colcon.colcon_core.package_identification:_identify(.) by extension 'colcon_pkg'
[1.880s] Level 1:colcon.colcon_core.package_identification:_identify(.) by extensions ['colcon_meta']
[1.880s] Level 1:colcon.colcon_core.package_identification:_identify(.) by extension 'colcon_meta'
[1.880s] Level 1:colcon.colcon_core.package_identification:_identify(.) by extensions ['ros']
[1.881s] Level 1:colcon.colcon_core.package_identification:_identify(.) by extension 'ros'
[1.947s] Level 1:colcon.colcon_core.package_identification:_identify(.) by extensions ['cmake', 'python']
[1.948s] Level 1:colcon.colcon_core.package_identification:_identify(.) by extension 'cmake'
[1.948s] Level 1:colcon.colcon_core.package_identification:_identify(.) by extension 'python'
[1.948s] Level 1:colcon.colcon_core.package_identification:_identify(.) by extensions ['python_setup_py']
[1.948s] Level 1:colcon.colcon_core.package_identification:_identify(.) by extension 'python_setup_py'
[1.949s] Level 1:colcon.colcon_core.package_identification:_identify(VitalLogs) by extensions ['ignore', 'ignore_ament_install']
[1.949s] Level 1:colcon.colcon_core.package_identification:_identify(VitalLogs) by extension 'ignore'
[1.950s] Level 1:colcon.colcon_core.package_identification:_identify(VitalLogs) by extension 'ignore_ament_install'
[1.950s] Level 1:colcon.colcon_core.package_identification:_identify(VitalLogs) by extensions ['colcon_pkg']
[1.950s] Level 1:colcon.colcon_core.package_identification:_identify(VitalLogs) by extension 'colcon_pkg'
[1.950s] Level 1:colcon.colcon_core.package_identification:_identify(VitalLogs) by extensions ['colcon_meta']
[1.951s] Level 1:colcon.colcon_core.package_identification:_identify(VitalLogs) by extension 'colcon_meta'
[1.951s] Level 1:colcon.colcon_core.package_identification:_identify(VitalLogs) by extensions ['ros']
[1.951s] Level 1:colcon.colcon_core.package_identification:_identify(VitalLogs) by extension 'ros'
[1.951s] Level 1:colcon.colcon_core.package_identification:_identify(VitalLogs) by extensions ['cmake', 'python']
[1.952s] Level 1:colcon.colcon_core.package_identification:_identify(VitalLogs) by extension 'cmake'
[1.952s] Level 1:colcon.colcon_core.package_identification:_identify(VitalLogs) by extension 'python'
[1.952s] Level 1:colcon.colcon_core.package_identification:_identify(VitalLogs) by extensions ['python_setup_py']
[1.952s] Level 1:colcon.colcon_core.package_identification:_identify(VitalLogs) by extension 'python_setup_py'
[1.953s] Level 1:colcon.colcon_core.package_identification:_identify(build) by extensions ['ignore', 'ignore_ament_install']
[1.953s] Level 1:colcon.colcon_core.package_identification:_identify(build) by extension 'ignore'
[1.954s] Level 1:colcon.colcon_core.package_identification:_identify(build) ignored
[1.954s] Level 1:colcon.colcon_core.package_identification:_identify(cdcl:humble-jammy-biosensors) by extensions ['ignore', 'ignore_ament_install']
[1.955s] Level 1:colcon.colcon_core.package_identification:_identify(cdcl:humble-jammy-biosensors) by extension 'ignore'
[1.955s] Level 1:colcon.colcon_core.package_identification:_identify(cdcl:humble-jammy-biosensors) by extension 'ignore_ament_install'
[1.955s] Level 1:colcon.colcon_core.package_identification:_identify(cdcl:humble-jammy-biosensors) by extensions ['colcon_pkg']
[1.956s] Level 1:colcon.colcon_core.package_identification:_identify(cdcl:humble-jammy-biosensors) by extension 'colcon_pkg'
[1.956s] Level 1:colcon.colcon_core.package_identification:_identify(cdcl:humble-jammy-biosensors) by extensions ['colcon_meta']
[1.956s] Level 1:colcon.colcon_core.package_identification:_identify(cdcl:humble-jammy-biosensors) by extension 'colcon_meta'
[1.956s] Level 1:colcon.colcon_core.package_identification:_identify(cdcl:humble-jammy-biosensors) by extensions ['ros']
[1.956s] Level 1:colcon.colcon_core.package_identification:_identify(cdcl:humble-jammy-biosensors) by extension 'ros'
[1.957s] Level 1:colcon.colcon_core.package_identification:_identify(cdcl:humble-jammy-biosensors) by extensions ['cmake', 'python']
[1.957s] Level 1:colcon.colcon_core.package_identification:_identify(cdcl:humble-jammy-biosensors) by extension 'cmake'
[1.957s] Level 1:colcon.colcon_core.package_identification:_identify(cdcl:humble-jammy-biosensors) by extension 'python'
[1.957s] Level 1:colcon.colcon_core.package_identification:_identify(cdcl:humble-jammy-biosensors) by extensions ['python_setup_py']
[1.957s] Level 1:colcon.colcon_core.package_identification:_identify(cdcl:humble-jammy-biosensors) by extension 'python_setup_py'
[1.958s] Level 1:colcon.colcon_core.package_identification:_identify(install) by extensions ['ignore', 'ignore_ament_install']
[1.959s] Level 1:colcon.colcon_core.package_identification:_identify(install) by extension 'ignore'
[1.959s] Level 1:colcon.colcon_core.package_identification:_identify(install) ignored
[1.960s] Level 1:colcon.colcon_core.package_identification:_identify(log) by extensions ['ignore', 'ignore_ament_install']
[1.960s] Level 1:colcon.colcon_core.package_identification:_identify(log) by extension 'ignore'
[1.960s] Level 1:colcon.colcon_core.package_identification:_identify(log) ignored
[1.961s] Level 1:colcon.colcon_core.package_identification:_identify(media) by extensions ['ignore', 'ignore_ament_install']
[1.961s] Level 1:colcon.colcon_core.package_identification:_identify(media) by extension 'ignore'
[1.961s] Level 1:colcon.colcon_core.package_identification:_identify(media) by extension 'ignore_ament_install'
[1.962s] Level 1:colcon.colcon_core.package_identification:_identify(media) by extensions ['colcon_pkg']
[1.962s] Level 1:colcon.colcon_core.package_identification:_identify(media) by extension 'colcon_pkg'
[1.962s] Level 1:colcon.colcon_core.package_identification:_identify(media) by extensions ['colcon_meta']
[1.962s] Level 1:colcon.colcon_core.package_identification:_identify(media) by extension 'colcon_meta'
[1.963s] Level 1:colcon.colcon_core.package_identification:_identify(media) by extensions ['ros']
[1.963s] Level 1:colcon.colcon_core.package_identification:_identify(media) by extension 'ros'
[1.963s] Level 1:colcon.colcon_core.package_identification:_identify(media) by extensions ['cmake', 'python']
[1.963s] Level 1:colcon.colcon_core.package_identification:_identify(media) by extension 'cmake'
[1.964s] Level 1:colcon.colcon_core.package_identification:_identify(media) by extension 'python'
[1.964s] Level 1:colcon.colcon_core.package_identification:_identify(media) by extensions ['python_setup_py']
[1.964s] Level 1:colcon.colcon_core.package_identification:_identify(media) by extension 'python_setup_py'
[1.965s] Level 1:colcon.colcon_core.package_identification:_identify(media/contributors) by extensions ['ignore', 'ignore_ament_install']
[1.965s] Level 1:colcon.colcon_core.package_identification:_identify(media/contributors) by extension 'ignore'
[1.966s] Level 1:colcon.colcon_core.package_identification:_identify(media/contributors) by extension 'ignore_ament_install'
[1.966s] Level 1:colcon.colcon_core.package_identification:_identify(media/contributors) by extensions ['colcon_pkg']
[1.966s] Level 1:colcon.colcon_core.package_identification:_identify(media/contributors) by extension 'colcon_pkg'
[1.966s] Level 1:colcon.colcon_core.package_identification:_identify(media/contributors) by extensions ['colcon_meta']
[1.966s] Level 1:colcon.colcon_core.package_identification:_identify(media/contributors) by extension 'colcon_meta'
[1.967s] Level 1:colcon.colcon_core.package_identification:_identify(media/contributors) by extensions ['ros']
[1.967s] Level 1:colcon.colcon_core.package_identification:_identify(media/contributors) by extension 'ros'
[1.967s] Level 1:colcon.colcon_core.package_identification:_identify(media/contributors) by extensions ['cmake', 'python']
[1.967s] Level 1:colcon.colcon_core.package_identification:_identify(media/contributors) by extension 'cmake'
[1.968s] Level 1:colcon.colcon_core.package_identification:_identify(media/contributors) by extension 'python'
[1.968s] Level 1:colcon.colcon_core.package_identification:_identify(media/contributors) by extensions ['python_setup_py']
[1.968s] Level 1:colcon.colcon_core.package_identification:_identify(media/contributors) by extension 'python_setup_py'
[1.969s] Level 1:colcon.colcon_core.package_identification:_identify(media/img) by extensions ['ignore', 'ignore_ament_install']
[1.969s] Level 1:colcon.colcon_core.package_identification:_identify(media/img) by extension 'ignore'
[1.970s] Level 1:colcon.colcon_core.package_identification:_identify(media/img) by extension 'ignore_ament_install'
[1.970s] Level 1:colcon.colcon_core.package_identification:_identify(media/img) by extensions ['colcon_pkg']
[1.970s] Level 1:colcon.colcon_core.package_identification:_identify(media/img) by extension 'colcon_pkg'
[1.970s] Level 1:colcon.colcon_core.package_identification:_identify(media/img) by extensions ['colcon_meta']
[1.970s] Level 1:colcon.colcon_core.package_identification:_identify(media/img) by extension 'colcon_meta'
[1.971s] Level 1:colcon.colcon_core.package_identification:_identify(media/img) by extensions ['ros']
[1.971s] Level 1:colcon.colcon_core.package_identification:_identify(media/img) by extension 'ros'
[1.971s] Level 1:colcon.colcon_core.package_identification:_identify(media/img) by extensions ['cmake', 'python']
[1.972s] Level 1:colcon.colcon_core.package_identification:_identify(media/img) by extension 'cmake'
[1.972s] Level 1:colcon.colcon_core.package_identification:_identify(media/img) by extension 'python'
[1.972s] Level 1:colcon.colcon_core.package_identification:_identify(media/img) by extensions ['python_setup_py']
[1.972s] Level 1:colcon.colcon_core.package_identification:_identify(media/img) by extension 'python_setup_py'
[1.973s] Level 1:colcon.colcon_core.package_identification:_identify(ros_bags) by extensions ['ignore', 'ignore_ament_install']
[1.973s] Level 1:colcon.colcon_core.package_identification:_identify(ros_bags) by extension 'ignore'
[1.973s] Level 1:colcon.colcon_core.package_identification:_identify(ros_bags) by extension 'ignore_ament_install'
[1.974s] Level 1:colcon.colcon_core.package_identification:_identify(ros_bags) by extensions ['colcon_pkg']
[1.974s] Level 1:colcon.colcon_core.package_identification:_identify(ros_bags) by extension 'colcon_pkg'
[1.974s] Level 1:colcon.colcon_core.package_identification:_identify(ros_bags) by extensions ['colcon_meta']
[1.974s] Level 1:colcon.colcon_core.package_identification:_identify(ros_bags) by extension 'colcon_meta'
[1.975s] Level 1:colcon.colcon_core.package_identification:_identify(ros_bags) by extensions ['ros']
[1.975s] Level 1:colcon.colcon_core.package_identification:_identify(ros_bags) by extension 'ros'
[1.976s] Level 1:colcon.colcon_core.package_identification:_identify(ros_bags) by extensions ['cmake', 'python']
[1.976s] Level 1:colcon.colcon_core.package_identification:_identify(ros_bags) by extension 'cmake'
[1.976s] Level 1:colcon.colcon_core.package_identification:_identify(ros_bags) by extension 'python'
[1.976s] Level 1:colcon.colcon_core.package_identification:_identify(ros_bags) by extensions ['python_setup_py']
[1.976s] Level 1:colcon.colcon_core.package_identification:_identify(ros_bags) by extension 'python_setup_py'
[1.977s] Level 1:colcon.colcon_core.package_identification:_identify(ros_bags/rosbag2_2024_07_02-13_04_00) by extensions ['ignore', 'ignore_ament_install']
[1.977s] Level 1:colcon.colcon_core.package_identification:_identify(ros_bags/rosbag2_2024_07_02-13_04_00) by extension 'ignore'
[1.978s] Level 1:colcon.colcon_core.package_identification:_identify(ros_bags/rosbag2_2024_07_02-13_04_00) by extension 'ignore_ament_install'
[1.978s] Level 1:colcon.colcon_core.package_identification:_identify(ros_bags/rosbag2_2024_07_02-13_04_00) by extensions ['colcon_pkg']
[1.978s] Level 1:colcon.colcon_core.package_identification:_identify(ros_bags/rosbag2_2024_07_02-13_04_00) by extension 'colcon_pkg'
[1.978s] Level 1:colcon.colcon_core.package_identification:_identify(ros_bags/rosbag2_2024_07_02-13_04_00) by extensions ['colcon_meta']
[1.978s] Level 1:colcon.colcon_core.package_identification:_identify(ros_bags/rosbag2_2024_07_02-13_04_00) by extension 'colcon_meta'
[1.979s] Level 1:colcon.colcon_core.package_identification:_identify(ros_bags/rosbag2_2024_07_02-13_04_00) by extensions ['ros']
[1.979s] Level 1:colcon.colcon_core.package_identification:_identify(ros_bags/rosbag2_2024_07_02-13_04_00) by extension 'ros'
[1.980s] Level 1:colcon.colcon_core.package_identification:_identify(ros_bags/rosbag2_2024_07_02-13_04_00) by extensions ['cmake', 'python']
[1.980s] Level 1:colcon.colcon_core.package_identification:_identify(ros_bags/rosbag2_2024_07_02-13_04_00) by extension 'cmake'
[1.980s] Level 1:colcon.colcon_core.package_identification:_identify(ros_bags/rosbag2_2024_07_02-13_04_00) by extension 'python'
[1.981s] Level 1:colcon.colcon_core.package_identification:_identify(ros_bags/rosbag2_2024_07_02-13_04_00) by extensions ['python_setup_py']
[1.981s] Level 1:colcon.colcon_core.package_identification:_identify(ros_bags/rosbag2_2024_07_02-13_04_00) by extension 'python_setup_py'
[1.982s] Level 1:colcon.colcon_core.package_identification:_identify(ros_bags/rosbag2_2024_07_02-16_24_42) by extensions ['ignore', 'ignore_ament_install']
[1.983s] Level 1:colcon.colcon_core.package_identification:_identify(ros_bags/rosbag2_2024_07_02-16_24_42) by extension 'ignore'
[1.983s] Level 1:colcon.colcon_core.package_identification:_identify(ros_bags/rosbag2_2024_07_02-16_24_42) by extension 'ignore_ament_install'
[1.983s] Level 1:colcon.colcon_core.package_identification:_identify(ros_bags/rosbag2_2024_07_02-16_24_42) by extensions ['colcon_pkg']
[1.984s] Level 1:colcon.colcon_core.package_identification:_identify(ros_bags/rosbag2_2024_07_02-16_24_42) by extension 'colcon_pkg'
[1.984s] Level 1:colcon.colcon_core.package_identification:_identify(ros_bags/rosbag2_2024_07_02-16_24_42) by extensions ['colcon_meta']
[1.984s] Level 1:colcon.colcon_core.package_identification:_identify(ros_bags/rosbag2_2024_07_02-16_24_42) by extension 'colcon_meta'
[1.984s] Level 1:colcon.colcon_core.package_identification:_identify(ros_bags/rosbag2_2024_07_02-16_24_42) by extensions ['ros']
[1.984s] Level 1:colcon.colcon_core.package_identification:_identify(ros_bags/rosbag2_2024_07_02-16_24_42) by extension 'ros'
[1.985s] Level 1:colcon.colcon_core.package_identification:_identify(ros_bags/rosbag2_2024_07_02-16_24_42) by extensions ['cmake', 'python']
[1.985s] Level 1:colcon.colcon_core.package_identification:_identify(ros_bags/rosbag2_2024_07_02-16_24_42) by extension 'cmake'
[1.985s] Level 1:colcon.colcon_core.package_identification:_identify(ros_bags/rosbag2_2024_07_02-16_24_42) by extension 'python'
[1.986s] Level 1:colcon.colcon_core.package_identification:_identify(ros_bags/rosbag2_2024_07_02-16_24_42) by extensions ['python_setup_py']
[1.986s] Level 1:colcon.colcon_core.package_identification:_identify(ros_bags/rosbag2_2024_07_02-16_24_42) by extension 'python_setup_py'
[1.987s] Level 1:colcon.colcon_core.package_identification:_identify(ros_bags/rosbag2_2024_07_02-20_10_26) by extensions ['ignore', 'ignore_ament_install']
[1.988s] Level 1:colcon.colcon_core.package_identification:_identify(ros_bags/rosbag2_2024_07_02-20_10_26) by extension 'ignore'
[1.988s] Level 1:colcon.colcon_core.package_identification:_identify(ros_bags/rosbag2_2024_07_02-20_10_26) by extension 'ignore_ament_install'
[1.989s] Level 1:colcon.colcon_core.package_identification:_identify(ros_bags/rosbag2_2024_07_02-20_10_26) by extensions ['colcon_pkg']
[1.989s] Level 1:colcon.colcon_core.package_identification:_identify(ros_bags/rosbag2_2024_07_02-20_10_26) by extension 'colcon_pkg'
[1.989s] Level 1:colcon.colcon_core.package_identification:_identify(ros_bags/rosbag2_2024_07_02-20_10_26) by extensions ['colcon_meta']
[1.989s] Level 1:colcon.colcon_core.package_identification:_identify(ros_bags/rosbag2_2024_07_02-20_10_26) by extension 'colcon_meta'
[1.990s] Level 1:colcon.colcon_core.package_identification:_identify(ros_bags/rosbag2_2024_07_02-20_10_26) by extensions ['ros']
[1.990s] Level 1:colcon.colcon_core.package_identification:_identify(ros_bags/rosbag2_2024_07_02-20_10_26) by extension 'ros'
[1.990s] Level 1:colcon.colcon_core.package_identification:_identify(ros_bags/rosbag2_2024_07_02-20_10_26) by extensions ['cmake', 'python']
[1.990s] Level 1:colcon.colcon_core.package_identification:_identify(ros_bags/rosbag2_2024_07_02-20_10_26) by extension 'cmake'
[1.991s] Level 1:colcon.colcon_core.package_identification:_identify(ros_bags/rosbag2_2024_07_02-20_10_26) by extension 'python'
[1.991s] Level 1:colcon.colcon_core.package_identification:_identify(ros_bags/rosbag2_2024_07_02-20_10_26) by extensions ['python_setup_py']
[1.991s] Level 1:colcon.colcon_core.package_identification:_identify(ros_bags/rosbag2_2024_07_02-20_10_26) by extension 'python_setup_py'
[1.992s] Level 1:colcon.colcon_core.package_identification:_identify(src) by extensions ['ignore', 'ignore_ament_install']
[1.992s] Level 1:colcon.colcon_core.package_identification:_identify(src) by extension 'ignore'
[1.992s] Level 1:colcon.colcon_core.package_identification:_identify(src) by extension 'ignore_ament_install'
[1.993s] Level 1:colcon.colcon_core.package_identification:_identify(src) by extensions ['colcon_pkg']
[1.993s] Level 1:colcon.colcon_core.package_identification:_identify(src) by extension 'colcon_pkg'
[1.993s] Level 1:colcon.colcon_core.package_identification:_identify(src) by extensions ['colcon_meta']
[1.993s] Level 1:colcon.colcon_core.package_identification:_identify(src) by extension 'colcon_meta'
[1.993s] Level 1:colcon.colcon_core.package_identification:_identify(src) by extensions ['ros']
[1.994s] Level 1:colcon.colcon_core.package_identification:_identify(src) by extension 'ros'
[1.994s] Level 1:colcon.colcon_core.package_identification:_identify(src) by extensions ['cmake', 'python']
[1.994s] Level 1:colcon.colcon_core.package_identification:_identify(src) by extension 'cmake'
[1.994s] Level 1:colcon.colcon_core.package_identification:_identify(src) by extension 'python'
[1.995s] Level 1:colcon.colcon_core.package_identification:_identify(src) by extensions ['python_setup_py']
[1.995s] Level 1:colcon.colcon_core.package_identification:_identify(src) by extension 'python_setup_py'
[1.995s] Level 1:colcon.colcon_core.package_identification:_identify(src/cdcl_umd_msgs) by extensions ['ignore', 'ignore_ament_install']
[1.996s] Level 1:colcon.colcon_core.package_identification:_identify(src/cdcl_umd_msgs) by extension 'ignore'
[1.996s] Level 1:colcon.colcon_core.package_identification:_identify(src/cdcl_umd_msgs) by extension 'ignore_ament_install'
[1.996s] Level 1:colcon.colcon_core.package_identification:_identify(src/cdcl_umd_msgs) by extensions ['colcon_pkg']
[1.997s] Level 1:colcon.colcon_core.package_identification:_identify(src/cdcl_umd_msgs) by extension 'colcon_pkg'
[1.997s] Level 1:colcon.colcon_core.package_identification:_identify(src/cdcl_umd_msgs) by extensions ['colcon_meta']
[1.997s] Level 1:colcon.colcon_core.package_identification:_identify(src/cdcl_umd_msgs) by extension 'colcon_meta'
[1.997s] Level 1:colcon.colcon_core.package_identification:_identify(src/cdcl_umd_msgs) by extensions ['ros']
[1.997s] Level 1:colcon.colcon_core.package_identification:_identify(src/cdcl_umd_msgs) by extension 'ros'
[2.007s] DEBUG:colcon.colcon_core.package_identification:Package 'src/cdcl_umd_msgs' with type 'ros.ament_cmake' and name 'cdcl_umd_msgs'
[2.008s] Level 1:colcon.colcon_core.package_identification:_identify(src/empatica_e4) by extensions ['ignore', 'ignore_ament_install']
[2.009s] Level 1:colcon.colcon_core.package_identification:_identify(src/empatica_e4) by extension 'ignore'
[2.010s] Level 1:colcon.colcon_core.package_identification:_identify(src/empatica_e4) by extension 'ignore_ament_install'
[2.010s] Level 1:colcon.colcon_core.package_identification:_identify(src/empatica_e4) by extensions ['colcon_pkg']
[2.010s] Level 1:colcon.colcon_core.package_identification:_identify(src/empatica_e4) by extension 'colcon_pkg'
[2.011s] Level 1:colcon.colcon_core.package_identification:_identify(src/empatica_e4) by extensions ['colcon_meta']
[2.011s] Level 1:colcon.colcon_core.package_identification:_identify(src/empatica_e4) by extension 'colcon_meta'
[2.012s] Level 1:colcon.colcon_core.package_identification:_identify(src/empatica_e4) by extensions ['ros']
[2.012s] Level 1:colcon.colcon_core.package_identification:_identify(src/empatica_e4) by extension 'ros'
[2.015s] DEBUG:colcon.colcon_core.package_identification:Package 'src/empatica_e4' with type 'ros.ament_python' and name 'empatica_e4'
[2.016s] Level 1:colcon.colcon_core.package_identification:_identify(src/manager) by extensions ['ignore', 'ignore_ament_install']
[2.016s] Level 1:colcon.colcon_core.package_identification:_identify(src/manager) by extension 'ignore'
[2.016s] Level 1:colcon.colcon_core.package_identification:_identify(src/manager) by extension 'ignore_ament_install'
[2.017s] Level 1:colcon.colcon_core.package_identification:_identify(src/manager) by extensions ['colcon_pkg']
[2.017s] Level 1:colcon.colcon_core.package_identification:_identify(src/manager) by extension 'colcon_pkg'
[2.017s] Level 1:colcon.colcon_core.package_identification:_identify(src/manager) by extensions ['colcon_meta']
[2.017s] Level 1:colcon.colcon_core.package_identification:_identify(src/manager) by extension 'colcon_meta'
[2.017s] Level 1:colcon.colcon_core.package_identification:_identify(src/manager) by extensions ['ros']
[2.018s] Level 1:colcon.colcon_core.package_identification:_identify(src/manager) by extension 'ros'
[2.022s] DEBUG:colcon.colcon_core.package_identification:Package 'src/manager' with type 'ros.ament_cmake' and name 'manager'
[2.022s] Level 1:colcon.colcon_core.package_identification:_identify(src/polar_h10) by extensions ['ignore', 'ignore_ament_install']
[2.023s] Level 1:colcon.colcon_core.package_identification:_identify(src/polar_h10) by extension 'ignore'
[2.023s] Level 1:colcon.colcon_core.package_identification:_identify(src/polar_h10) by extension 'ignore_ament_install'
[2.024s] Level 1:colcon.colcon_core.package_identification:_identify(src/polar_h10) by extensions ['colcon_pkg']
[2.024s] Level 1:colcon.colcon_core.package_identification:_identify(src/polar_h10) by extension 'colcon_pkg'
[2.024s] Level 1:colcon.colcon_core.package_identification:_identify(src/polar_h10) by extensions ['colcon_meta']
[2.024s] Level 1:colcon.colcon_core.package_identification:_identify(src/polar_h10) by extension 'colcon_meta'
[2.024s] Level 1:colcon.colcon_core.package_identification:_identify(src/polar_h10) by extensions ['ros']
[2.025s] Level 1:colcon.colcon_core.package_identification:_identify(src/polar_h10) by extension 'ros'
[2.027s] DEBUG:colcon.colcon_core.package_identification:Package 'src/polar_h10' with type 'ros.ament_python' and name 'polar_h10'
[2.028s] Level 1:colcon.colcon_core.package_identification:_identify(src/shimmer3_gsr_unit) by extensions ['ignore', 'ignore_ament_install']
[2.028s] Level 1:colcon.colcon_core.package_identification:_identify(src/shimmer3_gsr_unit) by extension 'ignore'
[2.029s] Level 1:colcon.colcon_core.package_identification:_identify(src/shimmer3_gsr_unit) by extension 'ignore_ament_install'
[2.030s] Level 1:colcon.colcon_core.package_identification:_identify(src/shimmer3_gsr_unit) by extensions ['colcon_pkg']
[2.031s] Level 1:colcon.colcon_core.package_identification:_identify(src/shimmer3_gsr_unit) by extension 'colcon_pkg'
[2.032s] Level 1:colcon.colcon_core.package_identification:_identify(src/shimmer3_gsr_unit) by extensions ['colcon_meta']
[2.032s] Level 1:colcon.colcon_core.package_identification:_identify(src/shimmer3_gsr_unit) by extension 'colcon_meta'
[2.033s] Level 1:colcon.colcon_core.package_identification:_identify(src/shimmer3_gsr_unit) by extensions ['ros']
[2.033s] Level 1:colcon.colcon_core.package_identification:_identify(src/shimmer3_gsr_unit) by extension 'ros'
[2.037s] DEBUG:colcon.colcon_core.package_identification:Package 'src/shimmer3_gsr_unit' with type 'ros.ament_python' and name 'shimmer3_gsr_unit'
[2.038s] Level 1:colcon.colcon_core.package_identification:_identify(src/vernier_respiration_belt) by extensions ['ignore', 'ignore_ament_install']
[2.038s] Level 1:colcon.colcon_core.package_identification:_identify(src/vernier_respiration_belt) by extension 'ignore'
[2.039s] Level 1:colcon.colcon_core.package_identification:_identify(src/vernier_respiration_belt) by extension 'ignore_ament_install'
[2.039s] Level 1:colcon.colcon_core.package_identification:_identify(src/vernier_respiration_belt) by extensions ['colcon_pkg']
[2.040s] Level 1:colcon.colcon_core.package_identification:_identify(src/vernier_respiration_belt) by extension 'colcon_pkg'
[2.040s] Level 1:colcon.colcon_core.package_identification:_identify(src/vernier_respiration_belt) by extensions ['colcon_meta']
[2.040s] Level 1:colcon.colcon_core.package_identification:_identify(src/vernier_respiration_belt) by extension 'colcon_meta'
[2.040s] Level 1:colcon.colcon_core.package_identification:_identify(src/vernier_respiration_belt) by extensions ['ros']
[2.040s] Level 1:colcon.colcon_core.package_identification:_identify(src/vernier_respiration_belt) by extension 'ros'
[2.043s] DEBUG:colcon.colcon_core.package_identification:Package 'src/vernier_respiration_belt' with type 'ros.ament_python' and name 'vernier_respiration_belt'
[2.043s] Level 1:colcon.colcon_core.package_discovery:discover_packages(recursive) using defaults
[2.043s] Level 1:colcon.colcon_core.package_discovery:discover_packages(ignore) discover
[2.044s] Level 1:colcon.colcon_core.package_discovery:discover_packages(ignore) using defaults
[2.044s] Level 1:colcon.colcon_core.package_discovery:discover_packages(path) discover
[2.044s] Level 1:colcon.colcon_core.package_discovery:discover_packages(path) using defaults
[2.198s] INFO:colcon.colcon_core.package_selection:Skipping not selected package 'cdcl_umd_msgs' in 'src/cdcl_umd_msgs'
[2.198s] INFO:colcon.colcon_core.package_selection:Skipping not selected package 'empatica_e4' in 'src/empatica_e4'
[2.198s] INFO:colcon.colcon_core.package_selection:Skipping not selected package 'shimmer3_gsr_unit' in 'src/shimmer3_gsr_unit'
[2.199s] INFO:colcon.colcon_core.package_selection:Skipping not selected package 'polar_h10' in 'src/polar_h10'
[2.199s] INFO:colcon.colcon_core.package_selection:Skipping not selected package 'vernier_respiration_belt' in 'src/vernier_respiration_belt'
[2.201s] Level 1:colcon.colcon_core.package_discovery:discover_packages(prefix_path) check parameters
[2.201s] Level 1:colcon.colcon_core.package_discovery:discover_packages(prefix_path) discover
[2.214s] DEBUG:colcon.colcon_installed_package_information.package_discovery:Found 7 installed packages in /home/jj/wearable-biosensors-ros2/install
[2.225s] DEBUG:colcon.colcon_installed_package_information.package_discovery:Found 270 installed packages in /opt/ros/humble
[2.233s] Level 1:colcon.colcon_core.package_discovery:discover_packages(prefix_path) using defaults
[2.445s] Level 5:colcon.colcon_core.verb:set package 'manager' build argument 'cmake_args' from command line to 'None'
[2.445s] Level 5:colcon.colcon_core.verb:set package 'manager' build argument 'cmake_target' from command line to 'None'
[2.445s] Level 5:colcon.colcon_core.verb:set package 'manager' build argument 'cmake_target_skip_unavailable' from command line to 'False'
[2.445s] Level 5:colcon.colcon_core.verb:set package 'manager' build argument 'cmake_clean_cache' from command line to 'False'
[2.446s] Level 5:colcon.colcon_core.verb:set package 'manager' build argument 'cmake_clean_first' from command line to 'False'
[2.446s] Level 5:colcon.colcon_core.verb:set package 'manager' build argument 'cmake_force_configure' from command line to 'False'
[2.446s] Level 5:colcon.colcon_core.verb:set package 'manager' build argument 'ament_cmake_args' from command line to 'None'
[2.446s] Level 5:colcon.colcon_core.verb:set package 'manager' build argument 'catkin_cmake_args' from command line to 'None'
[2.446s] Level 5:colcon.colcon_core.verb:set package 'manager' build argument 'catkin_skip_building_tests' from command line to 'False'
[2.446s] DEBUG:colcon.colcon_core.verb:Building package 'manager' with the following arguments: {'ament_cmake_args': None, 'build_base': '/home/jj/wearable-biosensors-ros2/build/manager', 'catkin_cmake_args': None, 'catkin_skip_building_tests': False, 'cmake_args': None, 'cmake_clean_cache': False, 'cmake_clean_first': False, 'cmake_force_configure': False, 'cmake_target': None, 'cmake_target_skip_unavailable': False, 'install_base': '/home/jj/wearable-biosensors-ros2/install/manager', 'merge_install': False, 'path': '/home/jj/wearable-biosensors-ros2/src/manager', 'symlink_install': False, 'test_result_base': None}
[2.447s] INFO:colcon.colcon_core.executor:Executing jobs using 'parallel' executor
[2.451s] DEBUG:colcon.colcon_parallel_executor.executor.parallel:run_until_complete
[2.452s] INFO:colcon.colcon_ros.task.ament_cmake.build:Building ROS package in '/home/jj/wearable-biosensors-ros2/src/manager' with build type 'ament_cmake'
[2.453s] INFO:colcon.colcon_cmake.task.cmake.build:Building CMake package in '/home/jj/wearable-biosensors-ros2/src/manager'
[2.469s] INFO:colcon.colcon_core.plugin_system:Skipping extension 'colcon_core.shell.bat': Not used on non-Windows systems
[2.470s] INFO:colcon.colcon_core.shell:Skip shell extension 'powershell' for command environment: Not usable outside of PowerShell
[2.470s] DEBUG:colcon.colcon_core.shell:Skip shell extension 'dsv' for command environment
[2.550s] DEBUG:colcon.colcon_core.event_handler.log_command:Invoking command in '/home/jj/wearable-biosensors-ros2/build/manager': AMENT_PREFIX_PATH=/home/jj/wearable-biosensors-ros2/install/vernier_respiration_belt:/home/jj/wearable-biosensors-ros2/install/polar_h10:/home/jj/wearable-biosensors-ros2/install/manager:/home/jj/wearable-biosensors-ros2/install/shimmer3_gsr_unit:/home/jj/wearable-biosensors-ros2/install/empatica_e4:/home/jj/wearable-biosensors-ros2/install/emotiv_insight:/home/jj/wearable-biosensors-ros2/install/cdcl_umd_msgs:/opt/ros/humble CMAKE_PREFIX_PATH=/home/jj/wearable-biosensors-ros2/install/cdcl_umd_msgs:/home/jj/wearable-biosensors-ros2/install/manager:/home/jj/wearable-biosensors-ros2/install/vernier_respiration_belt:/home/jj/wearable-biosensors-ros2/install/shimmer3_gsr_unit:/home/jj/wearable-biosensors-ros2/install/polar_h10:/home/jj/wearable-biosensors-ros2/install/empatica_e4:/home/jj/wearable-biosensors-ros2/install/emotiv_insight:/opt/ros/humble PYTHONPATH=/home/jj/wearable-biosensors-ros2/install/vernier_respiration_belt/lib/python3.10/site-packages:/home/jj/wearable-biosensors-ros2/install/polar_h10/lib/python3.10/site-packages:/home/jj/wearable-biosensors-ros2/install/manager/local/lib/python3.10/dist-packages:/home/jj/wearable-biosensors-ros2/build/shimmer3_gsr_unit:/home/jj/wearable-biosensors-ros2/install/shimmer3_gsr_unit/lib/python3.10/site-packages:/home/jj/wearable-biosensors-ros2/build/empatica_e4:/home/jj/wearable-biosensors-ros2/install/empatica_e4/lib/python3.10/site-packages:/home/jj/wearable-biosensors-ros2/build/emotiv_insight:/home/jj/wearable-biosensors-ros2/install/emotiv_insight/lib/python3.10/site-packages:/home/jj/wearable-biosensors-ros2/install/cdcl_umd_msgs/local/lib/python3.10/dist-packages:/opt/ros/humble/lib/python3.10/site-packages:/opt/ros/humble/local/lib/python3.10/dist-packages /usr/bin/cmake --build /home/jj/wearable-biosensors-ros2/build/manager -- -j4 -l4
[4.692s] DEBUG:colcon.colcon_core.event_handler.log_command:Invoked command in '/home/jj/wearable-biosensors-ros2/build/manager' returned '0': AMENT_PREFIX_PATH=/home/jj/wearable-biosensors-ros2/install/vernier_respiration_belt:/home/jj/wearable-biosensors-ros2/install/polar_h10:/home/jj/wearable-biosensors-ros2/install/manager:/home/jj/wearable-biosensors-ros2/install/shimmer3_gsr_unit:/home/jj/wearable-biosensors-ros2/install/empatica_e4:/home/jj/wearable-biosensors-ros2/install/emotiv_insight:/home/jj/wearable-biosensors-ros2/install/cdcl_umd_msgs:/opt/ros/humble CMAKE_PREFIX_PATH=/home/jj/wearable-biosensors-ros2/install/cdcl_umd_msgs:/home/jj/wearable-biosensors-ros2/install/manager:/home/jj/wearable-biosensors-ros2/install/vernier_respiration_belt:/home/jj/wearable-biosensors-ros2/install/shimmer3_gsr_unit:/home/jj/wearable-biosensors-ros2/install/polar_h10:/home/jj/wearable-biosensors-ros2/install/empatica_e4:/home/jj/wearable-biosensors-ros2/install/emotiv_insight:/opt/ros/humble PYTHONPATH=/home/jj/wearable-biosensors-ros2/install/vernier_respiration_belt/lib/python3.10/site-packages:/home/jj/wearable-biosensors-ros2/install/polar_h10/lib/python3.10/site-packages:/home/jj/wearable-biosensors-ros2/install/manager/local/lib/python3.10/dist-packages:/home/jj/wearable-biosensors-ros2/build/shimmer3_gsr_unit:/home/jj/wearable-biosensors-ros2/install/shimmer3_gsr_unit/lib/python3.10/site-packages:/home/jj/wearable-biosensors-ros2/build/empatica_e4:/home/jj/wearable-biosensors-ros2/install/empatica_e4/lib/python3.10/site-packages:/home/jj/wearable-biosensors-ros2/build/emotiv_insight:/home/jj/wearable-biosensors-ros2/install/emotiv_insight/lib/python3.10/site-packages:/home/jj/wearable-biosensors-ros2/install/cdcl_umd_msgs/local/lib/python3.10/dist-packages:/opt/ros/humble/lib/python3.10/site-packages:/opt/ros/humble/local/lib/python3.10/dist-packages /usr/bin/cmake --build /home/jj/wearable-biosensors-ros2/build/manager -- -j4 -l4
[4.896s] DEBUG:colcon.colcon_core.event_handler.log_command:Invoking command in '/home/jj/wearable-biosensors-ros2/build/manager': AMENT_PREFIX_PATH=/home/jj/wearable-biosensors-ros2/install/vernier_respiration_belt:/home/jj/wearable-biosensors-ros2/install/polar_h10:/home/jj/wearable-biosensors-ros2/install/manager:/home/jj/wearable-biosensors-ros2/install/shimmer3_gsr_unit:/home/jj/wearable-biosensors-ros2/install/empatica_e4:/home/jj/wearable-biosensors-ros2/install/emotiv_insight:/home/jj/wearable-biosensors-ros2/install/cdcl_umd_msgs:/opt/ros/humble CMAKE_PREFIX_PATH=/home/jj/wearable-biosensors-ros2/install/cdcl_umd_msgs:/home/jj/wearable-biosensors-ros2/install/manager:/home/jj/wearable-biosensors-ros2/install/vernier_respiration_belt:/home/jj/wearable-biosensors-ros2/install/shimmer3_gsr_unit:/home/jj/wearable-biosensors-ros2/install/polar_h10:/home/jj/wearable-biosensors-ros2/install/empatica_e4:/home/jj/wearable-biosensors-ros2/install/emotiv_insight:/opt/ros/humble PYTHONPATH=/home/jj/wearable-biosensors-ros2/install/vernier_respiration_belt/lib/python3.10/site-packages:/home/jj/wearable-biosensors-ros2/install/polar_h10/lib/python3.10/site-packages:/home/jj/wearable-biosensors-ros2/install/manager/local/lib/python3.10/dist-packages:/home/jj/wearable-biosensors-ros2/build/shimmer3_gsr_unit:/home/jj/wearable-biosensors-ros2/install/shimmer3_gsr_unit/lib/python3.10/site-packages:/home/jj/wearable-biosensors-ros2/build/empatica_e4:/home/jj/wearable-biosensors-ros2/install/empatica_e4/lib/python3.10/site-packages:/home/jj/wearable-biosensors-ros2/build/emotiv_insight:/home/jj/wearable-biosensors-ros2/install/emotiv_insight/lib/python3.10/site-packages:/home/jj/wearable-biosensors-ros2/install/cdcl_umd_msgs/local/lib/python3.10/dist-packages:/opt/ros/humble/lib/python3.10/site-packages:/opt/ros/humble/local/lib/python3.10/dist-packages /usr/bin/cmake --install /home/jj/wearable-biosensors-ros2/build/manager
[5.231s] Level 1:colcon.colcon_core.environment:create_environment_scripts_only(manager)
[5.233s] DEBUG:colcon.colcon_core.event_handler.log_command:Invoked command in '/home/jj/wearable-biosensors-ros2/build/manager' returned '0': AMENT_PREFIX_PATH=/home/jj/wearable-biosensors-ros2/install/vernier_respiration_belt:/home/jj/wearable-biosensors-ros2/install/polar_h10:/home/jj/wearable-biosensors-ros2/install/manager:/home/jj/wearable-biosensors-ros2/install/shimmer3_gsr_unit:/home/jj/wearable-biosensors-ros2/install/empatica_e4:/home/jj/wearable-biosensors-ros2/install/emotiv_insight:/home/jj/wearable-biosensors-ros2/install/cdcl_umd_msgs:/opt/ros/humble CMAKE_PREFIX_PATH=/home/jj/wearable-biosensors-ros2/install/cdcl_umd_msgs:/home/jj/wearable-biosensors-ros2/install/manager:/home/jj/wearable-biosensors-ros2/install/vernier_respiration_belt:/home/jj/wearable-biosensors-ros2/install/shimmer3_gsr_unit:/home/jj/wearable-biosensors-ros2/install/polar_h10:/home/jj/wearable-biosensors-ros2/install/empatica_e4:/home/jj/wearable-biosensors-ros2/install/emotiv_insight:/opt/ros/humble PYTHONPATH=/home/jj/wearable-biosensors-ros2/install/vernier_respiration_belt/lib/python3.10/site-packages:/home/jj/wearable-biosensors-ros2/install/polar_h10/lib/python3.10/site-packages:/home/jj/wearable-biosensors-ros2/install/manager/local/lib/python3.10/dist-packages:/home/jj/wearable-biosensors-ros2/build/shimmer3_gsr_unit:/home/jj/wearable-biosensors-ros2/install/shimmer3_gsr_unit/lib/python3.10/site-packages:/home/jj/wearable-biosensors-ros2/build/empatica_e4:/home/jj/wearable-biosensors-ros2/install/empatica_e4/lib/python3.10/site-packages:/home/jj/wearable-biosensors-ros2/build/emotiv_insight:/home/jj/wearable-biosensors-ros2/install/emotiv_insight/lib/python3.10/site-packages:/home/jj/wearable-biosensors-ros2/install/cdcl_umd_msgs/local/lib/python3.10/dist-packages:/opt/ros/humble/lib/python3.10/site-packages:/opt/ros/humble/local/lib/python3.10/dist-packages /usr/bin/cmake --install /home/jj/wearable-biosensors-ros2/build/manager
[5.249s] Level 1:colcon.colcon_core.environment:checking '/home/jj/wearable-biosensors-ros2/install/manager' for CMake module files
[5.252s] Level 1:colcon.colcon_core.environment:checking '/home/jj/wearable-biosensors-ros2/install/manager' for CMake config files
[5.255s] Level 1:colcon.colcon_core.shell:create_environment_hook('manager', 'cmake_prefix_path')
[5.256s] INFO:colcon.colcon_core.shell:Creating environment hook '/home/jj/wearable-biosensors-ros2/install/manager/share/manager/hook/cmake_prefix_path.ps1'
[5.259s] INFO:colcon.colcon_core.shell:Creating environment descriptor '/home/jj/wearable-biosensors-ros2/install/manager/share/manager/hook/cmake_prefix_path.dsv'
[5.262s] INFO:colcon.colcon_core.shell:Creating environment hook '/home/jj/wearable-biosensors-ros2/install/manager/share/manager/hook/cmake_prefix_path.sh'
[5.267s] Level 1:colcon.colcon_core.environment:checking '/home/jj/wearable-biosensors-ros2/install/manager/lib'
[5.268s] Level 1:colcon.colcon_core.environment:checking '/home/jj/wearable-biosensors-ros2/install/manager/bin'
[5.268s] Level 1:colcon.colcon_core.environment:checking '/home/jj/wearable-biosensors-ros2/install/manager/lib/pkgconfig/manager.pc'
[5.269s] Level 1:colcon.colcon_core.environment:checking '/home/jj/wearable-biosensors-ros2/install/manager/lib/python3.10/site-packages'
[5.271s] Level 1:colcon.colcon_core.environment:checking '/home/jj/wearable-biosensors-ros2/install/manager/bin'
[5.272s] INFO:colcon.colcon_core.shell:Creating package script '/home/jj/wearable-biosensors-ros2/install/manager/share/manager/package.ps1'
[5.277s] INFO:colcon.colcon_core.shell:Creating package descriptor '/home/jj/wearable-biosensors-ros2/install/manager/share/manager/package.dsv'
[5.280s] INFO:colcon.colcon_core.shell:Creating package script '/home/jj/wearable-biosensors-ros2/install/manager/share/manager/package.sh'
[5.284s] INFO:colcon.colcon_core.shell:Creating package script '/home/jj/wearable-biosensors-ros2/install/manager/share/manager/package.bash'
[5.288s] INFO:colcon.colcon_core.shell:Creating package script '/home/jj/wearable-biosensors-ros2/install/manager/share/manager/package.zsh'
[5.292s] Level 1:colcon.colcon_core.environment:create_file_with_runtime_dependencies(/home/jj/wearable-biosensors-ros2/install/manager/share/colcon-core/packages/manager)
[5.445s] Level 1:colcon.colcon_core.environment:create_environment_scripts_only(manager)
[5.447s] Level 1:colcon.colcon_core.environment:checking '/home/jj/wearable-biosensors-ros2/install/manager' for CMake module files
[5.450s] Level 1:colcon.colcon_core.environment:checking '/home/jj/wearable-biosensors-ros2/install/manager' for CMake config files
[5.453s] Level 1:colcon.colcon_core.shell:create_environment_hook('manager', 'cmake_prefix_path')
[5.455s] INFO:colcon.colcon_core.shell:Creating environment hook '/home/jj/wearable-biosensors-ros2/install/manager/share/manager/hook/cmake_prefix_path.ps1'
[5.457s] INFO:colcon.colcon_core.shell:Creating environment descriptor '/home/jj/wearable-biosensors-ros2/install/manager/share/manager/hook/cmake_prefix_path.dsv'
[5.460s] INFO:colcon.colcon_core.shell:Creating environment hook '/home/jj/wearable-biosensors-ros2/install/manager/share/manager/hook/cmake_prefix_path.sh'
[5.462s] Level 1:colcon.colcon_core.environment:checking '/home/jj/wearable-biosensors-ros2/install/manager/lib'
[5.463s] Level 1:colcon.colcon_core.environment:checking '/home/jj/wearable-biosensors-ros2/install/manager/bin'
[5.463s] Level 1:colcon.colcon_core.environment:checking '/home/jj/wearable-biosensors-ros2/install/manager/lib/pkgconfig/manager.pc'
[5.465s] Level 1:colcon.colcon_core.environment:checking '/home/jj/wearable-biosensors-ros2/install/manager/lib/python3.10/site-packages'
[5.466s] Level 1:colcon.colcon_core.environment:checking '/home/jj/wearable-biosensors-ros2/install/manager/bin'
[5.467s] INFO:colcon.colcon_core.shell:Creating package script '/home/jj/wearable-biosensors-ros2/install/manager/share/manager/package.ps1'
[5.470s] INFO:colcon.colcon_core.shell:Creating package descriptor '/home/jj/wearable-biosensors-ros2/install/manager/share/manager/package.dsv'
[5.472s] INFO:colcon.colcon_core.shell:Creating package script '/home/jj/wearable-biosensors-ros2/install/manager/share/manager/package.sh'
[5.474s] INFO:colcon.colcon_core.shell:Creating package script '/home/jj/wearable-biosensors-ros2/install/manager/share/manager/package.bash'
[5.477s] INFO:colcon.colcon_core.shell:Creating package script '/home/jj/wearable-biosensors-ros2/install/manager/share/manager/package.zsh'
[5.480s] Level 1:colcon.colcon_core.environment:create_file_with_runtime_dependencies(/home/jj/wearable-biosensors-ros2/install/manager/share/colcon-core/packages/manager)
[5.481s] DEBUG:colcon.colcon_parallel_executor.executor.parallel:closing loop
[5.482s] DEBUG:colcon.colcon_parallel_executor.executor.parallel:loop closed
[5.483s] DEBUG:colcon.colcon_parallel_executor.executor.parallel:run_until_complete finished with '0'
[5.483s] DEBUG:colcon.colcon_core.event_reactor:joining thread
[5.521s] INFO:colcon.colcon_core.plugin_system:Skipping extension 'colcon_notification.desktop_notification.terminal_notifier': Not used on non-Darwin systems
[5.522s] INFO:colcon.colcon_core.plugin_system:Skipping extension 'colcon_notification.desktop_notification.win32': Not used on non-Windows systems
[5.522s] INFO:colcon.colcon_notification.desktop_notification:Sending desktop notification using 'notify2'
[5.588s] DEBUG:colcon.colcon_core.event_reactor:joined thread
[5.590s] INFO:colcon.colcon_core.shell:Creating prefix script '/home/jj/wearable-biosensors-ros2/install/local_setup.ps1'
[5.598s] INFO:colcon.colcon_core.shell:Creating prefix util module '/home/jj/wearable-biosensors-ros2/install/_local_setup_util_ps1.py'
[5.610s] INFO:colcon.colcon_core.shell:Creating prefix chain script '/home/jj/wearable-biosensors-ros2/install/setup.ps1'
[5.626s] INFO:colcon.colcon_core.shell:Creating prefix script '/home/jj/wearable-biosensors-ros2/install/local_setup.sh'
[5.636s] INFO:colcon.colcon_core.shell:Creating prefix util module '/home/jj/wearable-biosensors-ros2/install/_local_setup_util_sh.py'
[5.639s] INFO:colcon.colcon_core.shell:Creating prefix chain script '/home/jj/wearable-biosensors-ros2/install/setup.sh'
[5.652s] INFO:colcon.colcon_core.shell:Creating prefix script '/home/jj/wearable-biosensors-ros2/install/local_setup.bash'
[5.657s] INFO:colcon.colcon_core.shell:Creating prefix chain script '/home/jj/wearable-biosensors-ros2/install/setup.bash'
[5.666s] INFO:colcon.colcon_core.shell:Creating prefix script '/home/jj/wearable-biosensors-ros2/install/local_setup.zsh'
[5.672s] INFO:colcon.colcon_core.shell:Creating prefix chain script '/home/jj/wearable-biosensors-ros2/install/setup.zsh'
