[6.409s] Invoking command in '/home/jj/wearable-biosensors-ros2/build/polar_h10': AMENT_PREFIX_PATH=/home/jj/wearable-biosensors-ros2/install/cdcl_umd_msgs:/home/jj/wearable-biosensors-ros2/install/vernier_respiration_belt:/home/jj/wearable-biosensors-ros2/install/shimmer3_gsr_unit:/home/jj/wearable-biosensors-ros2/install/polar_h10:/home/jj/wearable-biosensors-ros2/install/empatica_e4:/home/jj/wearable-biosensors-ros2/install/emotiv_insight:/opt/ros/humble PYTHONPATH=/home/jj/wearable-biosensors-ros2/build/polar_h10/prefix_override:/home/jj/wearable-biosensors-ros2/install/polar_h10/lib/python3.10/site-packages:/home/jj/wearable-biosensors-ros2/build/cdcl_umd_msgs:/home/jj/wearable-biosensors-ros2/install/cdcl_umd_msgs/lib/python3.10/site-packages:/home/jj/wearable-biosensors-ros2/build/vernier_respiration_belt:/home/jj/wearable-biosensors-ros2/install/vernier_respiration_belt/lib/python3.10/site-packages:/home/jj/wearable-biosensors-ros2/build/shimmer3_gsr_unit:/home/jj/wearable-biosensors-ros2/install/shimmer3_gsr_unit/lib/python3.10/site-packages:/home/jj/wearable-biosensors-ros2/build/polar_h10:/home/jj/wearable-biosensors-ros2/install/polar_h10/lib/python3.10/site-packages:/home/jj/wearable-biosensors-ros2/build/empatica_e4:/home/jj/wearable-biosensors-ros2/install/empatica_e4/lib/python3.10/site-packages:/home/jj/wearable-biosensors-ros2/build/emotiv_insight:/home/jj/wearable-biosensors-ros2/install/emotiv_insight/lib/python3.10/site-packages:/opt/ros/humble/lib/python3.10/site-packages:/opt/ros/humble/local/lib/python3.10/dist-packages /usr/bin/python3 -W ignore:setup.py install is deprecated setup.py develop --editable --build-directory /home/jj/wearable-biosensors-ros2/build/polar_h10/build --no-deps symlink_data
[7.434s] /home/jj/.local/lib/python3.10/site-packages/setuptools/dist.py:476: SetuptoolsDeprecationWarning: Invalid dash-separated options
[7.434s] !!
[7.435s] 
[7.435s]         ********************************************************************************
[7.436s]         Usage of dash-separated 'script-dir' will not be supported in future
[7.436s]         versions. Please use the underscore name 'script_dir' instead.
[7.437s] 
[7.438s]         By 2024-Sep-26, you need to update your project and remove deprecated calls
[7.438s]         or your builds will no longer be supported.
[7.439s] 
[7.439s]         See https://setuptools.pypa.io/en/latest/userguide/declarative_config.html for details.
[7.440s]         ********************************************************************************
[7.441s] 
[7.441s] !!
[7.442s]   opt = self.warn_dash_deprecation(opt, section)
[8.968s] /home/jj/.local/lib/python3.10/site-packages/setuptools/command/develop.py:42: EasyInstallDeprecationWarning: easy_install command is deprecated.
[8.970s] !!
[8.988s] 
[8.990s]         ********************************************************************************
[8.991s]         Please avoid running ``setup.py`` and ``easy_install``.
[9.004s]         Instead, use pypa/build, pypa/installer or other
[9.012s]         standards-based tools.
[9.014s] 
[9.015s]         See https://github.com/pypa/setuptools/issues/917 for details.
[9.020s]         ********************************************************************************
[9.022s] 
[9.027s] !!
[9.030s]   easy_install.initialize_options(self)
[9.031s] running develop
[11.149s] running egg_info
[11.258s] writing polar_h10.egg-info/PKG-INFO
[11.261s] writing dependency_links to polar_h10.egg-info/dependency_links.txt
[11.265s] writing entry points to polar_h10.egg-info/entry_points.txt
[11.266s] writing requirements to polar_h10.egg-info/requires.txt
[11.268s] writing top-level names to polar_h10.egg-info/top_level.txt
[11.509s] reading manifest file 'polar_h10.egg-info/SOURCES.txt'
[11.515s] writing manifest file 'polar_h10.egg-info/SOURCES.txt'
[11.624s] running build_ext
[11.629s] Creating /home/jj/wearable-biosensors-ros2/install/polar_h10/lib/python3.10/site-packages/polar-h10.egg-link (link to .)
[11.633s] Installing polar_h10_node script to /home/jj/wearable-biosensors-ros2/install/polar_h10/lib/polar_h10
[11.638s] 
[11.644s] Installed /home/jj/wearable-biosensors-ros2/build/polar_h10
[11.650s] running symlink_data
[11.890s] Invoked command in '/home/jj/wearable-biosensors-ros2/build/polar_h10' returned '0': AMENT_PREFIX_PATH=/home/jj/wearable-biosensors-ros2/install/cdcl_umd_msgs:/home/jj/wearable-biosensors-ros2/install/vernier_respiration_belt:/home/jj/wearable-biosensors-ros2/install/shimmer3_gsr_unit:/home/jj/wearable-biosensors-ros2/install/polar_h10:/home/jj/wearable-biosensors-ros2/install/empatica_e4:/home/jj/wearable-biosensors-ros2/install/emotiv_insight:/opt/ros/humble PYTHONPATH=/home/jj/wearable-biosensors-ros2/build/polar_h10/prefix_override:/home/jj/wearable-biosensors-ros2/install/polar_h10/lib/python3.10/site-packages:/home/jj/wearable-biosensors-ros2/build/cdcl_umd_msgs:/home/jj/wearable-biosensors-ros2/install/cdcl_umd_msgs/lib/python3.10/site-packages:/home/jj/wearable-biosensors-ros2/build/vernier_respiration_belt:/home/jj/wearable-biosensors-ros2/install/vernier_respiration_belt/lib/python3.10/site-packages:/home/jj/wearable-biosensors-ros2/build/shimmer3_gsr_unit:/home/jj/wearable-biosensors-ros2/install/shimmer3_gsr_unit/lib/python3.10/site-packages:/home/jj/wearable-biosensors-ros2/build/polar_h10:/home/jj/wearable-biosensors-ros2/install/polar_h10/lib/python3.10/site-packages:/home/jj/wearable-biosensors-ros2/build/empatica_e4:/home/jj/wearable-biosensors-ros2/install/empatica_e4/lib/python3.10/site-packages:/home/jj/wearable-biosensors-ros2/build/emotiv_insight:/home/jj/wearable-biosensors-ros2/install/emotiv_insight/lib/python3.10/site-packages:/opt/ros/humble/lib/python3.10/site-packages:/opt/ros/humble/local/lib/python3.10/dist-packages /usr/bin/python3 -W ignore:setup.py install is deprecated setup.py develop --editable --build-directory /home/jj/wearable-biosensors-ros2/build/polar_h10/build --no-deps symlink_data
