[0.975s] DEBUG:colcon:Command line arguments: ['/usr/bin/colcon', 'list', '-p', '--base-paths', '/home/jj/wearable-biosensors-ros2']
[0.976s] DEBUG:colcon:Parsed command line arguments: Namespace(log_base=None, log_level=None, verb_name='list', build_base='build', ignore_user_meta=False, metas=['./colcon.meta'], base_paths=['/home/jj/wearable-biosensors-ros2'], packages_ignore=None, packages_ignore_regex=None, paths=None, packages_up_to=None, packages_up_to_regex=None, packages_above=None, packages_above_and_dependencies=None, packages_above_depth=None, packages_select_by_dep=None, packages_skip_by_dep=None, packages_skip_up_to=None, packages_select_build_failed=False, packages_skip_build_finished=False, packages_select_test_failures=False, packages_skip_test_passed=False, packages_select=None, packages_skip=None, packages_select_regex=None, packages_skip_regex=None, packages_start=None, packages_end=None, allow_overriding=[], topological_order=False, names_only=False, paths_only=True, topological_graph=False, topological_graph_dot=False, topological_graph_density=False, topological_graph_legend=False, topological_graph_dot_cluster=False, topological_graph_dot_include_skipped=False, mixin_files=None, mixin=None, verb_parser=<colcon_mixin.mixin.mixin_argument.MixinArgumentDecorator object at 0x7f57a2f574c0>, verb_extension=<colcon_package_information.verb.list.ListVerb object at 0x7f57a2f564a0>, main=<bound method ListVerb.main of <colcon_package_information.verb.list.ListVerb object at 0x7f57a2f564a0>>, mixin_verb=('list',))
[2.112s] Level 1:colcon.colcon_core.package_discovery:discover_packages(colcon_meta) check parameters
[2.112s] Level 1:colcon.colcon_core.package_discovery:discover_packages(recursive) check parameters
[2.112s] Level 1:colcon.colcon_core.package_discovery:discover_packages(ignore) check parameters
[2.112s] Level 1:colcon.colcon_core.package_discovery:discover_packages(path) check parameters
[2.112s] Level 1:colcon.colcon_core.package_discovery:discover_packages(recursive) discover
[2.113s] INFO:colcon.colcon_core.package_discovery:Crawling recursively for packages in '/home/jj/wearable-biosensors-ros2'
[2.113s] Level 1:colcon.colcon_core.package_identification:_identify(/home/jj/wearable-biosensors-ros2) by extensions ['ignore', 'ignore_ament_install']
[2.114s] Level 1:colcon.colcon_core.package_identification:_identify(/home/jj/wearable-biosensors-ros2) by extension 'ignore'
[2.115s] Level 1:colcon.colcon_core.package_identification:_identify(/home/jj/wearable-biosensors-ros2) by extension 'ignore_ament_install'
[2.117s] Level 1:colcon.colcon_core.package_identification:_identify(/home/jj/wearable-biosensors-ros2) by extensions ['colcon_pkg']
[2.118s] Level 1:colcon.colcon_core.package_identification:_identify(/home/jj/wearable-biosensors-ros2) by extension 'colcon_pkg'
[2.118s] Level 1:colcon.colcon_core.package_identification:_identify(/home/jj/wearable-biosensors-ros2) by extensions ['colcon_meta']
[2.119s] Level 1:colcon.colcon_core.package_identification:_identify(/home/jj/wearable-biosensors-ros2) by extension 'colcon_meta'
[2.119s] Level 1:colcon.colcon_core.package_identification:_identify(/home/jj/wearable-biosensors-ros2) by extensions ['ros']
[2.120s] Level 1:colcon.colcon_core.package_identification:_identify(/home/jj/wearable-biosensors-ros2) by extension 'ros'
[2.174s] Level 1:colcon.colcon_core.package_identification:_identify(/home/jj/wearable-biosensors-ros2) by extensions ['cmake', 'python']
[2.174s] Level 1:colcon.colcon_core.package_identification:_identify(/home/jj/wearable-biosensors-ros2) by extension 'cmake'
[2.174s] Level 1:colcon.colcon_core.package_identification:_identify(/home/jj/wearable-biosensors-ros2) by extension 'python'
[2.175s] Level 1:colcon.colcon_core.package_identification:_identify(/home/jj/wearable-biosensors-ros2) by extensions ['python_setup_py']
[2.176s] Level 1:colcon.colcon_core.package_identification:_identify(/home/jj/wearable-biosensors-ros2) by extension 'python_setup_py'
[2.177s] Level 1:colcon.colcon_core.package_identification:_identify(/home/jj/wearable-biosensors-ros2/build) by extensions ['ignore', 'ignore_ament_install']
[2.177s] Level 1:colcon.colcon_core.package_identification:_identify(/home/jj/wearable-biosensors-ros2/build) by extension 'ignore'
[2.178s] Level 1:colcon.colcon_core.package_identification:_identify(/home/jj/wearable-biosensors-ros2/build) ignored
[2.178s] Level 1:colcon.colcon_core.package_identification:_identify(/home/jj/wearable-biosensors-ros2/cdcl:humble-jammy-biosensors) by extensions ['ignore', 'ignore_ament_install']
[2.179s] Level 1:colcon.colcon_core.package_identification:_identify(/home/jj/wearable-biosensors-ros2/cdcl:humble-jammy-biosensors) by extension 'ignore'
[2.179s] Level 1:colcon.colcon_core.package_identification:_identify(/home/jj/wearable-biosensors-ros2/cdcl:humble-jammy-biosensors) by extension 'ignore_ament_install'
[2.179s] Level 1:colcon.colcon_core.package_identification:_identify(/home/jj/wearable-biosensors-ros2/cdcl:humble-jammy-biosensors) by extensions ['colcon_pkg']
[2.180s] Level 1:colcon.colcon_core.package_identification:_identify(/home/jj/wearable-biosensors-ros2/cdcl:humble-jammy-biosensors) by extension 'colcon_pkg'
[2.180s] Level 1:colcon.colcon_core.package_identification:_identify(/home/jj/wearable-biosensors-ros2/cdcl:humble-jammy-biosensors) by extensions ['colcon_meta']
[2.180s] Level 1:colcon.colcon_core.package_identification:_identify(/home/jj/wearable-biosensors-ros2/cdcl:humble-jammy-biosensors) by extension 'colcon_meta'
[2.180s] Level 1:colcon.colcon_core.package_identification:_identify(/home/jj/wearable-biosensors-ros2/cdcl:humble-jammy-biosensors) by extensions ['ros']
[2.181s] Level 1:colcon.colcon_core.package_identification:_identify(/home/jj/wearable-biosensors-ros2/cdcl:humble-jammy-biosensors) by extension 'ros'
[2.181s] Level 1:colcon.colcon_core.package_identification:_identify(/home/jj/wearable-biosensors-ros2/cdcl:humble-jammy-biosensors) by extensions ['cmake', 'python']
[2.181s] Level 1:colcon.colcon_core.package_identification:_identify(/home/jj/wearable-biosensors-ros2/cdcl:humble-jammy-biosensors) by extension 'cmake'
[2.181s] Level 1:colcon.colcon_core.package_identification:_identify(/home/jj/wearable-biosensors-ros2/cdcl:humble-jammy-biosensors) by extension 'python'
[2.182s] Level 1:colcon.colcon_core.package_identification:_identify(/home/jj/wearable-biosensors-ros2/cdcl:humble-jammy-biosensors) by extensions ['python_setup_py']
[2.183s] Level 1:colcon.colcon_core.package_identification:_identify(/home/jj/wearable-biosensors-ros2/cdcl:humble-jammy-biosensors) by extension 'python_setup_py'
[2.184s] Level 1:colcon.colcon_core.package_identification:_identify(/home/jj/wearable-biosensors-ros2/install) by extensions ['ignore', 'ignore_ament_install']
[2.185s] Level 1:colcon.colcon_core.package_identification:_identify(/home/jj/wearable-biosensors-ros2/install) by extension 'ignore'
[2.185s] Level 1:colcon.colcon_core.package_identification:_identify(/home/jj/wearable-biosensors-ros2/install) ignored
[2.186s] Level 1:colcon.colcon_core.package_identification:_identify(/home/jj/wearable-biosensors-ros2/log) by extensions ['ignore', 'ignore_ament_install']
[2.187s] Level 1:colcon.colcon_core.package_identification:_identify(/home/jj/wearable-biosensors-ros2/log) by extension 'ignore'
[2.187s] Level 1:colcon.colcon_core.package_identification:_identify(/home/jj/wearable-biosensors-ros2/log) ignored
[2.187s] Level 1:colcon.colcon_core.package_identification:_identify(/home/jj/wearable-biosensors-ros2/media) by extensions ['ignore', 'ignore_ament_install']
[2.188s] Level 1:colcon.colcon_core.package_identification:_identify(/home/jj/wearable-biosensors-ros2/media) by extension 'ignore'
[2.188s] Level 1:colcon.colcon_core.package_identification:_identify(/home/jj/wearable-biosensors-ros2/media) by extension 'ignore_ament_install'
[2.188s] Level 1:colcon.colcon_core.package_identification:_identify(/home/jj/wearable-biosensors-ros2/media) by extensions ['colcon_pkg']
[2.188s] Level 1:colcon.colcon_core.package_identification:_identify(/home/jj/wearable-biosensors-ros2/media) by extension 'colcon_pkg'
[2.189s] Level 1:colcon.colcon_core.package_identification:_identify(/home/jj/wearable-biosensors-ros2/media) by extensions ['colcon_meta']
[2.189s] Level 1:colcon.colcon_core.package_identification:_identify(/home/jj/wearable-biosensors-ros2/media) by extension 'colcon_meta'
[2.189s] Level 1:colcon.colcon_core.package_identification:_identify(/home/jj/wearable-biosensors-ros2/media) by extensions ['ros']
[2.190s] Level 1:colcon.colcon_core.package_identification:_identify(/home/jj/wearable-biosensors-ros2/media) by extension 'ros'
[2.190s] Level 1:colcon.colcon_core.package_identification:_identify(/home/jj/wearable-biosensors-ros2/media) by extensions ['cmake', 'python']
[2.191s] Level 1:colcon.colcon_core.package_identification:_identify(/home/jj/wearable-biosensors-ros2/media) by extension 'cmake'
[2.191s] Level 1:colcon.colcon_core.package_identification:_identify(/home/jj/wearable-biosensors-ros2/media) by extension 'python'
[2.191s] Level 1:colcon.colcon_core.package_identification:_identify(/home/jj/wearable-biosensors-ros2/media) by extensions ['python_setup_py']
[2.191s] Level 1:colcon.colcon_core.package_identification:_identify(/home/jj/wearable-biosensors-ros2/media) by extension 'python_setup_py'
[2.192s] Level 1:colcon.colcon_core.package_identification:_identify(/home/jj/wearable-biosensors-ros2/media/contributors) by extensions ['ignore', 'ignore_ament_install']
[2.193s] Level 1:colcon.colcon_core.package_identification:_identify(/home/jj/wearable-biosensors-ros2/media/contributors) by extension 'ignore'
[2.194s] Level 1:colcon.colcon_core.package_identification:_identify(/home/jj/wearable-biosensors-ros2/media/contributors) by extension 'ignore_ament_install'
[2.194s] Level 1:colcon.colcon_core.package_identification:_identify(/home/jj/wearable-biosensors-ros2/media/contributors) by extensions ['colcon_pkg']
[2.195s] Level 1:colcon.colcon_core.package_identification:_identify(/home/jj/wearable-biosensors-ros2/media/contributors) by extension 'colcon_pkg'
[2.195s] Level 1:colcon.colcon_core.package_identification:_identify(/home/jj/wearable-biosensors-ros2/media/contributors) by extensions ['colcon_meta']
[2.195s] Level 1:colcon.colcon_core.package_identification:_identify(/home/jj/wearable-biosensors-ros2/media/contributors) by extension 'colcon_meta'
[2.196s] Level 1:colcon.colcon_core.package_identification:_identify(/home/jj/wearable-biosensors-ros2/media/contributors) by extensions ['ros']
[2.196s] Level 1:colcon.colcon_core.package_identification:_identify(/home/jj/wearable-biosensors-ros2/media/contributors) by extension 'ros'
[2.197s] Level 1:colcon.colcon_core.package_identification:_identify(/home/jj/wearable-biosensors-ros2/media/contributors) by extensions ['cmake', 'python']
[2.197s] Level 1:colcon.colcon_core.package_identification:_identify(/home/jj/wearable-biosensors-ros2/media/contributors) by extension 'cmake'
[2.197s] Level 1:colcon.colcon_core.package_identification:_identify(/home/jj/wearable-biosensors-ros2/media/contributors) by extension 'python'
[2.197s] Level 1:colcon.colcon_core.package_identification:_identify(/home/jj/wearable-biosensors-ros2/media/contributors) by extensions ['python_setup_py']
[2.198s] Level 1:colcon.colcon_core.package_identification:_identify(/home/jj/wearable-biosensors-ros2/media/contributors) by extension 'python_setup_py'
[2.198s] Level 1:colcon.colcon_core.package_identification:_identify(/home/jj/wearable-biosensors-ros2/media/img) by extensions ['ignore', 'ignore_ament_install']
[2.199s] Level 1:colcon.colcon_core.package_identification:_identify(/home/jj/wearable-biosensors-ros2/media/img) by extension 'ignore'
[2.199s] Level 1:colcon.colcon_core.package_identification:_identify(/home/jj/wearable-biosensors-ros2/media/img) by extension 'ignore_ament_install'
[2.199s] Level 1:colcon.colcon_core.package_identification:_identify(/home/jj/wearable-biosensors-ros2/media/img) by extensions ['colcon_pkg']
[2.200s] Level 1:colcon.colcon_core.package_identification:_identify(/home/jj/wearable-biosensors-ros2/media/img) by extension 'colcon_pkg'
[2.200s] Level 1:colcon.colcon_core.package_identification:_identify(/home/jj/wearable-biosensors-ros2/media/img) by extensions ['colcon_meta']
[2.200s] Level 1:colcon.colcon_core.package_identification:_identify(/home/jj/wearable-biosensors-ros2/media/img) by extension 'colcon_meta'
[2.200s] Level 1:colcon.colcon_core.package_identification:_identify(/home/jj/wearable-biosensors-ros2/media/img) by extensions ['ros']
[2.200s] Level 1:colcon.colcon_core.package_identification:_identify(/home/jj/wearable-biosensors-ros2/media/img) by extension 'ros'
[2.201s] Level 1:colcon.colcon_core.package_identification:_identify(/home/jj/wearable-biosensors-ros2/media/img) by extensions ['cmake', 'python']
[2.201s] Level 1:colcon.colcon_core.package_identification:_identify(/home/jj/wearable-biosensors-ros2/media/img) by extension 'cmake'
[2.201s] Level 1:colcon.colcon_core.package_identification:_identify(/home/jj/wearable-biosensors-ros2/media/img) by extension 'python'
[2.202s] Level 1:colcon.colcon_core.package_identification:_identify(/home/jj/wearable-biosensors-ros2/media/img) by extensions ['python_setup_py']
[2.202s] Level 1:colcon.colcon_core.package_identification:_identify(/home/jj/wearable-biosensors-ros2/media/img) by extension 'python_setup_py'
[2.203s] Level 1:colcon.colcon_core.package_identification:_identify(/home/jj/wearable-biosensors-ros2/ros_bags) by extensions ['ignore', 'ignore_ament_install']
[2.203s] Level 1:colcon.colcon_core.package_identification:_identify(/home/jj/wearable-biosensors-ros2/ros_bags) by extension 'ignore'
[2.203s] Level 1:colcon.colcon_core.package_identification:_identify(/home/jj/wearable-biosensors-ros2/ros_bags) by extension 'ignore_ament_install'
[2.204s] Level 1:colcon.colcon_core.package_identification:_identify(/home/jj/wearable-biosensors-ros2/ros_bags) by extensions ['colcon_pkg']
[2.204s] Level 1:colcon.colcon_core.package_identification:_identify(/home/jj/wearable-biosensors-ros2/ros_bags) by extension 'colcon_pkg'
[2.204s] Level 1:colcon.colcon_core.package_identification:_identify(/home/jj/wearable-biosensors-ros2/ros_bags) by extensions ['colcon_meta']
[2.205s] Level 1:colcon.colcon_core.package_identification:_identify(/home/jj/wearable-biosensors-ros2/ros_bags) by extension 'colcon_meta'
[2.205s] Level 1:colcon.colcon_core.package_identification:_identify(/home/jj/wearable-biosensors-ros2/ros_bags) by extensions ['ros']
[2.205s] Level 1:colcon.colcon_core.package_identification:_identify(/home/jj/wearable-biosensors-ros2/ros_bags) by extension 'ros'
[2.206s] Level 1:colcon.colcon_core.package_identification:_identify(/home/jj/wearable-biosensors-ros2/ros_bags) by extensions ['cmake', 'python']
[2.206s] Level 1:colcon.colcon_core.package_identification:_identify(/home/jj/wearable-biosensors-ros2/ros_bags) by extension 'cmake'
[2.206s] Level 1:colcon.colcon_core.package_identification:_identify(/home/jj/wearable-biosensors-ros2/ros_bags) by extension 'python'
[2.207s] Level 1:colcon.colcon_core.package_identification:_identify(/home/jj/wearable-biosensors-ros2/ros_bags) by extensions ['python_setup_py']
[2.207s] Level 1:colcon.colcon_core.package_identification:_identify(/home/jj/wearable-biosensors-ros2/ros_bags) by extension 'python_setup_py'
[2.208s] Level 1:colcon.colcon_core.package_identification:_identify(/home/jj/wearable-biosensors-ros2/ros_bags/rosbag2_2024_07_02-13_04_00) by extensions ['ignore', 'ignore_ament_install']
[2.208s] Level 1:colcon.colcon_core.package_identification:_identify(/home/jj/wearable-biosensors-ros2/ros_bags/rosbag2_2024_07_02-13_04_00) by extension 'ignore'
[2.208s] Level 1:colcon.colcon_core.package_identification:_identify(/home/jj/wearable-biosensors-ros2/ros_bags/rosbag2_2024_07_02-13_04_00) by extension 'ignore_ament_install'
[2.209s] Level 1:colcon.colcon_core.package_identification:_identify(/home/jj/wearable-biosensors-ros2/ros_bags/rosbag2_2024_07_02-13_04_00) by extensions ['colcon_pkg']
[2.209s] Level 1:colcon.colcon_core.package_identification:_identify(/home/jj/wearable-biosensors-ros2/ros_bags/rosbag2_2024_07_02-13_04_00) by extension 'colcon_pkg'
[2.210s] Level 1:colcon.colcon_core.package_identification:_identify(/home/jj/wearable-biosensors-ros2/ros_bags/rosbag2_2024_07_02-13_04_00) by extensions ['colcon_meta']
[2.210s] Level 1:colcon.colcon_core.package_identification:_identify(/home/jj/wearable-biosensors-ros2/ros_bags/rosbag2_2024_07_02-13_04_00) by extension 'colcon_meta'
[2.211s] Level 1:colcon.colcon_core.package_identification:_identify(/home/jj/wearable-biosensors-ros2/ros_bags/rosbag2_2024_07_02-13_04_00) by extensions ['ros']
[2.211s] Level 1:colcon.colcon_core.package_identification:_identify(/home/jj/wearable-biosensors-ros2/ros_bags/rosbag2_2024_07_02-13_04_00) by extension 'ros'
[2.212s] Level 1:colcon.colcon_core.package_identification:_identify(/home/jj/wearable-biosensors-ros2/ros_bags/rosbag2_2024_07_02-13_04_00) by extensions ['cmake', 'python']
[2.212s] Level 1:colcon.colcon_core.package_identification:_identify(/home/jj/wearable-biosensors-ros2/ros_bags/rosbag2_2024_07_02-13_04_00) by extension 'cmake'
[2.213s] Level 1:colcon.colcon_core.package_identification:_identify(/home/jj/wearable-biosensors-ros2/ros_bags/rosbag2_2024_07_02-13_04_00) by extension 'python'
[2.213s] Level 1:colcon.colcon_core.package_identification:_identify(/home/jj/wearable-biosensors-ros2/ros_bags/rosbag2_2024_07_02-13_04_00) by extensions ['python_setup_py']
[2.213s] Level 1:colcon.colcon_core.package_identification:_identify(/home/jj/wearable-biosensors-ros2/ros_bags/rosbag2_2024_07_02-13_04_00) by extension 'python_setup_py'
[2.214s] Level 1:colcon.colcon_core.package_identification:_identify(/home/jj/wearable-biosensors-ros2/ros_bags/rosbag2_2024_07_02-16_24_42) by extensions ['ignore', 'ignore_ament_install']
[2.215s] Level 1:colcon.colcon_core.package_identification:_identify(/home/jj/wearable-biosensors-ros2/ros_bags/rosbag2_2024_07_02-16_24_42) by extension 'ignore'
[2.215s] Level 1:colcon.colcon_core.package_identification:_identify(/home/jj/wearable-biosensors-ros2/ros_bags/rosbag2_2024_07_02-16_24_42) by extension 'ignore_ament_install'
[2.216s] Level 1:colcon.colcon_core.package_identification:_identify(/home/jj/wearable-biosensors-ros2/ros_bags/rosbag2_2024_07_02-16_24_42) by extensions ['colcon_pkg']
[2.216s] Level 1:colcon.colcon_core.package_identification:_identify(/home/jj/wearable-biosensors-ros2/ros_bags/rosbag2_2024_07_02-16_24_42) by extension 'colcon_pkg'
[2.217s] Level 1:colcon.colcon_core.package_identification:_identify(/home/jj/wearable-biosensors-ros2/ros_bags/rosbag2_2024_07_02-16_24_42) by extensions ['colcon_meta']
[2.217s] Level 1:colcon.colcon_core.package_identification:_identify(/home/jj/wearable-biosensors-ros2/ros_bags/rosbag2_2024_07_02-16_24_42) by extension 'colcon_meta'
[2.218s] Level 1:colcon.colcon_core.package_identification:_identify(/home/jj/wearable-biosensors-ros2/ros_bags/rosbag2_2024_07_02-16_24_42) by extensions ['ros']
[2.218s] Level 1:colcon.colcon_core.package_identification:_identify(/home/jj/wearable-biosensors-ros2/ros_bags/rosbag2_2024_07_02-16_24_42) by extension 'ros'
[2.219s] Level 1:colcon.colcon_core.package_identification:_identify(/home/jj/wearable-biosensors-ros2/ros_bags/rosbag2_2024_07_02-16_24_42) by extensions ['cmake', 'python']
[2.219s] Level 1:colcon.colcon_core.package_identification:_identify(/home/jj/wearable-biosensors-ros2/ros_bags/rosbag2_2024_07_02-16_24_42) by extension 'cmake'
[2.219s] Level 1:colcon.colcon_core.package_identification:_identify(/home/jj/wearable-biosensors-ros2/ros_bags/rosbag2_2024_07_02-16_24_42) by extension 'python'
[2.220s] Level 1:colcon.colcon_core.package_identification:_identify(/home/jj/wearable-biosensors-ros2/ros_bags/rosbag2_2024_07_02-16_24_42) by extensions ['python_setup_py']
[2.220s] Level 1:colcon.colcon_core.package_identification:_identify(/home/jj/wearable-biosensors-ros2/ros_bags/rosbag2_2024_07_02-16_24_42) by extension 'python_setup_py'
[2.220s] Level 1:colcon.colcon_core.package_identification:_identify(/home/jj/wearable-biosensors-ros2/src) by extensions ['ignore', 'ignore_ament_install']
[2.221s] Level 1:colcon.colcon_core.package_identification:_identify(/home/jj/wearable-biosensors-ros2/src) by extension 'ignore'
[2.221s] Level 1:colcon.colcon_core.package_identification:_identify(/home/jj/wearable-biosensors-ros2/src) by extension 'ignore_ament_install'
[2.221s] Level 1:colcon.colcon_core.package_identification:_identify(/home/jj/wearable-biosensors-ros2/src) by extensions ['colcon_pkg']
[2.221s] Level 1:colcon.colcon_core.package_identification:_identify(/home/jj/wearable-biosensors-ros2/src) by extension 'colcon_pkg'
[2.222s] Level 1:colcon.colcon_core.package_identification:_identify(/home/jj/wearable-biosensors-ros2/src) by extensions ['colcon_meta']
[2.222s] Level 1:colcon.colcon_core.package_identification:_identify(/home/jj/wearable-biosensors-ros2/src) by extension 'colcon_meta'
[2.222s] Level 1:colcon.colcon_core.package_identification:_identify(/home/jj/wearable-biosensors-ros2/src) by extensions ['ros']
[2.222s] Level 1:colcon.colcon_core.package_identification:_identify(/home/jj/wearable-biosensors-ros2/src) by extension 'ros'
[2.223s] Level 1:colcon.colcon_core.package_identification:_identify(/home/jj/wearable-biosensors-ros2/src) by extensions ['cmake', 'python']
[2.223s] Level 1:colcon.colcon_core.package_identification:_identify(/home/jj/wearable-biosensors-ros2/src) by extension 'cmake'
[2.223s] Level 1:colcon.colcon_core.package_identification:_identify(/home/jj/wearable-biosensors-ros2/src) by extension 'python'
[2.223s] Level 1:colcon.colcon_core.package_identification:_identify(/home/jj/wearable-biosensors-ros2/src) by extensions ['python_setup_py']
[2.224s] Level 1:colcon.colcon_core.package_identification:_identify(/home/jj/wearable-biosensors-ros2/src) by extension 'python_setup_py'
[2.224s] Level 1:colcon.colcon_core.package_identification:_identify(/home/jj/wearable-biosensors-ros2/src/cdcl_umd_msgs) by extensions ['ignore', 'ignore_ament_install']
[2.225s] Level 1:colcon.colcon_core.package_identification:_identify(/home/jj/wearable-biosensors-ros2/src/cdcl_umd_msgs) by extension 'ignore'
[2.225s] Level 1:colcon.colcon_core.package_identification:_identify(/home/jj/wearable-biosensors-ros2/src/cdcl_umd_msgs) by extension 'ignore_ament_install'
[2.225s] Level 1:colcon.colcon_core.package_identification:_identify(/home/jj/wearable-biosensors-ros2/src/cdcl_umd_msgs) by extensions ['colcon_pkg']
[2.226s] Level 1:colcon.colcon_core.package_identification:_identify(/home/jj/wearable-biosensors-ros2/src/cdcl_umd_msgs) by extension 'colcon_pkg'
[2.226s] Level 1:colcon.colcon_core.package_identification:_identify(/home/jj/wearable-biosensors-ros2/src/cdcl_umd_msgs) by extensions ['colcon_meta']
[2.226s] Level 1:colcon.colcon_core.package_identification:_identify(/home/jj/wearable-biosensors-ros2/src/cdcl_umd_msgs) by extension 'colcon_meta'
[2.227s] Level 1:colcon.colcon_core.package_identification:_identify(/home/jj/wearable-biosensors-ros2/src/cdcl_umd_msgs) by extensions ['ros']
[2.227s] Level 1:colcon.colcon_core.package_identification:_identify(/home/jj/wearable-biosensors-ros2/src/cdcl_umd_msgs) by extension 'ros'
[2.241s] DEBUG:colcon.colcon_core.package_identification:Package '/home/jj/wearable-biosensors-ros2/src/cdcl_umd_msgs' with type 'ros.ament_cmake' and name 'cdcl_umd_msgs'
[2.241s] Level 1:colcon.colcon_core.package_identification:_identify(/home/jj/wearable-biosensors-ros2/src/emotiv_insight) by extensions ['ignore', 'ignore_ament_install']
[2.242s] Level 1:colcon.colcon_core.package_identification:_identify(/home/jj/wearable-biosensors-ros2/src/emotiv_insight) by extension 'ignore'
[2.242s] Level 1:colcon.colcon_core.package_identification:_identify(/home/jj/wearable-biosensors-ros2/src/emotiv_insight) by extension 'ignore_ament_install'
[2.243s] Level 1:colcon.colcon_core.package_identification:_identify(/home/jj/wearable-biosensors-ros2/src/emotiv_insight) by extensions ['colcon_pkg']
[2.243s] Level 1:colcon.colcon_core.package_identification:_identify(/home/jj/wearable-biosensors-ros2/src/emotiv_insight) by extension 'colcon_pkg'
[2.243s] Level 1:colcon.colcon_core.package_identification:_identify(/home/jj/wearable-biosensors-ros2/src/emotiv_insight) by extensions ['colcon_meta']
[2.243s] Level 1:colcon.colcon_core.package_identification:_identify(/home/jj/wearable-biosensors-ros2/src/emotiv_insight) by extension 'colcon_meta'
[2.244s] Level 1:colcon.colcon_core.package_identification:_identify(/home/jj/wearable-biosensors-ros2/src/emotiv_insight) by extensions ['ros']
[2.244s] Level 1:colcon.colcon_core.package_identification:_identify(/home/jj/wearable-biosensors-ros2/src/emotiv_insight) by extension 'ros'
[2.247s] DEBUG:colcon.colcon_core.package_identification:Package '/home/jj/wearable-biosensors-ros2/src/emotiv_insight' with type 'ros.ament_python' and name 'emotiv_insight'
[2.248s] Level 1:colcon.colcon_core.package_identification:_identify(/home/jj/wearable-biosensors-ros2/src/empatica_e4) by extensions ['ignore', 'ignore_ament_install']
[2.248s] Level 1:colcon.colcon_core.package_identification:_identify(/home/jj/wearable-biosensors-ros2/src/empatica_e4) by extension 'ignore'
[2.248s] Level 1:colcon.colcon_core.package_identification:_identify(/home/jj/wearable-biosensors-ros2/src/empatica_e4) by extension 'ignore_ament_install'
[2.249s] Level 1:colcon.colcon_core.package_identification:_identify(/home/jj/wearable-biosensors-ros2/src/empatica_e4) by extensions ['colcon_pkg']
[2.249s] Level 1:colcon.colcon_core.package_identification:_identify(/home/jj/wearable-biosensors-ros2/src/empatica_e4) by extension 'colcon_pkg'
[2.250s] Level 1:colcon.colcon_core.package_identification:_identify(/home/jj/wearable-biosensors-ros2/src/empatica_e4) by extensions ['colcon_meta']
[2.250s] Level 1:colcon.colcon_core.package_identification:_identify(/home/jj/wearable-biosensors-ros2/src/empatica_e4) by extension 'colcon_meta'
[2.251s] Level 1:colcon.colcon_core.package_identification:_identify(/home/jj/wearable-biosensors-ros2/src/empatica_e4) by extensions ['ros']
[2.251s] Level 1:colcon.colcon_core.package_identification:_identify(/home/jj/wearable-biosensors-ros2/src/empatica_e4) by extension 'ros'
[2.254s] DEBUG:colcon.colcon_core.package_identification:Package '/home/jj/wearable-biosensors-ros2/src/empatica_e4' with type 'ros.ament_python' and name 'empatica_e4'
[2.255s] Level 1:colcon.colcon_core.package_identification:_identify(/home/jj/wearable-biosensors-ros2/src/manager) by extensions ['ignore', 'ignore_ament_install']
[2.256s] Level 1:colcon.colcon_core.package_identification:_identify(/home/jj/wearable-biosensors-ros2/src/manager) by extension 'ignore'
[2.256s] Level 1:colcon.colcon_core.package_identification:_identify(/home/jj/wearable-biosensors-ros2/src/manager) by extension 'ignore_ament_install'
[2.256s] Level 1:colcon.colcon_core.package_identification:_identify(/home/jj/wearable-biosensors-ros2/src/manager) by extensions ['colcon_pkg']
[2.257s] Level 1:colcon.colcon_core.package_identification:_identify(/home/jj/wearable-biosensors-ros2/src/manager) by extension 'colcon_pkg'
[2.257s] Level 1:colcon.colcon_core.package_identification:_identify(/home/jj/wearable-biosensors-ros2/src/manager) by extensions ['colcon_meta']
[2.257s] Level 1:colcon.colcon_core.package_identification:_identify(/home/jj/wearable-biosensors-ros2/src/manager) by extension 'colcon_meta'
[2.257s] Level 1:colcon.colcon_core.package_identification:_identify(/home/jj/wearable-biosensors-ros2/src/manager) by extensions ['ros']
[2.258s] Level 1:colcon.colcon_core.package_identification:_identify(/home/jj/wearable-biosensors-ros2/src/manager) by extension 'ros'
[2.263s] DEBUG:colcon.colcon_core.package_identification:Package '/home/jj/wearable-biosensors-ros2/src/manager' with type 'ros.ament_cmake' and name 'manager'
[2.264s] Level 1:colcon.colcon_core.package_identification:_identify(/home/jj/wearable-biosensors-ros2/src/polar_h10) by extensions ['ignore', 'ignore_ament_install']
[2.265s] Level 1:colcon.colcon_core.package_identification:_identify(/home/jj/wearable-biosensors-ros2/src/polar_h10) by extension 'ignore'
[2.266s] Level 1:colcon.colcon_core.package_identification:_identify(/home/jj/wearable-biosensors-ros2/src/polar_h10) by extension 'ignore_ament_install'
[2.267s] Level 1:colcon.colcon_core.package_identification:_identify(/home/jj/wearable-biosensors-ros2/src/polar_h10) by extensions ['colcon_pkg']
[2.267s] Level 1:colcon.colcon_core.package_identification:_identify(/home/jj/wearable-biosensors-ros2/src/polar_h10) by extension 'colcon_pkg'
[2.268s] Level 1:colcon.colcon_core.package_identification:_identify(/home/jj/wearable-biosensors-ros2/src/polar_h10) by extensions ['colcon_meta']
[2.268s] Level 1:colcon.colcon_core.package_identification:_identify(/home/jj/wearable-biosensors-ros2/src/polar_h10) by extension 'colcon_meta'
[2.268s] Level 1:colcon.colcon_core.package_identification:_identify(/home/jj/wearable-biosensors-ros2/src/polar_h10) by extensions ['ros']
[2.269s] Level 1:colcon.colcon_core.package_identification:_identify(/home/jj/wearable-biosensors-ros2/src/polar_h10) by extension 'ros'
[2.273s] DEBUG:colcon.colcon_core.package_identification:Package '/home/jj/wearable-biosensors-ros2/src/polar_h10' with type 'ros.ament_python' and name 'polar_h10'
[2.273s] Level 1:colcon.colcon_core.package_identification:_identify(/home/jj/wearable-biosensors-ros2/src/shimmer3_gsr_unit) by extensions ['ignore', 'ignore_ament_install']
[2.274s] Level 1:colcon.colcon_core.package_identification:_identify(/home/jj/wearable-biosensors-ros2/src/shimmer3_gsr_unit) by extension 'ignore'
[2.274s] Level 1:colcon.colcon_core.package_identification:_identify(/home/jj/wearable-biosensors-ros2/src/shimmer3_gsr_unit) by extension 'ignore_ament_install'
[2.274s] Level 1:colcon.colcon_core.package_identification:_identify(/home/jj/wearable-biosensors-ros2/src/shimmer3_gsr_unit) by extensions ['colcon_pkg']
[2.275s] Level 1:colcon.colcon_core.package_identification:_identify(/home/jj/wearable-biosensors-ros2/src/shimmer3_gsr_unit) by extension 'colcon_pkg'
[2.275s] Level 1:colcon.colcon_core.package_identification:_identify(/home/jj/wearable-biosensors-ros2/src/shimmer3_gsr_unit) by extensions ['colcon_meta']
[2.275s] Level 1:colcon.colcon_core.package_identification:_identify(/home/jj/wearable-biosensors-ros2/src/shimmer3_gsr_unit) by extension 'colcon_meta'
[2.275s] Level 1:colcon.colcon_core.package_identification:_identify(/home/jj/wearable-biosensors-ros2/src/shimmer3_gsr_unit) by extensions ['ros']
[2.276s] Level 1:colcon.colcon_core.package_identification:_identify(/home/jj/wearable-biosensors-ros2/src/shimmer3_gsr_unit) by extension 'ros'
[2.278s] DEBUG:colcon.colcon_core.package_identification:Package '/home/jj/wearable-biosensors-ros2/src/shimmer3_gsr_unit' with type 'ros.ament_python' and name 'shimmer3_gsr_unit'
[2.279s] Level 1:colcon.colcon_core.package_identification:_identify(/home/jj/wearable-biosensors-ros2/src/vernier_respiration_belt) by extensions ['ignore', 'ignore_ament_install']
[2.279s] Level 1:colcon.colcon_core.package_identification:_identify(/home/jj/wearable-biosensors-ros2/src/vernier_respiration_belt) by extension 'ignore'
[2.279s] Level 1:colcon.colcon_core.package_identification:_identify(/home/jj/wearable-biosensors-ros2/src/vernier_respiration_belt) by extension 'ignore_ament_install'
[2.280s] Level 1:colcon.colcon_core.package_identification:_identify(/home/jj/wearable-biosensors-ros2/src/vernier_respiration_belt) by extensions ['colcon_pkg']
[2.280s] Level 1:colcon.colcon_core.package_identification:_identify(/home/jj/wearable-biosensors-ros2/src/vernier_respiration_belt) by extension 'colcon_pkg'
[2.280s] Level 1:colcon.colcon_core.package_identification:_identify(/home/jj/wearable-biosensors-ros2/src/vernier_respiration_belt) by extensions ['colcon_meta']
[2.281s] Level 1:colcon.colcon_core.package_identification:_identify(/home/jj/wearable-biosensors-ros2/src/vernier_respiration_belt) by extension 'colcon_meta'
[2.281s] Level 1:colcon.colcon_core.package_identification:_identify(/home/jj/wearable-biosensors-ros2/src/vernier_respiration_belt) by extensions ['ros']
[2.282s] Level 1:colcon.colcon_core.package_identification:_identify(/home/jj/wearable-biosensors-ros2/src/vernier_respiration_belt) by extension 'ros'
[2.288s] DEBUG:colcon.colcon_core.package_identification:Package '/home/jj/wearable-biosensors-ros2/src/vernier_respiration_belt' with type 'ros.ament_python' and name 'vernier_respiration_belt'
[2.290s] Level 1:colcon.colcon_core.package_discovery:discover_packages(recursive) using defaults
