[0.196s] Invoking command in '/home/jj/wearable-biosensors-ros2/build/cdcl_umd_msgs': CMAKE_PREFIX_PATH=${CMAKE_PREFIX_PATH}:/home/jj/wearable-biosensors-ros2/install/vernier_respiration_belt:/home/jj/wearable-biosensors-ros2/install/shimmer3_gsr_unit:/home/jj/wearable-biosensors-ros2/install/polar_h10:/home/jj/wearable-biosensors-ros2/install/empatica_e4:/home/jj/wearable-biosensors-ros2/install/emotiv_insight:/opt/ros/humble /usr/bin/cmake --build /home/jj/wearable-biosensors-ros2/build/cdcl_umd_msgs -- -j4 -l4
[5.405s] [35m[1mConsolidate compiler generated dependencies of target cdcl_umd_msgs__rosidl_generator_c[0m
[5.408s] [  3%] Built target cdcl_umd_msgs__cpp
[5.409s] [ 12%] Built target cdcl_umd_msgs__rosidl_generator_c
[5.409s] [ 12%] Built target ament_cmake_python_symlink_cdcl_umd_msgs
[5.410s] [35m[1mConsolidate compiler generated dependencies of target cdcl_umd_msgs__rosidl_typesupport_fastrtps_cpp[0m
[5.410s] [35m[1mConsolidate compiler generated dependencies of target cdcl_umd_msgs__rosidl_typesupport_introspection_cpp[0m
[5.411s] [ 22%] Built target cdcl_umd_msgs__rosidl_typesupport_fastrtps_cpp
[5.411s] [35m[1mConsolidate compiler generated dependencies of target cdcl_umd_msgs__rosidl_typesupport_fastrtps_c[0m
[5.412s] [35m[1mConsolidate compiler generated dependencies of target cdcl_umd_msgs__rosidl_typesupport_cpp[0m
[5.416s] [ 32%] Built target cdcl_umd_msgs__rosidl_typesupport_introspection_cpp
[5.417s] [35m[1mConsolidate compiler generated dependencies of target cdcl_umd_msgs__rosidl_typesupport_c[0m
[5.418s] [ 41%] Built target cdcl_umd_msgs__rosidl_typesupport_cpp
[5.422s] [35m[1mConsolidate compiler generated dependencies of target cdcl_umd_msgs__rosidl_typesupport_introspection_c[0m
[5.423s] [ 51%] Built target cdcl_umd_msgs__rosidl_typesupport_fastrtps_c
[5.423s] [ 61%] Built target cdcl_umd_msgs__rosidl_typesupport_c
[5.424s] [ 70%] Built target cdcl_umd_msgs__rosidl_typesupport_introspection_c
[5.424s] [ 70%] Built target cdcl_umd_msgs
[5.425s] [ 74%] Built target cdcl_umd_msgs__py
[5.425s] [35m[1mConsolidate compiler generated dependencies of target cdcl_umd_msgs__rosidl_generator_py[0m
[5.426s] [ 80%] Built target cdcl_umd_msgs__rosidl_generator_py
[5.427s] [35m[1mConsolidate compiler generated dependencies of target cdcl_umd_msgs__rosidl_typesupport_fastrtps_c__pyext[0m
[5.428s] [35m[1mConsolidate compiler generated dependencies of target cdcl_umd_msgs__rosidl_typesupport_introspection_c__pyext[0m
[5.429s] [35m[1mConsolidate compiler generated dependencies of target cdcl_umd_msgs__rosidl_typesupport_c__pyext[0m
[5.429s] [ 87%] Built target cdcl_umd_msgs__rosidl_typesupport_fastrtps_c__pyext
[5.430s] [ 93%] Built target cdcl_umd_msgs__rosidl_typesupport_c__pyext
[5.431s] [100%] Built target cdcl_umd_msgs__rosidl_typesupport_introspection_c__pyext
[5.432s] running egg_info
[5.432s] writing cdcl_umd_msgs.egg-info/PKG-INFO
[5.433s] writing dependency_links to cdcl_umd_msgs.egg-info/dependency_links.txt
[5.434s] writing top-level names to cdcl_umd_msgs.egg-info/top_level.txt
[5.434s] reading manifest file 'cdcl_umd_msgs.egg-info/SOURCES.txt'
[5.435s] writing manifest file 'cdcl_umd_msgs.egg-info/SOURCES.txt'
[5.436s] [100%] Built target ament_cmake_python_build_cdcl_umd_msgs_egg
[7.322s] Invoked command in '/home/jj/wearable-biosensors-ros2/build/cdcl_umd_msgs' returned '0': CMAKE_PREFIX_PATH=${CMAKE_PREFIX_PATH}:/home/jj/wearable-biosensors-ros2/install/vernier_respiration_belt:/home/jj/wearable-biosensors-ros2/install/shimmer3_gsr_unit:/home/jj/wearable-biosensors-ros2/install/polar_h10:/home/jj/wearable-biosensors-ros2/install/empatica_e4:/home/jj/wearable-biosensors-ros2/install/emotiv_insight:/opt/ros/humble /usr/bin/cmake --build /home/jj/wearable-biosensors-ros2/build/cdcl_umd_msgs -- -j4 -l4
[8.489s] Invoking command in '/home/jj/wearable-biosensors-ros2/build/cdcl_umd_msgs': CMAKE_PREFIX_PATH=${CMAKE_PREFIX_PATH}:/home/jj/wearable-biosensors-ros2/install/vernier_respiration_belt:/home/jj/wearable-biosensors-ros2/install/shimmer3_gsr_unit:/home/jj/wearable-biosensors-ros2/install/polar_h10:/home/jj/wearable-biosensors-ros2/install/empatica_e4:/home/jj/wearable-biosensors-ros2/install/emotiv_insight:/opt/ros/humble /usr/bin/cmake --install /home/jj/wearable-biosensors-ros2/build/cdcl_umd_msgs
[8.565s] -- Install configuration: ""
[8.572s] -- Execute custom install script
[8.583s] -- Up-to-date symlink: /home/jj/wearable-biosensors-ros2/install/cdcl_umd_msgs/share/ament_index/resource_index/rosidl_interfaces/cdcl_umd_msgs
[8.593s] -- Up-to-date symlink: /home/jj/wearable-biosensors-ros2/install/cdcl_umd_msgs/include/cdcl_umd_msgs/cdcl_umd_msgs/msg/detail/vitals__functions.h
[8.596s] -- Up-to-date symlink: /home/jj/wearable-biosensors-ros2/install/cdcl_umd_msgs/include/cdcl_umd_msgs/cdcl_umd_msgs/msg/detail/vitals__struct.h
[8.598s] -- Up-to-date symlink: /home/jj/wearable-biosensors-ros2/install/cdcl_umd_msgs/include/cdcl_umd_msgs/cdcl_umd_msgs/msg/detail/vitals__type_support.h
[8.601s] -- Up-to-date symlink: /home/jj/wearable-biosensors-ros2/install/cdcl_umd_msgs/include/cdcl_umd_msgs/cdcl_umd_msgs/msg/rosidl_generator_c__visibility_control.h
[8.601s] -- Up-to-date symlink: /home/jj/wearable-biosensors-ros2/install/cdcl_umd_msgs/include/cdcl_umd_msgs/cdcl_umd_msgs/msg/vitals.h
[8.602s] -- Up-to-date symlink: /home/jj/wearable-biosensors-ros2/install/cdcl_umd_msgs/share/cdcl_umd_msgs/environment/library_path.sh
[8.607s] -- Up-to-date symlink: /home/jj/wearable-biosensors-ros2/install/cdcl_umd_msgs/share/cdcl_umd_msgs/environment/library_path.dsv
[8.608s] -- Up-to-date symlink: /home/jj/wearable-biosensors-ros2/install/cdcl_umd_msgs/include/cdcl_umd_msgs/cdcl_umd_msgs/msg/detail/vitals__rosidl_typesupport_fastrtps_c.h
[8.608s] -- Up-to-date symlink: /home/jj/wearable-biosensors-ros2/install/cdcl_umd_msgs/include/cdcl_umd_msgs/cdcl_umd_msgs/msg/rosidl_typesupport_fastrtps_c__visibility_control.h
[8.612s] -- Up-to-date symlink: /home/jj/wearable-biosensors-ros2/install/cdcl_umd_msgs/include/cdcl_umd_msgs/cdcl_umd_msgs/msg/detail/vitals__rosidl_typesupport_introspection_c.h
[8.633s] -- Up-to-date symlink: /home/jj/wearable-biosensors-ros2/install/cdcl_umd_msgs/include/cdcl_umd_msgs/cdcl_umd_msgs/msg/rosidl_typesupport_introspection_c__visibility_control.h
[8.634s] -- Up-to-date symlink: /home/jj/wearable-biosensors-ros2/install/cdcl_umd_msgs/include/cdcl_umd_msgs/cdcl_umd_msgs/msg/detail/vitals__builder.hpp
[8.634s] -- Up-to-date symlink: /home/jj/wearable-biosensors-ros2/install/cdcl_umd_msgs/include/cdcl_umd_msgs/cdcl_umd_msgs/msg/detail/vitals__struct.hpp
[8.634s] -- Up-to-date symlink: /home/jj/wearable-biosensors-ros2/install/cdcl_umd_msgs/include/cdcl_umd_msgs/cdcl_umd_msgs/msg/detail/vitals__traits.hpp
[8.635s] -- Up-to-date symlink: /home/jj/wearable-biosensors-ros2/install/cdcl_umd_msgs/include/cdcl_umd_msgs/cdcl_umd_msgs/msg/vitals.hpp
[8.647s] -- Up-to-date symlink: /home/jj/wearable-biosensors-ros2/install/cdcl_umd_msgs/include/cdcl_umd_msgs/cdcl_umd_msgs/msg/detail/vitals__rosidl_typesupport_fastrtps_cpp.hpp
[8.648s] -- Up-to-date symlink: /home/jj/wearable-biosensors-ros2/install/cdcl_umd_msgs/include/cdcl_umd_msgs/cdcl_umd_msgs/msg/rosidl_typesupport_fastrtps_cpp__visibility_control.h
[8.654s] -- Up-to-date symlink: /home/jj/wearable-biosensors-ros2/install/cdcl_umd_msgs/include/cdcl_umd_msgs/cdcl_umd_msgs/msg/detail/vitals__rosidl_typesupport_introspection_cpp.hpp
[8.655s] -- Up-to-date symlink: /home/jj/wearable-biosensors-ros2/install/cdcl_umd_msgs/share/cdcl_umd_msgs/environment/pythonpath.sh
[8.676s] -- Up-to-date symlink: /home/jj/wearable-biosensors-ros2/install/cdcl_umd_msgs/share/cdcl_umd_msgs/environment/pythonpath.dsv
[8.677s] -- Up-to-date symlink: /home/jj/wearable-biosensors-ros2/install/cdcl_umd_msgs/local/lib/python3.10/dist-packages/cdcl_umd_msgs-0.0.0-py3.10.egg-info/PKG-INFO
[8.678s] -- Up-to-date symlink: /home/jj/wearable-biosensors-ros2/install/cdcl_umd_msgs/local/lib/python3.10/dist-packages/cdcl_umd_msgs-0.0.0-py3.10.egg-info/SOURCES.txt
[8.678s] -- Up-to-date symlink: /home/jj/wearable-biosensors-ros2/install/cdcl_umd_msgs/local/lib/python3.10/dist-packages/cdcl_umd_msgs-0.0.0-py3.10.egg-info/dependency_links.txt
[8.688s] -- Up-to-date symlink: /home/jj/wearable-biosensors-ros2/install/cdcl_umd_msgs/local/lib/python3.10/dist-packages/cdcl_umd_msgs-0.0.0-py3.10.egg-info/top_level.txt
[8.693s] -- Up-to-date symlink: /home/jj/wearable-biosensors-ros2/install/cdcl_umd_msgs/local/lib/python3.10/dist-packages/cdcl_umd_msgs/__init__.py
[8.700s] -- Up-to-date symlink: /home/jj/wearable-biosensors-ros2/install/cdcl_umd_msgs/local/lib/python3.10/dist-packages/cdcl_umd_msgs/_cdcl_umd_msgs_s.ep.rosidl_typesupport_c.c
[8.701s] -- Up-to-date symlink: /home/jj/wearable-biosensors-ros2/install/cdcl_umd_msgs/local/lib/python3.10/dist-packages/cdcl_umd_msgs/_cdcl_umd_msgs_s.ep.rosidl_typesupport_fastrtps_c.c
[8.702s] -- Up-to-date symlink: /home/jj/wearable-biosensors-ros2/install/cdcl_umd_msgs/local/lib/python3.10/dist-packages/cdcl_umd_msgs/_cdcl_umd_msgs_s.ep.rosidl_typesupport_introspection_c.c
[8.728s] -- Up-to-date symlink: /home/jj/wearable-biosensors-ros2/install/cdcl_umd_msgs/local/lib/python3.10/dist-packages/cdcl_umd_msgs/cdcl_umd_msgs_s__rosidl_typesupport_c.cpython-310-aarch64-linux-gnu.so
[8.733s] -- Up-to-date symlink: /home/jj/wearable-biosensors-ros2/install/cdcl_umd_msgs/local/lib/python3.10/dist-packages/cdcl_umd_msgs/cdcl_umd_msgs_s__rosidl_typesupport_fastrtps_c.cpython-310-aarch64-linux-gnu.so
[8.734s] -- Up-to-date symlink: /home/jj/wearable-biosensors-ros2/install/cdcl_umd_msgs/local/lib/python3.10/dist-packages/cdcl_umd_msgs/cdcl_umd_msgs_s__rosidl_typesupport_introspection_c.cpython-310-aarch64-linux-gnu.so
[8.735s] -- Up-to-date symlink: /home/jj/wearable-biosensors-ros2/install/cdcl_umd_msgs/local/lib/python3.10/dist-packages/cdcl_umd_msgs/libcdcl_umd_msgs__rosidl_generator_py.so
[8.735s] -- Up-to-date symlink: /home/jj/wearable-biosensors-ros2/install/cdcl_umd_msgs/local/lib/python3.10/dist-packages/cdcl_umd_msgs/msg/__init__.py
[8.736s] -- Up-to-date symlink: /home/jj/wearable-biosensors-ros2/install/cdcl_umd_msgs/local/lib/python3.10/dist-packages/cdcl_umd_msgs/msg/_vitals.py
[8.736s] -- Up-to-date symlink: /home/jj/wearable-biosensors-ros2/install/cdcl_umd_msgs/local/lib/python3.10/dist-packages/cdcl_umd_msgs/msg/_vitals_s.c
[8.737s] -- Up-to-date symlink: /home/jj/wearable-biosensors-ros2/install/cdcl_umd_msgs/local/lib/python3.10/dist-packages/cdcl_umd_msgs/cdcl_umd_msgs_s__rosidl_typesupport_fastrtps_c.cpython-310-aarch64-linux-gnu.so
[8.746s] -- Up-to-date symlink: /home/jj/wearable-biosensors-ros2/install/cdcl_umd_msgs/local/lib/python3.10/dist-packages/cdcl_umd_msgs/cdcl_umd_msgs_s__rosidl_typesupport_introspection_c.cpython-310-aarch64-linux-gnu.so
[8.747s] -- Up-to-date symlink: /home/jj/wearable-biosensors-ros2/install/cdcl_umd_msgs/local/lib/python3.10/dist-packages/cdcl_umd_msgs/cdcl_umd_msgs_s__rosidl_typesupport_c.cpython-310-aarch64-linux-gnu.so
[8.748s] -- Up-to-date symlink: /home/jj/wearable-biosensors-ros2/install/cdcl_umd_msgs/share/cdcl_umd_msgs/msg/Vitals.idl
[8.748s] -- Up-to-date symlink: /home/jj/wearable-biosensors-ros2/install/cdcl_umd_msgs/share/cdcl_umd_msgs/msg/Vitals.msg
[8.749s] -- Up-to-date symlink: /home/jj/wearable-biosensors-ros2/install/cdcl_umd_msgs/share/ament_index/resource_index/package_run_dependencies/cdcl_umd_msgs
[8.750s] -- Up-to-date symlink: /home/jj/wearable-biosensors-ros2/install/cdcl_umd_msgs/share/ament_index/resource_index/parent_prefix_path/cdcl_umd_msgs
[8.760s] -- Up-to-date symlink: /home/jj/wearable-biosensors-ros2/install/cdcl_umd_msgs/share/cdcl_umd_msgs/environment/ament_prefix_path.sh
[8.761s] -- Up-to-date symlink: /home/jj/wearable-biosensors-ros2/install/cdcl_umd_msgs/share/cdcl_umd_msgs/environment/ament_prefix_path.dsv
[8.762s] -- Up-to-date symlink: /home/jj/wearable-biosensors-ros2/install/cdcl_umd_msgs/share/cdcl_umd_msgs/environment/path.sh
[8.762s] -- Up-to-date symlink: /home/jj/wearable-biosensors-ros2/install/cdcl_umd_msgs/share/cdcl_umd_msgs/environment/path.dsv
[8.763s] -- Up-to-date symlink: /home/jj/wearable-biosensors-ros2/install/cdcl_umd_msgs/share/cdcl_umd_msgs/local_setup.bash
[8.776s] -- Up-to-date symlink: /home/jj/wearable-biosensors-ros2/install/cdcl_umd_msgs/share/cdcl_umd_msgs/local_setup.sh
[8.777s] -- Up-to-date symlink: /home/jj/wearable-biosensors-ros2/install/cdcl_umd_msgs/share/cdcl_umd_msgs/local_setup.zsh
[8.778s] -- Up-to-date symlink: /home/jj/wearable-biosensors-ros2/install/cdcl_umd_msgs/share/cdcl_umd_msgs/local_setup.dsv
[8.779s] -- Symlinking: /home/jj/wearable-biosensors-ros2/install/cdcl_umd_msgs/share/cdcl_umd_msgs/package.dsv
[8.884s] -- Up-to-date symlink: /home/jj/wearable-biosensors-ros2/install/cdcl_umd_msgs/share/ament_index/resource_index/packages/cdcl_umd_msgs
[8.885s] -- Up-to-date symlink: /home/jj/wearable-biosensors-ros2/install/cdcl_umd_msgs/share/cdcl_umd_msgs/cmake/rosidl_cmake-extras.cmake
[8.886s] -- Up-to-date symlink: /home/jj/wearable-biosensors-ros2/install/cdcl_umd_msgs/share/cdcl_umd_msgs/cmake/ament_cmake_export_dependencies-extras.cmake
[8.887s] -- Up-to-date symlink: /home/jj/wearable-biosensors-ros2/install/cdcl_umd_msgs/share/cdcl_umd_msgs/cmake/ament_cmake_export_include_directories-extras.cmake
[8.887s] -- Up-to-date symlink: /home/jj/wearable-biosensors-ros2/install/cdcl_umd_msgs/share/cdcl_umd_msgs/cmake/ament_cmake_export_libraries-extras.cmake
[8.888s] -- Up-to-date symlink: /home/jj/wearable-biosensors-ros2/install/cdcl_umd_msgs/share/cdcl_umd_msgs/cmake/ament_cmake_export_targets-extras.cmake
[8.898s] -- Up-to-date symlink: /home/jj/wearable-biosensors-ros2/install/cdcl_umd_msgs/share/cdcl_umd_msgs/cmake/rosidl_cmake_export_typesupport_targets-extras.cmake
[8.899s] -- Up-to-date symlink: /home/jj/wearable-biosensors-ros2/install/cdcl_umd_msgs/share/cdcl_umd_msgs/cmake/rosidl_cmake_export_typesupport_libraries-extras.cmake
[8.901s] -- Up-to-date symlink: /home/jj/wearable-biosensors-ros2/install/cdcl_umd_msgs/share/cdcl_umd_msgs/cmake/cdcl_umd_msgsConfig.cmake
[8.905s] -- Up-to-date symlink: /home/jj/wearable-biosensors-ros2/install/cdcl_umd_msgs/share/cdcl_umd_msgs/cmake/cdcl_umd_msgsConfig-version.cmake
[8.906s] -- Up-to-date symlink: /home/jj/wearable-biosensors-ros2/install/cdcl_umd_msgs/share/cdcl_umd_msgs/package.xml
[8.906s] -- Up-to-date: /home/jj/wearable-biosensors-ros2/install/cdcl_umd_msgs/lib/libcdcl_umd_msgs__rosidl_generator_c.so
[8.916s] -- Up-to-date: /home/jj/wearable-biosensors-ros2/install/cdcl_umd_msgs/lib/libcdcl_umd_msgs__rosidl_typesupport_fastrtps_c.so
[8.923s] -- Up-to-date: /home/jj/wearable-biosensors-ros2/install/cdcl_umd_msgs/lib/libcdcl_umd_msgs__rosidl_typesupport_introspection_c.so
[8.926s] -- Up-to-date: /home/jj/wearable-biosensors-ros2/install/cdcl_umd_msgs/lib/libcdcl_umd_msgs__rosidl_typesupport_c.so
[8.931s] -- Up-to-date: /home/jj/wearable-biosensors-ros2/install/cdcl_umd_msgs/lib/libcdcl_umd_msgs__rosidl_typesupport_fastrtps_cpp.so
[8.952s] -- Up-to-date: /home/jj/wearable-biosensors-ros2/install/cdcl_umd_msgs/lib/libcdcl_umd_msgs__rosidl_typesupport_introspection_cpp.so
[8.956s] -- Up-to-date: /home/jj/wearable-biosensors-ros2/install/cdcl_umd_msgs/lib/libcdcl_umd_msgs__rosidl_typesupport_cpp.so
[9.406s] Listing '/home/jj/wearable-biosensors-ros2/install/cdcl_umd_msgs/local/lib/python3.10/dist-packages/cdcl_umd_msgs'...
[9.409s] Listing '/home/jj/wearable-biosensors-ros2/install/cdcl_umd_msgs/local/lib/python3.10/dist-packages/cdcl_umd_msgs/msg'...
[9.474s] -- Up-to-date: /home/jj/wearable-biosensors-ros2/install/cdcl_umd_msgs/lib/libcdcl_umd_msgs__rosidl_generator_py.so
[9.485s] -- Up-to-date: /home/jj/wearable-biosensors-ros2/install/cdcl_umd_msgs/share/cdcl_umd_msgs/cmake/export_cdcl_umd_msgs__rosidl_generator_cExport.cmake
[9.487s] -- Up-to-date: /home/jj/wearable-biosensors-ros2/install/cdcl_umd_msgs/share/cdcl_umd_msgs/cmake/export_cdcl_umd_msgs__rosidl_generator_cExport-noconfig.cmake
[9.499s] -- Up-to-date: /home/jj/wearable-biosensors-ros2/install/cdcl_umd_msgs/share/cdcl_umd_msgs/cmake/export_cdcl_umd_msgs__rosidl_typesupport_fastrtps_cExport.cmake
[9.500s] -- Up-to-date: /home/jj/wearable-biosensors-ros2/install/cdcl_umd_msgs/share/cdcl_umd_msgs/cmake/export_cdcl_umd_msgs__rosidl_typesupport_fastrtps_cExport-noconfig.cmake
[9.506s] -- Up-to-date: /home/jj/wearable-biosensors-ros2/install/cdcl_umd_msgs/share/cdcl_umd_msgs/cmake/cdcl_umd_msgs__rosidl_typesupport_introspection_cExport.cmake
[9.510s] -- Up-to-date: /home/jj/wearable-biosensors-ros2/install/cdcl_umd_msgs/share/cdcl_umd_msgs/cmake/cdcl_umd_msgs__rosidl_typesupport_introspection_cExport-noconfig.cmake
[9.523s] -- Up-to-date: /home/jj/wearable-biosensors-ros2/install/cdcl_umd_msgs/share/cdcl_umd_msgs/cmake/cdcl_umd_msgs__rosidl_typesupport_cExport.cmake
[9.524s] -- Up-to-date: /home/jj/wearable-biosensors-ros2/install/cdcl_umd_msgs/share/cdcl_umd_msgs/cmake/cdcl_umd_msgs__rosidl_typesupport_cExport-noconfig.cmake
[9.534s] -- Up-to-date: /home/jj/wearable-biosensors-ros2/install/cdcl_umd_msgs/share/cdcl_umd_msgs/cmake/export_cdcl_umd_msgs__rosidl_generator_cppExport.cmake
[9.545s] -- Up-to-date: /home/jj/wearable-biosensors-ros2/install/cdcl_umd_msgs/share/cdcl_umd_msgs/cmake/export_cdcl_umd_msgs__rosidl_typesupport_fastrtps_cppExport.cmake
[9.547s] -- Up-to-date: /home/jj/wearable-biosensors-ros2/install/cdcl_umd_msgs/share/cdcl_umd_msgs/cmake/export_cdcl_umd_msgs__rosidl_typesupport_fastrtps_cppExport-noconfig.cmake
[9.561s] -- Up-to-date: /home/jj/wearable-biosensors-ros2/install/cdcl_umd_msgs/share/cdcl_umd_msgs/cmake/cdcl_umd_msgs__rosidl_typesupport_introspection_cppExport.cmake
[9.563s] -- Up-to-date: /home/jj/wearable-biosensors-ros2/install/cdcl_umd_msgs/share/cdcl_umd_msgs/cmake/cdcl_umd_msgs__rosidl_typesupport_introspection_cppExport-noconfig.cmake
[9.570s] -- Up-to-date: /home/jj/wearable-biosensors-ros2/install/cdcl_umd_msgs/share/cdcl_umd_msgs/cmake/cdcl_umd_msgs__rosidl_typesupport_cppExport.cmake
[9.572s] -- Up-to-date: /home/jj/wearable-biosensors-ros2/install/cdcl_umd_msgs/share/cdcl_umd_msgs/cmake/cdcl_umd_msgs__rosidl_typesupport_cppExport-noconfig.cmake
[9.584s] -- Up-to-date: /home/jj/wearable-biosensors-ros2/install/cdcl_umd_msgs/share/cdcl_umd_msgs/cmake/export_cdcl_umd_msgs__rosidl_generator_pyExport.cmake
[9.586s] -- Up-to-date: /home/jj/wearable-biosensors-ros2/install/cdcl_umd_msgs/share/cdcl_umd_msgs/cmake/export_cdcl_umd_msgs__rosidl_generator_pyExport-noconfig.cmake
[9.619s] Invoked command in '/home/jj/wearable-biosensors-ros2/build/cdcl_umd_msgs' returned '0': CMAKE_PREFIX_PATH=${CMAKE_PREFIX_PATH}:/home/jj/wearable-biosensors-ros2/install/vernier_respiration_belt:/home/jj/wearable-biosensors-ros2/install/shimmer3_gsr_unit:/home/jj/wearable-biosensors-ros2/install/polar_h10:/home/jj/wearable-biosensors-ros2/install/empatica_e4:/home/jj/wearable-biosensors-ros2/install/emotiv_insight:/opt/ros/humble /usr/bin/cmake --install /home/jj/wearable-biosensors-ros2/build/cdcl_umd_msgs
