[4.363s] Invoking command in '/home/jj/wearable-biosensors-ros2/build/cdcl_umd_msgs': PYTHONPATH=/home/jj/wearable-biosensors-ros2/build/cdcl_umd_msgs/prefix_override:/home/jj/wearable-biosensors-ros2/install/cdcl_umd_msgs/lib/python3.10/site-packages:${PYTHONPATH} /usr/bin/python3 -W ignore:setup.py install is deprecated setup.py develop --uninstall --editable --build-directory /home/jj/wearable-biosensors-ros2/build/cdcl_umd_msgs/build
[6.239s] running develop
[6.242s] /home/jj/.local/lib/python3.10/site-packages/setuptools/command/develop.py:42: EasyInstallDeprecationWarning: easy_install command is deprecated.
[6.242s] !!
[6.243s] 
[6.243s]         ********************************************************************************
[6.244s]         Please avoid running ``setup.py`` and ``easy_install``.
[6.244s]         Instead, use pypa/build, pypa/installer or other
[6.245s]         standards-based tools.
[6.245s] 
[6.245s]         See https://github.com/pypa/setuptools/issues/917 for details.
[6.246s]         ********************************************************************************
[6.246s] 
[6.247s] !!
[6.247s]   easy_install.initialize_options(self)
[7.558s] Removing /home/jj/wearable-biosensors-ros2/install/cdcl_umd_msgs/lib/python3.10/site-packages/cdcl-umd-msgs.egg-link (link to .)
[7.731s] Invoked command in '/home/jj/wearable-biosensors-ros2/build/cdcl_umd_msgs' returned '0': PYTHONPATH=/home/jj/wearable-biosensors-ros2/build/cdcl_umd_msgs/prefix_override:/home/jj/wearable-biosensors-ros2/install/cdcl_umd_msgs/lib/python3.10/site-packages:${PYTHONPATH} /usr/bin/python3 -W ignore:setup.py install is deprecated setup.py develop --uninstall --editable --build-directory /home/jj/wearable-biosensors-ros2/build/cdcl_umd_msgs/build
[7.742s] Invoking command in '/home/jj/wearable-biosensors-ros2/src/cdcl_umd_msgs': PYTHONPATH=/home/jj/wearable-biosensors-ros2/build/cdcl_umd_msgs/prefix_override:/home/jj/wearable-biosensors-ros2/install/cdcl_umd_msgs/lib/python3.10/site-packages:${PYTHONPATH} /usr/bin/python3 -W ignore:setup.py install is deprecated setup.py egg_info --egg-base ../../build/cdcl_umd_msgs build --build-base /home/jj/wearable-biosensors-ros2/build/cdcl_umd_msgs/build install --record /home/jj/wearable-biosensors-ros2/build/cdcl_umd_msgs/install.log --single-version-externally-managed install_data --force
[9.211s] running egg_info
[9.291s] writing ../../build/cdcl_umd_msgs/cdcl_umd_msgs.egg-info/PKG-INFO
[9.295s] writing dependency_links to ../../build/cdcl_umd_msgs/cdcl_umd_msgs.egg-info/dependency_links.txt
[9.298s] writing requirements to ../../build/cdcl_umd_msgs/cdcl_umd_msgs.egg-info/requires.txt
[9.299s] writing top-level names to ../../build/cdcl_umd_msgs/cdcl_umd_msgs.egg-info/top_level.txt
[9.473s] reading manifest file '../../build/cdcl_umd_msgs/cdcl_umd_msgs.egg-info/SOURCES.txt'
[9.478s] writing manifest file '../../build/cdcl_umd_msgs/cdcl_umd_msgs.egg-info/SOURCES.txt'
[9.479s] running build
[9.480s] running build_py
[9.481s] copying cdcl_umd_msgs/__init__.py -> /home/jj/wearable-biosensors-ros2/build/cdcl_umd_msgs/build/lib/cdcl_umd_msgs
[9.483s] running install
[9.513s] running install_lib
[9.595s] creating /home/jj/wearable-biosensors-ros2/install/cdcl_umd_msgs/lib/python3.10/site-packages/cdcl_umd_msgs
[9.596s] copying /home/jj/wearable-biosensors-ros2/build/cdcl_umd_msgs/build/lib/cdcl_umd_msgs/__init__.py -> /home/jj/wearable-biosensors-ros2/install/cdcl_umd_msgs/lib/python3.10/site-packages/cdcl_umd_msgs
[9.600s] byte-compiling /home/jj/wearable-biosensors-ros2/install/cdcl_umd_msgs/lib/python3.10/site-packages/cdcl_umd_msgs/__init__.py to __init__.cpython-310.pyc
[9.602s] running install_data
[9.603s] copying resource/cdcl_umd_msgs -> /home/jj/wearable-biosensors-ros2/install/cdcl_umd_msgs/share/ament_index/resource_index/packages
[9.606s] copying package.xml -> /home/jj/wearable-biosensors-ros2/install/cdcl_umd_msgs/share/cdcl_umd_msgs
[9.608s] running install_egg_info
[9.700s] Copying ../../build/cdcl_umd_msgs/cdcl_umd_msgs.egg-info to /home/jj/wearable-biosensors-ros2/install/cdcl_umd_msgs/lib/python3.10/site-packages/cdcl_umd_msgs-0.0.0-py3.10.egg-info
[9.706s] running install_scripts
[10.878s] writing list of installed files to '/home/jj/wearable-biosensors-ros2/build/cdcl_umd_msgs/install.log'
[11.059s] Invoked command in '/home/jj/wearable-biosensors-ros2/src/cdcl_umd_msgs' returned '0': PYTHONPATH=/home/jj/wearable-biosensors-ros2/build/cdcl_umd_msgs/prefix_override:/home/jj/wearable-biosensors-ros2/install/cdcl_umd_msgs/lib/python3.10/site-packages:${PYTHONPATH} /usr/bin/python3 -W ignore:setup.py install is deprecated setup.py egg_info --egg-base ../../build/cdcl_umd_msgs build --build-base /home/jj/wearable-biosensors-ros2/build/cdcl_umd_msgs/build install --record /home/jj/wearable-biosensors-ros2/build/cdcl_umd_msgs/install.log --single-version-externally-managed install_data --force
