[20.698s] Invoking command in '/home/jj/wearable-biosensors-ros2/build/shimmer3_gsr_unit': PYTHONPATH=/home/jj/wearable-biosensors-ros2/build/shimmer3_gsr_unit/prefix_override:/home/jj/wearable-biosensors-ros2/install/shimmer3_gsr_unit/lib/python3.10/site-packages:${PYTHONPATH} /usr/bin/python3 -W ignore:setup.py install is deprecated setup.py develop --editable --build-directory /home/jj/wearable-biosensors-ros2/build/shimmer3_gsr_unit/build --no-deps symlink_data
[23.998s] /home/jj/.local/lib/python3.10/site-packages/setuptools/dist.py:476: SetuptoolsDeprecationWarning: Invalid dash-separated options
[23.999s] !!
[23.999s] 
[24.000s]         ********************************************************************************
[24.001s]         Usage of dash-separated 'script-dir' will not be supported in future
[24.010s]         versions. Please use the underscore name 'script_dir' instead.
[24.010s] 
[24.011s]         By 2024-Sep-26, you need to update your project and remove deprecated calls
[24.012s]         or your builds will no longer be supported.
[24.012s] 
[24.029s]         See https://setuptools.pypa.io/en/latest/userguide/declarative_config.html for details.
[24.030s]         ********************************************************************************
[24.031s] 
[24.032s] !!
[24.032s]   opt = self.warn_dash_deprecation(opt, section)
[26.412s] running develop
[26.416s] /home/jj/.local/lib/python3.10/site-packages/setuptools/command/develop.py:42: EasyInstallDeprecationWarning: easy_install command is deprecated.
[26.419s] !!
[26.423s] 
[26.424s]         ********************************************************************************
[26.428s]         Please avoid running ``setup.py`` and ``easy_install``.
[26.430s]         Instead, use pypa/build, pypa/installer or other
[26.434s]         standards-based tools.
[26.443s] 
[26.447s]         See https://github.com/pypa/setuptools/issues/917 for details.
[26.451s]         ********************************************************************************
[26.461s] 
[26.465s] !!
[26.471s]   easy_install.initialize_options(self)
[29.568s] running egg_info
[29.808s] writing shimmer3_gsr_unit.egg-info/PKG-INFO
[29.813s] writing dependency_links to shimmer3_gsr_unit.egg-info/dependency_links.txt
[29.816s] writing entry points to shimmer3_gsr_unit.egg-info/entry_points.txt
[29.817s] writing requirements to shimmer3_gsr_unit.egg-info/requires.txt
[29.818s] writing top-level names to shimmer3_gsr_unit.egg-info/top_level.txt
[30.109s] reading manifest file 'shimmer3_gsr_unit.egg-info/SOURCES.txt'
[30.116s] writing manifest file 'shimmer3_gsr_unit.egg-info/SOURCES.txt'
[30.263s] running build_ext
[30.268s] Creating /home/jj/wearable-biosensors-ros2/install/shimmer3_gsr_unit/lib/python3.10/site-packages/shimmer3-gsr-unit.egg-link (link to .)
[30.272s] Installing shimmer_gsr_ppg_node script to /home/jj/wearable-biosensors-ros2/install/shimmer3_gsr_unit/lib/shimmer3_gsr_unit
[30.276s] 
[30.282s] Installed /home/jj/wearable-biosensors-ros2/build/shimmer3_gsr_unit
[30.286s] running symlink_data
[30.596s] Invoked command in '/home/jj/wearable-biosensors-ros2/build/shimmer3_gsr_unit' returned '0': PYTHONPATH=/home/jj/wearable-biosensors-ros2/build/shimmer3_gsr_unit/prefix_override:/home/jj/wearable-biosensors-ros2/install/shimmer3_gsr_unit/lib/python3.10/site-packages:${PYTHONPATH} /usr/bin/python3 -W ignore:setup.py install is deprecated setup.py develop --editable --build-directory /home/jj/wearable-biosensors-ros2/build/shimmer3_gsr_unit/build --no-deps symlink_data
