[1.030s] Invoking command in '/home/jj/wearable-biosensors-ros2/build/empatica_e4': PYTHONPATH=/home/jj/wearable-biosensors-ros2/build/empatica_e4/prefix_override:/usr/lib/python3/dist-packages/colcon_core/task/python/colcon_distutils_commands:/home/jj/wearable-biosensors-ros2/install/empatica_e4/lib/python3.10/site-packages:${PYTHONPATH} /usr/bin/python3 -W ignore:setup.py install is deprecated setup.py develop --editable --build-directory /home/jj/wearable-biosensors-ros2/build/empatica_e4/build --no-deps symlink_data
[1.217s] /usr/lib/python3/dist-packages/setuptools/dist.py:723: UserWarning: Usage of dash-separated 'script-dir' will not be supported in future versions. Please use the underscore name 'script_dir' instead
[1.217s]   warnings.warn(
[1.243s] running develop
[1.244s] /usr/lib/python3/dist-packages/setuptools/command/easy_install.py:158: EasyInstallDeprecationWarning: easy_install command is deprecated. Use build and pip and other standards-based tools.
[1.244s]   warnings.warn(
[1.384s] running egg_info
[1.385s] creating empatica_e4.egg-info
[1.385s] writing empatica_e4.egg-info/PKG-INFO
[1.385s] writing dependency_links to empatica_e4.egg-info/dependency_links.txt
[1.385s] writing entry points to empatica_e4.egg-info/entry_points.txt
[1.385s] writing requirements to empatica_e4.egg-info/requires.txt
[1.386s] writing top-level names to empatica_e4.egg-info/top_level.txt
[1.386s] writing manifest file 'empatica_e4.egg-info/SOURCES.txt'
[1.387s] reading manifest file 'empatica_e4.egg-info/SOURCES.txt'
[1.387s] writing manifest file 'empatica_e4.egg-info/SOURCES.txt'
[1.389s] running build_ext
[1.389s] Creating /home/jj/wearable-biosensors-ros2/install/empatica_e4/lib/python3.10/site-packages/empatica-e4.egg-link (link to .)
[1.389s] Installing empatica_e4_node script to /home/jj/wearable-biosensors-ros2/install/empatica_e4/lib/empatica_e4
[1.390s] 
[1.390s] Installed /home/jj/wearable-biosensors-ros2/build/empatica_e4
[1.390s] running symlink_data
[1.391s] creating /home/jj/wearable-biosensors-ros2/install/empatica_e4/share/ament_index
[1.391s] creating /home/jj/wearable-biosensors-ros2/install/empatica_e4/share/ament_index/resource_index
[1.391s] creating /home/jj/wearable-biosensors-ros2/install/empatica_e4/share/ament_index/resource_index/packages
[1.391s] symbolically linking /home/jj/wearable-biosensors-ros2/build/empatica_e4/resource/empatica_e4 -> /home/jj/wearable-biosensors-ros2/install/empatica_e4/share/ament_index/resource_index/packages
[1.392s] symbolically linking /home/jj/wearable-biosensors-ros2/build/empatica_e4/package.xml -> /home/jj/wearable-biosensors-ros2/install/empatica_e4/share/empatica_e4
[1.392s] symbolically linking /home/jj/wearable-biosensors-ros2/build/empatica_e4/launch/ros2-empatica_E4.launch.py -> /home/jj/wearable-biosensors-ros2/install/empatica_e4/share/empatica_e4
[1.417s] Invoked command in '/home/jj/wearable-biosensors-ros2/build/empatica_e4' returned '0': PYTHONPATH=/home/jj/wearable-biosensors-ros2/build/empatica_e4/prefix_override:/usr/lib/python3/dist-packages/colcon_core/task/python/colcon_distutils_commands:/home/jj/wearable-biosensors-ros2/install/empatica_e4/lib/python3.10/site-packages:${PYTHONPATH} /usr/bin/python3 -W ignore:setup.py install is deprecated setup.py develop --editable --build-directory /home/jj/wearable-biosensors-ros2/build/empatica_e4/build --no-deps symlink_data
