[10.028s] Invoking command in '/home/jj/wearable-biosensors-ros2/build/shimmer3_gsr_unit': PYTHONPATH=/home/jj/wearable-biosensors-ros2/build/shimmer3_gsr_unit/prefix_override:/home/jj/wearable-biosensors-ros2/install/shimmer3_gsr_unit/lib/python3.10/site-packages:${PYTHONPATH} /usr/bin/python3 -W ignore:setup.py install is deprecated setup.py develop --editable --build-directory /home/jj/wearable-biosensors-ros2/build/shimmer3_gsr_unit/build --no-deps symlink_data
[12.490s] /usr/lib/python3/dist-packages/setuptools/dist.py:723: UserWarning: Usage of dash-separated 'script-dir' will not be supported in future versions. Please use the underscore name 'script_dir' instead
[12.493s]   warnings.warn(
[13.439s] running develop
[13.446s] /usr/lib/python3/dist-packages/setuptools/command/easy_install.py:158: EasyInstallDeprecationWarning: easy_install command is deprecated. Use build and pip and other standards-based tools.
[13.469s]   warnings.warn(
[15.773s] running egg_info
[15.774s] writing shimmer3_gsr_unit.egg-info/PKG-INFO
[15.776s] writing dependency_links to shimmer3_gsr_unit.egg-info/dependency_links.txt
[15.779s] writing entry points to shimmer3_gsr_unit.egg-info/entry_points.txt
[15.783s] writing requirements to shimmer3_gsr_unit.egg-info/requires.txt
[15.784s] writing top-level names to shimmer3_gsr_unit.egg-info/top_level.txt
[15.803s] reading manifest file 'shimmer3_gsr_unit.egg-info/SOURCES.txt'
[15.811s] writing manifest file 'shimmer3_gsr_unit.egg-info/SOURCES.txt'
[15.820s] running build_ext
[15.834s] Creating /home/jj/wearable-biosensors-ros2/install/shimmer3_gsr_unit/lib/python3.10/site-packages/shimmer3-gsr-unit.egg-link (link to .)
[15.837s] Installing shimmer_gsr_ppg_node script to /home/jj/wearable-biosensors-ros2/install/shimmer3_gsr_unit/lib/shimmer3_gsr_unit
[15.840s] 
[15.840s] Installed /home/jj/wearable-biosensors-ros2/build/shimmer3_gsr_unit
[15.841s] running symlink_data
[17.360s] Invoked command in '/home/jj/wearable-biosensors-ros2/build/shimmer3_gsr_unit' returned '0': PYTHONPATH=/home/jj/wearable-biosensors-ros2/build/shimmer3_gsr_unit/prefix_override:/home/jj/wearable-biosensors-ros2/install/shimmer3_gsr_unit/lib/python3.10/site-packages:${PYTHONPATH} /usr/bin/python3 -W ignore:setup.py install is deprecated setup.py develop --editable --build-directory /home/jj/wearable-biosensors-ros2/build/shimmer3_gsr_unit/build --no-deps symlink_data
