[16.541s] Invoking command in '/home/jj/wearable-biosensors-ros2/build/emotiv_insight': PYTHONPATH=/home/jj/wearable-biosensors-ros2/build/emotiv_insight/prefix_override:/home/jj/wearable-biosensors-ros2/install/emotiv_insight/lib/python3.10/site-packages:${PYTHONPATH} /usr/bin/python3 -W ignore:setup.py install is deprecated setup.py develop --editable --build-directory /home/jj/wearable-biosensors-ros2/build/emotiv_insight/build --no-deps symlink_data
[22.154s] /usr/lib/python3/dist-packages/setuptools/dist.py:723: UserWarning: Usage of dash-separated 'script-dir' will not be supported in future versions. Please use the underscore name 'script_dir' instead
[22.155s]   warnings.warn(
[22.851s] running develop
[22.864s] /usr/lib/python3/dist-packages/setuptools/command/easy_install.py:158: EasyInstallDeprecationWarning: easy_install command is deprecated. Use build and pip and other standards-based tools.
[22.864s]   warnings.warn(
[28.223s] running egg_info
[28.238s] writing emotiv_insight.egg-info/PKG-INFO
[28.249s] writing dependency_links to emotiv_insight.egg-info/dependency_links.txt
[28.263s] writing entry points to emotiv_insight.egg-info/entry_points.txt
[28.264s] writing requirements to emotiv_insight.egg-info/requires.txt
[28.265s] writing top-level names to emotiv_insight.egg-info/top_level.txt
[28.295s] reading manifest file 'emotiv_insight.egg-info/SOURCES.txt'
[28.320s] writing manifest file 'emotiv_insight.egg-info/SOURCES.txt'
[28.376s] running build_ext
[28.380s] Creating /home/jj/wearable-biosensors-ros2/install/emotiv_insight/lib/python3.10/site-packages/emotiv-insight.egg-link (link to .)
[28.396s] Installing emotiv_insight_node script to /home/jj/wearable-biosensors-ros2/install/emotiv_insight/lib/emotiv_insight
[28.403s] 
[28.408s] Installed /home/jj/wearable-biosensors-ros2/build/emotiv_insight
[28.409s] running symlink_data
[32.211s] Invoked command in '/home/jj/wearable-biosensors-ros2/build/emotiv_insight' returned '0': PYTHONPATH=/home/jj/wearable-biosensors-ros2/build/emotiv_insight/prefix_override:/home/jj/wearable-biosensors-ros2/install/emotiv_insight/lib/python3.10/site-packages:${PYTHONPATH} /usr/bin/python3 -W ignore:setup.py install is deprecated setup.py develop --editable --build-directory /home/jj/wearable-biosensors-ros2/build/emotiv_insight/build --no-deps symlink_data
