[11.309s] Invoking command in '/home/jj/wearable-biosensors-ros2/build/empatica_e4': PYTHONPATH=/home/jj/wearable-biosensors-ros2/build/empatica_e4/prefix_override:/home/jj/wearable-biosensors-ros2/install/empatica_e4/lib/python3.10/site-packages:${PYTHONPATH} /usr/bin/python3 -W ignore:setup.py install is deprecated setup.py develop --editable --build-directory /home/jj/wearable-biosensors-ros2/build/empatica_e4/build --no-deps symlink_data
[14.673s] /usr/lib/python3/dist-packages/setuptools/dist.py:723: UserWarning: Usage of dash-separated 'script-dir' will not be supported in future versions. Please use the underscore name 'script_dir' instead
[14.673s]   warnings.warn(
[15.213s] running develop
[15.228s] /usr/lib/python3/dist-packages/setuptools/command/easy_install.py:158: EasyInstallDeprecationWarning: easy_install command is deprecated. Use build and pip and other standards-based tools.
[15.228s]   warnings.warn(
[19.881s] running egg_info
[19.882s] writing empatica_e4.egg-info/PKG-INFO
[19.899s] writing dependency_links to empatica_e4.egg-info/dependency_links.txt
[19.901s] writing entry points to empatica_e4.egg-info/entry_points.txt
[19.915s] writing requirements to empatica_e4.egg-info/requires.txt
[19.916s] writing top-level names to empatica_e4.egg-info/top_level.txt
[19.981s] reading manifest file 'empatica_e4.egg-info/SOURCES.txt'
[19.993s] writing manifest file 'empatica_e4.egg-info/SOURCES.txt'
[20.006s] running build_ext
[20.014s] Creating /home/jj/wearable-biosensors-ros2/install/empatica_e4/lib/python3.10/site-packages/empatica-e4.egg-link (link to .)
[20.021s] Installing empatica_e4_node script to /home/jj/wearable-biosensors-ros2/install/empatica_e4/lib/empatica_e4
[20.025s] 
[20.037s] Installed /home/jj/wearable-biosensors-ros2/build/empatica_e4
[20.063s] running symlink_data
[20.572s] Invoked command in '/home/jj/wearable-biosensors-ros2/build/empatica_e4' returned '0': PYTHONPATH=/home/jj/wearable-biosensors-ros2/build/empatica_e4/prefix_override:/home/jj/wearable-biosensors-ros2/install/empatica_e4/lib/python3.10/site-packages:${PYTHONPATH} /usr/bin/python3 -W ignore:setup.py install is deprecated setup.py develop --editable --build-directory /home/jj/wearable-biosensors-ros2/build/empatica_e4/build --no-deps symlink_data
