[0.166s] Invoking command in '/home/jj/wearable-biosensors-ros2/build/cdcl_umd_msgs': CMAKE_PREFIX_PATH=/opt/ros/humble /usr/bin/cmake --build /home/jj/wearable-biosensors-ros2/build/cdcl_umd_msgs -- -j4 -l4
[4.227s] [31mCMake Error at /opt/ros/humble/share/rosidl_adapter/cmake/rosidl_adapt_interfaces.cmake:59 (message):
[4.229s]   execute_process(/usr/bin/python3 -m rosidl_adapter --package-name
[4.233s]   cdcl_umd_msgs --arguments-file
[4.242s]   /home/jj/wearable-biosensors-ros2/build/cdcl_umd_msgs/rosidl_adapter__arguments__cdcl_umd_msgs.json
[4.253s]   --output-dir
[4.259s]   /home/jj/wearable-biosensors-ros2/build/cdcl_umd_msgs/rosidl_adapter/cdcl_umd_msgs
[4.260s]   --output-file
[4.262s]   /home/jj/wearable-biosensors-ros2/build/cdcl_umd_msgs/rosidl_adapter/cdcl_umd_msgs.idls)
[4.264s]   returned error code 1:
[4.265s] 
[4.266s]   KeyError processing template 'struct.idl.em': 'time'
[4.268s] 
[4.270s] Call Stack (most recent call first):
[4.271s]   /opt/ros/humble/share/rosidl_cmake/cmake/rosidl_generate_interfaces.cmake:130 (rosidl_adapt_interfaces)
[4.272s]   CMakeLists.txt:14 (rosidl_generate_interfaces)
[4.274s] 
[4.275s] [0m
[4.275s] gmake: *** [Makefile:747: cmake_check_build_system] Error 1
[4.276s] -- Found ament_cmake: 1.3.9 (/opt/ros/humble/share/ament_cmake/cmake)
[4.276s] -- Override CMake install command with custom implementation using symlinks instead of copying resources
[4.277s] -- Found rosidl_default_generators: 1.2.0 (/opt/ros/humble/share/rosidl_default_generators/cmake)
[4.278s] -- Using all available rosidl_typesupport_c: rosidl_typesupport_fastrtps_c;rosidl_typesupport_introspection_c
[4.279s] -- Found rosidl_adapter: 3.1.5 (/opt/ros/humble/share/rosidl_adapter/cmake)
[4.279s] -- Using all available rosidl_typesupport_cpp: rosidl_typesupport_fastrtps_cpp;rosidl_typesupport_introspection_cpp
[4.280s] -- Found std_msgs: 4.2.4 (/opt/ros/humble/share/std_msgs/cmake)
[4.281s] -- Configuring incomplete, errors occurred!
[4.282s] See also "/home/jj/wearable-biosensors-ros2/build/cdcl_umd_msgs/CMakeFiles/CMakeOutput.log".
[5.770s] Invoked command in '/home/jj/wearable-biosensors-ros2/build/cdcl_umd_msgs' returned '2': CMAKE_PREFIX_PATH=/opt/ros/humble /usr/bin/cmake --build /home/jj/wearable-biosensors-ros2/build/cdcl_umd_msgs -- -j4 -l4
