[8.479s] Invoking command in '/home/jj/wearable-biosensors-ros2/build/emotiv_insight': PYTHONPATH=/home/jj/wearable-biosensors-ros2/build/emotiv_insight/prefix_override:/home/jj/wearable-biosensors-ros2/install/emotiv_insight/lib/python3.10/site-packages:${PYTHONPATH} /usr/bin/python3 -W ignore:setup.py install is deprecated setup.py develop --editable --build-directory /home/jj/wearable-biosensors-ros2/build/emotiv_insight/build --no-deps symlink_data
[10.322s] /usr/lib/python3/dist-packages/setuptools/dist.py:723: UserWarning: Usage of dash-separated 'script-dir' will not be supported in future versions. Please use the underscore name 'script_dir' instead
[10.323s]   warnings.warn(
[10.594s] running develop
[10.597s] /usr/lib/python3/dist-packages/setuptools/command/easy_install.py:158: EasyInstallDeprecationWarning: easy_install command is deprecated. Use build and pip and other standards-based tools.
[10.598s]   warnings.warn(
[12.202s] running egg_info
[12.205s] creating emotiv_insight.egg-info
[12.206s] writing emotiv_insight.egg-info/PKG-INFO
[12.207s] writing dependency_links to emotiv_insight.egg-info/dependency_links.txt
[12.210s] writing entry points to emotiv_insight.egg-info/entry_points.txt
[12.213s] writing requirements to emotiv_insight.egg-info/requires.txt
[12.214s] writing top-level names to emotiv_insight.egg-info/top_level.txt
[12.215s] writing manifest file 'emotiv_insight.egg-info/SOURCES.txt'
[12.220s] reading manifest file 'emotiv_insight.egg-info/SOURCES.txt'
[12.223s] writing manifest file 'emotiv_insight.egg-info/SOURCES.txt'
[12.233s] running build_ext
[12.234s] Creating /home/jj/wearable-biosensors-ros2/install/emotiv_insight/lib/python3.10/site-packages/emotiv-insight.egg-link (link to .)
[12.238s] Installing emotiv_insight_node script to /home/jj/wearable-biosensors-ros2/install/emotiv_insight/lib/emotiv_insight
[12.241s] 
[12.242s] Installed /home/jj/wearable-biosensors-ros2/build/emotiv_insight
[12.248s] running symlink_data
[12.252s] creating /home/jj/wearable-biosensors-ros2/install/emotiv_insight/share/ament_index
[12.253s] creating /home/jj/wearable-biosensors-ros2/install/emotiv_insight/share/ament_index/resource_index
[12.254s] creating /home/jj/wearable-biosensors-ros2/install/emotiv_insight/share/ament_index/resource_index/packages
[12.259s] symbolically linking /home/jj/wearable-biosensors-ros2/build/emotiv_insight/resource/emotiv_insight -> /home/jj/wearable-biosensors-ros2/install/emotiv_insight/share/ament_index/resource_index/packages
[12.260s] symbolically linking /home/jj/wearable-biosensors-ros2/build/emotiv_insight/package.xml -> /home/jj/wearable-biosensors-ros2/install/emotiv_insight/share/emotiv_insight
[12.277s] symbolically linking /home/jj/wearable-biosensors-ros2/build/emotiv_insight/launch/ros2-emotiv_insight.launch.py -> /home/jj/wearable-biosensors-ros2/install/emotiv_insight/share/emotiv_insight
[13.879s] Invoked command in '/home/jj/wearable-biosensors-ros2/build/emotiv_insight' returned '0': PYTHONPATH=/home/jj/wearable-biosensors-ros2/build/emotiv_insight/prefix_override:/home/jj/wearable-biosensors-ros2/install/emotiv_insight/lib/python3.10/site-packages:${PYTHONPATH} /usr/bin/python3 -W ignore:setup.py install is deprecated setup.py develop --editable --build-directory /home/jj/wearable-biosensors-ros2/build/emotiv_insight/build --no-deps symlink_data
