[10.713s] Invoking command in '/home/jj/wearable-biosensors-ros2/build/emotiv_insight': PYTHONPATH=/home/jj/wearable-biosensors-ros2/build/emotiv_insight/prefix_override:/home/jj/wearable-biosensors-ros2/install/emotiv_insight/lib/python3.10/site-packages:${PYTHONPATH} /usr/bin/python3 -W ignore:setup.py install is deprecated setup.py develop --editable --build-directory /home/jj/wearable-biosensors-ros2/build/emotiv_insight/build --no-deps symlink_data
[14.468s] /usr/lib/python3/dist-packages/setuptools/dist.py:723: UserWarning: Usage of dash-separated 'script-dir' will not be supported in future versions. Please use the underscore name 'script_dir' instead
[14.469s]   warnings.warn(
[15.279s] running develop
[15.296s] /usr/lib/python3/dist-packages/setuptools/command/easy_install.py:158: EasyInstallDeprecationWarning: easy_install command is deprecated. Use build and pip and other standards-based tools.
[15.300s]   warnings.warn(
[19.197s] running egg_info
[19.203s] writing emotiv_insight.egg-info/PKG-INFO
[19.204s] writing dependency_links to emotiv_insight.egg-info/dependency_links.txt
[19.205s] writing entry points to emotiv_insight.egg-info/entry_points.txt
[19.216s] writing requirements to emotiv_insight.egg-info/requires.txt
[19.217s] writing top-level names to emotiv_insight.egg-info/top_level.txt
[19.232s] reading manifest file 'emotiv_insight.egg-info/SOURCES.txt'
[19.250s] writing manifest file 'emotiv_insight.egg-info/SOURCES.txt'
[19.261s] running build_ext
[19.284s] Creating /home/jj/wearable-biosensors-ros2/install/emotiv_insight/lib/python3.10/site-packages/emotiv-insight.egg-link (link to .)
[19.305s] Installing emotiv_insight_node script to /home/jj/wearable-biosensors-ros2/install/emotiv_insight/lib/emotiv_insight
[19.317s] 
[19.318s] Installed /home/jj/wearable-biosensors-ros2/build/emotiv_insight
[19.320s] running symlink_data
[19.785s] Invoked command in '/home/jj/wearable-biosensors-ros2/build/emotiv_insight' returned '0': PYTHONPATH=/home/jj/wearable-biosensors-ros2/build/emotiv_insight/prefix_override:/home/jj/wearable-biosensors-ros2/install/emotiv_insight/lib/python3.10/site-packages:${PYTHONPATH} /usr/bin/python3 -W ignore:setup.py install is deprecated setup.py develop --editable --build-directory /home/jj/wearable-biosensors-ros2/build/emotiv_insight/build --no-deps symlink_data
