[9.994s] Invoking command in '/home/jj/wearable-biosensors-ros2/build/emotiv_insight': PYTHONPATH=/home/jj/wearable-biosensors-ros2/build/emotiv_insight/prefix_override:/home/jj/wearable-biosensors-ros2/install/emotiv_insight/lib/python3.10/site-packages:${PYTHONPATH} /usr/bin/python3 -W ignore:setup.py install is deprecated setup.py develop --editable --build-directory /home/jj/wearable-biosensors-ros2/build/emotiv_insight/build --no-deps symlink_data
[12.409s] /usr/lib/python3/dist-packages/setuptools/dist.py:723: UserWarning: Usage of dash-separated 'script-dir' will not be supported in future versions. Please use the underscore name 'script_dir' instead
[12.412s]   warnings.warn(
[12.860s] running develop
[12.874s] /usr/lib/python3/dist-packages/setuptools/command/easy_install.py:158: EasyInstallDeprecationWarning: easy_install command is deprecated. Use build and pip and other standards-based tools.
[12.887s]   warnings.warn(
[15.196s] running egg_info
[15.199s] writing emotiv_insight.egg-info/PKG-INFO
[15.202s] writing dependency_links to emotiv_insight.egg-info/dependency_links.txt
[15.205s] writing entry points to emotiv_insight.egg-info/entry_points.txt
[15.208s] writing requirements to emotiv_insight.egg-info/requires.txt
[15.210s] writing top-level names to emotiv_insight.egg-info/top_level.txt
[15.244s] reading manifest file 'emotiv_insight.egg-info/SOURCES.txt'
[15.253s] writing manifest file 'emotiv_insight.egg-info/SOURCES.txt'
[15.267s] running build_ext
[15.270s] Creating /home/jj/wearable-biosensors-ros2/install/emotiv_insight/lib/python3.10/site-packages/emotiv-insight.egg-link (link to .)
[15.280s] Installing emotiv_insight_node script to /home/jj/wearable-biosensors-ros2/install/emotiv_insight/lib/emotiv_insight
[15.283s] 
[15.284s] Installed /home/jj/wearable-biosensors-ros2/build/emotiv_insight
[15.286s] running symlink_data
[15.672s] Invoked command in '/home/jj/wearable-biosensors-ros2/build/emotiv_insight' returned '0': PYTHONPATH=/home/jj/wearable-biosensors-ros2/build/emotiv_insight/prefix_override:/home/jj/wearable-biosensors-ros2/install/emotiv_insight/lib/python3.10/site-packages:${PYTHONPATH} /usr/bin/python3 -W ignore:setup.py install is deprecated setup.py develop --editable --build-directory /home/jj/wearable-biosensors-ros2/build/emotiv_insight/build --no-deps symlink_data
