[3.301s] Invoking command in '/home/jj/wearable-biosensors-ros2/src/cdcl_umd_msgs': PYTHONPATH=/home/jj/wearable-biosensors-ros2/build/cdcl_umd_msgs/prefix_override:/home/jj/wearable-biosensors-ros2/install/cdcl_umd_msgs/lib/python3.10/site-packages:${PYTHONPATH} /usr/bin/python3 -W ignore:setup.py install is deprecated setup.py egg_info --egg-base ../../build/cdcl_umd_msgs build --build-base /home/jj/wearable-biosensors-ros2/build/cdcl_umd_msgs/build install --record /home/jj/wearable-biosensors-ros2/build/cdcl_umd_msgs/install.log --single-version-externally-managed install_data
[4.598s] running egg_info
[4.601s] creating ../../build/cdcl_umd_msgs/cdcl_umd_msgs.egg-info
[4.602s] writing ../../build/cdcl_umd_msgs/cdcl_umd_msgs.egg-info/PKG-INFO
[4.604s] writing dependency_links to ../../build/cdcl_umd_msgs/cdcl_umd_msgs.egg-info/dependency_links.txt
[4.604s] writing entry points to ../../build/cdcl_umd_msgs/cdcl_umd_msgs.egg-info/entry_points.txt
[4.605s] writing requirements to ../../build/cdcl_umd_msgs/cdcl_umd_msgs.egg-info/requires.txt
[4.606s] writing top-level names to ../../build/cdcl_umd_msgs/cdcl_umd_msgs.egg-info/top_level.txt
[4.607s] writing manifest file '../../build/cdcl_umd_msgs/cdcl_umd_msgs.egg-info/SOURCES.txt'
[4.614s] reading manifest file '../../build/cdcl_umd_msgs/cdcl_umd_msgs.egg-info/SOURCES.txt'
[4.618s] writing manifest file '../../build/cdcl_umd_msgs/cdcl_umd_msgs.egg-info/SOURCES.txt'
[4.619s] running build
[4.619s] running build_py
[4.620s] creating /home/jj/wearable-biosensors-ros2/build/cdcl_umd_msgs/build
[4.620s] creating /home/jj/wearable-biosensors-ros2/build/cdcl_umd_msgs/build/lib
[4.621s] creating /home/jj/wearable-biosensors-ros2/build/cdcl_umd_msgs/build/lib/cdcl_umd_msgs
[4.622s] copying cdcl_umd_msgs/__init__.py -> /home/jj/wearable-biosensors-ros2/build/cdcl_umd_msgs/build/lib/cdcl_umd_msgs
[4.622s] running install
[4.623s] running install_lib
[4.627s] creating /home/jj/wearable-biosensors-ros2/install/cdcl_umd_msgs/lib/python3.10/site-packages/cdcl_umd_msgs
[4.627s] copying /home/jj/wearable-biosensors-ros2/build/cdcl_umd_msgs/build/lib/cdcl_umd_msgs/__init__.py -> /home/jj/wearable-biosensors-ros2/install/cdcl_umd_msgs/lib/python3.10/site-packages/cdcl_umd_msgs
[4.630s] byte-compiling /home/jj/wearable-biosensors-ros2/install/cdcl_umd_msgs/lib/python3.10/site-packages/cdcl_umd_msgs/__init__.py to __init__.cpython-310.pyc
[4.632s] running install_data
[4.632s] creating /home/jj/wearable-biosensors-ros2/install/cdcl_umd_msgs/share/ament_index
[4.633s] creating /home/jj/wearable-biosensors-ros2/install/cdcl_umd_msgs/share/ament_index/resource_index
[4.633s] creating /home/jj/wearable-biosensors-ros2/install/cdcl_umd_msgs/share/ament_index/resource_index/packages
[4.634s] copying resource/cdcl_umd_msgs -> /home/jj/wearable-biosensors-ros2/install/cdcl_umd_msgs/share/ament_index/resource_index/packages
[4.634s] copying package.xml -> /home/jj/wearable-biosensors-ros2/install/cdcl_umd_msgs/share/cdcl_umd_msgs
[4.635s] running install_egg_info
[4.643s] Copying ../../build/cdcl_umd_msgs/cdcl_umd_msgs.egg-info to /home/jj/wearable-biosensors-ros2/install/cdcl_umd_msgs/lib/python3.10/site-packages/cdcl_umd_msgs-0.0.0-py3.10.egg-info
[4.649s] running install_scripts
[4.744s] writing list of installed files to '/home/jj/wearable-biosensors-ros2/build/cdcl_umd_msgs/install.log'
[4.871s] Invoked command in '/home/jj/wearable-biosensors-ros2/src/cdcl_umd_msgs' returned '0': PYTHONPATH=/home/jj/wearable-biosensors-ros2/build/cdcl_umd_msgs/prefix_override:/home/jj/wearable-biosensors-ros2/install/cdcl_umd_msgs/lib/python3.10/site-packages:${PYTHONPATH} /usr/bin/python3 -W ignore:setup.py install is deprecated setup.py egg_info --egg-base ../../build/cdcl_umd_msgs build --build-base /home/jj/wearable-biosensors-ros2/build/cdcl_umd_msgs/build install --record /home/jj/wearable-biosensors-ros2/build/cdcl_umd_msgs/install.log --single-version-externally-managed install_data
