-- The C compiler identification is GNU 11.4.0
-- The CXX compiler identification is GNU 11.4.0
-- Detecting C compiler ABI info
-- Detecting C compiler ABI info - done
-- Check for working C compiler: /usr/bin/cc - skipped
-- Detecting C compile features
-- Detecting C compile features - done
-- Detecting CXX compiler ABI info
-- Detecting CXX compiler ABI info - done
-- Check for working CXX compiler: /usr/bin/c++ - skipped
-- Detecting CXX compile features
-- Detecting CXX compile features - done
-- Found ament_cmake: 1.3.9 (/opt/ros/humble/share/ament_cmake/cmake)
-- Found Python3: /usr/bin/python3 (found version "3.10.12") found components: Interpreter 
-- Configuring done
-- Generating done
-- Build files have been written to: /home/jj/wearable-biosensors-ros2/build/shared_queues_vendor
[  6%] [34m[1mCreating directories for 'ext-singleproducerconsumer'[0m
[ 12%] [34m[1mPerforming download step (download, verify and extract) for 'ext-singleproducerconsumer'[0m
-- Downloading...
   dst='/home/jj/wearable-biosensors-ros2/build/shared_queues_vendor/download/ef7dfbf553288064347d51b8ac335f1ca489032a.zip'
   timeout='60 seconds'
   inactivity timeout='none'
-- Using src='https://github.com/cameron314/readerwriterqueue/archive/ef7dfbf553288064347d51b8ac335f1ca489032a.zip'
-- verifying file...
       file='/home/jj/wearable-biosensors-ros2/build/shared_queues_vendor/download/ef7dfbf553288064347d51b8ac335f1ca489032a.zip'
-- Downloading... done
-- extracting...
     src='/home/jj/wearable-biosensors-ros2/build/shared_queues_vendor/download/ef7dfbf553288064347d51b8ac335f1ca489032a.zip'
     dst='/home/jj/wearable-biosensors-ros2/build/shared_queues_vendor/singleproducerconsumer/src/ext-singleproducerconsumer'
-- extracting... [tar xfz]
-- extracting... [analysis]
-- extracting... [rename]
-- extracting... [clean up]
-- extracting... done
[ 18%] [34m[1mNo update step for 'ext-singleproducerconsumer'[0m
[ 25%] [34m[1mNo patch step for 'ext-singleproducerconsumer'[0m
[ 31%] [34m[1mNo configure step for 'ext-singleproducerconsumer'[0m
[ 37%] [34m[1mNo build step for 'ext-singleproducerconsumer'[0m
[ 43%] [34m[1mNo install step for 'ext-singleproducerconsumer'[0m
[ 50%] [34m[1mCompleted 'ext-singleproducerconsumer'[0m
[ 50%] Built target ext-singleproducerconsumer
[ 56%] [34m[1mCreating directories for 'ext-concurrentqueue'[0m
[ 62%] [34m[1mPerforming download step (download, verify and extract) for 'ext-concurrentqueue'[0m
-- Downloading...
   dst='/home/jj/wearable-biosensors-ros2/build/shared_queues_vendor/download/8f65a8734d77c3cc00d74c0532efca872931d3ce.zip'
   timeout='60 seconds'
   inactivity timeout='none'
-- Using src='https://github.com/cameron314/concurrentqueue/archive/8f65a8734d77c3cc00d74c0532efca872931d3ce.zip'
-- verifying file...
       file='/home/jj/wearable-biosensors-ros2/build/shared_queues_vendor/download/8f65a8734d77c3cc00d74c0532efca872931d3ce.zip'
-- Downloading... done
-- extracting...
     src='/home/jj/wearable-biosensors-ros2/build/shared_queues_vendor/download/8f65a8734d77c3cc00d74c0532efca872931d3ce.zip'
     dst='/home/jj/wearable-biosensors-ros2/build/shared_queues_vendor/concurrentqueue/src/ext-concurrentqueue'
-- extracting... [tar xfz]
-- extracting... [analysis]
-- extracting... [rename]
-- extracting... [clean up]
-- extracting... done
[ 68%] [34m[1mNo update step for 'ext-concurrentqueue'[0m
[ 75%] [34m[1mNo patch step for 'ext-concurrentqueue'[0m
[ 81%] [34m[1mNo configure step for 'ext-concurrentqueue'[0m
[ 87%] [34m[1mNo build step for 'ext-concurrentqueue'[0m
[ 93%] [34m[1mNo install step for 'ext-concurrentqueue'[0m
[100%] [34m[1mCompleted 'ext-concurrentqueue'[0m
[100%] Built target ext-concurrentqueue
-- Install configuration: ""
-- Installing: /home/jj/wearable-biosensors-ros2/install/shared_queues_vendor/include/moodycamel/atomicops.h
-- Installing: /home/jj/wearable-biosensors-ros2/install/shared_queues_vendor/include/moodycamel/readerwriterqueue.h
-- Installing: /home/jj/wearable-biosensors-ros2/install/shared_queues_vendor/include/moodycamel/concurrentqueue.h
-- Installing: /home/jj/wearable-biosensors-ros2/install/shared_queues_vendor/include/moodycamel/blockingconcurrentqueue.h
-- Installing: /home/jj/wearable-biosensors-ros2/install/shared_queues_vendor/share/ament_index/resource_index/package_run_dependencies/shared_queues_vendor
-- Installing: /home/jj/wearable-biosensors-ros2/install/shared_queues_vendor/share/ament_index/resource_index/parent_prefix_path/shared_queues_vendor
-- Installing: /home/jj/wearable-biosensors-ros2/install/shared_queues_vendor/share/shared_queues_vendor/environment/ament_prefix_path.sh
-- Installing: /home/jj/wearable-biosensors-ros2/install/shared_queues_vendor/share/shared_queues_vendor/environment/ament_prefix_path.dsv
-- Installing: /home/jj/wearable-biosensors-ros2/install/shared_queues_vendor/share/shared_queues_vendor/environment/path.sh
-- Installing: /home/jj/wearable-biosensors-ros2/install/shared_queues_vendor/share/shared_queues_vendor/environment/path.dsv
-- Installing: /home/jj/wearable-biosensors-ros2/install/shared_queues_vendor/share/shared_queues_vendor/local_setup.bash
-- Installing: /home/jj/wearable-biosensors-ros2/install/shared_queues_vendor/share/shared_queues_vendor/local_setup.sh
-- Installing: /home/jj/wearable-biosensors-ros2/install/shared_queues_vendor/share/shared_queues_vendor/local_setup.zsh
-- Installing: /home/jj/wearable-biosensors-ros2/install/shared_queues_vendor/share/shared_queues_vendor/local_setup.dsv
-- Installing: /home/jj/wearable-biosensors-ros2/install/shared_queues_vendor/share/shared_queues_vendor/package.dsv
-- Installing: /home/jj/wearable-biosensors-ros2/install/shared_queues_vendor/share/ament_index/resource_index/packages/shared_queues_vendor
-- Installing: /home/jj/wearable-biosensors-ros2/install/shared_queues_vendor/share/shared_queues_vendor/cmake/export_shared_queues_vendorExport.cmake
-- Installing: /home/jj/wearable-biosensors-ros2/install/shared_queues_vendor/share/shared_queues_vendor/cmake/ament_cmake_export_include_directories-extras.cmake
-- Installing: /home/jj/wearable-biosensors-ros2/install/shared_queues_vendor/share/shared_queues_vendor/cmake/ament_cmake_export_targets-extras.cmake
-- Installing: /home/jj/wearable-biosensors-ros2/install/shared_queues_vendor/share/shared_queues_vendor/cmake/shared_queues_vendorConfig.cmake
-- Installing: /home/jj/wearable-biosensors-ros2/install/shared_queues_vendor/share/shared_queues_vendor/cmake/shared_queues_vendorConfig-version.cmake
-- Installing: /home/jj/wearable-biosensors-ros2/install/shared_queues_vendor/share/shared_queues_vendor/package.xml
