[0.180s] Invoking command in '/home/jj/wearable-biosensors-ros2/build/cdcl_umd_msgs': CMAKE_PREFIX_PATH=/opt/ros/humble /usr/bin/cmake --build /home/jj/wearable-biosensors-ros2/build/cdcl_umd_msgs -- -j4 -l4
[3.901s] gmake: Warning: File 'Makefile' has modification time 1951 s in the future
[3.901s] gmake[1]: Warning: File 'CMakeFiles/Makefile2' has modification time 1952 s in the future
[3.903s] gmake[2]: Warning: File 'CMakeFiles/ament_cmake_python_symlink_cdcl_umd_msgs.dir/progress.make' has modification time 1951 s in the future
[3.906s] gmake[2]: Warning: File 'CMakeFiles/cdcl_umd_msgs__rosidl_generator_c.dir/progress.make' has modification time 1951 s in the future
[3.908s] gmake[2]: Warning: File 'CMakeFiles/cdcl_umd_msgs__cpp.dir/progress.make' has modification time 1951 s in the future
[3.911s] gmake[2]: warning:  Clock skew detected.  Your build may be incomplete.
[3.913s] gmake[2]: warning:  Clock skew detected.  Your build may be incomplete.
[3.916s] gmake[2]: warning:  Clock skew detected.  Your build may be incomplete.
[3.917s] gmake[2]: Warning: File 'CMakeFiles/ament_cmake_python_symlink_cdcl_umd_msgs.dir/progress.make' has modification time 1951 s in the future
[3.919s] gmake[2]: Warning: File 'CMakeFiles/cdcl_umd_msgs__rosidl_generator_c.dir/progress.make' has modification time 1951 s in the future
[3.924s] gmake[2]: Warning: File 'CMakeFiles/cdcl_umd_msgs__cpp.dir/progress.make' has modification time 1951 s in the future
[3.924s] gmake[2]: warning:  Clock skew detected.  Your build may be incomplete.
[3.925s] gmake[2]: warning:  Clock skew detected.  Your build may be incomplete.
[3.926s] gmake[2]: warning:  Clock skew detected.  Your build may be incomplete.
[3.927s] gmake[2]: Warning: File 'CMakeFiles/cdcl_umd_msgs__rosidl_typesupport_fastrtps_cpp.dir/progress.make' has modification time 1951 s in the future
[3.928s] gmake[2]: Warning: File 'CMakeFiles/cdcl_umd_msgs__rosidl_typesupport_introspection_cpp.dir/progress.make' has modification time 1951 s in the future
[3.928s] gmake[2]: Warning: File 'CMakeFiles/cdcl_umd_msgs__rosidl_typesupport_cpp.dir/progress.make' has modification time 1951 s in the future
[3.938s] gmake[2]: Warning: File 'CMakeFiles/cdcl_umd_msgs__rosidl_typesupport_fastrtps_c.dir/progress.make' has modification time 1951 s in the future
[3.939s] gmake[2]: warning:  Clock skew detected.  Your build may be incomplete.
[3.939s] gmake[2]: warning:  Clock skew detected.  Your build may be incomplete.
[3.940s] gmake[2]: Warning: File 'CMakeFiles/cdcl_umd_msgs__rosidl_typesupport_fastrtps_cpp.dir/progress.make' has modification time 1951 s in the future
[3.941s] gmake[2]: Warning: File 'CMakeFiles/cdcl_umd_msgs__rosidl_typesupport_cpp.dir/progress.make' has modification time 1951 s in the future
[3.942s] gmake[2]: warning:  Clock skew detected.  Your build may be incomplete.
[3.943s] gmake[2]: warning:  Clock skew detected.  Your build may be incomplete.
[3.943s] gmake[2]: Warning: File 'CMakeFiles/cdcl_umd_msgs__rosidl_typesupport_introspection_cpp.dir/progress.make' has modification time 1951 s in the future
[3.944s] gmake[2]: Warning: File 'CMakeFiles/cdcl_umd_msgs__rosidl_typesupport_fastrtps_c.dir/progress.make' has modification time 1951 s in the future
[3.945s] gmake[2]: warning:  Clock skew detected.  Your build may be incomplete.
[3.946s] gmake[2]: warning:  Clock skew detected.  Your build may be incomplete.
[3.946s] gmake[2]: warning:  Clock skew detected.  Your build may be incomplete.
[3.947s] gmake[2]: warning:  Clock skew detected.  Your build may be incomplete.
[3.948s] gmake[2]: Warning: File 'CMakeFiles/ament_cmake_python_build_cdcl_umd_msgs_egg.dir/progress.make' has modification time 1951 s in the future
[3.950s] gmake[2]: Warning: File 'CMakeFiles/cdcl_umd_msgs__rosidl_typesupport_c.dir/progress.make' has modification time 1951 s in the future
[3.951s] gmake[2]: Warning: File 'CMakeFiles/cdcl_umd_msgs__rosidl_typesupport_introspection_c.dir/progress.make' has modification time 1951 s in the future
[3.951s] gmake[2]: warning:  Clock skew detected.  Your build may be incomplete.
[3.952s] gmake[2]: Warning: File 'CMakeFiles/ament_cmake_python_build_cdcl_umd_msgs_egg.dir/progress.make' has modification time 1951 s in the future
[3.953s] gmake[2]: warning:  Clock skew detected.  Your build may be incomplete.
[3.954s] gmake[2]: Warning: File 'CMakeFiles/cdcl_umd_msgs__rosidl_typesupport_introspection_c.dir/progress.make' has modification time 1951 s in the future
[3.956s] gmake[2]: warning:  Clock skew detected.  Your build may be incomplete.
[3.957s] gmake[2]: warning:  Clock skew detected.  Your build may be incomplete.
[3.957s] gmake[2]: Warning: File 'CMakeFiles/cdcl_umd_msgs__rosidl_typesupport_c.dir/progress.make' has modification time 1951 s in the future
[3.958s] gmake[2]: warning:  Clock skew detected.  Your build may be incomplete.
[3.958s] gmake[2]: Warning: File 'CMakeFiles/cdcl_umd_msgs.dir/progress.make' has modification time 1951 s in the future
[3.959s] gmake[2]: warning:  Clock skew detected.  Your build may be incomplete.
[3.959s] gmake[2]: Warning: File 'CMakeFiles/cdcl_umd_msgs.dir/progress.make' has modification time 1951 s in the future
[3.960s] gmake[2]: warning:  Clock skew detected.  Your build may be incomplete.
[3.960s] gmake[2]: Warning: File 'cdcl_umd_msgs__py/CMakeFiles/cdcl_umd_msgs__py.dir/progress.make' has modification time 1951 s in the future
[3.961s] gmake[2]: warning:  Clock skew detected.  Your build may be incomplete.
[3.961s] gmake[2]: Warning: File 'cdcl_umd_msgs__py/CMakeFiles/cdcl_umd_msgs__py.dir/progress.make' has modification time 1951 s in the future
[3.962s] gmake[2]: warning:  Clock skew detected.  Your build may be incomplete.
[3.962s] gmake[2]: Warning: File 'CMakeFiles/cdcl_umd_msgs__rosidl_generator_py.dir/progress.make' has modification time 1951 s in the future
[3.963s] gmake[2]: warning:  Clock skew detected.  Your build may be incomplete.
[3.963s] gmake[2]: Warning: File 'CMakeFiles/cdcl_umd_msgs__rosidl_generator_py.dir/progress.make' has modification time 1951 s in the future
[3.964s] gmake[2]: warning:  Clock skew detected.  Your build may be incomplete.
[3.964s] gmake[2]: Warning: File 'CMakeFiles/cdcl_umd_msgs__rosidl_typesupport_fastrtps_c__pyext.dir/progress.make' has modification time 1951 s in the future
[3.965s] gmake[2]: Warning: File 'CMakeFiles/cdcl_umd_msgs__rosidl_typesupport_c__pyext.dir/progress.make' has modification time 1950 s in the future
[3.965s] gmake[2]: Warning: File 'CMakeFiles/cdcl_umd_msgs__rosidl_typesupport_introspection_c__pyext.dir/progress.make' has modification time 1951 s in the future
[3.967s] gmake[2]: warning:  Clock skew detected.  Your build may be incomplete.
[3.967s] gmake[2]: Warning: File 'CMakeFiles/cdcl_umd_msgs__rosidl_typesupport_fastrtps_c__pyext.dir/progress.make' has modification time 1950 s in the future
[3.968s] gmake[2]: warning:  Clock skew detected.  Your build may be incomplete.
[3.969s] gmake[2]: warning:  Clock skew detected.  Your build may be incomplete.
[3.969s] gmake[2]: Warning: File 'CMakeFiles/cdcl_umd_msgs__rosidl_typesupport_introspection_c__pyext.dir/progress.make' has modification time 1950 s in the future
[3.970s] gmake[2]: warning:  Clock skew detected.  Your build may be incomplete.
[3.971s] gmake[2]: warning:  Clock skew detected.  Your build may be incomplete.
[3.971s] gmake[2]: Warning: File 'CMakeFiles/cdcl_umd_msgs__rosidl_typesupport_c__pyext.dir/progress.make' has modification time 1950 s in the future
[3.972s] gmake[2]: warning:  Clock skew detected.  Your build may be incomplete.
[3.972s] gmake[2]: warning:  Clock skew detected.  Your build may be incomplete.
[3.972s] gmake[1]: warning:  Clock skew detected.  Your build may be incomplete.
[3.973s] gmake: warning:  Clock skew detected.  Your build may be incomplete.
[3.973s] [  3%] Built target cdcl_umd_msgs__cpp
[3.974s] [ 12%] Built target cdcl_umd_msgs__rosidl_generator_c
[3.974s] [ 12%] Built target ament_cmake_python_symlink_cdcl_umd_msgs
[3.975s] [ 32%] Built target cdcl_umd_msgs__rosidl_typesupport_fastrtps_cpp
[3.975s] [ 32%] Built target cdcl_umd_msgs__rosidl_typesupport_cpp
[3.976s] [ 41%] Built target cdcl_umd_msgs__rosidl_typesupport_introspection_cpp
[3.976s] [ 51%] Built target cdcl_umd_msgs__rosidl_typesupport_fastrtps_c
[3.977s] [ 61%] Built target cdcl_umd_msgs__rosidl_typesupport_introspection_c
[3.978s] [ 70%] Built target cdcl_umd_msgs__rosidl_typesupport_c
[3.978s] [ 70%] Built target cdcl_umd_msgs
[3.979s] [ 74%] Built target cdcl_umd_msgs__py
[3.980s] [ 80%] Built target cdcl_umd_msgs__rosidl_generator_py
[3.980s] [ 87%] Built target cdcl_umd_msgs__rosidl_typesupport_fastrtps_c__pyext
[3.989s] [ 93%] Built target cdcl_umd_msgs__rosidl_typesupport_introspection_c__pyext
[3.990s] [100%] Built target cdcl_umd_msgs__rosidl_typesupport_c__pyext
[3.990s] running egg_info
[3.991s] writing cdcl_umd_msgs.egg-info/PKG-INFO
[3.993s] writing dependency_links to cdcl_umd_msgs.egg-info/dependency_links.txt
[3.994s] writing top-level names to cdcl_umd_msgs.egg-info/top_level.txt
[3.995s] reading manifest file 'cdcl_umd_msgs.egg-info/SOURCES.txt'
[3.996s] writing manifest file 'cdcl_umd_msgs.egg-info/SOURCES.txt'
[3.997s] [100%] Built target ament_cmake_python_build_cdcl_umd_msgs_egg
[3.998s] Invoked command in '/home/jj/wearable-biosensors-ros2/build/cdcl_umd_msgs' returned '0': CMAKE_PREFIX_PATH=/opt/ros/humble /usr/bin/cmake --build /home/jj/wearable-biosensors-ros2/build/cdcl_umd_msgs -- -j4 -l4
[5.868s] Invoking command in '/home/jj/wearable-biosensors-ros2/build/cdcl_umd_msgs': CMAKE_PREFIX_PATH=/opt/ros/humble /usr/bin/cmake --install /home/jj/wearable-biosensors-ros2/build/cdcl_umd_msgs
[5.935s] -- Install configuration: ""
[5.945s] -- Execute custom install script
[5.955s] -- Up-to-date symlink: /home/jj/wearable-biosensors-ros2/install/cdcl_umd_msgs/share/ament_index/resource_index/rosidl_interfaces/cdcl_umd_msgs
[5.973s] -- Up-to-date symlink: /home/jj/wearable-biosensors-ros2/install/cdcl_umd_msgs/include/cdcl_umd_msgs/cdcl_umd_msgs/msg/detail/vitals__functions.h
[5.977s] -- Up-to-date symlink: /home/jj/wearable-biosensors-ros2/install/cdcl_umd_msgs/include/cdcl_umd_msgs/cdcl_umd_msgs/msg/detail/vitals__struct.h
[5.980s] -- Up-to-date symlink: /home/jj/wearable-biosensors-ros2/install/cdcl_umd_msgs/include/cdcl_umd_msgs/cdcl_umd_msgs/msg/detail/vitals__type_support.h
[5.990s] -- Up-to-date symlink: /home/jj/wearable-biosensors-ros2/install/cdcl_umd_msgs/include/cdcl_umd_msgs/cdcl_umd_msgs/msg/rosidl_generator_c__visibility_control.h
[5.992s] -- Up-to-date symlink: /home/jj/wearable-biosensors-ros2/install/cdcl_umd_msgs/include/cdcl_umd_msgs/cdcl_umd_msgs/msg/vitals.h
[5.996s] -- Up-to-date symlink: /home/jj/wearable-biosensors-ros2/install/cdcl_umd_msgs/share/cdcl_umd_msgs/environment/library_path.sh
[5.999s] -- Up-to-date symlink: /home/jj/wearable-biosensors-ros2/install/cdcl_umd_msgs/share/cdcl_umd_msgs/environment/library_path.dsv
[6.005s] -- Up-to-date symlink: /home/jj/wearable-biosensors-ros2/install/cdcl_umd_msgs/include/cdcl_umd_msgs/cdcl_umd_msgs/msg/detail/vitals__rosidl_typesupport_fastrtps_c.h
[6.008s] -- Up-to-date symlink: /home/jj/wearable-biosensors-ros2/install/cdcl_umd_msgs/include/cdcl_umd_msgs/cdcl_umd_msgs/msg/rosidl_typesupport_fastrtps_c__visibility_control.h
[6.019s] -- Up-to-date symlink: /home/jj/wearable-biosensors-ros2/install/cdcl_umd_msgs/include/cdcl_umd_msgs/cdcl_umd_msgs/msg/detail/vitals__rosidl_typesupport_introspection_c.h
[6.019s] -- Up-to-date symlink: /home/jj/wearable-biosensors-ros2/install/cdcl_umd_msgs/include/cdcl_umd_msgs/cdcl_umd_msgs/msg/rosidl_typesupport_introspection_c__visibility_control.h
[6.025s] -- Up-to-date symlink: /home/jj/wearable-biosensors-ros2/install/cdcl_umd_msgs/include/cdcl_umd_msgs/cdcl_umd_msgs/msg/detail/vitals__builder.hpp
[6.027s] -- Up-to-date symlink: /home/jj/wearable-biosensors-ros2/install/cdcl_umd_msgs/include/cdcl_umd_msgs/cdcl_umd_msgs/msg/detail/vitals__struct.hpp
[6.035s] -- Up-to-date symlink: /home/jj/wearable-biosensors-ros2/install/cdcl_umd_msgs/include/cdcl_umd_msgs/cdcl_umd_msgs/msg/detail/vitals__traits.hpp
[6.037s] -- Up-to-date symlink: /home/jj/wearable-biosensors-ros2/install/cdcl_umd_msgs/include/cdcl_umd_msgs/cdcl_umd_msgs/msg/vitals.hpp
[6.046s] -- Up-to-date symlink: /home/jj/wearable-biosensors-ros2/install/cdcl_umd_msgs/include/cdcl_umd_msgs/cdcl_umd_msgs/msg/detail/vitals__rosidl_typesupport_fastrtps_cpp.hpp
[6.053s] -- Up-to-date symlink: /home/jj/wearable-biosensors-ros2/install/cdcl_umd_msgs/include/cdcl_umd_msgs/cdcl_umd_msgs/msg/rosidl_typesupport_fastrtps_cpp__visibility_control.h
[6.058s] -- Up-to-date symlink: /home/jj/wearable-biosensors-ros2/install/cdcl_umd_msgs/include/cdcl_umd_msgs/cdcl_umd_msgs/msg/detail/vitals__rosidl_typesupport_introspection_cpp.hpp
[6.063s] -- Up-to-date symlink: /home/jj/wearable-biosensors-ros2/install/cdcl_umd_msgs/share/cdcl_umd_msgs/environment/pythonpath.sh
[6.066s] -- Up-to-date symlink: /home/jj/wearable-biosensors-ros2/install/cdcl_umd_msgs/share/cdcl_umd_msgs/environment/pythonpath.dsv
[6.083s] -- Up-to-date symlink: /home/jj/wearable-biosensors-ros2/install/cdcl_umd_msgs/local/lib/python3.10/dist-packages/cdcl_umd_msgs-0.0.0-py3.10.egg-info/PKG-INFO
[6.086s] -- Up-to-date symlink: /home/jj/wearable-biosensors-ros2/install/cdcl_umd_msgs/local/lib/python3.10/dist-packages/cdcl_umd_msgs-0.0.0-py3.10.egg-info/SOURCES.txt
[6.089s] -- Up-to-date symlink: /home/jj/wearable-biosensors-ros2/install/cdcl_umd_msgs/local/lib/python3.10/dist-packages/cdcl_umd_msgs-0.0.0-py3.10.egg-info/dependency_links.txt
[6.094s] -- Up-to-date symlink: /home/jj/wearable-biosensors-ros2/install/cdcl_umd_msgs/local/lib/python3.10/dist-packages/cdcl_umd_msgs-0.0.0-py3.10.egg-info/top_level.txt
[6.106s] -- Up-to-date symlink: /home/jj/wearable-biosensors-ros2/install/cdcl_umd_msgs/local/lib/python3.10/dist-packages/cdcl_umd_msgs/__init__.py
[6.130s] -- Up-to-date symlink: /home/jj/wearable-biosensors-ros2/install/cdcl_umd_msgs/local/lib/python3.10/dist-packages/cdcl_umd_msgs/_cdcl_umd_msgs_s.ep.rosidl_typesupport_c.c
[6.131s] -- Up-to-date symlink: /home/jj/wearable-biosensors-ros2/install/cdcl_umd_msgs/local/lib/python3.10/dist-packages/cdcl_umd_msgs/_cdcl_umd_msgs_s.ep.rosidl_typesupport_fastrtps_c.c
[6.133s] -- Up-to-date symlink: /home/jj/wearable-biosensors-ros2/install/cdcl_umd_msgs/local/lib/python3.10/dist-packages/cdcl_umd_msgs/_cdcl_umd_msgs_s.ep.rosidl_typesupport_introspection_c.c
[6.134s] -- Up-to-date symlink: /home/jj/wearable-biosensors-ros2/install/cdcl_umd_msgs/local/lib/python3.10/dist-packages/cdcl_umd_msgs/cdcl_umd_msgs_s__rosidl_typesupport_c.cpython-310-aarch64-linux-gnu.so
[6.135s] -- Up-to-date symlink: /home/jj/wearable-biosensors-ros2/install/cdcl_umd_msgs/local/lib/python3.10/dist-packages/cdcl_umd_msgs/cdcl_umd_msgs_s__rosidl_typesupport_fastrtps_c.cpython-310-aarch64-linux-gnu.so
[6.137s] -- Up-to-date symlink: /home/jj/wearable-biosensors-ros2/install/cdcl_umd_msgs/local/lib/python3.10/dist-packages/cdcl_umd_msgs/cdcl_umd_msgs_s__rosidl_typesupport_introspection_c.cpython-310-aarch64-linux-gnu.so
[6.139s] -- Up-to-date symlink: /home/jj/wearable-biosensors-ros2/install/cdcl_umd_msgs/local/lib/python3.10/dist-packages/cdcl_umd_msgs/libcdcl_umd_msgs__rosidl_generator_py.so
[6.143s] -- Up-to-date symlink: /home/jj/wearable-biosensors-ros2/install/cdcl_umd_msgs/local/lib/python3.10/dist-packages/cdcl_umd_msgs/msg/__init__.py
[6.150s] -- Up-to-date symlink: /home/jj/wearable-biosensors-ros2/install/cdcl_umd_msgs/local/lib/python3.10/dist-packages/cdcl_umd_msgs/msg/_vitals.py
[6.157s] -- Up-to-date symlink: /home/jj/wearable-biosensors-ros2/install/cdcl_umd_msgs/local/lib/python3.10/dist-packages/cdcl_umd_msgs/msg/_vitals_s.c
[6.165s] -- Up-to-date symlink: /home/jj/wearable-biosensors-ros2/install/cdcl_umd_msgs/local/lib/python3.10/dist-packages/cdcl_umd_msgs/cdcl_umd_msgs_s__rosidl_typesupport_fastrtps_c.cpython-310-aarch64-linux-gnu.so
[6.166s] -- Up-to-date symlink: /home/jj/wearable-biosensors-ros2/install/cdcl_umd_msgs/local/lib/python3.10/dist-packages/cdcl_umd_msgs/cdcl_umd_msgs_s__rosidl_typesupport_introspection_c.cpython-310-aarch64-linux-gnu.so
[6.170s] -- Up-to-date symlink: /home/jj/wearable-biosensors-ros2/install/cdcl_umd_msgs/local/lib/python3.10/dist-packages/cdcl_umd_msgs/cdcl_umd_msgs_s__rosidl_typesupport_c.cpython-310-aarch64-linux-gnu.so
[6.179s] -- Up-to-date symlink: /home/jj/wearable-biosensors-ros2/install/cdcl_umd_msgs/share/cdcl_umd_msgs/msg/Vitals.idl
[6.196s] -- Up-to-date symlink: /home/jj/wearable-biosensors-ros2/install/cdcl_umd_msgs/share/cdcl_umd_msgs/msg/Vitals.msg
[6.207s] -- Up-to-date symlink: /home/jj/wearable-biosensors-ros2/install/cdcl_umd_msgs/share/ament_index/resource_index/package_run_dependencies/cdcl_umd_msgs
[6.224s] -- Up-to-date symlink: /home/jj/wearable-biosensors-ros2/install/cdcl_umd_msgs/share/ament_index/resource_index/parent_prefix_path/cdcl_umd_msgs
[6.225s] -- Up-to-date symlink: /home/jj/wearable-biosensors-ros2/install/cdcl_umd_msgs/share/cdcl_umd_msgs/environment/ament_prefix_path.sh
[6.227s] -- Up-to-date symlink: /home/jj/wearable-biosensors-ros2/install/cdcl_umd_msgs/share/cdcl_umd_msgs/environment/ament_prefix_path.dsv
[6.231s] -- Up-to-date symlink: /home/jj/wearable-biosensors-ros2/install/cdcl_umd_msgs/share/cdcl_umd_msgs/environment/path.sh
[6.236s] -- Up-to-date symlink: /home/jj/wearable-biosensors-ros2/install/cdcl_umd_msgs/share/cdcl_umd_msgs/environment/path.dsv
[6.244s] -- Up-to-date symlink: /home/jj/wearable-biosensors-ros2/install/cdcl_umd_msgs/share/cdcl_umd_msgs/local_setup.bash
[6.250s] -- Up-to-date symlink: /home/jj/wearable-biosensors-ros2/install/cdcl_umd_msgs/share/cdcl_umd_msgs/local_setup.sh
[6.254s] -- Up-to-date symlink: /home/jj/wearable-biosensors-ros2/install/cdcl_umd_msgs/share/cdcl_umd_msgs/local_setup.zsh
[6.266s] -- Up-to-date symlink: /home/jj/wearable-biosensors-ros2/install/cdcl_umd_msgs/share/cdcl_umd_msgs/local_setup.dsv
[6.269s] -- Symlinking: /home/jj/wearable-biosensors-ros2/install/cdcl_umd_msgs/share/cdcl_umd_msgs/package.dsv
[6.358s] -- Up-to-date symlink: /home/jj/wearable-biosensors-ros2/install/cdcl_umd_msgs/share/ament_index/resource_index/packages/cdcl_umd_msgs
[6.362s] -- Up-to-date symlink: /home/jj/wearable-biosensors-ros2/install/cdcl_umd_msgs/share/cdcl_umd_msgs/cmake/rosidl_cmake-extras.cmake
[6.366s] -- Up-to-date symlink: /home/jj/wearable-biosensors-ros2/install/cdcl_umd_msgs/share/cdcl_umd_msgs/cmake/ament_cmake_export_dependencies-extras.cmake
[6.370s] -- Up-to-date symlink: /home/jj/wearable-biosensors-ros2/install/cdcl_umd_msgs/share/cdcl_umd_msgs/cmake/ament_cmake_export_include_directories-extras.cmake
[6.377s] -- Up-to-date symlink: /home/jj/wearable-biosensors-ros2/install/cdcl_umd_msgs/share/cdcl_umd_msgs/cmake/ament_cmake_export_libraries-extras.cmake
[6.382s] -- Up-to-date symlink: /home/jj/wearable-biosensors-ros2/install/cdcl_umd_msgs/share/cdcl_umd_msgs/cmake/ament_cmake_export_targets-extras.cmake
[6.390s] -- Up-to-date symlink: /home/jj/wearable-biosensors-ros2/install/cdcl_umd_msgs/share/cdcl_umd_msgs/cmake/rosidl_cmake_export_typesupport_targets-extras.cmake
[6.399s] -- Up-to-date symlink: /home/jj/wearable-biosensors-ros2/install/cdcl_umd_msgs/share/cdcl_umd_msgs/cmake/rosidl_cmake_export_typesupport_libraries-extras.cmake
[6.402s] -- Up-to-date symlink: /home/jj/wearable-biosensors-ros2/install/cdcl_umd_msgs/share/cdcl_umd_msgs/cmake/cdcl_umd_msgsConfig.cmake
[6.405s] -- Up-to-date symlink: /home/jj/wearable-biosensors-ros2/install/cdcl_umd_msgs/share/cdcl_umd_msgs/cmake/cdcl_umd_msgsConfig-version.cmake
[6.419s] -- Up-to-date symlink: /home/jj/wearable-biosensors-ros2/install/cdcl_umd_msgs/share/cdcl_umd_msgs/package.xml
[6.423s] -- Up-to-date: /home/jj/wearable-biosensors-ros2/install/cdcl_umd_msgs/lib/libcdcl_umd_msgs__rosidl_generator_c.so
[6.431s] -- Up-to-date: /home/jj/wearable-biosensors-ros2/install/cdcl_umd_msgs/lib/libcdcl_umd_msgs__rosidl_typesupport_fastrtps_c.so
[6.436s] -- Up-to-date: /home/jj/wearable-biosensors-ros2/install/cdcl_umd_msgs/lib/libcdcl_umd_msgs__rosidl_typesupport_introspection_c.so
[6.439s] -- Up-to-date: /home/jj/wearable-biosensors-ros2/install/cdcl_umd_msgs/lib/libcdcl_umd_msgs__rosidl_typesupport_c.so
[6.451s] -- Up-to-date: /home/jj/wearable-biosensors-ros2/install/cdcl_umd_msgs/lib/libcdcl_umd_msgs__rosidl_typesupport_fastrtps_cpp.so
[6.455s] -- Up-to-date: /home/jj/wearable-biosensors-ros2/install/cdcl_umd_msgs/lib/libcdcl_umd_msgs__rosidl_typesupport_introspection_cpp.so
[6.461s] -- Up-to-date: /home/jj/wearable-biosensors-ros2/install/cdcl_umd_msgs/lib/libcdcl_umd_msgs__rosidl_typesupport_cpp.so
[7.000s] Listing '/home/jj/wearable-biosensors-ros2/install/cdcl_umd_msgs/local/lib/python3.10/dist-packages/cdcl_umd_msgs'...
[7.001s] Listing '/home/jj/wearable-biosensors-ros2/install/cdcl_umd_msgs/local/lib/python3.10/dist-packages/cdcl_umd_msgs/msg'...
[7.045s] -- Up-to-date: /home/jj/wearable-biosensors-ros2/install/cdcl_umd_msgs/lib/libcdcl_umd_msgs__rosidl_generator_py.so
[7.054s] -- Up-to-date: /home/jj/wearable-biosensors-ros2/install/cdcl_umd_msgs/share/cdcl_umd_msgs/cmake/export_cdcl_umd_msgs__rosidl_generator_cExport.cmake
[7.056s] -- Up-to-date: /home/jj/wearable-biosensors-ros2/install/cdcl_umd_msgs/share/cdcl_umd_msgs/cmake/export_cdcl_umd_msgs__rosidl_generator_cExport-noconfig.cmake
[7.060s] -- Up-to-date: /home/jj/wearable-biosensors-ros2/install/cdcl_umd_msgs/share/cdcl_umd_msgs/cmake/export_cdcl_umd_msgs__rosidl_typesupport_fastrtps_cExport.cmake
[7.063s] -- Up-to-date: /home/jj/wearable-biosensors-ros2/install/cdcl_umd_msgs/share/cdcl_umd_msgs/cmake/export_cdcl_umd_msgs__rosidl_typesupport_fastrtps_cExport-noconfig.cmake
[7.071s] -- Up-to-date: /home/jj/wearable-biosensors-ros2/install/cdcl_umd_msgs/share/cdcl_umd_msgs/cmake/cdcl_umd_msgs__rosidl_typesupport_introspection_cExport.cmake
[7.072s] -- Up-to-date: /home/jj/wearable-biosensors-ros2/install/cdcl_umd_msgs/share/cdcl_umd_msgs/cmake/cdcl_umd_msgs__rosidl_typesupport_introspection_cExport-noconfig.cmake
[7.075s] -- Up-to-date: /home/jj/wearable-biosensors-ros2/install/cdcl_umd_msgs/share/cdcl_umd_msgs/cmake/cdcl_umd_msgs__rosidl_typesupport_cExport.cmake
[7.076s] -- Up-to-date: /home/jj/wearable-biosensors-ros2/install/cdcl_umd_msgs/share/cdcl_umd_msgs/cmake/cdcl_umd_msgs__rosidl_typesupport_cExport-noconfig.cmake
[7.097s] -- Up-to-date: /home/jj/wearable-biosensors-ros2/install/cdcl_umd_msgs/share/cdcl_umd_msgs/cmake/export_cdcl_umd_msgs__rosidl_generator_cppExport.cmake
[7.101s] -- Up-to-date: /home/jj/wearable-biosensors-ros2/install/cdcl_umd_msgs/share/cdcl_umd_msgs/cmake/export_cdcl_umd_msgs__rosidl_typesupport_fastrtps_cppExport.cmake
[7.101s] -- Up-to-date: /home/jj/wearable-biosensors-ros2/install/cdcl_umd_msgs/share/cdcl_umd_msgs/cmake/export_cdcl_umd_msgs__rosidl_typesupport_fastrtps_cppExport-noconfig.cmake
[7.110s] -- Up-to-date: /home/jj/wearable-biosensors-ros2/install/cdcl_umd_msgs/share/cdcl_umd_msgs/cmake/cdcl_umd_msgs__rosidl_typesupport_introspection_cppExport.cmake
[7.111s] -- Up-to-date: /home/jj/wearable-biosensors-ros2/install/cdcl_umd_msgs/share/cdcl_umd_msgs/cmake/cdcl_umd_msgs__rosidl_typesupport_introspection_cppExport-noconfig.cmake
[7.114s] -- Up-to-date: /home/jj/wearable-biosensors-ros2/install/cdcl_umd_msgs/share/cdcl_umd_msgs/cmake/cdcl_umd_msgs__rosidl_typesupport_cppExport.cmake
[7.115s] -- Up-to-date: /home/jj/wearable-biosensors-ros2/install/cdcl_umd_msgs/share/cdcl_umd_msgs/cmake/cdcl_umd_msgs__rosidl_typesupport_cppExport-noconfig.cmake
[7.130s] -- Up-to-date: /home/jj/wearable-biosensors-ros2/install/cdcl_umd_msgs/share/cdcl_umd_msgs/cmake/export_cdcl_umd_msgs__rosidl_generator_pyExport.cmake
[7.131s] -- Up-to-date: /home/jj/wearable-biosensors-ros2/install/cdcl_umd_msgs/share/cdcl_umd_msgs/cmake/export_cdcl_umd_msgs__rosidl_generator_pyExport-noconfig.cmake
[7.167s] Invoked command in '/home/jj/wearable-biosensors-ros2/build/cdcl_umd_msgs' returned '0': CMAKE_PREFIX_PATH=/opt/ros/humble /usr/bin/cmake --install /home/jj/wearable-biosensors-ros2/build/cdcl_umd_msgs
