[3.984s] Invoking command in '/home/jj/wearable-biosensors-ros2/build/emotiv_insight': PYTHONPATH=/home/jj/wearable-biosensors-ros2/build/emotiv_insight/prefix_override:/usr/lib/python3/dist-packages/colcon_core/task/python/colcon_distutils_commands:/home/jj/wearable-biosensors-ros2/install/emotiv_insight/lib/python3.10/site-packages:${PYTHONPATH} /usr/bin/python3 -W ignore:setup.py install is deprecated setup.py develop --uninstall --editable --build-directory /home/jj/wearable-biosensors-ros2/build/emotiv_insight/build
[4.781s] /usr/lib/python3/dist-packages/setuptools/dist.py:723: UserWarning: Usage of dash-separated 'script-dir' will not be supported in future versions. Please use the underscore name 'script_dir' instead
[4.782s]   warnings.warn(
[4.883s] running develop
[4.884s] /usr/lib/python3/dist-packages/setuptools/command/easy_install.py:158: EasyInstallDeprecationWarning: easy_install command is deprecated. Use build and pip and other standards-based tools.
[4.884s]   warnings.warn(
[5.488s] Removing /home/jj/wearable-biosensors-ros2/install/emotiv_insight/lib/python3.10/site-packages/emotiv-insight.egg-link (link to .)
[5.574s] Invoked command in '/home/jj/wearable-biosensors-ros2/build/emotiv_insight' returned '0': PYTHONPATH=/home/jj/wearable-biosensors-ros2/build/emotiv_insight/prefix_override:/usr/lib/python3/dist-packages/colcon_core/task/python/colcon_distutils_commands:/home/jj/wearable-biosensors-ros2/install/emotiv_insight/lib/python3.10/site-packages:${PYTHONPATH} /usr/bin/python3 -W ignore:setup.py install is deprecated setup.py develop --uninstall --editable --build-directory /home/jj/wearable-biosensors-ros2/build/emotiv_insight/build
[5.579s] Invoking command in '/home/jj/wearable-biosensors-ros2/src/emotiv_insight': PYTHONPATH=/home/jj/wearable-biosensors-ros2/build/emotiv_insight/prefix_override:/usr/lib/python3/dist-packages/colcon_core/task/python/colcon_distutils_commands:/home/jj/wearable-biosensors-ros2/install/emotiv_insight/lib/python3.10/site-packages:${PYTHONPATH} /usr/bin/python3 -W ignore:setup.py install is deprecated setup.py egg_info --egg-base ../../build/emotiv_insight build --build-base /home/jj/wearable-biosensors-ros2/build/emotiv_insight/build install --record /home/jj/wearable-biosensors-ros2/build/emotiv_insight/install.log --install-scripts $base/lib/emotiv_insight --single-version-externally-managed install_data --force
[6.392s] /usr/lib/python3/dist-packages/setuptools/dist.py:723: UserWarning: Usage of dash-separated 'script-dir' will not be supported in future versions. Please use the underscore name 'script_dir' instead
[6.392s]   warnings.warn(
[6.427s] running egg_info
[6.431s] writing ../../build/emotiv_insight/emotiv_insight.egg-info/PKG-INFO
[6.432s] writing dependency_links to ../../build/emotiv_insight/emotiv_insight.egg-info/dependency_links.txt
[6.432s] writing entry points to ../../build/emotiv_insight/emotiv_insight.egg-info/entry_points.txt
[6.433s] writing requirements to ../../build/emotiv_insight/emotiv_insight.egg-info/requires.txt
[6.434s] writing top-level names to ../../build/emotiv_insight/emotiv_insight.egg-info/top_level.txt
[6.441s] reading manifest file '../../build/emotiv_insight/emotiv_insight.egg-info/SOURCES.txt'
[6.446s] writing manifest file '../../build/emotiv_insight/emotiv_insight.egg-info/SOURCES.txt'
[6.446s] running build
[6.446s] running build_py
[6.447s] creating /home/jj/wearable-biosensors-ros2/build/emotiv_insight/build
[6.447s] creating /home/jj/wearable-biosensors-ros2/build/emotiv_insight/build/lib
[6.448s] creating /home/jj/wearable-biosensors-ros2/build/emotiv_insight/build/lib/emotiv_insight
[6.448s] copying emotiv_insight/__init__.py -> /home/jj/wearable-biosensors-ros2/build/emotiv_insight/build/lib/emotiv_insight
[6.449s] copying emotiv_insight/emotiv_insight_node.py -> /home/jj/wearable-biosensors-ros2/build/emotiv_insight/build/lib/emotiv_insight
[6.451s] running install
[6.452s] running install_lib
[6.455s] creating /home/jj/wearable-biosensors-ros2/install/emotiv_insight/lib/python3.10/site-packages/emotiv_insight
[6.455s] copying /home/jj/wearable-biosensors-ros2/build/emotiv_insight/build/lib/emotiv_insight/__init__.py -> /home/jj/wearable-biosensors-ros2/install/emotiv_insight/lib/python3.10/site-packages/emotiv_insight
[6.456s] copying /home/jj/wearable-biosensors-ros2/build/emotiv_insight/build/lib/emotiv_insight/emotiv_insight_node.py -> /home/jj/wearable-biosensors-ros2/install/emotiv_insight/lib/python3.10/site-packages/emotiv_insight
[6.458s] byte-compiling /home/jj/wearable-biosensors-ros2/install/emotiv_insight/lib/python3.10/site-packages/emotiv_insight/__init__.py to __init__.cpython-310.pyc
[6.459s] byte-compiling /home/jj/wearable-biosensors-ros2/install/emotiv_insight/lib/python3.10/site-packages/emotiv_insight/emotiv_insight_node.py to emotiv_insight_node.cpython-310.pyc
[6.480s] running install_data
[6.481s] copying resource/emotiv_insight -> /home/jj/wearable-biosensors-ros2/install/emotiv_insight/share/ament_index/resource_index/packages
[6.483s] copying package.xml -> /home/jj/wearable-biosensors-ros2/install/emotiv_insight/share/emotiv_insight
[6.484s] copying launch/ros2-emotiv_insight.launch.py -> /home/jj/wearable-biosensors-ros2/install/emotiv_insight/share/emotiv_insight
[6.486s] running install_egg_info
[6.490s] Copying ../../build/emotiv_insight/emotiv_insight.egg-info to /home/jj/wearable-biosensors-ros2/install/emotiv_insight/lib/python3.10/site-packages/emotiv_insight-0.0.1-py3.10.egg-info
[6.496s] running install_scripts
[6.564s] Installing emotiv_insight_node script to /home/jj/wearable-biosensors-ros2/install/emotiv_insight/lib/emotiv_insight
[6.565s] writing list of installed files to '/home/jj/wearable-biosensors-ros2/build/emotiv_insight/install.log'
[6.641s] Invoked command in '/home/jj/wearable-biosensors-ros2/src/emotiv_insight' returned '0': PYTHONPATH=/home/jj/wearable-biosensors-ros2/build/emotiv_insight/prefix_override:/usr/lib/python3/dist-packages/colcon_core/task/python/colcon_distutils_commands:/home/jj/wearable-biosensors-ros2/install/emotiv_insight/lib/python3.10/site-packages:${PYTHONPATH} /usr/bin/python3 -W ignore:setup.py install is deprecated setup.py egg_info --egg-base ../../build/emotiv_insight build --build-base /home/jj/wearable-biosensors-ros2/build/emotiv_insight/build install --record /home/jj/wearable-biosensors-ros2/build/emotiv_insight/install.log --install-scripts $base/lib/emotiv_insight --single-version-externally-managed install_data --force
