gmake: Warning: File 'Makefile' has modification time 20519 s in the future
gmake[1]: Warning: File 'CMakeFiles/Makefile2' has modification time 20519 s in the future
gmake[1]: warning:  Clock skew detected.  Your build may be incomplete.
gmake: warning:  Clock skew detected.  Your build may be incomplete.
-- Install configuration: ""
-- Execute custom install script
-- Up-to-date symlink: /home/jj/wearable-biosensors-ros2/install/manager/share/manager/launch/collector.launch.py
-- Up-to-date symlink: /home/jj/wearable-biosensors-ros2/install/manager/share/ament_index/resource_index/package_run_dependencies/manager
-- Up-to-date symlink: /home/jj/wearable-biosensors-ros2/install/manager/share/ament_index/resource_index/parent_prefix_path/manager
-- Up-to-date symlink: /home/jj/wearable-biosensors-ros2/install/manager/share/manager/environment/ament_prefix_path.sh
-- Up-to-date symlink: /home/jj/wearable-biosensors-ros2/install/manager/share/manager/environment/ament_prefix_path.dsv
-- Up-to-date symlink: /home/jj/wearable-biosensors-ros2/install/manager/share/manager/environment/path.sh
-- Up-to-date symlink: /home/jj/wearable-biosensors-ros2/install/manager/share/manager/environment/path.dsv
-- Up-to-date symlink: /home/jj/wearable-biosensors-ros2/install/manager/share/manager/local_setup.bash
-- Up-to-date symlink: /home/jj/wearable-biosensors-ros2/install/manager/share/manager/local_setup.sh
-- Up-to-date symlink: /home/jj/wearable-biosensors-ros2/install/manager/share/manager/local_setup.zsh
-- Up-to-date symlink: /home/jj/wearable-biosensors-ros2/install/manager/share/manager/local_setup.dsv
-- Symlinking: /home/jj/wearable-biosensors-ros2/install/manager/share/manager/package.dsv
-- Up-to-date symlink: /home/jj/wearable-biosensors-ros2/install/manager/share/ament_index/resource_index/packages/manager
-- Up-to-date symlink: /home/jj/wearable-biosensors-ros2/install/manager/share/manager/cmake/managerConfig.cmake
-- Up-to-date symlink: /home/jj/wearable-biosensors-ros2/install/manager/share/manager/cmake/managerConfig-version.cmake
-- Up-to-date symlink: /home/jj/wearable-biosensors-ros2/install/manager/share/manager/package.xml
