[0.135s] Invoking command in '/home/jj/wearable-biosensors-ros2/build/manager': AMENT_PREFIX_PATH=/home/jj/wearable-biosensors-ros2/install/vernier_respiration_belt:/home/jj/wearable-biosensors-ros2/install/polar_h10:/home/jj/wearable-biosensors-ros2/install/cdcl_umd_msgs:${AMENT_PREFIX_PATH} CMAKE_PREFIX_PATH=/home/jj/wearable-biosensors-ros2/install/cdcl_umd_msgs:/opt/ros/humble LD_LIBRARY_PATH=/home/jj/wearable-biosensors-ros2/install/cdcl_umd_msgs/lib:${LD_LIBRARY_PATH} PYTHONPATH=/home/jj/wearable-biosensors-ros2/build/vernier_respiration_belt:/home/jj/wearable-biosensors-ros2/install/vernier_respiration_belt/lib/python3.10/site-packages:/home/jj/wearable-biosensors-ros2/build/polar_h10:/home/jj/wearable-biosensors-ros2/install/polar_h10/lib/python3.10/site-packages:/home/jj/wearable-biosensors-ros2/install/cdcl_umd_msgs/local/lib/python3.10/dist-packages:/home/jj/wearable-biosensors-ros2/install/cdcl_umd_msgs/lib/python3.10/site-packages:${PYTHONPATH} /usr/bin/cmake --build /home/jj/wearable-biosensors-ros2/build/manager -- -j4 -l4
[0.265s] gmake: Warning: File 'Makefile' has modification time 20519 s in the future
[0.543s] gmake[1]: Warning: File 'CMakeFiles/Makefile2' has modification time 20519 s in the future
[0.545s] gmake[1]: warning:  Clock skew detected.  Your build may be incomplete.
[0.653s] gmake: warning:  Clock skew detected.  Your build may be incomplete.
[0.696s] Invoked command in '/home/jj/wearable-biosensors-ros2/build/manager' returned '0': AMENT_PREFIX_PATH=/home/jj/wearable-biosensors-ros2/install/vernier_respiration_belt:/home/jj/wearable-biosensors-ros2/install/polar_h10:/home/jj/wearable-biosensors-ros2/install/cdcl_umd_msgs:${AMENT_PREFIX_PATH} CMAKE_PREFIX_PATH=/home/jj/wearable-biosensors-ros2/install/cdcl_umd_msgs:/opt/ros/humble LD_LIBRARY_PATH=/home/jj/wearable-biosensors-ros2/install/cdcl_umd_msgs/lib:${LD_LIBRARY_PATH} PYTHONPATH=/home/jj/wearable-biosensors-ros2/build/vernier_respiration_belt:/home/jj/wearable-biosensors-ros2/install/vernier_respiration_belt/lib/python3.10/site-packages:/home/jj/wearable-biosensors-ros2/build/polar_h10:/home/jj/wearable-biosensors-ros2/install/polar_h10/lib/python3.10/site-packages:/home/jj/wearable-biosensors-ros2/install/cdcl_umd_msgs/local/lib/python3.10/dist-packages:/home/jj/wearable-biosensors-ros2/install/cdcl_umd_msgs/lib/python3.10/site-packages:${PYTHONPATH} /usr/bin/cmake --build /home/jj/wearable-biosensors-ros2/build/manager -- -j4 -l4
[1.111s] Invoking command in '/home/jj/wearable-biosensors-ros2/build/manager': AMENT_PREFIX_PATH=/home/jj/wearable-biosensors-ros2/install/vernier_respiration_belt:/home/jj/wearable-biosensors-ros2/install/polar_h10:/home/jj/wearable-biosensors-ros2/install/cdcl_umd_msgs:${AMENT_PREFIX_PATH} CMAKE_PREFIX_PATH=/home/jj/wearable-biosensors-ros2/install/cdcl_umd_msgs:/opt/ros/humble LD_LIBRARY_PATH=/home/jj/wearable-biosensors-ros2/install/cdcl_umd_msgs/lib:${LD_LIBRARY_PATH} PYTHONPATH=/home/jj/wearable-biosensors-ros2/build/vernier_respiration_belt:/home/jj/wearable-biosensors-ros2/install/vernier_respiration_belt/lib/python3.10/site-packages:/home/jj/wearable-biosensors-ros2/build/polar_h10:/home/jj/wearable-biosensors-ros2/install/polar_h10/lib/python3.10/site-packages:/home/jj/wearable-biosensors-ros2/install/cdcl_umd_msgs/local/lib/python3.10/dist-packages:/home/jj/wearable-biosensors-ros2/install/cdcl_umd_msgs/lib/python3.10/site-packages:${PYTHONPATH} /usr/bin/cmake --install /home/jj/wearable-biosensors-ros2/build/manager
[1.176s] -- Install configuration: ""
[1.184s] -- Execute custom install script
[1.192s] -- Up-to-date symlink: /home/jj/wearable-biosensors-ros2/install/manager/share/manager/launch/collector.launch.py
[1.199s] -- Up-to-date symlink: /home/jj/wearable-biosensors-ros2/install/manager/share/ament_index/resource_index/package_run_dependencies/manager
[1.207s] -- Up-to-date symlink: /home/jj/wearable-biosensors-ros2/install/manager/share/ament_index/resource_index/parent_prefix_path/manager
[1.231s] -- Up-to-date symlink: /home/jj/wearable-biosensors-ros2/install/manager/share/manager/environment/ament_prefix_path.sh
[1.241s] -- Up-to-date symlink: /home/jj/wearable-biosensors-ros2/install/manager/share/manager/environment/ament_prefix_path.dsv
[1.249s] -- Up-to-date symlink: /home/jj/wearable-biosensors-ros2/install/manager/share/manager/environment/path.sh
[1.255s] -- Up-to-date symlink: /home/jj/wearable-biosensors-ros2/install/manager/share/manager/environment/path.dsv
[1.266s] -- Up-to-date symlink: /home/jj/wearable-biosensors-ros2/install/manager/share/manager/local_setup.bash
[1.273s] -- Up-to-date symlink: /home/jj/wearable-biosensors-ros2/install/manager/share/manager/local_setup.sh
[1.280s] -- Up-to-date symlink: /home/jj/wearable-biosensors-ros2/install/manager/share/manager/local_setup.zsh
[1.289s] -- Up-to-date symlink: /home/jj/wearable-biosensors-ros2/install/manager/share/manager/local_setup.dsv
[1.294s] -- Symlinking: /home/jj/wearable-biosensors-ros2/install/manager/share/manager/package.dsv
[1.440s] -- Up-to-date symlink: /home/jj/wearable-biosensors-ros2/install/manager/share/ament_index/resource_index/packages/manager
[1.444s] -- Up-to-date symlink: /home/jj/wearable-biosensors-ros2/install/manager/share/manager/cmake/managerConfig.cmake
[1.448s] -- Up-to-date symlink: /home/jj/wearable-biosensors-ros2/install/manager/share/manager/cmake/managerConfig-version.cmake
[1.457s] -- Up-to-date symlink: /home/jj/wearable-biosensors-ros2/install/manager/share/manager/package.xml
[1.485s] Invoked command in '/home/jj/wearable-biosensors-ros2/build/manager' returned '0': AMENT_PREFIX_PATH=/home/jj/wearable-biosensors-ros2/install/vernier_respiration_belt:/home/jj/wearable-biosensors-ros2/install/polar_h10:/home/jj/wearable-biosensors-ros2/install/cdcl_umd_msgs:${AMENT_PREFIX_PATH} CMAKE_PREFIX_PATH=/home/jj/wearable-biosensors-ros2/install/cdcl_umd_msgs:/opt/ros/humble LD_LIBRARY_PATH=/home/jj/wearable-biosensors-ros2/install/cdcl_umd_msgs/lib:${LD_LIBRARY_PATH} PYTHONPATH=/home/jj/wearable-biosensors-ros2/build/vernier_respiration_belt:/home/jj/wearable-biosensors-ros2/install/vernier_respiration_belt/lib/python3.10/site-packages:/home/jj/wearable-biosensors-ros2/build/polar_h10:/home/jj/wearable-biosensors-ros2/install/polar_h10/lib/python3.10/site-packages:/home/jj/wearable-biosensors-ros2/install/cdcl_umd_msgs/local/lib/python3.10/dist-packages:/home/jj/wearable-biosensors-ros2/install/cdcl_umd_msgs/lib/python3.10/site-packages:${PYTHONPATH} /usr/bin/cmake --install /home/jj/wearable-biosensors-ros2/build/manager
