/usr/lib/python3/dist-packages/setuptools/dist.py:723: UserWarning: Usage of dash-separated 'script-dir' will not be supported in future versions. Please use the underscore name 'script_dir' instead
  warnings.warn(
running develop
/usr/lib/python3/dist-packages/setuptools/command/easy_install.py:158: EasyInstallDeprecationWarning: easy_install command is deprecated. Use build and pip and other standards-based tools.
  warnings.warn(
running egg_info
creating polar_h10.egg-info
writing polar_h10.egg-info/PKG-INFO
writing dependency_links to polar_h10.egg-info/dependency_links.txt
writing entry points to polar_h10.egg-info/entry_points.txt
writing requirements to polar_h10.egg-info/requires.txt
writing top-level names to polar_h10.egg-info/top_level.txt
writing manifest file 'polar_h10.egg-info/SOURCES.txt'
reading manifest file 'polar_h10.egg-info/SOURCES.txt'
writing manifest file 'polar_h10.egg-info/SOURCES.txt'
running build_ext
Creating /home/jj/wearable-biosensors-ros2/install/polar_h10/lib/python3.10/site-packages/polar-h10.egg-link (link to .)
Installing polar_h10_node script to /home/jj/wearable-biosensors-ros2/install/polar_h10/lib/polar_h10

Installed /home/jj/wearable-biosensors-ros2/build/polar_h10
running symlink_data
creating /home/jj/wearable-biosensors-ros2/install/polar_h10/share/ament_index
creating /home/jj/wearable-biosensors-ros2/install/polar_h10/share/ament_index/resource_index
creating /home/jj/wearable-biosensors-ros2/install/polar_h10/share/ament_index/resource_index/packages
symbolically linking /home/jj/wearable-biosensors-ros2/build/polar_h10/resource/polar_h10 -> /home/jj/wearable-biosensors-ros2/install/polar_h10/share/ament_index/resource_index/packages
symbolically linking /home/jj/wearable-biosensors-ros2/build/polar_h10/package.xml -> /home/jj/wearable-biosensors-ros2/install/polar_h10/share/polar_h10
symbolically linking /home/jj/wearable-biosensors-ros2/build/polar_h10/launch/ros2-polar_h10.launch.py -> /home/jj/wearable-biosensors-ros2/install/polar_h10/share/polar_h10
