gmake[2]: Warning: File 'CMakeFiles/cdcl_umd_msgs__rosidl_generator_c.dir/compiler_depend.make' has modification time 15568 s in the future
gmake[2]: warning:  Clock skew detected.  Your build may be incomplete.
gmake[2]: Warning: File 'CMakeFiles/cdcl_umd_msgs__rosidl_generator_c.dir/compiler_depend.make' has modification time 15567 s in the future
gmake[2]: warning:  Clock skew detected.  Your build may be incomplete.
gmake[2]: Warning: File 'CMakeFiles/cdcl_umd_msgs__rosidl_typesupport_fastrtps_cpp.dir/compiler_depend.make' has modification time 15568 s in the future
gmake[2]: Warning: File 'CMakeFiles/cdcl_umd_msgs__rosidl_typesupport_introspection_cpp.dir/compiler_depend.make' has modification time 15568 s in the future
gmake[2]: Warning: File 'CMakeFiles/cdcl_umd_msgs__rosidl_typesupport_cpp.dir/compiler_depend.make' has modification time 15568 s in the future
gmake[2]: warning:  Clock skew detected.  Your build may be incomplete.
gmake[2]: warning:  Clock skew detected.  Your build may be incomplete.
gmake[2]: Warning: File 'CMakeFiles/cdcl_umd_msgs__rosidl_typesupport_fastrtps_cpp.dir/compiler_depend.make' has modification time 15568 s in the future
gmake[2]: warning:  Clock skew detected.  Your build may be incomplete.
gmake[2]: Warning: File 'CMakeFiles/cdcl_umd_msgs__rosidl_typesupport_fastrtps_c.dir/compiler_depend.make' has modification time 15568 s in the future
gmake[2]: warning:  Clock skew detected.  Your build may be incomplete.
gmake[2]: Warning: File 'CMakeFiles/cdcl_umd_msgs__rosidl_typesupport_introspection_cpp.dir/compiler_depend.make' has modification time 15567 s in the future
gmake[2]: warning:  Clock skew detected.  Your build may be incomplete.
gmake[2]: Warning: File 'CMakeFiles/cdcl_umd_msgs__rosidl_typesupport_cpp.dir/compiler_depend.make' has modification time 15568 s in the future
gmake[2]: warning:  Clock skew detected.  Your build may be incomplete.
gmake[2]: Warning: File 'CMakeFiles/cdcl_umd_msgs__rosidl_typesupport_introspection_c.dir/compiler_depend.make' has modification time 15568 s in the future
gmake[2]: warning:  Clock skew detected.  Your build may be incomplete.
gmake[2]: Warning: File 'CMakeFiles/cdcl_umd_msgs__rosidl_typesupport_fastrtps_c.dir/compiler_depend.make' has modification time 15568 s in the future
gmake[2]: warning:  Clock skew detected.  Your build may be incomplete.
gmake[2]: warning:  Clock skew detected.  Your build may be incomplete.
gmake[2]: Warning: File 'CMakeFiles/cdcl_umd_msgs__rosidl_typesupport_c.dir/compiler_depend.make' has modification time 15568 s in the future
gmake[2]: Warning: File 'CMakeFiles/cdcl_umd_msgs__rosidl_typesupport_introspection_c.dir/compiler_depend.make' has modification time 15568 s in the future
gmake[2]: warning:  Clock skew detected.  Your build may be incomplete.
gmake[2]: warning:  Clock skew detected.  Your build may be incomplete.
gmake[2]: Warning: File 'CMakeFiles/cdcl_umd_msgs__rosidl_typesupport_c.dir/compiler_depend.make' has modification time 15568 s in the future
gmake[2]: warning:  Clock skew detected.  Your build may be incomplete.
gmake[2]: Warning: File 'CMakeFiles/cdcl_umd_msgs__rosidl_generator_py.dir/compiler_depend.make' has modification time 15568 s in the future
gmake[2]: warning:  Clock skew detected.  Your build may be incomplete.
gmake[2]: Warning: File 'CMakeFiles/cdcl_umd_msgs__rosidl_generator_py.dir/compiler_depend.make' has modification time 15568 s in the future
gmake[2]: warning:  Clock skew detected.  Your build may be incomplete.
gmake[2]: Warning: File 'CMakeFiles/cdcl_umd_msgs__rosidl_typesupport_fastrtps_c__pyext.dir/compiler_depend.make' has modification time 15568 s in the future
gmake[2]: Warning: File 'CMakeFiles/cdcl_umd_msgs__rosidl_typesupport_introspection_c__pyext.dir/compiler_depend.make' has modification time 15568 s in the future
gmake[2]: Warning: File 'CMakeFiles/cdcl_umd_msgs__rosidl_typesupport_c__pyext.dir/compiler_depend.make' has modification time 15568 s in the future
gmake[2]: warning:  Clock skew detected.  Your build may be incomplete.
gmake[2]: Warning: File 'CMakeFiles/cdcl_umd_msgs__rosidl_typesupport_fastrtps_c__pyext.dir/compiler_depend.make' has modification time 15568 s in the future
gmake[2]: warning:  Clock skew detected.  Your build may be incomplete.
gmake[2]: warning:  Clock skew detected.  Your build may be incomplete.
gmake[2]: Warning: File 'CMakeFiles/cdcl_umd_msgs__rosidl_typesupport_c__pyext.dir/compiler_depend.make' has modification time 15568 s in the future
gmake[2]: warning:  Clock skew detected.  Your build may be incomplete.
gmake[2]: warning:  Clock skew detected.  Your build may be incomplete.
gmake[2]: Warning: File 'CMakeFiles/cdcl_umd_msgs__rosidl_typesupport_introspection_c__pyext.dir/compiler_depend.make' has modification time 15568 s in the future
gmake[2]: warning:  Clock skew detected.  Your build may be incomplete.
