[1.680s] DEBUG:colcon:Command line arguments: ['/usr/bin/colcon', 'build', '--packages-up-to', 'rosbag2_py']
[1.681s] DEBUG:colcon:Parsed command line arguments: Namespace(log_base=None, log_level=None, verb_name='build', build_base='build', install_base='install', merge_install=False, symlink_install=False, test_result_base=None, continue_on_error=False, executor='parallel', parallel_workers=4, event_handlers=None, ignore_user_meta=False, metas=['./colcon.meta'], base_paths=['.'], packages_ignore=None, packages_ignore_regex=None, paths=None, packages_up_to=['rosbag2_py'], packages_up_to_regex=None, packages_above=None, packages_above_and_dependencies=None, packages_above_depth=None, packages_select_by_dep=None, packages_skip_by_dep=None, packages_skip_up_to=None, packages_select_build_failed=False, packages_skip_build_finished=False, packages_select_test_failures=False, packages_skip_test_passed=False, packages_select=None, packages_skip=None, packages_select_regex=None, packages_skip_regex=None, packages_start=None, packages_end=None, allow_overriding=[], cmake_args=None, cmake_target=None, cmake_target_skip_unavailable=False, cmake_clean_cache=False, cmake_clean_first=False, cmake_force_configure=False, ament_cmake_args=None, catkin_cmake_args=None, catkin_skip_building_tests=False, mixin_files=None, mixin=None, verb_parser=<colcon_mixin.mixin.mixin_argument.MixinArgumentDecorator object at 0xffff97d62bf0>, verb_extension=<colcon_core.verb.build.BuildVerb object at 0xffff97d62740>, main=<bound method BuildVerb.main of <colcon_core.verb.build.BuildVerb object at 0xffff97d62740>>, mixin_verb=('build',))
[4.553s] Level 1:colcon.colcon_core.package_discovery:discover_packages(colcon_meta) check parameters
[4.555s] Level 1:colcon.colcon_core.package_discovery:discover_packages(recursive) check parameters
[4.556s] Level 1:colcon.colcon_core.package_discovery:discover_packages(ignore) check parameters
[4.557s] Level 1:colcon.colcon_core.package_discovery:discover_packages(path) check parameters
[4.557s] Level 1:colcon.colcon_core.package_discovery:discover_packages(colcon_meta) discover
[4.558s] Level 1:colcon.colcon_core.package_discovery:discover_packages(recursive) discover
[4.559s] INFO:colcon.colcon_core.package_discovery:Crawling recursively for packages in '/home/jj/wearable-biosensors-ros2'
[4.561s] Level 1:colcon.colcon_core.package_identification:_identify(.) by extensions ['ignore', 'ignore_ament_install']
[4.562s] Level 1:colcon.colcon_core.package_identification:_identify(.) by extension 'ignore'
[4.563s] Level 1:colcon.colcon_core.package_identification:_identify(.) by extension 'ignore_ament_install'
[4.565s] Level 1:colcon.colcon_core.package_identification:_identify(.) by extensions ['colcon_pkg']
[4.566s] Level 1:colcon.colcon_core.package_identification:_identify(.) by extension 'colcon_pkg'
[4.567s] Level 1:colcon.colcon_core.package_identification:_identify(.) by extensions ['colcon_meta']
[4.567s] Level 1:colcon.colcon_core.package_identification:_identify(.) by extension 'colcon_meta'
[4.568s] Level 1:colcon.colcon_core.package_identification:_identify(.) by extensions ['ros']
[4.568s] Level 1:colcon.colcon_core.package_identification:_identify(.) by extension 'ros'
[4.762s] Level 1:colcon.colcon_core.package_identification:_identify(.) by extensions ['cmake', 'python']
[4.763s] Level 1:colcon.colcon_core.package_identification:_identify(.) by extension 'cmake'
[4.766s] Level 1:colcon.colcon_core.package_identification:_identify(.) by extension 'python'
[4.767s] Level 1:colcon.colcon_core.package_identification:_identify(.) by extensions ['python_setup_py']
[4.768s] Level 1:colcon.colcon_core.package_identification:_identify(.) by extension 'python_setup_py'
[4.771s] Level 1:colcon.colcon_core.package_identification:_identify(VitalLogs) by extensions ['ignore', 'ignore_ament_install']
[4.772s] Level 1:colcon.colcon_core.package_identification:_identify(VitalLogs) by extension 'ignore'
[4.776s] Level 1:colcon.colcon_core.package_identification:_identify(VitalLogs) by extension 'ignore_ament_install'
[4.778s] Level 1:colcon.colcon_core.package_identification:_identify(VitalLogs) by extensions ['colcon_pkg']
[4.779s] Level 1:colcon.colcon_core.package_identification:_identify(VitalLogs) by extension 'colcon_pkg'
[4.780s] Level 1:colcon.colcon_core.package_identification:_identify(VitalLogs) by extensions ['colcon_meta']
[4.781s] Level 1:colcon.colcon_core.package_identification:_identify(VitalLogs) by extension 'colcon_meta'
[4.782s] Level 1:colcon.colcon_core.package_identification:_identify(VitalLogs) by extensions ['ros']
[4.783s] Level 1:colcon.colcon_core.package_identification:_identify(VitalLogs) by extension 'ros'
[4.785s] Level 1:colcon.colcon_core.package_identification:_identify(VitalLogs) by extensions ['cmake', 'python']
[4.786s] Level 1:colcon.colcon_core.package_identification:_identify(VitalLogs) by extension 'cmake'
[4.787s] Level 1:colcon.colcon_core.package_identification:_identify(VitalLogs) by extension 'python'
[4.788s] Level 1:colcon.colcon_core.package_identification:_identify(VitalLogs) by extensions ['python_setup_py']
[4.789s] Level 1:colcon.colcon_core.package_identification:_identify(VitalLogs) by extension 'python_setup_py'
[4.791s] Level 1:colcon.colcon_core.package_identification:_identify(build) by extensions ['ignore', 'ignore_ament_install']
[4.794s] Level 1:colcon.colcon_core.package_identification:_identify(build) by extension 'ignore'
[4.795s] Level 1:colcon.colcon_core.package_identification:_identify(build) ignored
[4.798s] Level 1:colcon.colcon_core.package_identification:_identify(cdcl:humble-jammy-biosensors) by extensions ['ignore', 'ignore_ament_install']
[4.800s] Level 1:colcon.colcon_core.package_identification:_identify(cdcl:humble-jammy-biosensors) by extension 'ignore'
[4.802s] Level 1:colcon.colcon_core.package_identification:_identify(cdcl:humble-jammy-biosensors) by extension 'ignore_ament_install'
[4.803s] Level 1:colcon.colcon_core.package_identification:_identify(cdcl:humble-jammy-biosensors) by extensions ['colcon_pkg']
[4.804s] Level 1:colcon.colcon_core.package_identification:_identify(cdcl:humble-jammy-biosensors) by extension 'colcon_pkg'
[4.805s] Level 1:colcon.colcon_core.package_identification:_identify(cdcl:humble-jammy-biosensors) by extensions ['colcon_meta']
[4.806s] Level 1:colcon.colcon_core.package_identification:_identify(cdcl:humble-jammy-biosensors) by extension 'colcon_meta'
[4.807s] Level 1:colcon.colcon_core.package_identification:_identify(cdcl:humble-jammy-biosensors) by extensions ['ros']
[4.808s] Level 1:colcon.colcon_core.package_identification:_identify(cdcl:humble-jammy-biosensors) by extension 'ros'
[4.810s] Level 1:colcon.colcon_core.package_identification:_identify(cdcl:humble-jammy-biosensors) by extensions ['cmake', 'python']
[4.811s] Level 1:colcon.colcon_core.package_identification:_identify(cdcl:humble-jammy-biosensors) by extension 'cmake'
[4.812s] Level 1:colcon.colcon_core.package_identification:_identify(cdcl:humble-jammy-biosensors) by extension 'python'
[4.813s] Level 1:colcon.colcon_core.package_identification:_identify(cdcl:humble-jammy-biosensors) by extensions ['python_setup_py']
[4.814s] Level 1:colcon.colcon_core.package_identification:_identify(cdcl:humble-jammy-biosensors) by extension 'python_setup_py'
[4.818s] Level 1:colcon.colcon_core.package_identification:_identify(install) by extensions ['ignore', 'ignore_ament_install']
[4.820s] Level 1:colcon.colcon_core.package_identification:_identify(install) by extension 'ignore'
[4.821s] Level 1:colcon.colcon_core.package_identification:_identify(install) ignored
[4.823s] Level 1:colcon.colcon_core.package_identification:_identify(log) by extensions ['ignore', 'ignore_ament_install']
[4.825s] Level 1:colcon.colcon_core.package_identification:_identify(log) by extension 'ignore'
[4.826s] Level 1:colcon.colcon_core.package_identification:_identify(log) ignored
[4.828s] Level 1:colcon.colcon_core.package_identification:_identify(media) by extensions ['ignore', 'ignore_ament_install']
[4.830s] Level 1:colcon.colcon_core.package_identification:_identify(media) by extension 'ignore'
[4.832s] Level 1:colcon.colcon_core.package_identification:_identify(media) by extension 'ignore_ament_install'
[4.833s] Level 1:colcon.colcon_core.package_identification:_identify(media) by extensions ['colcon_pkg']
[4.834s] Level 1:colcon.colcon_core.package_identification:_identify(media) by extension 'colcon_pkg'
[4.837s] Level 1:colcon.colcon_core.package_identification:_identify(media) by extensions ['colcon_meta']
[4.838s] Level 1:colcon.colcon_core.package_identification:_identify(media) by extension 'colcon_meta'
[4.839s] Level 1:colcon.colcon_core.package_identification:_identify(media) by extensions ['ros']
[4.839s] Level 1:colcon.colcon_core.package_identification:_identify(media) by extension 'ros'
[4.841s] Level 1:colcon.colcon_core.package_identification:_identify(media) by extensions ['cmake', 'python']
[4.842s] Level 1:colcon.colcon_core.package_identification:_identify(media) by extension 'cmake'
[4.843s] Level 1:colcon.colcon_core.package_identification:_identify(media) by extension 'python'
[4.844s] Level 1:colcon.colcon_core.package_identification:_identify(media) by extensions ['python_setup_py']
[4.844s] Level 1:colcon.colcon_core.package_identification:_identify(media) by extension 'python_setup_py'
[4.847s] Level 1:colcon.colcon_core.package_identification:_identify(media/contributors) by extensions ['ignore', 'ignore_ament_install']
[4.848s] Level 1:colcon.colcon_core.package_identification:_identify(media/contributors) by extension 'ignore'
[4.849s] Level 1:colcon.colcon_core.package_identification:_identify(media/contributors) by extension 'ignore_ament_install'
[4.850s] Level 1:colcon.colcon_core.package_identification:_identify(media/contributors) by extensions ['colcon_pkg']
[4.851s] Level 1:colcon.colcon_core.package_identification:_identify(media/contributors) by extension 'colcon_pkg'
[4.852s] Level 1:colcon.colcon_core.package_identification:_identify(media/contributors) by extensions ['colcon_meta']
[4.853s] Level 1:colcon.colcon_core.package_identification:_identify(media/contributors) by extension 'colcon_meta'
[4.854s] Level 1:colcon.colcon_core.package_identification:_identify(media/contributors) by extensions ['ros']
[4.854s] Level 1:colcon.colcon_core.package_identification:_identify(media/contributors) by extension 'ros'
[4.856s] Level 1:colcon.colcon_core.package_identification:_identify(media/contributors) by extensions ['cmake', 'python']
[4.856s] Level 1:colcon.colcon_core.package_identification:_identify(media/contributors) by extension 'cmake'
[4.857s] Level 1:colcon.colcon_core.package_identification:_identify(media/contributors) by extension 'python'
[4.857s] Level 1:colcon.colcon_core.package_identification:_identify(media/contributors) by extensions ['python_setup_py']
[4.858s] Level 1:colcon.colcon_core.package_identification:_identify(media/contributors) by extension 'python_setup_py'
[4.861s] Level 1:colcon.colcon_core.package_identification:_identify(media/img) by extensions ['ignore', 'ignore_ament_install']
[4.862s] Level 1:colcon.colcon_core.package_identification:_identify(media/img) by extension 'ignore'
[4.863s] Level 1:colcon.colcon_core.package_identification:_identify(media/img) by extension 'ignore_ament_install'
[4.865s] Level 1:colcon.colcon_core.package_identification:_identify(media/img) by extensions ['colcon_pkg']
[4.866s] Level 1:colcon.colcon_core.package_identification:_identify(media/img) by extension 'colcon_pkg'
[4.867s] Level 1:colcon.colcon_core.package_identification:_identify(media/img) by extensions ['colcon_meta']
[4.868s] Level 1:colcon.colcon_core.package_identification:_identify(media/img) by extension 'colcon_meta'
[4.869s] Level 1:colcon.colcon_core.package_identification:_identify(media/img) by extensions ['ros']
[4.870s] Level 1:colcon.colcon_core.package_identification:_identify(media/img) by extension 'ros'
[4.871s] Level 1:colcon.colcon_core.package_identification:_identify(media/img) by extensions ['cmake', 'python']
[4.872s] Level 1:colcon.colcon_core.package_identification:_identify(media/img) by extension 'cmake'
[4.874s] Level 1:colcon.colcon_core.package_identification:_identify(media/img) by extension 'python'
[4.876s] Level 1:colcon.colcon_core.package_identification:_identify(media/img) by extensions ['python_setup_py']
[4.877s] Level 1:colcon.colcon_core.package_identification:_identify(media/img) by extension 'python_setup_py'
[4.879s] Level 1:colcon.colcon_core.package_identification:_identify(ros_bags) by extensions ['ignore', 'ignore_ament_install']
[4.881s] Level 1:colcon.colcon_core.package_identification:_identify(ros_bags) by extension 'ignore'
[4.882s] Level 1:colcon.colcon_core.package_identification:_identify(ros_bags) by extension 'ignore_ament_install'
[4.883s] Level 1:colcon.colcon_core.package_identification:_identify(ros_bags) by extensions ['colcon_pkg']
[4.884s] Level 1:colcon.colcon_core.package_identification:_identify(ros_bags) by extension 'colcon_pkg'
[4.885s] Level 1:colcon.colcon_core.package_identification:_identify(ros_bags) by extensions ['colcon_meta']
[4.885s] Level 1:colcon.colcon_core.package_identification:_identify(ros_bags) by extension 'colcon_meta'
[4.886s] Level 1:colcon.colcon_core.package_identification:_identify(ros_bags) by extensions ['ros']
[4.887s] Level 1:colcon.colcon_core.package_identification:_identify(ros_bags) by extension 'ros'
[4.889s] Level 1:colcon.colcon_core.package_identification:_identify(ros_bags) by extensions ['cmake', 'python']
[4.892s] Level 1:colcon.colcon_core.package_identification:_identify(ros_bags) by extension 'cmake'
[4.893s] Level 1:colcon.colcon_core.package_identification:_identify(ros_bags) by extension 'python'
[4.894s] Level 1:colcon.colcon_core.package_identification:_identify(ros_bags) by extensions ['python_setup_py']
[4.895s] Level 1:colcon.colcon_core.package_identification:_identify(ros_bags) by extension 'python_setup_py'
[4.897s] Level 1:colcon.colcon_core.package_identification:_identify(ros_bags/rosbag2_2024_07_04-17_14_06) by extensions ['ignore', 'ignore_ament_install']
[4.899s] Level 1:colcon.colcon_core.package_identification:_identify(ros_bags/rosbag2_2024_07_04-17_14_06) by extension 'ignore'
[4.900s] Level 1:colcon.colcon_core.package_identification:_identify(ros_bags/rosbag2_2024_07_04-17_14_06) by extension 'ignore_ament_install'
[4.902s] Level 1:colcon.colcon_core.package_identification:_identify(ros_bags/rosbag2_2024_07_04-17_14_06) by extensions ['colcon_pkg']
[4.902s] Level 1:colcon.colcon_core.package_identification:_identify(ros_bags/rosbag2_2024_07_04-17_14_06) by extension 'colcon_pkg'
[4.904s] Level 1:colcon.colcon_core.package_identification:_identify(ros_bags/rosbag2_2024_07_04-17_14_06) by extensions ['colcon_meta']
[4.904s] Level 1:colcon.colcon_core.package_identification:_identify(ros_bags/rosbag2_2024_07_04-17_14_06) by extension 'colcon_meta'
[4.905s] Level 1:colcon.colcon_core.package_identification:_identify(ros_bags/rosbag2_2024_07_04-17_14_06) by extensions ['ros']
[4.906s] Level 1:colcon.colcon_core.package_identification:_identify(ros_bags/rosbag2_2024_07_04-17_14_06) by extension 'ros'
[4.908s] Level 1:colcon.colcon_core.package_identification:_identify(ros_bags/rosbag2_2024_07_04-17_14_06) by extensions ['cmake', 'python']
[4.909s] Level 1:colcon.colcon_core.package_identification:_identify(ros_bags/rosbag2_2024_07_04-17_14_06) by extension 'cmake'
[4.910s] Level 1:colcon.colcon_core.package_identification:_identify(ros_bags/rosbag2_2024_07_04-17_14_06) by extension 'python'
[4.912s] Level 1:colcon.colcon_core.package_identification:_identify(ros_bags/rosbag2_2024_07_04-17_14_06) by extensions ['python_setup_py']
[4.912s] Level 1:colcon.colcon_core.package_identification:_identify(ros_bags/rosbag2_2024_07_04-17_14_06) by extension 'python_setup_py'
[4.914s] Level 1:colcon.colcon_core.package_identification:_identify(ros_bags/rosbag2_2024_07_04-17_28_16) by extensions ['ignore', 'ignore_ament_install']
[4.916s] Level 1:colcon.colcon_core.package_identification:_identify(ros_bags/rosbag2_2024_07_04-17_28_16) by extension 'ignore'
[4.917s] Level 1:colcon.colcon_core.package_identification:_identify(ros_bags/rosbag2_2024_07_04-17_28_16) by extension 'ignore_ament_install'
[4.918s] Level 1:colcon.colcon_core.package_identification:_identify(ros_bags/rosbag2_2024_07_04-17_28_16) by extensions ['colcon_pkg']
[4.919s] Level 1:colcon.colcon_core.package_identification:_identify(ros_bags/rosbag2_2024_07_04-17_28_16) by extension 'colcon_pkg'
[4.920s] Level 1:colcon.colcon_core.package_identification:_identify(ros_bags/rosbag2_2024_07_04-17_28_16) by extensions ['colcon_meta']
[4.921s] Level 1:colcon.colcon_core.package_identification:_identify(ros_bags/rosbag2_2024_07_04-17_28_16) by extension 'colcon_meta'
[4.922s] Level 1:colcon.colcon_core.package_identification:_identify(ros_bags/rosbag2_2024_07_04-17_28_16) by extensions ['ros']
[4.922s] Level 1:colcon.colcon_core.package_identification:_identify(ros_bags/rosbag2_2024_07_04-17_28_16) by extension 'ros'
[4.924s] Level 1:colcon.colcon_core.package_identification:_identify(ros_bags/rosbag2_2024_07_04-17_28_16) by extensions ['cmake', 'python']
[4.925s] Level 1:colcon.colcon_core.package_identification:_identify(ros_bags/rosbag2_2024_07_04-17_28_16) by extension 'cmake'
[4.926s] Level 1:colcon.colcon_core.package_identification:_identify(ros_bags/rosbag2_2024_07_04-17_28_16) by extension 'python'
[4.927s] Level 1:colcon.colcon_core.package_identification:_identify(ros_bags/rosbag2_2024_07_04-17_28_16) by extensions ['python_setup_py']
[4.928s] Level 1:colcon.colcon_core.package_identification:_identify(ros_bags/rosbag2_2024_07_04-17_28_16) by extension 'python_setup_py'
[4.930s] Level 1:colcon.colcon_core.package_identification:_identify(src) by extensions ['ignore', 'ignore_ament_install']
[4.931s] Level 1:colcon.colcon_core.package_identification:_identify(src) by extension 'ignore'
[4.932s] Level 1:colcon.colcon_core.package_identification:_identify(src) by extension 'ignore_ament_install'
[4.933s] Level 1:colcon.colcon_core.package_identification:_identify(src) by extensions ['colcon_pkg']
[4.934s] Level 1:colcon.colcon_core.package_identification:_identify(src) by extension 'colcon_pkg'
[4.935s] Level 1:colcon.colcon_core.package_identification:_identify(src) by extensions ['colcon_meta']
[4.935s] Level 1:colcon.colcon_core.package_identification:_identify(src) by extension 'colcon_meta'
[4.936s] Level 1:colcon.colcon_core.package_identification:_identify(src) by extensions ['ros']
[4.937s] Level 1:colcon.colcon_core.package_identification:_identify(src) by extension 'ros'
[4.938s] Level 1:colcon.colcon_core.package_identification:_identify(src) by extensions ['cmake', 'python']
[4.939s] Level 1:colcon.colcon_core.package_identification:_identify(src) by extension 'cmake'
[4.940s] Level 1:colcon.colcon_core.package_identification:_identify(src) by extension 'python'
[4.941s] Level 1:colcon.colcon_core.package_identification:_identify(src) by extensions ['python_setup_py']
[4.942s] Level 1:colcon.colcon_core.package_identification:_identify(src) by extension 'python_setup_py'
[4.943s] Level 1:colcon.colcon_core.package_identification:_identify(src/cdcl_umd_msgs) by extensions ['ignore', 'ignore_ament_install']
[4.945s] Level 1:colcon.colcon_core.package_identification:_identify(src/cdcl_umd_msgs) by extension 'ignore'
[4.946s] Level 1:colcon.colcon_core.package_identification:_identify(src/cdcl_umd_msgs) by extension 'ignore_ament_install'
[4.947s] Level 1:colcon.colcon_core.package_identification:_identify(src/cdcl_umd_msgs) by extensions ['colcon_pkg']
[4.948s] Level 1:colcon.colcon_core.package_identification:_identify(src/cdcl_umd_msgs) by extension 'colcon_pkg'
[4.948s] Level 1:colcon.colcon_core.package_identification:_identify(src/cdcl_umd_msgs) by extensions ['colcon_meta']
[4.949s] Level 1:colcon.colcon_core.package_identification:_identify(src/cdcl_umd_msgs) by extension 'colcon_meta'
[4.950s] Level 1:colcon.colcon_core.package_identification:_identify(src/cdcl_umd_msgs) by extensions ['ros']
[4.951s] Level 1:colcon.colcon_core.package_identification:_identify(src/cdcl_umd_msgs) by extension 'ros'
[4.998s] DEBUG:colcon.colcon_core.package_identification:Package 'src/cdcl_umd_msgs' with type 'ros.ament_cmake' and name 'cdcl_umd_msgs'
[5.000s] Level 1:colcon.colcon_core.package_identification:_identify(src/empatica_e4) by extensions ['ignore', 'ignore_ament_install']
[5.002s] Level 1:colcon.colcon_core.package_identification:_identify(src/empatica_e4) by extension 'ignore'
[5.003s] Level 1:colcon.colcon_core.package_identification:_identify(src/empatica_e4) by extension 'ignore_ament_install'
[5.005s] Level 1:colcon.colcon_core.package_identification:_identify(src/empatica_e4) by extensions ['colcon_pkg']
[5.006s] Level 1:colcon.colcon_core.package_identification:_identify(src/empatica_e4) by extension 'colcon_pkg'
[5.007s] Level 1:colcon.colcon_core.package_identification:_identify(src/empatica_e4) by extensions ['colcon_meta']
[5.008s] Level 1:colcon.colcon_core.package_identification:_identify(src/empatica_e4) by extension 'colcon_meta'
[5.009s] Level 1:colcon.colcon_core.package_identification:_identify(src/empatica_e4) by extensions ['ros']
[5.010s] Level 1:colcon.colcon_core.package_identification:_identify(src/empatica_e4) by extension 'ros'
[5.018s] DEBUG:colcon.colcon_core.package_identification:Package 'src/empatica_e4' with type 'ros.ament_python' and name 'empatica_e4'
[5.020s] Level 1:colcon.colcon_core.package_identification:_identify(src/manager) by extensions ['ignore', 'ignore_ament_install']
[5.021s] Level 1:colcon.colcon_core.package_identification:_identify(src/manager) by extension 'ignore'
[5.022s] Level 1:colcon.colcon_core.package_identification:_identify(src/manager) by extension 'ignore_ament_install'
[5.024s] Level 1:colcon.colcon_core.package_identification:_identify(src/manager) by extensions ['colcon_pkg']
[5.025s] Level 1:colcon.colcon_core.package_identification:_identify(src/manager) by extension 'colcon_pkg'
[5.026s] Level 1:colcon.colcon_core.package_identification:_identify(src/manager) by extensions ['colcon_meta']
[5.027s] Level 1:colcon.colcon_core.package_identification:_identify(src/manager) by extension 'colcon_meta'
[5.028s] Level 1:colcon.colcon_core.package_identification:_identify(src/manager) by extensions ['ros']
[5.028s] Level 1:colcon.colcon_core.package_identification:_identify(src/manager) by extension 'ros'
[5.041s] DEBUG:colcon.colcon_core.package_identification:Package 'src/manager' with type 'ros.ament_cmake' and name 'manager'
[5.043s] Level 1:colcon.colcon_core.package_identification:_identify(src/polar_h10) by extensions ['ignore', 'ignore_ament_install']
[5.045s] Level 1:colcon.colcon_core.package_identification:_identify(src/polar_h10) by extension 'ignore'
[5.046s] Level 1:colcon.colcon_core.package_identification:_identify(src/polar_h10) by extension 'ignore_ament_install'
[5.047s] Level 1:colcon.colcon_core.package_identification:_identify(src/polar_h10) by extensions ['colcon_pkg']
[5.048s] Level 1:colcon.colcon_core.package_identification:_identify(src/polar_h10) by extension 'colcon_pkg'
[5.050s] Level 1:colcon.colcon_core.package_identification:_identify(src/polar_h10) by extensions ['colcon_meta']
[5.050s] Level 1:colcon.colcon_core.package_identification:_identify(src/polar_h10) by extension 'colcon_meta'
[5.051s] Level 1:colcon.colcon_core.package_identification:_identify(src/polar_h10) by extensions ['ros']
[5.052s] Level 1:colcon.colcon_core.package_identification:_identify(src/polar_h10) by extension 'ros'
[5.061s] DEBUG:colcon.colcon_core.package_identification:Package 'src/polar_h10' with type 'ros.ament_python' and name 'polar_h10'
[5.064s] Level 1:colcon.colcon_core.package_identification:_identify(src/shimmer3_gsr_unit) by extensions ['ignore', 'ignore_ament_install']
[5.065s] Level 1:colcon.colcon_core.package_identification:_identify(src/shimmer3_gsr_unit) by extension 'ignore'
[5.066s] Level 1:colcon.colcon_core.package_identification:_identify(src/shimmer3_gsr_unit) by extension 'ignore_ament_install'
[5.068s] Level 1:colcon.colcon_core.package_identification:_identify(src/shimmer3_gsr_unit) by extensions ['colcon_pkg']
[5.069s] Level 1:colcon.colcon_core.package_identification:_identify(src/shimmer3_gsr_unit) by extension 'colcon_pkg'
[5.070s] Level 1:colcon.colcon_core.package_identification:_identify(src/shimmer3_gsr_unit) by extensions ['colcon_meta']
[5.071s] Level 1:colcon.colcon_core.package_identification:_identify(src/shimmer3_gsr_unit) by extension 'colcon_meta'
[5.072s] Level 1:colcon.colcon_core.package_identification:_identify(src/shimmer3_gsr_unit) by extensions ['ros']
[5.073s] Level 1:colcon.colcon_core.package_identification:_identify(src/shimmer3_gsr_unit) by extension 'ros'
[5.081s] DEBUG:colcon.colcon_core.package_identification:Package 'src/shimmer3_gsr_unit' with type 'ros.ament_python' and name 'shimmer3_gsr_unit'
[5.083s] Level 1:colcon.colcon_core.package_identification:_identify(src/vernier_respiration_belt) by extensions ['ignore', 'ignore_ament_install']
[5.085s] Level 1:colcon.colcon_core.package_identification:_identify(src/vernier_respiration_belt) by extension 'ignore'
[5.086s] Level 1:colcon.colcon_core.package_identification:_identify(src/vernier_respiration_belt) by extension 'ignore_ament_install'
[5.087s] Level 1:colcon.colcon_core.package_identification:_identify(src/vernier_respiration_belt) by extensions ['colcon_pkg']
[5.088s] Level 1:colcon.colcon_core.package_identification:_identify(src/vernier_respiration_belt) by extension 'colcon_pkg'
[5.089s] Level 1:colcon.colcon_core.package_identification:_identify(src/vernier_respiration_belt) by extensions ['colcon_meta']
[5.090s] Level 1:colcon.colcon_core.package_identification:_identify(src/vernier_respiration_belt) by extension 'colcon_meta'
[5.091s] Level 1:colcon.colcon_core.package_identification:_identify(src/vernier_respiration_belt) by extensions ['ros']
[5.092s] Level 1:colcon.colcon_core.package_identification:_identify(src/vernier_respiration_belt) by extension 'ros'
[5.101s] DEBUG:colcon.colcon_core.package_identification:Package 'src/vernier_respiration_belt' with type 'ros.ament_python' and name 'vernier_respiration_belt'
[5.103s] Level 1:colcon.colcon_core.package_identification:_identify(util_scripts) by extensions ['ignore', 'ignore_ament_install']
[5.104s] Level 1:colcon.colcon_core.package_identification:_identify(util_scripts) by extension 'ignore'
[5.105s] Level 1:colcon.colcon_core.package_identification:_identify(util_scripts) by extension 'ignore_ament_install'
[5.107s] Level 1:colcon.colcon_core.package_identification:_identify(util_scripts) by extensions ['colcon_pkg']
[5.107s] Level 1:colcon.colcon_core.package_identification:_identify(util_scripts) by extension 'colcon_pkg'
[5.109s] Level 1:colcon.colcon_core.package_identification:_identify(util_scripts) by extensions ['colcon_meta']
[5.109s] Level 1:colcon.colcon_core.package_identification:_identify(util_scripts) by extension 'colcon_meta'
[5.110s] Level 1:colcon.colcon_core.package_identification:_identify(util_scripts) by extensions ['ros']
[5.111s] Level 1:colcon.colcon_core.package_identification:_identify(util_scripts) by extension 'ros'
[5.113s] Level 1:colcon.colcon_core.package_identification:_identify(util_scripts) by extensions ['cmake', 'python']
[5.114s] Level 1:colcon.colcon_core.package_identification:_identify(util_scripts) by extension 'cmake'
[5.115s] Level 1:colcon.colcon_core.package_identification:_identify(util_scripts) by extension 'python'
[5.116s] Level 1:colcon.colcon_core.package_identification:_identify(util_scripts) by extensions ['python_setup_py']
[5.117s] Level 1:colcon.colcon_core.package_identification:_identify(util_scripts) by extension 'python_setup_py'
[5.118s] Level 1:colcon.colcon_core.package_discovery:discover_packages(recursive) using defaults
[5.119s] Level 1:colcon.colcon_core.package_discovery:discover_packages(ignore) discover
[5.119s] Level 1:colcon.colcon_core.package_discovery:discover_packages(ignore) using defaults
[5.120s] Level 1:colcon.colcon_core.package_discovery:discover_packages(path) discover
[5.120s] Level 1:colcon.colcon_core.package_discovery:discover_packages(path) using defaults
