[11.535s] Invoking command in '/home/jj/wearable-biosensors-ros2/src/empatica_e4': PYTHONPATH=/home/jj/wearable-biosensors-ros2/build/empatica_e4/prefix_override:/home/jj/wearable-biosensors-ros2/install/empatica_e4/lib/python3.10/site-packages:${PYTHONPATH} /usr/bin/python3 -W ignore:setup.py install is deprecated setup.py egg_info --egg-base ../../build/empatica_e4 build --build-base /home/jj/wearable-biosensors-ros2/build/empatica_e4/build install --record /home/jj/wearable-biosensors-ros2/build/empatica_e4/install.log --install-scripts $base/lib/empatica_e4 --single-version-externally-managed install_data
[14.906s] /usr/lib/python3/dist-packages/setuptools/dist.py:723: UserWarning: Usage of dash-separated 'script-dir' will not be supported in future versions. Please use the underscore name 'script_dir' instead
[14.908s]   warnings.warn(
[14.999s] running egg_info
[15.002s] creating ../../build/empatica_e4/empatica_e4.egg-info
[15.004s] writing ../../build/empatica_e4/empatica_e4.egg-info/PKG-INFO
[15.006s] writing dependency_links to ../../build/empatica_e4/empatica_e4.egg-info/dependency_links.txt
[15.010s] writing entry points to ../../build/empatica_e4/empatica_e4.egg-info/entry_points.txt
[15.010s] writing requirements to ../../build/empatica_e4/empatica_e4.egg-info/requires.txt
[15.014s] writing top-level names to ../../build/empatica_e4/empatica_e4.egg-info/top_level.txt
[15.022s] writing manifest file '../../build/empatica_e4/empatica_e4.egg-info/SOURCES.txt'
[15.040s] reading manifest file '../../build/empatica_e4/empatica_e4.egg-info/SOURCES.txt'
[15.045s] writing manifest file '../../build/empatica_e4/empatica_e4.egg-info/SOURCES.txt'
[15.048s] running build
[15.049s] running build_py
[15.060s] creating /home/jj/wearable-biosensors-ros2/build/empatica_e4/build
[15.062s] creating /home/jj/wearable-biosensors-ros2/build/empatica_e4/build/lib
[15.065s] creating /home/jj/wearable-biosensors-ros2/build/empatica_e4/build/lib/empatica_e4
[15.067s] copying empatica_e4/empatica_e4_node.py -> /home/jj/wearable-biosensors-ros2/build/empatica_e4/build/lib/empatica_e4
[15.071s] copying empatica_e4/__init__.py -> /home/jj/wearable-biosensors-ros2/build/empatica_e4/build/lib/empatica_e4
[15.075s] running install
[15.080s] running install_lib
[15.086s] creating /home/jj/wearable-biosensors-ros2/install/empatica_e4/lib/python3.10/site-packages/empatica_e4
[15.089s] copying /home/jj/wearable-biosensors-ros2/build/empatica_e4/build/lib/empatica_e4/empatica_e4_node.py -> /home/jj/wearable-biosensors-ros2/install/empatica_e4/lib/python3.10/site-packages/empatica_e4
[15.092s] copying /home/jj/wearable-biosensors-ros2/build/empatica_e4/build/lib/empatica_e4/__init__.py -> /home/jj/wearable-biosensors-ros2/install/empatica_e4/lib/python3.10/site-packages/empatica_e4
[15.098s] byte-compiling /home/jj/wearable-biosensors-ros2/install/empatica_e4/lib/python3.10/site-packages/empatica_e4/empatica_e4_node.py to empatica_e4_node.cpython-310.pyc
[15.107s] byte-compiling /home/jj/wearable-biosensors-ros2/install/empatica_e4/lib/python3.10/site-packages/empatica_e4/__init__.py to __init__.cpython-310.pyc
[15.111s] running install_data
[15.112s] creating /home/jj/wearable-biosensors-ros2/install/empatica_e4/share/ament_index
[15.114s] creating /home/jj/wearable-biosensors-ros2/install/empatica_e4/share/ament_index/resource_index
[15.115s] creating /home/jj/wearable-biosensors-ros2/install/empatica_e4/share/ament_index/resource_index/packages
[15.117s] copying resource/empatica_e4 -> /home/jj/wearable-biosensors-ros2/install/empatica_e4/share/ament_index/resource_index/packages
[15.120s] copying package.xml -> /home/jj/wearable-biosensors-ros2/install/empatica_e4/share/empatica_e4
[15.122s] copying launch/ros2-empatica_E4.launch.py -> /home/jj/wearable-biosensors-ros2/install/empatica_e4/share/empatica_e4
[15.124s] running install_egg_info
[15.138s] Copying ../../build/empatica_e4/empatica_e4.egg-info to /home/jj/wearable-biosensors-ros2/install/empatica_e4/lib/python3.10/site-packages/empatica_e4-0.0.1-py3.10.egg-info
[15.153s] running install_scripts
[15.326s] Installing empatica_e4_node script to /home/jj/wearable-biosensors-ros2/install/empatica_e4/lib/empatica_e4
[15.330s] writing list of installed files to '/home/jj/wearable-biosensors-ros2/build/empatica_e4/install.log'
[15.902s] Invoked command in '/home/jj/wearable-biosensors-ros2/src/empatica_e4' returned '0': PYTHONPATH=/home/jj/wearable-biosensors-ros2/build/empatica_e4/prefix_override:/home/jj/wearable-biosensors-ros2/install/empatica_e4/lib/python3.10/site-packages:${PYTHONPATH} /usr/bin/python3 -W ignore:setup.py install is deprecated setup.py egg_info --egg-base ../../build/empatica_e4 build --build-base /home/jj/wearable-biosensors-ros2/build/empatica_e4/build install --record /home/jj/wearable-biosensors-ros2/build/empatica_e4/install.log --install-scripts $base/lib/empatica_e4 --single-version-externally-managed install_data
