-- The C compiler identification is GNU 11.4.0
-- The CXX compiler identification is GNU 11.4.0
-- The ASM compiler identification is GNU
-- Found assembler: /usr/bin/cc
-- Detecting C compiler ABI info
-- Detecting C compiler ABI info - done
-- Check for working C compiler: /usr/bin/cc - skipped
-- Detecting C compile features
-- Detecting C compile features - done
-- Detecting CXX compiler ABI info
-- Detecting CXX compiler ABI info - done
-- Check for working CXX compiler: /usr/bin/c++ - skipped
-- Detecting CXX compile features
-- Detecting CXX compile features - done
-- Found ament_cmake: 1.3.9 (/opt/ros/humble/share/ament_cmake/cmake)
-- Found Python3: /usr/bin/python3 (found version "3.10.12") found components: Interpreter 
-- Found zstd_vendor: 0.15.11 (/home/jj/wearable-biosensors-ros2/install/zstd_vendor/share/zstd_vendor/cmake)
-- Found zstd: /usr/lib/aarch64-linux-gnu/libzstd.so (found version "1.4.8") 
-- Configuring done
-- Generating done
-- Build files have been written to: /home/jj/wearable-biosensors-ros2/build/mcap_vendor
[ 16%] [32mBuilding CXX object CMakeFiles/mcap.dir/src/main.cpp.o[0m
[ 33%] [32mBuilding C object CMakeFiles/mcap.dir/_deps/lz4-src/lib/lz4hc.c.o[0m
[ 50%] [32mBuilding C object CMakeFiles/mcap.dir/_deps/lz4-src/lib/xxhash.c.o[0m
[ 66%] [32mBuilding C object CMakeFiles/mcap.dir/_deps/lz4-src/lib/lz4frame.c.o[0m
[ 83%] [32mBuilding C object CMakeFiles/mcap.dir/_deps/lz4-src/lib/lz4.c.o[0m
[100%] [32m[1mLinking CXX shared library libmcap.so[0m
[100%] Built target mcap
-- Install configuration: ""
-- Installing: /home/jj/wearable-biosensors-ros2/install/mcap_vendor/include/mcap_vendor/mcap/crc32.hpp
-- Installing: /home/jj/wearable-biosensors-ros2/install/mcap_vendor/include/mcap_vendor/mcap/errors.hpp
-- Installing: /home/jj/wearable-biosensors-ros2/install/mcap_vendor/include/mcap_vendor/mcap/internal.hpp
-- Installing: /home/jj/wearable-biosensors-ros2/install/mcap_vendor/include/mcap_vendor/mcap/intervaltree.hpp
-- Installing: /home/jj/wearable-biosensors-ros2/install/mcap_vendor/include/mcap_vendor/mcap/mcap.hpp
-- Installing: /home/jj/wearable-biosensors-ros2/install/mcap_vendor/include/mcap_vendor/mcap/read_job_queue.hpp
-- Installing: /home/jj/wearable-biosensors-ros2/install/mcap_vendor/include/mcap_vendor/mcap/reader.hpp
-- Installing: /home/jj/wearable-biosensors-ros2/install/mcap_vendor/include/mcap_vendor/mcap/types.hpp
-- Installing: /home/jj/wearable-biosensors-ros2/install/mcap_vendor/include/mcap_vendor/mcap/visibility.hpp
-- Installing: /home/jj/wearable-biosensors-ros2/install/mcap_vendor/include/mcap_vendor/mcap/writer.hpp
-- Installing: /home/jj/wearable-biosensors-ros2/install/mcap_vendor/lib/libmcap.so
-- Installing: /home/jj/wearable-biosensors-ros2/install/mcap_vendor/share/mcap_vendor/environment/library_path.sh
-- Installing: /home/jj/wearable-biosensors-ros2/install/mcap_vendor/share/mcap_vendor/environment/library_path.dsv
-- Installing: /home/jj/wearable-biosensors-ros2/install/mcap_vendor/share/ament_index/resource_index/package_run_dependencies/mcap_vendor
-- Installing: /home/jj/wearable-biosensors-ros2/install/mcap_vendor/share/ament_index/resource_index/parent_prefix_path/mcap_vendor
-- Installing: /home/jj/wearable-biosensors-ros2/install/mcap_vendor/share/mcap_vendor/environment/ament_prefix_path.sh
-- Installing: /home/jj/wearable-biosensors-ros2/install/mcap_vendor/share/mcap_vendor/environment/ament_prefix_path.dsv
-- Installing: /home/jj/wearable-biosensors-ros2/install/mcap_vendor/share/mcap_vendor/environment/path.sh
-- Installing: /home/jj/wearable-biosensors-ros2/install/mcap_vendor/share/mcap_vendor/environment/path.dsv
-- Installing: /home/jj/wearable-biosensors-ros2/install/mcap_vendor/share/mcap_vendor/local_setup.bash
-- Installing: /home/jj/wearable-biosensors-ros2/install/mcap_vendor/share/mcap_vendor/local_setup.sh
-- Installing: /home/jj/wearable-biosensors-ros2/install/mcap_vendor/share/mcap_vendor/local_setup.zsh
-- Installing: /home/jj/wearable-biosensors-ros2/install/mcap_vendor/share/mcap_vendor/local_setup.dsv
-- Installing: /home/jj/wearable-biosensors-ros2/install/mcap_vendor/share/mcap_vendor/package.dsv
-- Installing: /home/jj/wearable-biosensors-ros2/install/mcap_vendor/share/ament_index/resource_index/packages/mcap_vendor
-- Installing: /home/jj/wearable-biosensors-ros2/install/mcap_vendor/share/mcap_vendor/cmake/mcapExport.cmake
-- Installing: /home/jj/wearable-biosensors-ros2/install/mcap_vendor/share/mcap_vendor/cmake/mcapExport-noconfig.cmake
-- Installing: /home/jj/wearable-biosensors-ros2/install/mcap_vendor/share/mcap_vendor/cmake/ament_cmake_export_include_directories-extras.cmake
-- Installing: /home/jj/wearable-biosensors-ros2/install/mcap_vendor/share/mcap_vendor/cmake/ament_cmake_export_targets-extras.cmake
-- Installing: /home/jj/wearable-biosensors-ros2/install/mcap_vendor/share/mcap_vendor/cmake/ament_cmake_export_dependencies-extras.cmake
-- Installing: /home/jj/wearable-biosensors-ros2/install/mcap_vendor/share/mcap_vendor/cmake/mcap_vendorConfig.cmake
-- Installing: /home/jj/wearable-biosensors-ros2/install/mcap_vendor/share/mcap_vendor/cmake/mcap_vendorConfig-version.cmake
-- Installing: /home/jj/wearable-biosensors-ros2/install/mcap_vendor/share/mcap_vendor/package.xml
