[9.802s] Invoking command in '/home/jj/wearable-biosensors-ros2/build/empatica_e4': PYTHONPATH=/home/jj/wearable-biosensors-ros2/build/empatica_e4/prefix_override:/home/jj/wearable-biosensors-ros2/install/empatica_e4/lib/python3.10/site-packages:${PYTHONPATH} /usr/bin/python3 -W ignore:setup.py install is deprecated setup.py develop --editable --build-directory /home/jj/wearable-biosensors-ros2/build/empatica_e4/build --no-deps symlink_data
[12.166s] /usr/lib/python3/dist-packages/setuptools/dist.py:723: UserWarning: Usage of dash-separated 'script-dir' will not be supported in future versions. Please use the underscore name 'script_dir' instead
[12.167s]   warnings.warn(
[12.413s] /usr/lib/python3/dist-packages/setuptools/command/easy_install.py:158: EasyInstallDeprecationWarning: easy_install command is deprecated. Use build and pip and other standards-based tools.
[12.414s]   warnings.warn(
[12.415s] running develop
[14.957s] running egg_info
[14.960s] writing empatica_e4.egg-info/PKG-INFO
[14.965s] writing dependency_links to empatica_e4.egg-info/dependency_links.txt
[14.970s] writing entry points to empatica_e4.egg-info/entry_points.txt
[14.974s] writing requirements to empatica_e4.egg-info/requires.txt
[14.978s] writing top-level names to empatica_e4.egg-info/top_level.txt
[14.991s] reading manifest file 'empatica_e4.egg-info/SOURCES.txt'
[14.999s] writing manifest file 'empatica_e4.egg-info/SOURCES.txt'
[15.009s] running build_ext
[15.012s] Creating /home/jj/wearable-biosensors-ros2/install/empatica_e4/lib/python3.10/site-packages/empatica-e4.egg-link (link to .)
[15.020s] Installing empatica_e4_node script to /home/jj/wearable-biosensors-ros2/install/empatica_e4/lib/empatica_e4
[15.031s] 
[15.032s] Installed /home/jj/wearable-biosensors-ros2/build/empatica_e4
[15.032s] running symlink_data
[15.284s] Invoked command in '/home/jj/wearable-biosensors-ros2/build/empatica_e4' returned '0': PYTHONPATH=/home/jj/wearable-biosensors-ros2/build/empatica_e4/prefix_override:/home/jj/wearable-biosensors-ros2/install/empatica_e4/lib/python3.10/site-packages:${PYTHONPATH} /usr/bin/python3 -W ignore:setup.py install is deprecated setup.py develop --editable --build-directory /home/jj/wearable-biosensors-ros2/build/empatica_e4/build --no-deps symlink_data
