[0.530s] DEBUG:colcon:Command line arguments: ['/usr/bin/colcon', 'build', '--symlink-install']
[0.530s] DEBUG:colcon:Parsed command line arguments: Namespace(log_base=None, log_level=None, verb_name='build', build_base='build', install_base='install', merge_install=False, symlink_install=True, test_result_base=None, continue_on_error=False, executor='parallel', parallel_workers=4, event_handlers=None, ignore_user_meta=False, metas=['./colcon.meta'], base_paths=['.'], packages_ignore=None, packages_ignore_regex=None, paths=None, packages_up_to=None, packages_up_to_regex=None, packages_above=None, packages_above_and_dependencies=None, packages_above_depth=None, packages_select_by_dep=None, packages_skip_by_dep=None, packages_skip_up_to=None, packages_select_build_failed=False, packages_skip_build_finished=False, packages_select_test_failures=False, packages_skip_test_passed=False, packages_select=None, packages_skip=None, packages_select_regex=None, packages_skip_regex=None, packages_start=None, packages_end=None, allow_overriding=[], cmake_args=None, cmake_target=None, cmake_target_skip_unavailable=False, cmake_clean_cache=False, cmake_clean_first=False, cmake_force_configure=False, ament_cmake_args=None, catkin_cmake_args=None, catkin_skip_building_tests=False, mixin_files=None, mixin=None, verb_parser=<colcon_mixin.mixin.mixin_argument.MixinArgumentDecorator object at 0xffff8d8d5bd0>, verb_extension=<colcon_core.verb.build.BuildVerb object at 0xffff8d9f6980>, main=<bound method BuildVerb.main of <colcon_core.verb.build.BuildVerb object at 0xffff8d9f6980>>, mixin_verb=('build',))
[1.808s] Level 1:colcon.colcon_core.package_discovery:discover_packages(colcon_meta) check parameters
[1.809s] Level 1:colcon.colcon_core.package_discovery:discover_packages(recursive) check parameters
[1.809s] Level 1:colcon.colcon_core.package_discovery:discover_packages(ignore) check parameters
[1.809s] Level 1:colcon.colcon_core.package_discovery:discover_packages(path) check parameters
[1.809s] Level 1:colcon.colcon_core.package_discovery:discover_packages(colcon_meta) discover
[1.810s] Level 1:colcon.colcon_core.package_discovery:discover_packages(recursive) discover
[1.810s] INFO:colcon.colcon_core.package_discovery:Crawling recursively for packages in '/home/jj/wearable-biosensors-ros2'
[1.811s] Level 1:colcon.colcon_core.package_identification:_identify(.) by extensions ['ignore', 'ignore_ament_install']
[1.811s] Level 1:colcon.colcon_core.package_identification:_identify(.) by extension 'ignore'
[1.811s] Level 1:colcon.colcon_core.package_identification:_identify(.) by extension 'ignore_ament_install'
[1.812s] Level 1:colcon.colcon_core.package_identification:_identify(.) by extensions ['colcon_pkg']
[1.812s] Level 1:colcon.colcon_core.package_identification:_identify(.) by extension 'colcon_pkg'
[1.812s] Level 1:colcon.colcon_core.package_identification:_identify(.) by extensions ['colcon_meta']
[1.812s] Level 1:colcon.colcon_core.package_identification:_identify(.) by extension 'colcon_meta'
[1.813s] Level 1:colcon.colcon_core.package_identification:_identify(.) by extensions ['ros']
[1.813s] Level 1:colcon.colcon_core.package_identification:_identify(.) by extension 'ros'
[1.866s] Level 1:colcon.colcon_core.package_identification:_identify(.) by extensions ['cmake', 'python']
[1.866s] Level 1:colcon.colcon_core.package_identification:_identify(.) by extension 'cmake'
[1.866s] Level 1:colcon.colcon_core.package_identification:_identify(.) by extension 'python'
[1.866s] Level 1:colcon.colcon_core.package_identification:_identify(.) by extensions ['python_setup_py']
[1.867s] Level 1:colcon.colcon_core.package_identification:_identify(.) by extension 'python_setup_py'
[1.867s] Level 1:colcon.colcon_core.package_identification:_identify(build) by extensions ['ignore', 'ignore_ament_install']
[1.868s] Level 1:colcon.colcon_core.package_identification:_identify(build) by extension 'ignore'
[1.868s] Level 1:colcon.colcon_core.package_identification:_identify(build) ignored
[1.869s] Level 1:colcon.colcon_core.package_identification:_identify(cdcl:humble-jammy-biosensors) by extensions ['ignore', 'ignore_ament_install']
[1.869s] Level 1:colcon.colcon_core.package_identification:_identify(cdcl:humble-jammy-biosensors) by extension 'ignore'
[1.869s] Level 1:colcon.colcon_core.package_identification:_identify(cdcl:humble-jammy-biosensors) by extension 'ignore_ament_install'
[1.870s] Level 1:colcon.colcon_core.package_identification:_identify(cdcl:humble-jammy-biosensors) by extensions ['colcon_pkg']
[1.870s] Level 1:colcon.colcon_core.package_identification:_identify(cdcl:humble-jammy-biosensors) by extension 'colcon_pkg'
[1.870s] Level 1:colcon.colcon_core.package_identification:_identify(cdcl:humble-jammy-biosensors) by extensions ['colcon_meta']
[1.870s] Level 1:colcon.colcon_core.package_identification:_identify(cdcl:humble-jammy-biosensors) by extension 'colcon_meta'
[1.871s] Level 1:colcon.colcon_core.package_identification:_identify(cdcl:humble-jammy-biosensors) by extensions ['ros']
[1.871s] Level 1:colcon.colcon_core.package_identification:_identify(cdcl:humble-jammy-biosensors) by extension 'ros'
[1.871s] Level 1:colcon.colcon_core.package_identification:_identify(cdcl:humble-jammy-biosensors) by extensions ['cmake', 'python']
[1.871s] Level 1:colcon.colcon_core.package_identification:_identify(cdcl:humble-jammy-biosensors) by extension 'cmake'
[1.872s] Level 1:colcon.colcon_core.package_identification:_identify(cdcl:humble-jammy-biosensors) by extension 'python'
[1.872s] Level 1:colcon.colcon_core.package_identification:_identify(cdcl:humble-jammy-biosensors) by extensions ['python_setup_py']
[1.872s] Level 1:colcon.colcon_core.package_identification:_identify(cdcl:humble-jammy-biosensors) by extension 'python_setup_py'
[1.873s] Level 1:colcon.colcon_core.package_identification:_identify(install) by extensions ['ignore', 'ignore_ament_install']
[1.873s] Level 1:colcon.colcon_core.package_identification:_identify(install) by extension 'ignore'
[1.873s] Level 1:colcon.colcon_core.package_identification:_identify(install) ignored
[1.874s] Level 1:colcon.colcon_core.package_identification:_identify(log) by extensions ['ignore', 'ignore_ament_install']
[1.875s] Level 1:colcon.colcon_core.package_identification:_identify(log) by extension 'ignore'
[1.875s] Level 1:colcon.colcon_core.package_identification:_identify(log) ignored
[1.875s] Level 1:colcon.colcon_core.package_identification:_identify(media) by extensions ['ignore', 'ignore_ament_install']
[1.876s] Level 1:colcon.colcon_core.package_identification:_identify(media) by extension 'ignore'
[1.876s] Level 1:colcon.colcon_core.package_identification:_identify(media) by extension 'ignore_ament_install'
[1.876s] Level 1:colcon.colcon_core.package_identification:_identify(media) by extensions ['colcon_pkg']
[1.876s] Level 1:colcon.colcon_core.package_identification:_identify(media) by extension 'colcon_pkg'
[1.877s] Level 1:colcon.colcon_core.package_identification:_identify(media) by extensions ['colcon_meta']
[1.877s] Level 1:colcon.colcon_core.package_identification:_identify(media) by extension 'colcon_meta'
[1.877s] Level 1:colcon.colcon_core.package_identification:_identify(media) by extensions ['ros']
[1.877s] Level 1:colcon.colcon_core.package_identification:_identify(media) by extension 'ros'
[1.878s] Level 1:colcon.colcon_core.package_identification:_identify(media) by extensions ['cmake', 'python']
[1.878s] Level 1:colcon.colcon_core.package_identification:_identify(media) by extension 'cmake'
[1.878s] Level 1:colcon.colcon_core.package_identification:_identify(media) by extension 'python'
[1.878s] Level 1:colcon.colcon_core.package_identification:_identify(media) by extensions ['python_setup_py']
[1.878s] Level 1:colcon.colcon_core.package_identification:_identify(media) by extension 'python_setup_py'
[1.879s] Level 1:colcon.colcon_core.package_identification:_identify(media/contributors) by extensions ['ignore', 'ignore_ament_install']
[1.879s] Level 1:colcon.colcon_core.package_identification:_identify(media/contributors) by extension 'ignore'
[1.880s] Level 1:colcon.colcon_core.package_identification:_identify(media/contributors) by extension 'ignore_ament_install'
[1.880s] Level 1:colcon.colcon_core.package_identification:_identify(media/contributors) by extensions ['colcon_pkg']
[1.880s] Level 1:colcon.colcon_core.package_identification:_identify(media/contributors) by extension 'colcon_pkg'
[1.880s] Level 1:colcon.colcon_core.package_identification:_identify(media/contributors) by extensions ['colcon_meta']
[1.881s] Level 1:colcon.colcon_core.package_identification:_identify(media/contributors) by extension 'colcon_meta'
[1.881s] Level 1:colcon.colcon_core.package_identification:_identify(media/contributors) by extensions ['ros']
[1.881s] Level 1:colcon.colcon_core.package_identification:_identify(media/contributors) by extension 'ros'
[1.881s] Level 1:colcon.colcon_core.package_identification:_identify(media/contributors) by extensions ['cmake', 'python']
[1.881s] Level 1:colcon.colcon_core.package_identification:_identify(media/contributors) by extension 'cmake'
[1.882s] Level 1:colcon.colcon_core.package_identification:_identify(media/contributors) by extension 'python'
[1.882s] Level 1:colcon.colcon_core.package_identification:_identify(media/contributors) by extensions ['python_setup_py']
[1.882s] Level 1:colcon.colcon_core.package_identification:_identify(media/contributors) by extension 'python_setup_py'
[1.883s] Level 1:colcon.colcon_core.package_identification:_identify(media/img) by extensions ['ignore', 'ignore_ament_install']
[1.883s] Level 1:colcon.colcon_core.package_identification:_identify(media/img) by extension 'ignore'
[1.883s] Level 1:colcon.colcon_core.package_identification:_identify(media/img) by extension 'ignore_ament_install'
[1.884s] Level 1:colcon.colcon_core.package_identification:_identify(media/img) by extensions ['colcon_pkg']
[1.884s] Level 1:colcon.colcon_core.package_identification:_identify(media/img) by extension 'colcon_pkg'
[1.884s] Level 1:colcon.colcon_core.package_identification:_identify(media/img) by extensions ['colcon_meta']
[1.885s] Level 1:colcon.colcon_core.package_identification:_identify(media/img) by extension 'colcon_meta'
[1.885s] Level 1:colcon.colcon_core.package_identification:_identify(media/img) by extensions ['ros']
[1.885s] Level 1:colcon.colcon_core.package_identification:_identify(media/img) by extension 'ros'
[1.886s] Level 1:colcon.colcon_core.package_identification:_identify(media/img) by extensions ['cmake', 'python']
[1.886s] Level 1:colcon.colcon_core.package_identification:_identify(media/img) by extension 'cmake'
[1.887s] Level 1:colcon.colcon_core.package_identification:_identify(media/img) by extension 'python'
[1.887s] Level 1:colcon.colcon_core.package_identification:_identify(media/img) by extensions ['python_setup_py']
[1.888s] Level 1:colcon.colcon_core.package_identification:_identify(media/img) by extension 'python_setup_py'
[1.888s] Level 1:colcon.colcon_core.package_identification:_identify(src) by extensions ['ignore', 'ignore_ament_install']
[1.889s] Level 1:colcon.colcon_core.package_identification:_identify(src) by extension 'ignore'
[1.890s] Level 1:colcon.colcon_core.package_identification:_identify(src) by extension 'ignore_ament_install'
[1.890s] Level 1:colcon.colcon_core.package_identification:_identify(src) by extensions ['colcon_pkg']
[1.890s] Level 1:colcon.colcon_core.package_identification:_identify(src) by extension 'colcon_pkg'
[1.890s] Level 1:colcon.colcon_core.package_identification:_identify(src) by extensions ['colcon_meta']
[1.890s] Level 1:colcon.colcon_core.package_identification:_identify(src) by extension 'colcon_meta'
[1.891s] Level 1:colcon.colcon_core.package_identification:_identify(src) by extensions ['ros']
[1.891s] Level 1:colcon.colcon_core.package_identification:_identify(src) by extension 'ros'
[1.891s] Level 1:colcon.colcon_core.package_identification:_identify(src) by extensions ['cmake', 'python']
[1.891s] Level 1:colcon.colcon_core.package_identification:_identify(src) by extension 'cmake'
[1.892s] Level 1:colcon.colcon_core.package_identification:_identify(src) by extension 'python'
[1.892s] Level 1:colcon.colcon_core.package_identification:_identify(src) by extensions ['python_setup_py']
[1.892s] Level 1:colcon.colcon_core.package_identification:_identify(src) by extension 'python_setup_py'
[1.893s] Level 1:colcon.colcon_core.package_identification:_identify(src/cdcl_umd_msgs) by extensions ['ignore', 'ignore_ament_install']
[1.893s] Level 1:colcon.colcon_core.package_identification:_identify(src/cdcl_umd_msgs) by extension 'ignore'
[1.893s] Level 1:colcon.colcon_core.package_identification:_identify(src/cdcl_umd_msgs) by extension 'ignore_ament_install'
[1.894s] Level 1:colcon.colcon_core.package_identification:_identify(src/cdcl_umd_msgs) by extensions ['colcon_pkg']
[1.894s] Level 1:colcon.colcon_core.package_identification:_identify(src/cdcl_umd_msgs) by extension 'colcon_pkg'
[1.894s] Level 1:colcon.colcon_core.package_identification:_identify(src/cdcl_umd_msgs) by extensions ['colcon_meta']
[1.894s] Level 1:colcon.colcon_core.package_identification:_identify(src/cdcl_umd_msgs) by extension 'colcon_meta'
[1.894s] Level 1:colcon.colcon_core.package_identification:_identify(src/cdcl_umd_msgs) by extensions ['ros']
[1.895s] Level 1:colcon.colcon_core.package_identification:_identify(src/cdcl_umd_msgs) by extension 'ros'
[1.905s] DEBUG:colcon.colcon_core.package_identification:Package 'src/cdcl_umd_msgs' with type 'ros.ament_cmake' and name 'cdcl_umd_msgs'
[1.906s] Level 1:colcon.colcon_core.package_identification:_identify(src/emotiv_insight) by extensions ['ignore', 'ignore_ament_install']
[1.906s] Level 1:colcon.colcon_core.package_identification:_identify(src/emotiv_insight) by extension 'ignore'
[1.907s] Level 1:colcon.colcon_core.package_identification:_identify(src/emotiv_insight) by extension 'ignore_ament_install'
[1.907s] Level 1:colcon.colcon_core.package_identification:_identify(src/emotiv_insight) by extensions ['colcon_pkg']
[1.907s] Level 1:colcon.colcon_core.package_identification:_identify(src/emotiv_insight) by extension 'colcon_pkg'
[1.907s] Level 1:colcon.colcon_core.package_identification:_identify(src/emotiv_insight) by extensions ['colcon_meta']
[1.908s] Level 1:colcon.colcon_core.package_identification:_identify(src/emotiv_insight) by extension 'colcon_meta'
[1.908s] Level 1:colcon.colcon_core.package_identification:_identify(src/emotiv_insight) by extensions ['ros']
[1.908s] Level 1:colcon.colcon_core.package_identification:_identify(src/emotiv_insight) by extension 'ros'
[1.910s] DEBUG:colcon.colcon_core.package_identification:Package 'src/emotiv_insight' with type 'ros.ament_python' and name 'emotiv_insight'
[1.911s] Level 1:colcon.colcon_core.package_identification:_identify(src/empatica_e4) by extensions ['ignore', 'ignore_ament_install']
[1.911s] Level 1:colcon.colcon_core.package_identification:_identify(src/empatica_e4) by extension 'ignore'
[1.912s] Level 1:colcon.colcon_core.package_identification:_identify(src/empatica_e4) by extension 'ignore_ament_install'
[1.912s] Level 1:colcon.colcon_core.package_identification:_identify(src/empatica_e4) by extensions ['colcon_pkg']
[1.912s] Level 1:colcon.colcon_core.package_identification:_identify(src/empatica_e4) by extension 'colcon_pkg'
[1.912s] Level 1:colcon.colcon_core.package_identification:_identify(src/empatica_e4) by extensions ['colcon_meta']
[1.913s] Level 1:colcon.colcon_core.package_identification:_identify(src/empatica_e4) by extension 'colcon_meta'
[1.913s] Level 1:colcon.colcon_core.package_identification:_identify(src/empatica_e4) by extensions ['ros']
[1.913s] Level 1:colcon.colcon_core.package_identification:_identify(src/empatica_e4) by extension 'ros'
[1.915s] DEBUG:colcon.colcon_core.package_identification:Package 'src/empatica_e4' with type 'ros.ament_python' and name 'empatica_e4'
[1.916s] Level 1:colcon.colcon_core.package_identification:_identify(src/polar_h10) by extensions ['ignore', 'ignore_ament_install']
[1.916s] Level 1:colcon.colcon_core.package_identification:_identify(src/polar_h10) by extension 'ignore'
[1.917s] Level 1:colcon.colcon_core.package_identification:_identify(src/polar_h10) by extension 'ignore_ament_install'
[1.917s] Level 1:colcon.colcon_core.package_identification:_identify(src/polar_h10) by extensions ['colcon_pkg']
[1.917s] Level 1:colcon.colcon_core.package_identification:_identify(src/polar_h10) by extension 'colcon_pkg'
[1.917s] Level 1:colcon.colcon_core.package_identification:_identify(src/polar_h10) by extensions ['colcon_meta']
[1.918s] Level 1:colcon.colcon_core.package_identification:_identify(src/polar_h10) by extension 'colcon_meta'
[1.918s] Level 1:colcon.colcon_core.package_identification:_identify(src/polar_h10) by extensions ['ros']
[1.918s] Level 1:colcon.colcon_core.package_identification:_identify(src/polar_h10) by extension 'ros'
[1.920s] DEBUG:colcon.colcon_core.package_identification:Package 'src/polar_h10' with type 'ros.ament_python' and name 'polar_h10'
[1.921s] Level 1:colcon.colcon_core.package_identification:_identify(src/shimmer3_gsr_unit) by extensions ['ignore', 'ignore_ament_install']
[1.921s] Level 1:colcon.colcon_core.package_identification:_identify(src/shimmer3_gsr_unit) by extension 'ignore'
[1.922s] Level 1:colcon.colcon_core.package_identification:_identify(src/shimmer3_gsr_unit) by extension 'ignore_ament_install'
[1.922s] Level 1:colcon.colcon_core.package_identification:_identify(src/shimmer3_gsr_unit) by extensions ['colcon_pkg']
[1.922s] Level 1:colcon.colcon_core.package_identification:_identify(src/shimmer3_gsr_unit) by extension 'colcon_pkg'
[1.922s] Level 1:colcon.colcon_core.package_identification:_identify(src/shimmer3_gsr_unit) by extensions ['colcon_meta']
[1.922s] Level 1:colcon.colcon_core.package_identification:_identify(src/shimmer3_gsr_unit) by extension 'colcon_meta'
[1.923s] Level 1:colcon.colcon_core.package_identification:_identify(src/shimmer3_gsr_unit) by extensions ['ros']
[1.923s] Level 1:colcon.colcon_core.package_identification:_identify(src/shimmer3_gsr_unit) by extension 'ros'
[1.925s] DEBUG:colcon.colcon_core.package_identification:Package 'src/shimmer3_gsr_unit' with type 'ros.ament_python' and name 'shimmer3_gsr_unit'
[1.926s] Level 1:colcon.colcon_core.package_identification:_identify(src/vernier_respiration_belt) by extensions ['ignore', 'ignore_ament_install']
[1.926s] Level 1:colcon.colcon_core.package_identification:_identify(src/vernier_respiration_belt) by extension 'ignore'
[1.927s] Level 1:colcon.colcon_core.package_identification:_identify(src/vernier_respiration_belt) by extension 'ignore_ament_install'
[1.927s] Level 1:colcon.colcon_core.package_identification:_identify(src/vernier_respiration_belt) by extensions ['colcon_pkg']
[1.927s] Level 1:colcon.colcon_core.package_identification:_identify(src/vernier_respiration_belt) by extension 'colcon_pkg'
[1.927s] Level 1:colcon.colcon_core.package_identification:_identify(src/vernier_respiration_belt) by extensions ['colcon_meta']
[1.927s] Level 1:colcon.colcon_core.package_identification:_identify(src/vernier_respiration_belt) by extension 'colcon_meta'
[1.928s] Level 1:colcon.colcon_core.package_identification:_identify(src/vernier_respiration_belt) by extensions ['ros']
[1.928s] Level 1:colcon.colcon_core.package_identification:_identify(src/vernier_respiration_belt) by extension 'ros'
[1.930s] DEBUG:colcon.colcon_core.package_identification:Package 'src/vernier_respiration_belt' with type 'ros.ament_python' and name 'vernier_respiration_belt'
[1.930s] Level 1:colcon.colcon_core.package_discovery:discover_packages(recursive) using defaults
[1.931s] Level 1:colcon.colcon_core.package_discovery:discover_packages(ignore) discover
[1.931s] Level 1:colcon.colcon_core.package_discovery:discover_packages(ignore) using defaults
[1.931s] Level 1:colcon.colcon_core.package_discovery:discover_packages(path) discover
[1.931s] Level 1:colcon.colcon_core.package_discovery:discover_packages(path) using defaults
[2.024s] Level 1:colcon.colcon_core.package_discovery:discover_packages(prefix_path) check parameters
[2.025s] Level 1:colcon.colcon_core.package_discovery:discover_packages(prefix_path) discover
[2.082s] DEBUG:colcon.colcon_installed_package_information.package_discovery:Found 270 installed packages in /opt/ros/humble
[2.089s] Level 1:colcon.colcon_core.package_discovery:discover_packages(prefix_path) using defaults
[2.286s] Level 5:colcon.colcon_core.verb:set package 'cdcl_umd_msgs' build argument 'cmake_args' from command line to 'None'
[2.286s] Level 5:colcon.colcon_core.verb:set package 'cdcl_umd_msgs' build argument 'cmake_target' from command line to 'None'
[2.286s] Level 5:colcon.colcon_core.verb:set package 'cdcl_umd_msgs' build argument 'cmake_target_skip_unavailable' from command line to 'False'
[2.287s] Level 5:colcon.colcon_core.verb:set package 'cdcl_umd_msgs' build argument 'cmake_clean_cache' from command line to 'False'
[2.287s] Level 5:colcon.colcon_core.verb:set package 'cdcl_umd_msgs' build argument 'cmake_clean_first' from command line to 'False'
[2.287s] Level 5:colcon.colcon_core.verb:set package 'cdcl_umd_msgs' build argument 'cmake_force_configure' from command line to 'False'
[2.287s] Level 5:colcon.colcon_core.verb:set package 'cdcl_umd_msgs' build argument 'ament_cmake_args' from command line to 'None'
[2.287s] Level 5:colcon.colcon_core.verb:set package 'cdcl_umd_msgs' build argument 'catkin_cmake_args' from command line to 'None'
[2.287s] Level 5:colcon.colcon_core.verb:set package 'cdcl_umd_msgs' build argument 'catkin_skip_building_tests' from command line to 'False'
[2.288s] DEBUG:colcon.colcon_core.verb:Building package 'cdcl_umd_msgs' with the following arguments: {'ament_cmake_args': None, 'build_base': '/home/jj/wearable-biosensors-ros2/build/cdcl_umd_msgs', 'catkin_cmake_args': None, 'catkin_skip_building_tests': False, 'cmake_args': None, 'cmake_clean_cache': False, 'cmake_clean_first': False, 'cmake_force_configure': False, 'cmake_target': None, 'cmake_target_skip_unavailable': False, 'install_base': '/home/jj/wearable-biosensors-ros2/install/cdcl_umd_msgs', 'merge_install': False, 'path': '/home/jj/wearable-biosensors-ros2/src/cdcl_umd_msgs', 'symlink_install': True, 'test_result_base': None}
[2.289s] Level 5:colcon.colcon_core.verb:set package 'emotiv_insight' build argument 'cmake_args' from command line to 'None'
[2.289s] Level 5:colcon.colcon_core.verb:set package 'emotiv_insight' build argument 'cmake_target' from command line to 'None'
[2.290s] Level 5:colcon.colcon_core.verb:set package 'emotiv_insight' build argument 'cmake_target_skip_unavailable' from command line to 'False'
[2.290s] Level 5:colcon.colcon_core.verb:set package 'emotiv_insight' build argument 'cmake_clean_cache' from command line to 'False'
[2.290s] Level 5:colcon.colcon_core.verb:set package 'emotiv_insight' build argument 'cmake_clean_first' from command line to 'False'
[2.290s] Level 5:colcon.colcon_core.verb:set package 'emotiv_insight' build argument 'cmake_force_configure' from command line to 'False'
[2.290s] Level 5:colcon.colcon_core.verb:set package 'emotiv_insight' build argument 'ament_cmake_args' from command line to 'None'
[2.290s] Level 5:colcon.colcon_core.verb:set package 'emotiv_insight' build argument 'catkin_cmake_args' from command line to 'None'
[2.290s] Level 5:colcon.colcon_core.verb:set package 'emotiv_insight' build argument 'catkin_skip_building_tests' from command line to 'False'
[2.291s] DEBUG:colcon.colcon_core.verb:Building package 'emotiv_insight' with the following arguments: {'ament_cmake_args': None, 'build_base': '/home/jj/wearable-biosensors-ros2/build/emotiv_insight', 'catkin_cmake_args': None, 'catkin_skip_building_tests': False, 'cmake_args': None, 'cmake_clean_cache': False, 'cmake_clean_first': False, 'cmake_force_configure': False, 'cmake_target': None, 'cmake_target_skip_unavailable': False, 'install_base': '/home/jj/wearable-biosensors-ros2/install/emotiv_insight', 'merge_install': False, 'path': '/home/jj/wearable-biosensors-ros2/src/emotiv_insight', 'symlink_install': True, 'test_result_base': None}
[2.292s] Level 5:colcon.colcon_core.verb:set package 'empatica_e4' build argument 'cmake_args' from command line to 'None'
[2.292s] Level 5:colcon.colcon_core.verb:set package 'empatica_e4' build argument 'cmake_target' from command line to 'None'
[2.293s] Level 5:colcon.colcon_core.verb:set package 'empatica_e4' build argument 'cmake_target_skip_unavailable' from command line to 'False'
[2.293s] Level 5:colcon.colcon_core.verb:set package 'empatica_e4' build argument 'cmake_clean_cache' from command line to 'False'
[2.293s] Level 5:colcon.colcon_core.verb:set package 'empatica_e4' build argument 'cmake_clean_first' from command line to 'False'
[2.293s] Level 5:colcon.colcon_core.verb:set package 'empatica_e4' build argument 'cmake_force_configure' from command line to 'False'
[2.293s] Level 5:colcon.colcon_core.verb:set package 'empatica_e4' build argument 'ament_cmake_args' from command line to 'None'
[2.293s] Level 5:colcon.colcon_core.verb:set package 'empatica_e4' build argument 'catkin_cmake_args' from command line to 'None'
[2.293s] Level 5:colcon.colcon_core.verb:set package 'empatica_e4' build argument 'catkin_skip_building_tests' from command line to 'False'
[2.294s] DEBUG:colcon.colcon_core.verb:Building package 'empatica_e4' with the following arguments: {'ament_cmake_args': None, 'build_base': '/home/jj/wearable-biosensors-ros2/build/empatica_e4', 'catkin_cmake_args': None, 'catkin_skip_building_tests': False, 'cmake_args': None, 'cmake_clean_cache': False, 'cmake_clean_first': False, 'cmake_force_configure': False, 'cmake_target': None, 'cmake_target_skip_unavailable': False, 'install_base': '/home/jj/wearable-biosensors-ros2/install/empatica_e4', 'merge_install': False, 'path': '/home/jj/wearable-biosensors-ros2/src/empatica_e4', 'symlink_install': True, 'test_result_base': None}
[2.295s] Level 5:colcon.colcon_core.verb:set package 'shimmer3_gsr_unit' build argument 'cmake_args' from command line to 'None'
[2.296s] Level 5:colcon.colcon_core.verb:set package 'shimmer3_gsr_unit' build argument 'cmake_target' from command line to 'None'
[2.296s] Level 5:colcon.colcon_core.verb:set package 'shimmer3_gsr_unit' build argument 'cmake_target_skip_unavailable' from command line to 'False'
[2.296s] Level 5:colcon.colcon_core.verb:set package 'shimmer3_gsr_unit' build argument 'cmake_clean_cache' from command line to 'False'
[2.296s] Level 5:colcon.colcon_core.verb:set package 'shimmer3_gsr_unit' build argument 'cmake_clean_first' from command line to 'False'
[2.296s] Level 5:colcon.colcon_core.verb:set package 'shimmer3_gsr_unit' build argument 'cmake_force_configure' from command line to 'False'
[2.296s] Level 5:colcon.colcon_core.verb:set package 'shimmer3_gsr_unit' build argument 'ament_cmake_args' from command line to 'None'
[2.296s] Level 5:colcon.colcon_core.verb:set package 'shimmer3_gsr_unit' build argument 'catkin_cmake_args' from command line to 'None'
[2.297s] Level 5:colcon.colcon_core.verb:set package 'shimmer3_gsr_unit' build argument 'catkin_skip_building_tests' from command line to 'False'
[2.297s] DEBUG:colcon.colcon_core.verb:Building package 'shimmer3_gsr_unit' with the following arguments: {'ament_cmake_args': None, 'build_base': '/home/jj/wearable-biosensors-ros2/build/shimmer3_gsr_unit', 'catkin_cmake_args': None, 'catkin_skip_building_tests': False, 'cmake_args': None, 'cmake_clean_cache': False, 'cmake_clean_first': False, 'cmake_force_configure': False, 'cmake_target': None, 'cmake_target_skip_unavailable': False, 'install_base': '/home/jj/wearable-biosensors-ros2/install/shimmer3_gsr_unit', 'merge_install': False, 'path': '/home/jj/wearable-biosensors-ros2/src/shimmer3_gsr_unit', 'symlink_install': True, 'test_result_base': None}
[2.298s] Level 5:colcon.colcon_core.verb:set package 'polar_h10' build argument 'cmake_args' from command line to 'None'
[2.299s] Level 5:colcon.colcon_core.verb:set package 'polar_h10' build argument 'cmake_target' from command line to 'None'
[2.299s] Level 5:colcon.colcon_core.verb:set package 'polar_h10' build argument 'cmake_target_skip_unavailable' from command line to 'False'
[2.299s] Level 5:colcon.colcon_core.verb:set package 'polar_h10' build argument 'cmake_clean_cache' from command line to 'False'
[2.299s] Level 5:colcon.colcon_core.verb:set package 'polar_h10' build argument 'cmake_clean_first' from command line to 'False'
[2.299s] Level 5:colcon.colcon_core.verb:set package 'polar_h10' build argument 'cmake_force_configure' from command line to 'False'
[2.299s] Level 5:colcon.colcon_core.verb:set package 'polar_h10' build argument 'ament_cmake_args' from command line to 'None'
[2.299s] Level 5:colcon.colcon_core.verb:set package 'polar_h10' build argument 'catkin_cmake_args' from command line to 'None'
[2.300s] Level 5:colcon.colcon_core.verb:set package 'polar_h10' build argument 'catkin_skip_building_tests' from command line to 'False'
[2.300s] DEBUG:colcon.colcon_core.verb:Building package 'polar_h10' with the following arguments: {'ament_cmake_args': None, 'build_base': '/home/jj/wearable-biosensors-ros2/build/polar_h10', 'catkin_cmake_args': None, 'catkin_skip_building_tests': False, 'cmake_args': None, 'cmake_clean_cache': False, 'cmake_clean_first': False, 'cmake_force_configure': False, 'cmake_target': None, 'cmake_target_skip_unavailable': False, 'install_base': '/home/jj/wearable-biosensors-ros2/install/polar_h10', 'merge_install': False, 'path': '/home/jj/wearable-biosensors-ros2/src/polar_h10', 'symlink_install': True, 'test_result_base': None}
[2.301s] Level 5:colcon.colcon_core.verb:set package 'vernier_respiration_belt' build argument 'cmake_args' from command line to 'None'
[2.302s] Level 5:colcon.colcon_core.verb:set package 'vernier_respiration_belt' build argument 'cmake_target' from command line to 'None'
[2.302s] Level 5:colcon.colcon_core.verb:set package 'vernier_respiration_belt' build argument 'cmake_target_skip_unavailable' from command line to 'False'
[2.302s] Level 5:colcon.colcon_core.verb:set package 'vernier_respiration_belt' build argument 'cmake_clean_cache' from command line to 'False'
[2.302s] Level 5:colcon.colcon_core.verb:set package 'vernier_respiration_belt' build argument 'cmake_clean_first' from command line to 'False'
[2.302s] Level 5:colcon.colcon_core.verb:set package 'vernier_respiration_belt' build argument 'cmake_force_configure' from command line to 'False'
[2.302s] Level 5:colcon.colcon_core.verb:set package 'vernier_respiration_belt' build argument 'ament_cmake_args' from command line to 'None'
[2.302s] Level 5:colcon.colcon_core.verb:set package 'vernier_respiration_belt' build argument 'catkin_cmake_args' from command line to 'None'
[2.303s] Level 5:colcon.colcon_core.verb:set package 'vernier_respiration_belt' build argument 'catkin_skip_building_tests' from command line to 'False'
[2.303s] DEBUG:colcon.colcon_core.verb:Building package 'vernier_respiration_belt' with the following arguments: {'ament_cmake_args': None, 'build_base': '/home/jj/wearable-biosensors-ros2/build/vernier_respiration_belt', 'catkin_cmake_args': None, 'catkin_skip_building_tests': False, 'cmake_args': None, 'cmake_clean_cache': False, 'cmake_clean_first': False, 'cmake_force_configure': False, 'cmake_target': None, 'cmake_target_skip_unavailable': False, 'install_base': '/home/jj/wearable-biosensors-ros2/install/vernier_respiration_belt', 'merge_install': False, 'path': '/home/jj/wearable-biosensors-ros2/src/vernier_respiration_belt', 'symlink_install': True, 'test_result_base': None}
[2.303s] INFO:colcon.colcon_core.executor:Executing jobs using 'parallel' executor
[2.307s] DEBUG:colcon.colcon_parallel_executor.executor.parallel:run_until_complete
[2.308s] INFO:colcon.colcon_ros.task.ament_cmake.build:Building ROS package in '/home/jj/wearable-biosensors-ros2/src/cdcl_umd_msgs' with build type 'ament_cmake'
[2.309s] INFO:colcon.colcon_cmake.task.cmake.build:Building CMake package in '/home/jj/wearable-biosensors-ros2/src/cdcl_umd_msgs'
[2.320s] INFO:colcon.colcon_core.plugin_system:Skipping extension 'colcon_core.shell.bat': Not used on non-Windows systems
[2.322s] INFO:colcon.colcon_core.shell:Skip shell extension 'powershell' for command environment: Not usable outside of PowerShell
[2.322s] DEBUG:colcon.colcon_core.shell:Skip shell extension 'dsv' for command environment
[2.346s] INFO:colcon.colcon_ros.task.ament_python.build:Building ROS package in '/home/jj/wearable-biosensors-ros2/src/emotiv_insight' with build type 'ament_python'
[2.347s] Level 1:colcon.colcon_core.shell:create_environment_hook('emotiv_insight', 'ament_prefix_path')
[2.349s] INFO:colcon.colcon_core.shell:Creating environment hook '/home/jj/wearable-biosensors-ros2/install/emotiv_insight/share/emotiv_insight/hook/ament_prefix_path.ps1'
[2.353s] INFO:colcon.colcon_core.shell:Creating environment descriptor '/home/jj/wearable-biosensors-ros2/install/emotiv_insight/share/emotiv_insight/hook/ament_prefix_path.dsv'
[2.356s] INFO:colcon.colcon_core.shell:Creating environment hook '/home/jj/wearable-biosensors-ros2/install/emotiv_insight/share/emotiv_insight/hook/ament_prefix_path.sh'
[2.360s] INFO:colcon.colcon_core.shell:Skip shell extension 'powershell' for command environment: Not usable outside of PowerShell
[2.361s] DEBUG:colcon.colcon_core.shell:Skip shell extension 'dsv' for command environment
[2.378s] INFO:colcon.colcon_ros.task.ament_python.build:Building ROS package in '/home/jj/wearable-biosensors-ros2/src/empatica_e4' with build type 'ament_python'
[2.380s] Level 1:colcon.colcon_core.shell:create_environment_hook('empatica_e4', 'ament_prefix_path')
[2.383s] INFO:colcon.colcon_core.shell:Creating environment hook '/home/jj/wearable-biosensors-ros2/install/empatica_e4/share/empatica_e4/hook/ament_prefix_path.ps1'
[2.389s] INFO:colcon.colcon_core.shell:Creating environment descriptor '/home/jj/wearable-biosensors-ros2/install/empatica_e4/share/empatica_e4/hook/ament_prefix_path.dsv'
[2.391s] INFO:colcon.colcon_core.shell:Creating environment hook '/home/jj/wearable-biosensors-ros2/install/empatica_e4/share/empatica_e4/hook/ament_prefix_path.sh'
[2.395s] INFO:colcon.colcon_core.shell:Skip shell extension 'powershell' for command environment: Not usable outside of PowerShell
[2.395s] DEBUG:colcon.colcon_core.shell:Skip shell extension 'dsv' for command environment
[2.417s] INFO:colcon.colcon_ros.task.ament_python.build:Building ROS package in '/home/jj/wearable-biosensors-ros2/src/shimmer3_gsr_unit' with build type 'ament_python'
[2.419s] Level 1:colcon.colcon_core.shell:create_environment_hook('shimmer3_gsr_unit', 'ament_prefix_path')
[2.421s] INFO:colcon.colcon_core.shell:Creating environment hook '/home/jj/wearable-biosensors-ros2/install/shimmer3_gsr_unit/share/shimmer3_gsr_unit/hook/ament_prefix_path.ps1'
[2.424s] INFO:colcon.colcon_core.shell:Creating environment descriptor '/home/jj/wearable-biosensors-ros2/install/shimmer3_gsr_unit/share/shimmer3_gsr_unit/hook/ament_prefix_path.dsv'
[2.426s] INFO:colcon.colcon_core.shell:Creating environment hook '/home/jj/wearable-biosensors-ros2/install/shimmer3_gsr_unit/share/shimmer3_gsr_unit/hook/ament_prefix_path.sh'
[2.429s] INFO:colcon.colcon_core.shell:Skip shell extension 'powershell' for command environment: Not usable outside of PowerShell
[2.430s] DEBUG:colcon.colcon_core.shell:Skip shell extension 'dsv' for command environment
[2.476s] DEBUG:colcon.colcon_core.event_handler.log_command:Invoking command in '/home/jj/wearable-biosensors-ros2/build/cdcl_umd_msgs': CMAKE_PREFIX_PATH=/opt/ros/humble /usr/bin/cmake --build /home/jj/wearable-biosensors-ros2/build/cdcl_umd_msgs -- -j4 -l4
[4.204s] INFO:colcon.colcon_core.task.python.build:Building Python package in '/home/jj/wearable-biosensors-ros2/src/emotiv_insight'
[4.205s] INFO:colcon.colcon_core.shell:Skip shell extension 'powershell' for command environment: Not usable outside of PowerShell
[4.205s] DEBUG:colcon.colcon_core.shell:Skip shell extension 'dsv' for command environment
[5.709s] INFO:colcon.colcon_core.task.python.build:Building Python package in '/home/jj/wearable-biosensors-ros2/src/empatica_e4'
[5.710s] INFO:colcon.colcon_core.shell:Skip shell extension 'powershell' for command environment: Not usable outside of PowerShell
[5.711s] DEBUG:colcon.colcon_core.shell:Skip shell extension 'dsv' for command environment
[7.189s] INFO:colcon.colcon_core.task.python.build:Building Python package in '/home/jj/wearable-biosensors-ros2/src/shimmer3_gsr_unit'
[7.190s] INFO:colcon.colcon_core.shell:Skip shell extension 'powershell' for command environment: Not usable outside of PowerShell
[7.191s] DEBUG:colcon.colcon_core.shell:Skip shell extension 'dsv' for command environment
[7.210s] DEBUG:colcon.colcon_core.event_handler.log_command:Invoked command in '/home/jj/wearable-biosensors-ros2/build/cdcl_umd_msgs' returned '2': CMAKE_PREFIX_PATH=/opt/ros/humble /usr/bin/cmake --build /home/jj/wearable-biosensors-ros2/build/cdcl_umd_msgs -- -j4 -l4
[7.731s] Level 1:colcon.colcon_core.environment:create_environment_scripts_only(cdcl_umd_msgs)
[7.748s] Level 1:colcon.colcon_core.environment:checking '/home/jj/wearable-biosensors-ros2/install/cdcl_umd_msgs' for CMake module files
[7.754s] Level 1:colcon.colcon_core.environment:checking '/home/jj/wearable-biosensors-ros2/install/cdcl_umd_msgs' for CMake config files
[7.759s] Level 1:colcon.colcon_core.shell:create_environment_hook('cdcl_umd_msgs', 'cmake_prefix_path')
[7.761s] INFO:colcon.colcon_core.shell:Creating environment hook '/home/jj/wearable-biosensors-ros2/install/cdcl_umd_msgs/share/cdcl_umd_msgs/hook/cmake_prefix_path.ps1'
[7.764s] INFO:colcon.colcon_core.shell:Creating environment descriptor '/home/jj/wearable-biosensors-ros2/install/cdcl_umd_msgs/share/cdcl_umd_msgs/hook/cmake_prefix_path.dsv'
[7.767s] INFO:colcon.colcon_core.shell:Creating environment hook '/home/jj/wearable-biosensors-ros2/install/cdcl_umd_msgs/share/cdcl_umd_msgs/hook/cmake_prefix_path.sh'
[7.773s] Level 1:colcon.colcon_core.environment:checking '/home/jj/wearable-biosensors-ros2/install/cdcl_umd_msgs/lib'
[7.774s] Level 1:colcon.colcon_core.shell:create_environment_hook('cdcl_umd_msgs', 'ld_library_path_lib')
[7.776s] INFO:colcon.colcon_core.shell:Creating environment hook '/home/jj/wearable-biosensors-ros2/install/cdcl_umd_msgs/share/cdcl_umd_msgs/hook/ld_library_path_lib.ps1'
[7.779s] INFO:colcon.colcon_core.shell:Creating environment descriptor '/home/jj/wearable-biosensors-ros2/install/cdcl_umd_msgs/share/cdcl_umd_msgs/hook/ld_library_path_lib.dsv'
[7.783s] INFO:colcon.colcon_core.shell:Creating environment hook '/home/jj/wearable-biosensors-ros2/install/cdcl_umd_msgs/share/cdcl_umd_msgs/hook/ld_library_path_lib.sh'
[7.786s] Level 1:colcon.colcon_core.environment:checking '/home/jj/wearable-biosensors-ros2/install/cdcl_umd_msgs/bin'
[7.786s] Level 1:colcon.colcon_core.environment:checking '/home/jj/wearable-biosensors-ros2/install/cdcl_umd_msgs/lib/pkgconfig/cdcl_umd_msgs.pc'
[7.788s] Level 1:colcon.colcon_core.environment:checking '/home/jj/wearable-biosensors-ros2/install/cdcl_umd_msgs/lib/python3.10/site-packages'
[7.789s] Level 1:colcon.colcon_core.shell:create_environment_hook('cdcl_umd_msgs', 'pythonpath')
[7.791s] INFO:colcon.colcon_core.shell:Creating environment hook '/home/jj/wearable-biosensors-ros2/install/cdcl_umd_msgs/share/cdcl_umd_msgs/hook/pythonpath.ps1'
[7.798s] INFO:colcon.colcon_core.shell:Creating environment descriptor '/home/jj/wearable-biosensors-ros2/install/cdcl_umd_msgs/share/cdcl_umd_msgs/hook/pythonpath.dsv'
[7.801s] INFO:colcon.colcon_core.shell:Creating environment hook '/home/jj/wearable-biosensors-ros2/install/cdcl_umd_msgs/share/cdcl_umd_msgs/hook/pythonpath.sh'
[7.807s] Level 1:colcon.colcon_core.environment:checking '/home/jj/wearable-biosensors-ros2/install/cdcl_umd_msgs/bin'
[7.810s] INFO:colcon.colcon_core.shell:Creating package script '/home/jj/wearable-biosensors-ros2/install/cdcl_umd_msgs/share/cdcl_umd_msgs/package.ps1'
[7.816s] INFO:colcon.colcon_core.shell:Creating package descriptor '/home/jj/wearable-biosensors-ros2/install/cdcl_umd_msgs/share/cdcl_umd_msgs/package.dsv'
[7.823s] INFO:colcon.colcon_core.shell:Creating package script '/home/jj/wearable-biosensors-ros2/install/cdcl_umd_msgs/share/cdcl_umd_msgs/package.sh'
[7.828s] INFO:colcon.colcon_core.shell:Creating package script '/home/jj/wearable-biosensors-ros2/install/cdcl_umd_msgs/share/cdcl_umd_msgs/package.bash'
[7.833s] INFO:colcon.colcon_core.shell:Creating package script '/home/jj/wearable-biosensors-ros2/install/cdcl_umd_msgs/share/cdcl_umd_msgs/package.zsh'
[7.837s] Level 1:colcon.colcon_core.environment:create_file_with_runtime_dependencies(/home/jj/wearable-biosensors-ros2/install/cdcl_umd_msgs/share/colcon-core/packages/cdcl_umd_msgs)
[9.802s] DEBUG:colcon.colcon_parallel_executor.executor.parallel:closing loop
[9.805s] DEBUG:colcon.colcon_parallel_executor.executor.parallel:loop closed
[9.805s] DEBUG:colcon.colcon_parallel_executor.executor.parallel:run_until_complete finished with '2'
[9.806s] DEBUG:colcon.colcon_core.event_reactor:joining thread
[9.839s] INFO:colcon.colcon_core.plugin_system:Skipping extension 'colcon_notification.desktop_notification.terminal_notifier': Not used on non-Darwin systems
[9.840s] INFO:colcon.colcon_core.plugin_system:Skipping extension 'colcon_notification.desktop_notification.win32': Not used on non-Windows systems
[9.840s] INFO:colcon.colcon_notification.desktop_notification:Sending desktop notification using 'notify2'
[9.950s] DEBUG:colcon.colcon_core.event_reactor:joined thread
[9.951s] INFO:colcon.colcon_core.shell:Creating prefix script '/home/jj/wearable-biosensors-ros2/install/local_setup.ps1'
[9.960s] INFO:colcon.colcon_core.shell:Creating prefix util module '/home/jj/wearable-biosensors-ros2/install/_local_setup_util_ps1.py'
[9.971s] INFO:colcon.colcon_core.shell:Creating prefix chain script '/home/jj/wearable-biosensors-ros2/install/setup.ps1'
[9.977s] INFO:colcon.colcon_core.shell:Creating prefix script '/home/jj/wearable-biosensors-ros2/install/local_setup.sh'
[9.983s] INFO:colcon.colcon_core.shell:Creating prefix util module '/home/jj/wearable-biosensors-ros2/install/_local_setup_util_sh.py'
[9.986s] INFO:colcon.colcon_core.shell:Creating prefix chain script '/home/jj/wearable-biosensors-ros2/install/setup.sh'
[9.996s] INFO:colcon.colcon_core.shell:Creating prefix script '/home/jj/wearable-biosensors-ros2/install/local_setup.bash'
[10.003s] INFO:colcon.colcon_core.shell:Creating prefix chain script '/home/jj/wearable-biosensors-ros2/install/setup.bash'
[10.014s] INFO:colcon.colcon_core.shell:Creating prefix script '/home/jj/wearable-biosensors-ros2/install/local_setup.zsh'
[10.024s] INFO:colcon.colcon_core.shell:Creating prefix chain script '/home/jj/wearable-biosensors-ros2/install/setup.zsh'
