[0.526s] Invoking command in '/home/jj/wearable-biosensors-ros2/build/rosbag2_cpp': AMENT_PREFIX_PATH=/home/jj/wearable-biosensors-ros2/install/rosbag2_storage_mcap:/home/jj/wearable-biosensors-ros2/install/rosbag2_storage_default_plugins:/home/jj/wearable-biosensors-ros2/install/rosbag2_storage:/home/jj/wearable-biosensors-ros2/install/mcap_vendor:/home/jj/wearable-biosensors-ros2/install/zstd_vendor:/home/jj/wearable-biosensors-ros2/install/sqlite3_vendor:/home/jj/wearable-biosensors-ros2/install/shared_queues_vendor:/home/jj/wearable-biosensors-ros2/install/rosbag2_test_common:/home/jj/wearable-biosensors-ros2/install/rosbag2_storage_mcap_testdata:${AMENT_PREFIX_PATH} CMAKE_PREFIX_PATH=/home/jj/wearable-biosensors-ros2/install/rosbag2_storage_mcap:/home/jj/wearable-biosensors-ros2/install/rosbag2_storage_default_plugins:/home/jj/wearable-biosensors-ros2/install/rosbag2_storage:/home/jj/wearable-biosensors-ros2/install/mcap_vendor:/home/jj/wearable-biosensors-ros2/install/zstd_vendor:/home/jj/wearable-biosensors-ros2/install/sqlite3_vendor:/home/jj/wearable-biosensors-ros2/install/shared_queues_vendor:/home/jj/wearable-biosensors-ros2/install/rosbag2_test_common:/home/jj/wearable-biosensors-ros2/install/rosbag2_storage_mcap_testdata:/home/jj/wearable-biosensors-ros2/install/manager:/home/jj/wearable-biosensors-ros2/install/cdcl_umd_msgs:/home/jj/wearable-biosensors-ros2/install/vernier_respiration_belt:/home/jj/wearable-biosensors-ros2/install/shimmer3_gsr_unit:/home/jj/wearable-biosensors-ros2/install/polar_h10:/home/jj/wearable-biosensors-ros2/install/empatica_e4:/home/jj/wearable-biosensors-ros2/install/emotiv_insight:/opt/ros/humble LD_LIBRARY_PATH=/home/jj/wearable-biosensors-ros2/install/rosbag2_storage_mcap/lib:/home/jj/wearable-biosensors-ros2/install/rosbag2_storage_default_plugins/lib:/home/jj/wearable-biosensors-ros2/install/rosbag2_storage/lib:/home/jj/wearable-biosensors-ros2/install/mcap_vendor/lib:/home/jj/wearable-biosensors-ros2/install/rosbag2_storage_mcap_testdata/lib:${LD_LIBRARY_PATH} PYTHONPATH=/home/jj/wearable-biosensors-ros2/install/rosbag2_storage_mcap_testdata/local/lib/python3.10/dist-packages:${PYTHONPATH} /usr/bin/cmake /home/jj/wearable-biosensors-ros2/src/rosbag2/rosbag2_cpp -DCMAKE_INSTALL_PREFIX=/home/jj/wearable-biosensors-ros2/install/rosbag2_cpp
[1.862s] -- The C compiler identification is GNU 11.4.0
[3.070s] -- The CXX compiler identification is GNU 11.4.0
[3.227s] -- Detecting C compiler ABI info
[5.162s] -- Detecting C compiler ABI info - done
[5.290s] -- Check for working C compiler: /usr/bin/cc - skipped
[5.301s] -- Detecting C compile features
[5.304s] -- Detecting C compile features - done
[5.358s] -- Detecting CXX compiler ABI info
[7.347s] -- Detecting CXX compiler ABI info - done
[7.468s] -- Check for working CXX compiler: /usr/bin/c++ - skipped
[7.472s] -- Detecting CXX compile features
[7.476s] -- Detecting CXX compile features - done
[7.644s] -- Found ament_cmake: 1.3.9 (/opt/ros/humble/share/ament_cmake/cmake)
[12.419s] -- Found Python3: /usr/bin/python3 (found version "3.10.12") found components: Interpreter 
[16.587s] -- Found ament_index_cpp: 1.4.0 (/opt/ros/humble/share/ament_index_cpp/cmake)
[16.744s] -- Found pluginlib: 5.1.0 (/opt/ros/humble/share/pluginlib/cmake)
[18.859s] -- Found rclcpp: 16.0.9 (/opt/ros/humble/share/rclcpp/cmake)
[20.054s] -- Found rosidl_generator_c: 3.1.5 (/opt/ros/humble/share/rosidl_generator_c/cmake)
[20.313s] -- Found rosidl_adapter: 3.1.5 (/opt/ros/humble/share/rosidl_adapter/cmake)
[20.510s] -- Found rosidl_generator_cpp: 3.1.5 (/opt/ros/humble/share/rosidl_generator_cpp/cmake)
[20.897s] -- Using all available rosidl_typesupport_c: rosidl_typesupport_fastrtps_c;rosidl_typesupport_introspection_c
[21.328s] -- Using all available rosidl_typesupport_cpp: rosidl_typesupport_fastrtps_cpp;rosidl_typesupport_introspection_cpp
[23.050s] -- Found rmw_implementation_cmake: 6.1.2 (/opt/ros/humble/share/rmw_implementation_cmake/cmake)
[23.188s] -- Found rmw_fastrtps_cpp: 6.2.6 (/opt/ros/humble/share/rmw_fastrtps_cpp/cmake)
[24.093s] -- Found TinyXML2 via Config file: TinyXML2_DIR-NOTFOUND
[24.982s] -- Found OpenSSL: /usr/lib/aarch64-linux-gnu/libcrypto.so (found version "3.0.2")  
[25.033s] -- Found TinyXML2 via Config file: TinyXML2_DIR-NOTFOUND
[25.320s] -- Found FastRTPS: /opt/ros/humble/include  
[25.438s] -- Found TinyXML2 via Config file: TinyXML2_DIR-NOTFOUND
[25.483s] -- Found TinyXML2 via Config file: TinyXML2_DIR-NOTFOUND
[25.598s] -- Using RMW implementation 'rmw_fastrtps_cpp' as default
[26.046s] -- Looking for pthread.h
[27.281s] -- Looking for pthread.h - found
[27.286s] -- Performing Test CMAKE_HAVE_LIBC_PTHREAD
[28.466s] -- Performing Test CMAKE_HAVE_LIBC_PTHREAD - Success
[28.482s] -- Found Threads: TRUE  
[30.905s] -- Found rosbag2_storage: 0.15.11 (/home/jj/wearable-biosensors-ros2/install/rosbag2_storage/share/rosbag2_storage/cmake)
[31.349s] -- Found ament_cmake_gmock: 1.3.9 (/opt/ros/humble/share/ament_cmake_gmock/cmake)
[31.468s] -- Found ament_lint_auto: 0.12.11 (/opt/ros/humble/share/ament_lint_auto/cmake)
[32.049s] [31mCMake Error at CMakeLists.txt:134 (find_package):
[32.051s]   By not providing "Findtest_msgs.cmake" in CMAKE_MODULE_PATH this project
[32.052s]   has asked CMake to find a package configuration file provided by
[32.053s]   "test_msgs", but CMake did not find one.
[32.054s] 
[32.056s]   Could not find a package configuration file provided by "test_msgs" with
[32.065s]   any of the following names:
[32.067s] 
[32.069s]     test_msgsConfig.cmake
[32.072s]     test_msgs-config.cmake
[32.083s] 
[32.088s]   Add the installation prefix of "test_msgs" to CMAKE_PREFIX_PATH or set
[32.091s]   "test_msgs_DIR" to a directory containing one of the above files.  If
[32.094s]   "test_msgs" provides a separate development package or SDK, be sure it has
[32.097s]   been installed.
[32.099s] 
[32.116s] [0m
[32.119s] -- Configuring incomplete, errors occurred!
[32.120s] See also "/home/jj/wearable-biosensors-ros2/build/rosbag2_cpp/CMakeFiles/CMakeOutput.log".
[32.144s] Invoked command in '/home/jj/wearable-biosensors-ros2/build/rosbag2_cpp' returned '1': AMENT_PREFIX_PATH=/home/jj/wearable-biosensors-ros2/install/rosbag2_storage_mcap:/home/jj/wearable-biosensors-ros2/install/rosbag2_storage_default_plugins:/home/jj/wearable-biosensors-ros2/install/rosbag2_storage:/home/jj/wearable-biosensors-ros2/install/mcap_vendor:/home/jj/wearable-biosensors-ros2/install/zstd_vendor:/home/jj/wearable-biosensors-ros2/install/sqlite3_vendor:/home/jj/wearable-biosensors-ros2/install/shared_queues_vendor:/home/jj/wearable-biosensors-ros2/install/rosbag2_test_common:/home/jj/wearable-biosensors-ros2/install/rosbag2_storage_mcap_testdata:${AMENT_PREFIX_PATH} CMAKE_PREFIX_PATH=/home/jj/wearable-biosensors-ros2/install/rosbag2_storage_mcap:/home/jj/wearable-biosensors-ros2/install/rosbag2_storage_default_plugins:/home/jj/wearable-biosensors-ros2/install/rosbag2_storage:/home/jj/wearable-biosensors-ros2/install/mcap_vendor:/home/jj/wearable-biosensors-ros2/install/zstd_vendor:/home/jj/wearable-biosensors-ros2/install/sqlite3_vendor:/home/jj/wearable-biosensors-ros2/install/shared_queues_vendor:/home/jj/wearable-biosensors-ros2/install/rosbag2_test_common:/home/jj/wearable-biosensors-ros2/install/rosbag2_storage_mcap_testdata:/home/jj/wearable-biosensors-ros2/install/manager:/home/jj/wearable-biosensors-ros2/install/cdcl_umd_msgs:/home/jj/wearable-biosensors-ros2/install/vernier_respiration_belt:/home/jj/wearable-biosensors-ros2/install/shimmer3_gsr_unit:/home/jj/wearable-biosensors-ros2/install/polar_h10:/home/jj/wearable-biosensors-ros2/install/empatica_e4:/home/jj/wearable-biosensors-ros2/install/emotiv_insight:/opt/ros/humble LD_LIBRARY_PATH=/home/jj/wearable-biosensors-ros2/install/rosbag2_storage_mcap/lib:/home/jj/wearable-biosensors-ros2/install/rosbag2_storage_default_plugins/lib:/home/jj/wearable-biosensors-ros2/install/rosbag2_storage/lib:/home/jj/wearable-biosensors-ros2/install/mcap_vendor/lib:/home/jj/wearable-biosensors-ros2/install/rosbag2_storage_mcap_testdata/lib:${LD_LIBRARY_PATH} PYTHONPATH=/home/jj/wearable-biosensors-ros2/install/rosbag2_storage_mcap_testdata/local/lib/python3.10/dist-packages:${PYTHONPATH} /usr/bin/cmake /home/jj/wearable-biosensors-ros2/src/rosbag2/rosbag2_cpp -DCMAKE_INSTALL_PREFIX=/home/jj/wearable-biosensors-ros2/install/rosbag2_cpp
