[0.251s] Invoking command in '/home/jj/wearable-biosensors-ros2/build/cdcl_umd_msgs': CMAKE_PREFIX_PATH=/opt/ros/humble /usr/bin/cmake --build /home/jj/wearable-biosensors-ros2/build/cdcl_umd_msgs -- -j4 -l4
[3.564s] -- Found ament_cmake: 1.3.9 (/opt/ros/humble/share/ament_cmake/cmake)
[3.565s] -- Override CMake install command with custom implementation using symlinks instead of copying resources
[3.570s] -- Found rosidl_default_generators: 1.2.0 (/opt/ros/humble/share/rosidl_default_generators/cmake)
[3.571s] -- Using all available rosidl_typesupport_c: rosidl_typesupport_fastrtps_c;rosidl_typesupport_introspection_c
[3.573s] -- Found rosidl_adapter: 3.1.5 (/opt/ros/humble/share/rosidl_adapter/cmake)
[3.576s] -- Using all available rosidl_typesupport_cpp: rosidl_typesupport_fastrtps_cpp;rosidl_typesupport_introspection_cpp
[3.578s] -- Configuring incomplete, errors occurred!
[3.579s] See also "/home/jj/wearable-biosensors-ros2/build/cdcl_umd_msgs/CMakeFiles/CMakeOutput.log".
[3.580s] [31mCMake Error at CMakeLists.txt:12 (find_package):
[3.582s]   By not providing "Findtime.cmake" in CMAKE_MODULE_PATH this project has
[3.583s]   asked CMake to find a package configuration file provided by "time", but
[3.583s]   CMake did not find one.
[3.584s] 
[3.584s]   Could not find a package configuration file provided by "time" with any of
[3.585s]   the following names:
[3.586s] 
[3.586s]     timeConfig.cmake
[3.587s]     time-config.cmake
[3.587s] 
[3.588s]   Add the installation prefix of "time" to CMAKE_PREFIX_PATH or set
[3.588s]   "time_DIR" to a directory containing one of the above files.  If "time"
[3.588s]   provides a separate development package or SDK, be sure it has been
[3.589s]   installed.
[3.590s] 
[3.590s] [0m
[3.590s] gmake: *** [Makefile:747: cmake_check_build_system] Error 1
[5.084s] Invoked command in '/home/jj/wearable-biosensors-ros2/build/cdcl_umd_msgs' returned '2': CMAKE_PREFIX_PATH=/opt/ros/humble /usr/bin/cmake --build /home/jj/wearable-biosensors-ros2/build/cdcl_umd_msgs -- -j4 -l4
