[16.449s] Invoking command in '/home/jj/wearable-biosensors-ros2/build/empatica_e4': PYTHONPATH=/home/jj/wearable-biosensors-ros2/build/empatica_e4/prefix_override:/home/jj/wearable-biosensors-ros2/install/empatica_e4/lib/python3.10/site-packages:${PYTHONPATH} /usr/bin/python3 -W ignore:setup.py install is deprecated setup.py develop --editable --build-directory /home/jj/wearable-biosensors-ros2/build/empatica_e4/build --no-deps symlink_data
[22.583s] /usr/lib/python3/dist-packages/setuptools/dist.py:723: UserWarning: Usage of dash-separated 'script-dir' will not be supported in future versions. Please use the underscore name 'script_dir' instead
[22.585s]   warnings.warn(
[23.299s] /usr/lib/python3/dist-packages/setuptools/command/easy_install.py:158: EasyInstallDeprecationWarning: easy_install command is deprecated. Use build and pip and other standards-based tools.
[23.310s]   warnings.warn(
[23.314s] running develop
[28.025s] running egg_info
[28.028s] writing empatica_e4.egg-info/PKG-INFO
[28.036s] writing dependency_links to empatica_e4.egg-info/dependency_links.txt
[28.056s] writing entry points to empatica_e4.egg-info/entry_points.txt
[28.059s] writing requirements to empatica_e4.egg-info/requires.txt
[28.072s] writing top-level names to empatica_e4.egg-info/top_level.txt
[28.109s] reading manifest file 'empatica_e4.egg-info/SOURCES.txt'
[28.130s] writing manifest file 'empatica_e4.egg-info/SOURCES.txt'
[28.197s] running build_ext
[28.200s] Creating /home/jj/wearable-biosensors-ros2/install/empatica_e4/lib/python3.10/site-packages/empatica-e4.egg-link (link to .)
[28.210s] Installing empatica_e4_node script to /home/jj/wearable-biosensors-ros2/install/empatica_e4/lib/empatica_e4
[28.212s] 
[28.213s] Installed /home/jj/wearable-biosensors-ros2/build/empatica_e4
[28.213s] running symlink_data
[33.101s] Invoked command in '/home/jj/wearable-biosensors-ros2/build/empatica_e4' returned '0': PYTHONPATH=/home/jj/wearable-biosensors-ros2/build/empatica_e4/prefix_override:/home/jj/wearable-biosensors-ros2/install/empatica_e4/lib/python3.10/site-packages:${PYTHONPATH} /usr/bin/python3 -W ignore:setup.py install is deprecated setup.py develop --editable --build-directory /home/jj/wearable-biosensors-ros2/build/empatica_e4/build --no-deps symlink_data
