-- The C compiler identification is GNU 11.4.0
-- The CXX compiler identification is GNU 11.4.0
-- Detecting C compiler ABI info
-- Detecting C compiler ABI info - done
-- Check for working C compiler: /usr/bin/cc - skipped
-- Detecting C compile features
-- Detecting C compile features - done
-- Detecting CXX compiler ABI info
-- Detecting CXX compiler ABI info - done
-- Check for working CXX compiler: /usr/bin/c++ - skipped
-- Detecting CXX compile features
-- Detecting CXX compile features - done
-- Found ament_cmake: 1.3.9 (/opt/ros/humble/share/ament_cmake/cmake)
-- Found Python3: /usr/bin/python3 (found version "3.10.12") found components: Interpreter 
-- Found ament_index_cpp: 1.4.0 (/opt/ros/humble/share/ament_index_cpp/cmake)
-- Found mcap_vendor: 0.15.11 (/home/jj/wearable-biosensors-ros2/install/mcap_vendor/share/mcap_vendor/cmake)
-- Found pluginlib: 5.1.0 (/opt/ros/humble/share/pluginlib/cmake)
-- Found rosbag2_storage: 0.15.11 (/home/jj/wearable-biosensors-ros2/install/rosbag2_storage/share/rosbag2_storage/cmake)
-- Found ament_cmake_gmock: 1.3.9 (/opt/ros/humble/share/ament_cmake_gmock/cmake)
-- Found ament_lint_auto: 0.12.11 (/opt/ros/humble/share/ament_lint_auto/cmake)
-- Found rosbag2_test_common: 0.15.11 (/home/jj/wearable-biosensors-ros2/install/rosbag2_test_common/share/rosbag2_test_common/cmake)
-- Found rosidl_generator_c: 3.1.5 (/opt/ros/humble/share/rosidl_generator_c/cmake)
-- Found rosidl_adapter: 3.1.5 (/opt/ros/humble/share/rosidl_adapter/cmake)
-- Found rosidl_generator_cpp: 3.1.5 (/opt/ros/humble/share/rosidl_generator_cpp/cmake)
-- Using all available rosidl_typesupport_c: rosidl_typesupport_fastrtps_c;rosidl_typesupport_introspection_c
-- Using all available rosidl_typesupport_cpp: rosidl_typesupport_fastrtps_cpp;rosidl_typesupport_introspection_cpp
-- Found rmw_implementation_cmake: 6.1.2 (/opt/ros/humble/share/rmw_implementation_cmake/cmake)
-- Found rmw_fastrtps_cpp: 6.2.6 (/opt/ros/humble/share/rmw_fastrtps_cpp/cmake)
-- Found TinyXML2 via Config file: TinyXML2_DIR-NOTFOUND
-- Found OpenSSL: /usr/lib/aarch64-linux-gnu/libcrypto.so (found version "3.0.2")  
-- Found TinyXML2 via Config file: TinyXML2_DIR-NOTFOUND
-- Found FastRTPS: /opt/ros/humble/include  
-- Found TinyXML2 via Config file: TinyXML2_DIR-NOTFOUND
-- Found TinyXML2 via Config file: TinyXML2_DIR-NOTFOUND
-- Using RMW implementation 'rmw_fastrtps_cpp' as default
-- Looking for pthread.h
-- Looking for pthread.h - found
-- Performing Test CMAKE_HAVE_LIBC_PTHREAD
-- Performing Test CMAKE_HAVE_LIBC_PTHREAD - Success
-- Found Threads: TRUE  
-- Found gmock sources under '/opt/ros/humble/src/gmock_vendor': C++ tests using 'Google Mock' will be built
-- Found ament_cmake_gtest: 1.3.9 (/opt/ros/humble/share/ament_cmake_gtest/cmake)
-- Found gtest sources under '/opt/ros/humble/src/gtest_vendor': C++ tests using 'Google Test' will be built
-- Added test 'copyright' to check source files copyright and LICENSE
-- Added test 'cppcheck' to perform static code analysis on C / C++ code
-- Configured cppcheck include dirs: $<BUILD_INTERFACE:/home/jj/wearable-biosensors-ros2/src/rosbag2/rosbag2_storage_mcap/include>
-- Configured cppcheck exclude dirs and/or files: 
-- Added test 'cpplint' to check C / C++ code against the Google style
-- Configured cpplint exclude dirs and/or files: 
-- Added test 'lint_cmake' to check CMake code style
-- Added test 'xmllint' to check XML markup files
-- Configuring done
-- Generating done
-- Build files have been written to: /home/jj/wearable-biosensors-ros2/build/rosbag2_storage_mcap
[  8%] [32mBuilding CXX object CMakeFiles/rosbag2_storage_mcap.dir/src/mcap_storage.cpp.o[0m
[ 16%] [32mBuilding CXX object CMakeFiles/rosbag2_storage_mcap.dir/src/message_definition_cache.cpp.o[0m
[ 25%] [32m[1mLinking CXX shared library librosbag2_storage_mcap.so[0m
[ 25%] Built target rosbag2_storage_mcap
[ 33%] [32mBuilding CXX object gmock/CMakeFiles/gmock.dir/opt/ros/humble/src/gtest_vendor/src/gtest-all.cc.o[0m
[ 41%] [32mBuilding CXX object gmock/CMakeFiles/gmock.dir/src/gmock-all.cc.o[0m
[ 50%] [32m[1mLinking CXX static library libgmock.a[0m
[ 50%] Built target gmock
[ 58%] [32mBuilding CXX object gmock/CMakeFiles/gmock_main.dir/src/gmock_main.cc.o[0m
[ 66%] [32m[1mLinking CXX static library libgmock_main.a[0m
[ 66%] Built target gmock_main
[ 75%] [32mBuilding CXX object CMakeFiles/test_mcap_storage.dir/test/rosbag2_storage_mcap/test_mcap_storage.cpp.o[0m
[ 83%] [32m[1mLinking CXX executable test_mcap_storage[0m
[ 83%] Built target test_mcap_storage
[ 91%] [32mBuilding CXX object CMakeFiles/test_message_definition_cache.dir/test/rosbag2_storage_mcap/test_message_definition_cache.cpp.o[0m
[100%] [32m[1mLinking CXX executable test_message_definition_cache[0m
[100%] Built target test_message_definition_cache
-- Install configuration: "Release"
-- Installing: /home/jj/wearable-biosensors-ros2/install/rosbag2_storage_mcap/share/rosbag2_storage_mcap/plugin_description.xml
-- Installing: /home/jj/wearable-biosensors-ros2/install/rosbag2_storage_mcap/lib/librosbag2_storage_mcap.so
-- Set runtime path of "/home/jj/wearable-biosensors-ros2/install/rosbag2_storage_mcap/lib/librosbag2_storage_mcap.so" to ""
-- Installing: /home/jj/wearable-biosensors-ros2/install/rosbag2_storage_mcap/share/rosbag2_storage_mcap/environment/library_path.sh
-- Installing: /home/jj/wearable-biosensors-ros2/install/rosbag2_storage_mcap/share/rosbag2_storage_mcap/environment/library_path.dsv
-- Installing: /home/jj/wearable-biosensors-ros2/install/rosbag2_storage_mcap/share/ament_index/resource_index/package_run_dependencies/rosbag2_storage_mcap
-- Installing: /home/jj/wearable-biosensors-ros2/install/rosbag2_storage_mcap/share/ament_index/resource_index/parent_prefix_path/rosbag2_storage_mcap
-- Installing: /home/jj/wearable-biosensors-ros2/install/rosbag2_storage_mcap/share/rosbag2_storage_mcap/environment/ament_prefix_path.sh
-- Installing: /home/jj/wearable-biosensors-ros2/install/rosbag2_storage_mcap/share/rosbag2_storage_mcap/environment/ament_prefix_path.dsv
-- Installing: /home/jj/wearable-biosensors-ros2/install/rosbag2_storage_mcap/share/rosbag2_storage_mcap/environment/path.sh
-- Installing: /home/jj/wearable-biosensors-ros2/install/rosbag2_storage_mcap/share/rosbag2_storage_mcap/environment/path.dsv
-- Installing: /home/jj/wearable-biosensors-ros2/install/rosbag2_storage_mcap/share/rosbag2_storage_mcap/local_setup.bash
-- Installing: /home/jj/wearable-biosensors-ros2/install/rosbag2_storage_mcap/share/rosbag2_storage_mcap/local_setup.sh
-- Installing: /home/jj/wearable-biosensors-ros2/install/rosbag2_storage_mcap/share/rosbag2_storage_mcap/local_setup.zsh
-- Installing: /home/jj/wearable-biosensors-ros2/install/rosbag2_storage_mcap/share/rosbag2_storage_mcap/local_setup.dsv
-- Installing: /home/jj/wearable-biosensors-ros2/install/rosbag2_storage_mcap/share/rosbag2_storage_mcap/package.dsv
-- Installing: /home/jj/wearable-biosensors-ros2/install/rosbag2_storage_mcap/share/ament_index/resource_index/packages/rosbag2_storage_mcap
-- Installing: /home/jj/wearable-biosensors-ros2/install/rosbag2_storage_mcap/share/ament_index/resource_index/rosbag2_storage__pluginlib__plugin/rosbag2_storage_mcap
-- Installing: /home/jj/wearable-biosensors-ros2/install/rosbag2_storage_mcap/share/rosbag2_storage_mcap/cmake/export_rosbag2_storage_mcapExport.cmake
-- Installing: /home/jj/wearable-biosensors-ros2/install/rosbag2_storage_mcap/share/rosbag2_storage_mcap/cmake/export_rosbag2_storage_mcapExport-release.cmake
-- Installing: /home/jj/wearable-biosensors-ros2/install/rosbag2_storage_mcap/share/rosbag2_storage_mcap/cmake/ament_cmake_export_libraries-extras.cmake
-- Installing: /home/jj/wearable-biosensors-ros2/install/rosbag2_storage_mcap/share/rosbag2_storage_mcap/cmake/ament_cmake_export_targets-extras.cmake
-- Installing: /home/jj/wearable-biosensors-ros2/install/rosbag2_storage_mcap/share/rosbag2_storage_mcap/cmake/ament_cmake_export_dependencies-extras.cmake
-- Installing: /home/jj/wearable-biosensors-ros2/install/rosbag2_storage_mcap/share/rosbag2_storage_mcap/cmake/rosbag2_storage_mcapConfig.cmake
-- Installing: /home/jj/wearable-biosensors-ros2/install/rosbag2_storage_mcap/share/rosbag2_storage_mcap/cmake/rosbag2_storage_mcapConfig-version.cmake
-- Installing: /home/jj/wearable-biosensors-ros2/install/rosbag2_storage_mcap/share/rosbag2_storage_mcap/package.xml
