[1.054s] Invoking command in '/home/jj/wearable-biosensors-ros2/build/emotiv_insight': PYTHONPATH=/home/jj/wearable-biosensors-ros2/build/emotiv_insight/prefix_override:/usr/lib/python3/dist-packages/colcon_core/task/python/colcon_distutils_commands:/home/jj/wearable-biosensors-ros2/install/emotiv_insight/lib/python3.10/site-packages:${PYTHONPATH} /usr/bin/python3 -W ignore:setup.py install is deprecated setup.py develop --editable --build-directory /home/jj/wearable-biosensors-ros2/build/emotiv_insight/build --no-deps symlink_data
[1.254s] /usr/lib/python3/dist-packages/setuptools/dist.py:723: UserWarning: Usage of dash-separated 'script-dir' will not be supported in future versions. Please use the underscore name 'script_dir' instead
[1.254s]   warnings.warn(
[1.279s] running develop
[1.279s] /usr/lib/python3/dist-packages/setuptools/command/easy_install.py:158: EasyInstallDeprecationWarning: easy_install command is deprecated. Use build and pip and other standards-based tools.
[1.280s]   warnings.warn(
[1.424s] running egg_info
[1.425s] creating emotiv_insight.egg-info
[1.425s] writing emotiv_insight.egg-info/PKG-INFO
[1.425s] writing dependency_links to emotiv_insight.egg-info/dependency_links.txt
[1.426s] writing entry points to emotiv_insight.egg-info/entry_points.txt
[1.427s] writing requirements to emotiv_insight.egg-info/requires.txt
[1.427s] writing top-level names to emotiv_insight.egg-info/top_level.txt
[1.427s] writing manifest file 'emotiv_insight.egg-info/SOURCES.txt'
[1.427s] reading manifest file 'emotiv_insight.egg-info/SOURCES.txt'
[1.429s] writing manifest file 'emotiv_insight.egg-info/SOURCES.txt'
[1.430s] running build_ext
[1.431s] Creating /home/jj/wearable-biosensors-ros2/install/emotiv_insight/lib/python3.10/site-packages/emotiv-insight.egg-link (link to .)
[1.432s] Installing emotiv_insight_node script to /home/jj/wearable-biosensors-ros2/install/emotiv_insight/lib/emotiv_insight
[1.433s] 
[1.433s] Installed /home/jj/wearable-biosensors-ros2/build/emotiv_insight
[1.433s] running symlink_data
[1.434s] creating /home/jj/wearable-biosensors-ros2/install/emotiv_insight/share/ament_index
[1.434s] creating /home/jj/wearable-biosensors-ros2/install/emotiv_insight/share/ament_index/resource_index
[1.435s] creating /home/jj/wearable-biosensors-ros2/install/emotiv_insight/share/ament_index/resource_index/packages
[1.435s] symbolically linking /home/jj/wearable-biosensors-ros2/build/emotiv_insight/resource/emotiv_insight -> /home/jj/wearable-biosensors-ros2/install/emotiv_insight/share/ament_index/resource_index/packages
[1.435s] symbolically linking /home/jj/wearable-biosensors-ros2/build/emotiv_insight/package.xml -> /home/jj/wearable-biosensors-ros2/install/emotiv_insight/share/emotiv_insight
[1.435s] symbolically linking /home/jj/wearable-biosensors-ros2/build/emotiv_insight/launch/ros2-emotiv_insight.launch.py -> /home/jj/wearable-biosensors-ros2/install/emotiv_insight/share/emotiv_insight
[1.463s] Invoked command in '/home/jj/wearable-biosensors-ros2/build/emotiv_insight' returned '0': PYTHONPATH=/home/jj/wearable-biosensors-ros2/build/emotiv_insight/prefix_override:/usr/lib/python3/dist-packages/colcon_core/task/python/colcon_distutils_commands:/home/jj/wearable-biosensors-ros2/install/emotiv_insight/lib/python3.10/site-packages:${PYTHONPATH} /usr/bin/python3 -W ignore:setup.py install is deprecated setup.py develop --editable --build-directory /home/jj/wearable-biosensors-ros2/build/emotiv_insight/build --no-deps symlink_data
