[0.639s] Invoking command in '/home/jj/wearable-biosensors-ros2/build/zstd_vendor': CMAKE_PREFIX_PATH=${CMAKE_PREFIX_PATH}:/home/jj/wearable-biosensors-ros2/install/vernier_respiration_belt:/home/jj/wearable-biosensors-ros2/install/shimmer3_gsr_unit:/home/jj/wearable-biosensors-ros2/install/polar_h10:/home/jj/wearable-biosensors-ros2/install/empatica_e4:/home/jj/wearable-biosensors-ros2/install/emotiv_insight:/opt/ros/humble /usr/bin/cmake /home/jj/wearable-biosensors-ros2/src/rosbag2/zstd_vendor -DCMAKE_INSTALL_PREFIX=/home/jj/wearable-biosensors-ros2/install/zstd_vendor
[1.090s] -- Found ament_cmake: 1.3.9 (/opt/ros/humble/share/ament_cmake/cmake)
[8.931s] -- Found Zstd, skipping build.
[12.111s] -- Configuring done
[12.345s] -- Generating done
[12.429s] -- Build files have been written to: /home/jj/wearable-biosensors-ros2/build/zstd_vendor
[12.481s] Invoked command in '/home/jj/wearable-biosensors-ros2/build/zstd_vendor' returned '0': CMAKE_PREFIX_PATH=${CMAKE_PREFIX_PATH}:/home/jj/wearable-biosensors-ros2/install/vernier_respiration_belt:/home/jj/wearable-biosensors-ros2/install/shimmer3_gsr_unit:/home/jj/wearable-biosensors-ros2/install/polar_h10:/home/jj/wearable-biosensors-ros2/install/empatica_e4:/home/jj/wearable-biosensors-ros2/install/emotiv_insight:/opt/ros/humble /usr/bin/cmake /home/jj/wearable-biosensors-ros2/src/rosbag2/zstd_vendor -DCMAKE_INSTALL_PREFIX=/home/jj/wearable-biosensors-ros2/install/zstd_vendor
[12.543s] Invoking command in '/home/jj/wearable-biosensors-ros2/build/zstd_vendor': CMAKE_PREFIX_PATH=${CMAKE_PREFIX_PATH}:/home/jj/wearable-biosensors-ros2/install/vernier_respiration_belt:/home/jj/wearable-biosensors-ros2/install/shimmer3_gsr_unit:/home/jj/wearable-biosensors-ros2/install/polar_h10:/home/jj/wearable-biosensors-ros2/install/empatica_e4:/home/jj/wearable-biosensors-ros2/install/emotiv_insight:/opt/ros/humble /usr/bin/cmake --build /home/jj/wearable-biosensors-ros2/build/zstd_vendor -- -j4 -l4
[13.985s] Invoked command in '/home/jj/wearable-biosensors-ros2/build/zstd_vendor' returned '0': CMAKE_PREFIX_PATH=${CMAKE_PREFIX_PATH}:/home/jj/wearable-biosensors-ros2/install/vernier_respiration_belt:/home/jj/wearable-biosensors-ros2/install/shimmer3_gsr_unit:/home/jj/wearable-biosensors-ros2/install/polar_h10:/home/jj/wearable-biosensors-ros2/install/empatica_e4:/home/jj/wearable-biosensors-ros2/install/emotiv_insight:/opt/ros/humble /usr/bin/cmake --build /home/jj/wearable-biosensors-ros2/build/zstd_vendor -- -j4 -l4
[15.503s] Invoking command in '/home/jj/wearable-biosensors-ros2/build/zstd_vendor': CMAKE_PREFIX_PATH=${CMAKE_PREFIX_PATH}:/home/jj/wearable-biosensors-ros2/install/vernier_respiration_belt:/home/jj/wearable-biosensors-ros2/install/shimmer3_gsr_unit:/home/jj/wearable-biosensors-ros2/install/polar_h10:/home/jj/wearable-biosensors-ros2/install/empatica_e4:/home/jj/wearable-biosensors-ros2/install/emotiv_insight:/opt/ros/humble /usr/bin/cmake --install /home/jj/wearable-biosensors-ros2/build/zstd_vendor
[15.876s] -- Install configuration: ""
[15.888s] -- Installing: /home/jj/wearable-biosensors-ros2/install/zstd_vendor/share/zstd_vendor/cmake
[15.910s] -- Installing: /home/jj/wearable-biosensors-ros2/install/zstd_vendor/share/zstd_vendor/cmake/Modules
[15.921s] -- Installing: /home/jj/wearable-biosensors-ros2/install/zstd_vendor/share/zstd_vendor/cmake/Modules/Findzstd.cmake
[15.934s] -- Installing: /home/jj/wearable-biosensors-ros2/install/zstd_vendor/share/ament_index/resource_index/package_run_dependencies/zstd_vendor
[15.955s] -- Installing: /home/jj/wearable-biosensors-ros2/install/zstd_vendor/share/ament_index/resource_index/parent_prefix_path/zstd_vendor
[15.988s] -- Installing: /home/jj/wearable-biosensors-ros2/install/zstd_vendor/share/zstd_vendor/environment/ament_prefix_path.sh
[16.003s] -- Installing: /home/jj/wearable-biosensors-ros2/install/zstd_vendor/share/zstd_vendor/environment/ament_prefix_path.dsv
[16.014s] -- Installing: /home/jj/wearable-biosensors-ros2/install/zstd_vendor/share/zstd_vendor/environment/path.sh
[16.020s] -- Installing: /home/jj/wearable-biosensors-ros2/install/zstd_vendor/share/zstd_vendor/environment/path.dsv
[16.026s] -- Installing: /home/jj/wearable-biosensors-ros2/install/zstd_vendor/share/zstd_vendor/local_setup.bash
[16.039s] -- Installing: /home/jj/wearable-biosensors-ros2/install/zstd_vendor/share/zstd_vendor/local_setup.sh
[16.060s] -- Installing: /home/jj/wearable-biosensors-ros2/install/zstd_vendor/share/zstd_vendor/local_setup.zsh
[16.093s] -- Installing: /home/jj/wearable-biosensors-ros2/install/zstd_vendor/share/zstd_vendor/local_setup.dsv
[16.109s] -- Installing: /home/jj/wearable-biosensors-ros2/install/zstd_vendor/share/zstd_vendor/package.dsv
[16.139s] -- Installing: /home/jj/wearable-biosensors-ros2/install/zstd_vendor/share/ament_index/resource_index/packages/zstd_vendor
[16.189s] -- Installing: /home/jj/wearable-biosensors-ros2/install/zstd_vendor/share/zstd_vendor/cmake/zstd_vendor-extras.cmake
[16.192s] -- Installing: /home/jj/wearable-biosensors-ros2/install/zstd_vendor/share/zstd_vendor/cmake/zstd_vendorConfig.cmake
[16.235s] -- Installing: /home/jj/wearable-biosensors-ros2/install/zstd_vendor/share/zstd_vendor/cmake/zstd_vendorConfig-version.cmake
[16.265s] -- Installing: /home/jj/wearable-biosensors-ros2/install/zstd_vendor/share/zstd_vendor/package.xml
[16.352s] Invoked command in '/home/jj/wearable-biosensors-ros2/build/zstd_vendor' returned '0': CMAKE_PREFIX_PATH=${CMAKE_PREFIX_PATH}:/home/jj/wearable-biosensors-ros2/install/vernier_respiration_belt:/home/jj/wearable-biosensors-ros2/install/shimmer3_gsr_unit:/home/jj/wearable-biosensors-ros2/install/polar_h10:/home/jj/wearable-biosensors-ros2/install/empatica_e4:/home/jj/wearable-biosensors-ros2/install/emotiv_insight:/opt/ros/humble /usr/bin/cmake --install /home/jj/wearable-biosensors-ros2/build/zstd_vendor
