[9.837s] Invoking command in '/home/jj/wearable-biosensors-ros2/build/shimmer3_gsr_unit': PYTHONPATH=/home/jj/wearable-biosensors-ros2/build/shimmer3_gsr_unit/prefix_override:/home/jj/wearable-biosensors-ros2/install/shimmer3_gsr_unit/lib/python3.10/site-packages:${PYTHONPATH} /usr/bin/python3 -W ignore:setup.py install is deprecated setup.py develop --editable --build-directory /home/jj/wearable-biosensors-ros2/build/shimmer3_gsr_unit/build --no-deps symlink_data
[12.246s] /usr/lib/python3/dist-packages/setuptools/dist.py:723: UserWarning: Usage of dash-separated 'script-dir' will not be supported in future versions. Please use the underscore name 'script_dir' instead
[12.251s]   warnings.warn(
[12.539s] running develop
[12.542s] /usr/lib/python3/dist-packages/setuptools/command/easy_install.py:158: EasyInstallDeprecationWarning: easy_install command is deprecated. Use build and pip and other standards-based tools.
[12.546s]   warnings.warn(
[14.568s] running egg_info
[14.577s] writing shimmer3_gsr_unit.egg-info/PKG-INFO
[14.589s] writing dependency_links to shimmer3_gsr_unit.egg-info/dependency_links.txt
[14.590s] writing entry points to shimmer3_gsr_unit.egg-info/entry_points.txt
[14.591s] writing requirements to shimmer3_gsr_unit.egg-info/requires.txt
[14.591s] writing top-level names to shimmer3_gsr_unit.egg-info/top_level.txt
[14.603s] reading manifest file 'shimmer3_gsr_unit.egg-info/SOURCES.txt'
[14.611s] writing manifest file 'shimmer3_gsr_unit.egg-info/SOURCES.txt'
[14.635s] running build_ext
[14.635s] Creating /home/jj/wearable-biosensors-ros2/install/shimmer3_gsr_unit/lib/python3.10/site-packages/shimmer3-gsr-unit.egg-link (link to .)
[14.638s] Installing shimmer_gsr_ppg_node script to /home/jj/wearable-biosensors-ros2/install/shimmer3_gsr_unit/lib/shimmer3_gsr_unit
[14.651s] 
[14.653s] Installed /home/jj/wearable-biosensors-ros2/build/shimmer3_gsr_unit
[14.657s] running symlink_data
[18.594s] Invoked command in '/home/jj/wearable-biosensors-ros2/build/shimmer3_gsr_unit' returned '0': PYTHONPATH=/home/jj/wearable-biosensors-ros2/build/shimmer3_gsr_unit/prefix_override:/home/jj/wearable-biosensors-ros2/install/shimmer3_gsr_unit/lib/python3.10/site-packages:${PYTHONPATH} /usr/bin/python3 -W ignore:setup.py install is deprecated setup.py develop --editable --build-directory /home/jj/wearable-biosensors-ros2/build/shimmer3_gsr_unit/build --no-deps symlink_data
