[11.460s] Invoking command in '/home/jj/wearable-biosensors-ros2/build/emotiv_insight': PYTHONPATH=/home/jj/wearable-biosensors-ros2/build/emotiv_insight/prefix_override:/home/jj/wearable-biosensors-ros2/install/emotiv_insight/lib/python3.10/site-packages:${PYTHONPATH} /usr/bin/python3 -W ignore:setup.py install is deprecated setup.py develop --editable --build-directory /home/jj/wearable-biosensors-ros2/build/emotiv_insight/build --no-deps symlink_data --force
[14.944s] /usr/lib/python3/dist-packages/setuptools/dist.py:723: UserWarning: Usage of dash-separated 'script-dir' will not be supported in future versions. Please use the underscore name 'script_dir' instead
[14.945s]   warnings.warn(
[15.346s] running develop
[15.359s] /usr/lib/python3/dist-packages/setuptools/command/easy_install.py:158: EasyInstallDeprecationWarning: easy_install command is deprecated. Use build and pip and other standards-based tools.
[15.359s]   warnings.warn(
[18.187s] running egg_info
[18.205s] writing emotiv_insight.egg-info/PKG-INFO
[18.208s] writing dependency_links to emotiv_insight.egg-info/dependency_links.txt
[18.209s] writing entry points to emotiv_insight.egg-info/entry_points.txt
[18.210s] writing requirements to emotiv_insight.egg-info/requires.txt
[18.223s] writing top-level names to emotiv_insight.egg-info/top_level.txt
[18.229s] reading manifest file 'emotiv_insight.egg-info/SOURCES.txt'
[18.236s] writing manifest file 'emotiv_insight.egg-info/SOURCES.txt'
[18.260s] running build_ext
[18.262s] Creating /home/jj/wearable-biosensors-ros2/install/emotiv_insight/lib/python3.10/site-packages/emotiv-insight.egg-link (link to .)
[18.280s] Installing emotiv_insight_node script to /home/jj/wearable-biosensors-ros2/install/emotiv_insight/lib/emotiv_insight
[18.281s] 
[18.281s] Installed /home/jj/wearable-biosensors-ros2/build/emotiv_insight
[18.287s] running symlink_data
[18.292s] symbolically linking /home/jj/wearable-biosensors-ros2/build/emotiv_insight/resource/emotiv_insight -> /home/jj/wearable-biosensors-ros2/install/emotiv_insight/share/ament_index/resource_index/packages
[18.292s] symbolically linking /home/jj/wearable-biosensors-ros2/build/emotiv_insight/package.xml -> /home/jj/wearable-biosensors-ros2/install/emotiv_insight/share/emotiv_insight
[18.293s] symbolically linking /home/jj/wearable-biosensors-ros2/build/emotiv_insight/launch/ros2-emotiv_insight.launch.py -> /home/jj/wearable-biosensors-ros2/install/emotiv_insight/share/emotiv_insight
[18.619s] Invoked command in '/home/jj/wearable-biosensors-ros2/build/emotiv_insight' returned '0': PYTHONPATH=/home/jj/wearable-biosensors-ros2/build/emotiv_insight/prefix_override:/home/jj/wearable-biosensors-ros2/install/emotiv_insight/lib/python3.10/site-packages:${PYTHONPATH} /usr/bin/python3 -W ignore:setup.py install is deprecated setup.py develop --editable --build-directory /home/jj/wearable-biosensors-ros2/build/emotiv_insight/build --no-deps symlink_data --force
