[0.178s] Invoking command in '/home/jj/wearable-biosensors-ros2/build/cdcl_umd_msgs': CMAKE_PREFIX_PATH=${CMAKE_PREFIX_PATH}:/home/jj/wearable-biosensors-ros2/install/vernier_respiration_belt:/home/jj/wearable-biosensors-ros2/install/shimmer3_gsr_unit:/home/jj/wearable-biosensors-ros2/install/polar_h10:/home/jj/wearable-biosensors-ros2/install/empatica_e4:/home/jj/wearable-biosensors-ros2/install/emotiv_insight:/opt/ros/humble /usr/bin/cmake --build /home/jj/wearable-biosensors-ros2/build/cdcl_umd_msgs -- -j4 -l4
[4.322s] gmake[2]: Warning: File 'CMakeFiles/cdcl_umd_msgs__rosidl_generator_c.dir/compiler_depend.make' has modification time 13371 s in the future
[4.329s] gmake[2]: warning:  Clock skew detected.  Your build may be incomplete.
[4.330s] gmake[2]: Warning: File 'CMakeFiles/cdcl_umd_msgs__rosidl_generator_c.dir/compiler_depend.make' has modification time 13371 s in the future
[4.330s] gmake[2]: warning:  Clock skew detected.  Your build may be incomplete.
[4.331s] gmake[2]: Warning: File 'CMakeFiles/cdcl_umd_msgs__rosidl_typesupport_fastrtps_cpp.dir/compiler_depend.make' has modification time 13371 s in the future
[4.331s] gmake[2]: Warning: File 'CMakeFiles/cdcl_umd_msgs__rosidl_typesupport_introspection_cpp.dir/compiler_depend.make' has modification time 13371 s in the future
[4.339s] gmake[2]: Warning: File 'CMakeFiles/cdcl_umd_msgs__rosidl_typesupport_cpp.dir/compiler_depend.make' has modification time 13372 s in the future
[4.339s] gmake[2]: warning:  Clock skew detected.  Your build may be incomplete.
[4.340s] gmake[2]: warning:  Clock skew detected.  Your build may be incomplete.
[4.340s] gmake[2]: Warning: File 'CMakeFiles/cdcl_umd_msgs__rosidl_typesupport_fastrtps_c.dir/compiler_depend.make' has modification time 13372 s in the future
[4.341s] gmake[2]: Warning: File 'CMakeFiles/cdcl_umd_msgs__rosidl_typesupport_fastrtps_cpp.dir/compiler_depend.make' has modification time 13371 s in the future
[4.342s] gmake[2]: warning:  Clock skew detected.  Your build may be incomplete.
[4.343s] gmake[2]: warning:  Clock skew detected.  Your build may be incomplete.
[4.351s] gmake[2]: Warning: File 'CMakeFiles/cdcl_umd_msgs__rosidl_typesupport_introspection_cpp.dir/compiler_depend.make' has modification time 13371 s in the future
[4.351s] gmake[2]: warning:  Clock skew detected.  Your build may be incomplete.
[4.352s] gmake[2]: Warning: File 'CMakeFiles/cdcl_umd_msgs__rosidl_typesupport_cpp.dir/compiler_depend.make' has modification time 13371 s in the future
[4.352s] gmake[2]: warning:  Clock skew detected.  Your build may be incomplete.
[4.353s] gmake[2]: warning:  Clock skew detected.  Your build may be incomplete.
[4.353s] gmake[2]: Warning: File 'CMakeFiles/cdcl_umd_msgs__rosidl_typesupport_fastrtps_c.dir/compiler_depend.make' has modification time 13371 s in the future
[4.353s] gmake[2]: warning:  Clock skew detected.  Your build may be incomplete.
[4.354s] gmake[2]: Warning: File 'CMakeFiles/cdcl_umd_msgs__rosidl_typesupport_introspection_c.dir/compiler_depend.make' has modification time 13372 s in the future
[4.354s] gmake[2]: Warning: File 'CMakeFiles/cdcl_umd_msgs__rosidl_typesupport_c.dir/compiler_depend.make' has modification time 13371 s in the future
[4.355s] gmake[2]: warning:  Clock skew detected.  Your build may be incomplete.
[4.355s] gmake[2]: warning:  Clock skew detected.  Your build may be incomplete.
[4.355s] gmake[2]: Warning: File 'CMakeFiles/cdcl_umd_msgs__rosidl_typesupport_introspection_c.dir/compiler_depend.make' has modification time 13372 s in the future
[4.356s] gmake[2]: warning:  Clock skew detected.  Your build may be incomplete.
[4.369s] gmake[2]: Warning: File 'CMakeFiles/cdcl_umd_msgs__rosidl_typesupport_c.dir/compiler_depend.make' has modification time 13371 s in the future
[4.369s] gmake[2]: warning:  Clock skew detected.  Your build may be incomplete.
[4.370s] gmake[2]: Warning: File 'CMakeFiles/cdcl_umd_msgs__rosidl_generator_py.dir/compiler_depend.make' has modification time 13372 s in the future
[4.370s] gmake[2]: warning:  Clock skew detected.  Your build may be incomplete.
[4.370s] gmake[2]: Warning: File 'CMakeFiles/cdcl_umd_msgs__rosidl_generator_py.dir/compiler_depend.make' has modification time 13372 s in the future
[4.371s] gmake[2]: warning:  Clock skew detected.  Your build may be incomplete.
[4.371s] gmake[2]: Warning: File 'CMakeFiles/cdcl_umd_msgs__rosidl_typesupport_fastrtps_c__pyext.dir/compiler_depend.make' has modification time 13372 s in the future
[4.372s] gmake[2]: Warning: File 'CMakeFiles/cdcl_umd_msgs__rosidl_typesupport_introspection_c__pyext.dir/compiler_depend.make' has modification time 13372 s in the future
[4.372s] gmake[2]: Warning: File 'CMakeFiles/cdcl_umd_msgs__rosidl_typesupport_c__pyext.dir/compiler_depend.make' has modification time 13372 s in the future
[4.373s] gmake[2]: warning:  Clock skew detected.  Your build may be incomplete.
[4.374s] gmake[2]: Warning: File 'CMakeFiles/cdcl_umd_msgs__rosidl_typesupport_fastrtps_c__pyext.dir/compiler_depend.make' has modification time 13372 s in the future
[4.374s] gmake[2]: warning:  Clock skew detected.  Your build may be incomplete.
[4.375s] gmake[2]: Warning: File 'CMakeFiles/cdcl_umd_msgs__rosidl_typesupport_introspection_c__pyext.dir/compiler_depend.make' has modification time 13372 s in the future
[4.390s] gmake[2]: warning:  Clock skew detected.  Your build may be incomplete.
[4.390s] gmake[2]: warning:  Clock skew detected.  Your build may be incomplete.
[4.391s] gmake[2]: warning:  Clock skew detected.  Your build may be incomplete.
[4.391s] gmake[2]: Warning: File 'CMakeFiles/cdcl_umd_msgs__rosidl_typesupport_c__pyext.dir/compiler_depend.make' has modification time 13372 s in the future
[4.392s] gmake[2]: warning:  Clock skew detected.  Your build may be incomplete.
[4.392s] [  3%] Built target cdcl_umd_msgs__cpp
[4.393s] [ 12%] Built target cdcl_umd_msgs__rosidl_generator_c
[4.394s] [ 12%] Built target ament_cmake_python_symlink_cdcl_umd_msgs
[4.394s] [ 22%] Built target cdcl_umd_msgs__rosidl_typesupport_fastrtps_cpp
[4.395s] [ 32%] Built target cdcl_umd_msgs__rosidl_typesupport_introspection_cpp
[4.395s] [ 41%] Built target cdcl_umd_msgs__rosidl_typesupport_cpp
[4.396s] [ 51%] Built target cdcl_umd_msgs__rosidl_typesupport_fastrtps_c
[4.396s] [ 61%] Built target cdcl_umd_msgs__rosidl_typesupport_introspection_c
[4.397s] [ 70%] Built target cdcl_umd_msgs__rosidl_typesupport_c
[4.398s] [ 70%] Built target cdcl_umd_msgs
[4.398s] [ 74%] Built target cdcl_umd_msgs__py
[4.398s] [ 80%] Built target cdcl_umd_msgs__rosidl_generator_py
[4.399s] [ 87%] Built target cdcl_umd_msgs__rosidl_typesupport_introspection_c__pyext
[4.400s] [ 93%] Built target cdcl_umd_msgs__rosidl_typesupport_fastrtps_c__pyext
[4.400s] [100%] Built target cdcl_umd_msgs__rosidl_typesupport_c__pyext
[4.401s] running egg_info
[4.401s] writing cdcl_umd_msgs.egg-info/PKG-INFO
[4.402s] writing dependency_links to cdcl_umd_msgs.egg-info/dependency_links.txt
[4.402s] writing top-level names to cdcl_umd_msgs.egg-info/top_level.txt
[4.403s] reading manifest file 'cdcl_umd_msgs.egg-info/SOURCES.txt'
[4.404s] writing manifest file 'cdcl_umd_msgs.egg-info/SOURCES.txt'
[4.404s] [100%] Built target ament_cmake_python_build_cdcl_umd_msgs_egg
[6.207s] Invoked command in '/home/jj/wearable-biosensors-ros2/build/cdcl_umd_msgs' returned '0': CMAKE_PREFIX_PATH=${CMAKE_PREFIX_PATH}:/home/jj/wearable-biosensors-ros2/install/vernier_respiration_belt:/home/jj/wearable-biosensors-ros2/install/shimmer3_gsr_unit:/home/jj/wearable-biosensors-ros2/install/polar_h10:/home/jj/wearable-biosensors-ros2/install/empatica_e4:/home/jj/wearable-biosensors-ros2/install/emotiv_insight:/opt/ros/humble /usr/bin/cmake --build /home/jj/wearable-biosensors-ros2/build/cdcl_umd_msgs -- -j4 -l4
[6.945s] Invoking command in '/home/jj/wearable-biosensors-ros2/build/cdcl_umd_msgs': CMAKE_PREFIX_PATH=${CMAKE_PREFIX_PATH}:/home/jj/wearable-biosensors-ros2/install/vernier_respiration_belt:/home/jj/wearable-biosensors-ros2/install/shimmer3_gsr_unit:/home/jj/wearable-biosensors-ros2/install/polar_h10:/home/jj/wearable-biosensors-ros2/install/empatica_e4:/home/jj/wearable-biosensors-ros2/install/emotiv_insight:/opt/ros/humble /usr/bin/cmake --install /home/jj/wearable-biosensors-ros2/build/cdcl_umd_msgs
[7.002s] -- Install configuration: ""
[7.006s] -- Execute custom install script
[7.010s] -- Up-to-date symlink: /home/jj/wearable-biosensors-ros2/install/cdcl_umd_msgs/share/ament_index/resource_index/rosidl_interfaces/cdcl_umd_msgs
[7.016s] -- Up-to-date symlink: /home/jj/wearable-biosensors-ros2/install/cdcl_umd_msgs/include/cdcl_umd_msgs/cdcl_umd_msgs/msg/detail/vitals__functions.h
[7.018s] -- Up-to-date symlink: /home/jj/wearable-biosensors-ros2/install/cdcl_umd_msgs/include/cdcl_umd_msgs/cdcl_umd_msgs/msg/detail/vitals__struct.h
[7.026s] -- Up-to-date symlink: /home/jj/wearable-biosensors-ros2/install/cdcl_umd_msgs/include/cdcl_umd_msgs/cdcl_umd_msgs/msg/detail/vitals__type_support.h
[7.029s] -- Up-to-date symlink: /home/jj/wearable-biosensors-ros2/install/cdcl_umd_msgs/include/cdcl_umd_msgs/cdcl_umd_msgs/msg/rosidl_generator_c__visibility_control.h
[7.033s] -- Up-to-date symlink: /home/jj/wearable-biosensors-ros2/install/cdcl_umd_msgs/include/cdcl_umd_msgs/cdcl_umd_msgs/msg/vitals.h
[7.035s] -- Up-to-date symlink: /home/jj/wearable-biosensors-ros2/install/cdcl_umd_msgs/share/cdcl_umd_msgs/environment/library_path.sh
[7.038s] -- Up-to-date symlink: /home/jj/wearable-biosensors-ros2/install/cdcl_umd_msgs/share/cdcl_umd_msgs/environment/library_path.dsv
[7.044s] -- Up-to-date symlink: /home/jj/wearable-biosensors-ros2/install/cdcl_umd_msgs/include/cdcl_umd_msgs/cdcl_umd_msgs/msg/detail/vitals__rosidl_typesupport_fastrtps_c.h
[7.047s] -- Up-to-date symlink: /home/jj/wearable-biosensors-ros2/install/cdcl_umd_msgs/include/cdcl_umd_msgs/cdcl_umd_msgs/msg/rosidl_typesupport_fastrtps_c__visibility_control.h
[7.052s] -- Up-to-date symlink: /home/jj/wearable-biosensors-ros2/install/cdcl_umd_msgs/include/cdcl_umd_msgs/cdcl_umd_msgs/msg/detail/vitals__rosidl_typesupport_introspection_c.h
[7.054s] -- Up-to-date symlink: /home/jj/wearable-biosensors-ros2/install/cdcl_umd_msgs/include/cdcl_umd_msgs/cdcl_umd_msgs/msg/rosidl_typesupport_introspection_c__visibility_control.h
[7.060s] -- Up-to-date symlink: /home/jj/wearable-biosensors-ros2/install/cdcl_umd_msgs/include/cdcl_umd_msgs/cdcl_umd_msgs/msg/detail/vitals__builder.hpp
[7.077s] -- Up-to-date symlink: /home/jj/wearable-biosensors-ros2/install/cdcl_umd_msgs/include/cdcl_umd_msgs/cdcl_umd_msgs/msg/detail/vitals__struct.hpp
[7.080s] -- Up-to-date symlink: /home/jj/wearable-biosensors-ros2/install/cdcl_umd_msgs/include/cdcl_umd_msgs/cdcl_umd_msgs/msg/detail/vitals__traits.hpp
[7.087s] -- Up-to-date symlink: /home/jj/wearable-biosensors-ros2/install/cdcl_umd_msgs/include/cdcl_umd_msgs/cdcl_umd_msgs/msg/vitals.hpp
[7.105s] -- Up-to-date symlink: /home/jj/wearable-biosensors-ros2/install/cdcl_umd_msgs/include/cdcl_umd_msgs/cdcl_umd_msgs/msg/detail/vitals__rosidl_typesupport_fastrtps_cpp.hpp
[7.106s] -- Up-to-date symlink: /home/jj/wearable-biosensors-ros2/install/cdcl_umd_msgs/include/cdcl_umd_msgs/cdcl_umd_msgs/msg/rosidl_typesupport_fastrtps_cpp__visibility_control.h
[7.107s] -- Up-to-date symlink: /home/jj/wearable-biosensors-ros2/install/cdcl_umd_msgs/include/cdcl_umd_msgs/cdcl_umd_msgs/msg/detail/vitals__rosidl_typesupport_introspection_cpp.hpp
[7.108s] -- Up-to-date symlink: /home/jj/wearable-biosensors-ros2/install/cdcl_umd_msgs/share/cdcl_umd_msgs/environment/pythonpath.sh
[7.109s] -- Up-to-date symlink: /home/jj/wearable-biosensors-ros2/install/cdcl_umd_msgs/share/cdcl_umd_msgs/environment/pythonpath.dsv
[7.124s] -- Up-to-date symlink: /home/jj/wearable-biosensors-ros2/install/cdcl_umd_msgs/local/lib/python3.10/dist-packages/cdcl_umd_msgs-0.0.0-py3.10.egg-info/PKG-INFO
[7.135s] -- Up-to-date symlink: /home/jj/wearable-biosensors-ros2/install/cdcl_umd_msgs/local/lib/python3.10/dist-packages/cdcl_umd_msgs-0.0.0-py3.10.egg-info/SOURCES.txt
[7.137s] -- Up-to-date symlink: /home/jj/wearable-biosensors-ros2/install/cdcl_umd_msgs/local/lib/python3.10/dist-packages/cdcl_umd_msgs-0.0.0-py3.10.egg-info/dependency_links.txt
[7.141s] -- Up-to-date symlink: /home/jj/wearable-biosensors-ros2/install/cdcl_umd_msgs/local/lib/python3.10/dist-packages/cdcl_umd_msgs-0.0.0-py3.10.egg-info/top_level.txt
[7.165s] -- Up-to-date symlink: /home/jj/wearable-biosensors-ros2/install/cdcl_umd_msgs/local/lib/python3.10/dist-packages/cdcl_umd_msgs/__init__.py
[7.167s] -- Up-to-date symlink: /home/jj/wearable-biosensors-ros2/install/cdcl_umd_msgs/local/lib/python3.10/dist-packages/cdcl_umd_msgs/_cdcl_umd_msgs_s.ep.rosidl_typesupport_c.c
[7.170s] -- Up-to-date symlink: /home/jj/wearable-biosensors-ros2/install/cdcl_umd_msgs/local/lib/python3.10/dist-packages/cdcl_umd_msgs/_cdcl_umd_msgs_s.ep.rosidl_typesupport_fastrtps_c.c
[7.177s] -- Up-to-date symlink: /home/jj/wearable-biosensors-ros2/install/cdcl_umd_msgs/local/lib/python3.10/dist-packages/cdcl_umd_msgs/_cdcl_umd_msgs_s.ep.rosidl_typesupport_introspection_c.c
[7.178s] -- Up-to-date symlink: /home/jj/wearable-biosensors-ros2/install/cdcl_umd_msgs/local/lib/python3.10/dist-packages/cdcl_umd_msgs/cdcl_umd_msgs_s__rosidl_typesupport_c.cpython-310-aarch64-linux-gnu.so
[7.178s] -- Up-to-date symlink: /home/jj/wearable-biosensors-ros2/install/cdcl_umd_msgs/local/lib/python3.10/dist-packages/cdcl_umd_msgs/cdcl_umd_msgs_s__rosidl_typesupport_fastrtps_c.cpython-310-aarch64-linux-gnu.so
[7.185s] -- Up-to-date symlink: /home/jj/wearable-biosensors-ros2/install/cdcl_umd_msgs/local/lib/python3.10/dist-packages/cdcl_umd_msgs/cdcl_umd_msgs_s__rosidl_typesupport_introspection_c.cpython-310-aarch64-linux-gnu.so
[7.185s] -- Up-to-date symlink: /home/jj/wearable-biosensors-ros2/install/cdcl_umd_msgs/local/lib/python3.10/dist-packages/cdcl_umd_msgs/libcdcl_umd_msgs__rosidl_generator_py.so
[7.186s] -- Up-to-date symlink: /home/jj/wearable-biosensors-ros2/install/cdcl_umd_msgs/local/lib/python3.10/dist-packages/cdcl_umd_msgs/msg/__init__.py
[7.194s] -- Up-to-date symlink: /home/jj/wearable-biosensors-ros2/install/cdcl_umd_msgs/local/lib/python3.10/dist-packages/cdcl_umd_msgs/msg/_vitals.py
[7.195s] -- Up-to-date symlink: /home/jj/wearable-biosensors-ros2/install/cdcl_umd_msgs/local/lib/python3.10/dist-packages/cdcl_umd_msgs/msg/_vitals_s.c
[7.205s] -- Up-to-date symlink: /home/jj/wearable-biosensors-ros2/install/cdcl_umd_msgs/local/lib/python3.10/dist-packages/cdcl_umd_msgs/cdcl_umd_msgs_s__rosidl_typesupport_fastrtps_c.cpython-310-aarch64-linux-gnu.so
[7.207s] -- Up-to-date symlink: /home/jj/wearable-biosensors-ros2/install/cdcl_umd_msgs/local/lib/python3.10/dist-packages/cdcl_umd_msgs/cdcl_umd_msgs_s__rosidl_typesupport_introspection_c.cpython-310-aarch64-linux-gnu.so
[7.217s] -- Up-to-date symlink: /home/jj/wearable-biosensors-ros2/install/cdcl_umd_msgs/local/lib/python3.10/dist-packages/cdcl_umd_msgs/cdcl_umd_msgs_s__rosidl_typesupport_c.cpython-310-aarch64-linux-gnu.so
[7.219s] -- Up-to-date symlink: /home/jj/wearable-biosensors-ros2/install/cdcl_umd_msgs/share/cdcl_umd_msgs/msg/Vitals.idl
[7.221s] -- Up-to-date symlink: /home/jj/wearable-biosensors-ros2/install/cdcl_umd_msgs/share/cdcl_umd_msgs/msg/Vitals.msg
[7.224s] -- Up-to-date symlink: /home/jj/wearable-biosensors-ros2/install/cdcl_umd_msgs/share/ament_index/resource_index/package_run_dependencies/cdcl_umd_msgs
[7.225s] -- Up-to-date symlink: /home/jj/wearable-biosensors-ros2/install/cdcl_umd_msgs/share/ament_index/resource_index/parent_prefix_path/cdcl_umd_msgs
[7.234s] -- Up-to-date symlink: /home/jj/wearable-biosensors-ros2/install/cdcl_umd_msgs/share/cdcl_umd_msgs/environment/ament_prefix_path.sh
[7.235s] -- Up-to-date symlink: /home/jj/wearable-biosensors-ros2/install/cdcl_umd_msgs/share/cdcl_umd_msgs/environment/ament_prefix_path.dsv
[7.238s] -- Up-to-date symlink: /home/jj/wearable-biosensors-ros2/install/cdcl_umd_msgs/share/cdcl_umd_msgs/environment/path.sh
[7.245s] -- Up-to-date symlink: /home/jj/wearable-biosensors-ros2/install/cdcl_umd_msgs/share/cdcl_umd_msgs/environment/path.dsv
[7.245s] -- Up-to-date symlink: /home/jj/wearable-biosensors-ros2/install/cdcl_umd_msgs/share/cdcl_umd_msgs/local_setup.bash
[7.246s] -- Up-to-date symlink: /home/jj/wearable-biosensors-ros2/install/cdcl_umd_msgs/share/cdcl_umd_msgs/local_setup.sh
[7.250s] -- Up-to-date symlink: /home/jj/wearable-biosensors-ros2/install/cdcl_umd_msgs/share/cdcl_umd_msgs/local_setup.zsh
[7.251s] -- Up-to-date symlink: /home/jj/wearable-biosensors-ros2/install/cdcl_umd_msgs/share/cdcl_umd_msgs/local_setup.dsv
[7.257s] -- Symlinking: /home/jj/wearable-biosensors-ros2/install/cdcl_umd_msgs/share/cdcl_umd_msgs/package.dsv
[7.342s] -- Up-to-date symlink: /home/jj/wearable-biosensors-ros2/install/cdcl_umd_msgs/share/ament_index/resource_index/packages/cdcl_umd_msgs
[7.345s] -- Up-to-date symlink: /home/jj/wearable-biosensors-ros2/install/cdcl_umd_msgs/share/cdcl_umd_msgs/cmake/rosidl_cmake-extras.cmake
[7.346s] -- Up-to-date symlink: /home/jj/wearable-biosensors-ros2/install/cdcl_umd_msgs/share/cdcl_umd_msgs/cmake/ament_cmake_export_dependencies-extras.cmake
[7.347s] -- Up-to-date symlink: /home/jj/wearable-biosensors-ros2/install/cdcl_umd_msgs/share/cdcl_umd_msgs/cmake/ament_cmake_export_include_directories-extras.cmake
[7.348s] -- Up-to-date symlink: /home/jj/wearable-biosensors-ros2/install/cdcl_umd_msgs/share/cdcl_umd_msgs/cmake/ament_cmake_export_libraries-extras.cmake
[7.353s] -- Up-to-date symlink: /home/jj/wearable-biosensors-ros2/install/cdcl_umd_msgs/share/cdcl_umd_msgs/cmake/ament_cmake_export_targets-extras.cmake
[7.353s] -- Up-to-date symlink: /home/jj/wearable-biosensors-ros2/install/cdcl_umd_msgs/share/cdcl_umd_msgs/cmake/rosidl_cmake_export_typesupport_targets-extras.cmake
[7.354s] -- Up-to-date symlink: /home/jj/wearable-biosensors-ros2/install/cdcl_umd_msgs/share/cdcl_umd_msgs/cmake/rosidl_cmake_export_typesupport_libraries-extras.cmake
[7.355s] -- Up-to-date symlink: /home/jj/wearable-biosensors-ros2/install/cdcl_umd_msgs/share/cdcl_umd_msgs/cmake/cdcl_umd_msgsConfig.cmake
[7.366s] -- Up-to-date symlink: /home/jj/wearable-biosensors-ros2/install/cdcl_umd_msgs/share/cdcl_umd_msgs/cmake/cdcl_umd_msgsConfig-version.cmake
[7.367s] -- Up-to-date symlink: /home/jj/wearable-biosensors-ros2/install/cdcl_umd_msgs/share/cdcl_umd_msgs/package.xml
[7.371s] -- Up-to-date: /home/jj/wearable-biosensors-ros2/install/cdcl_umd_msgs/lib/libcdcl_umd_msgs__rosidl_generator_c.so
[7.372s] -- Up-to-date: /home/jj/wearable-biosensors-ros2/install/cdcl_umd_msgs/lib/libcdcl_umd_msgs__rosidl_typesupport_fastrtps_c.so
[7.380s] -- Up-to-date: /home/jj/wearable-biosensors-ros2/install/cdcl_umd_msgs/lib/libcdcl_umd_msgs__rosidl_typesupport_introspection_c.so
[7.383s] -- Up-to-date: /home/jj/wearable-biosensors-ros2/install/cdcl_umd_msgs/lib/libcdcl_umd_msgs__rosidl_typesupport_c.so
[7.384s] -- Up-to-date: /home/jj/wearable-biosensors-ros2/install/cdcl_umd_msgs/lib/libcdcl_umd_msgs__rosidl_typesupport_fastrtps_cpp.so
[7.397s] -- Up-to-date: /home/jj/wearable-biosensors-ros2/install/cdcl_umd_msgs/lib/libcdcl_umd_msgs__rosidl_typesupport_introspection_cpp.so
[7.400s] -- Up-to-date: /home/jj/wearable-biosensors-ros2/install/cdcl_umd_msgs/lib/libcdcl_umd_msgs__rosidl_typesupport_cpp.so
[7.966s] Listing '/home/jj/wearable-biosensors-ros2/install/cdcl_umd_msgs/local/lib/python3.10/dist-packages/cdcl_umd_msgs'...
[7.966s] Listing '/home/jj/wearable-biosensors-ros2/install/cdcl_umd_msgs/local/lib/python3.10/dist-packages/cdcl_umd_msgs/msg'...
[8.048s] -- Up-to-date: /home/jj/wearable-biosensors-ros2/install/cdcl_umd_msgs/lib/libcdcl_umd_msgs__rosidl_generator_py.so
[8.049s] -- Up-to-date: /home/jj/wearable-biosensors-ros2/install/cdcl_umd_msgs/share/cdcl_umd_msgs/cmake/export_cdcl_umd_msgs__rosidl_generator_cExport.cmake
[8.053s] -- Up-to-date: /home/jj/wearable-biosensors-ros2/install/cdcl_umd_msgs/share/cdcl_umd_msgs/cmake/export_cdcl_umd_msgs__rosidl_generator_cExport-noconfig.cmake
[8.054s] -- Up-to-date: /home/jj/wearable-biosensors-ros2/install/cdcl_umd_msgs/share/cdcl_umd_msgs/cmake/export_cdcl_umd_msgs__rosidl_typesupport_fastrtps_cExport.cmake
[8.055s] -- Up-to-date: /home/jj/wearable-biosensors-ros2/install/cdcl_umd_msgs/share/cdcl_umd_msgs/cmake/export_cdcl_umd_msgs__rosidl_typesupport_fastrtps_cExport-noconfig.cmake
[8.056s] -- Up-to-date: /home/jj/wearable-biosensors-ros2/install/cdcl_umd_msgs/share/cdcl_umd_msgs/cmake/cdcl_umd_msgs__rosidl_typesupport_introspection_cExport.cmake
[8.057s] -- Up-to-date: /home/jj/wearable-biosensors-ros2/install/cdcl_umd_msgs/share/cdcl_umd_msgs/cmake/cdcl_umd_msgs__rosidl_typesupport_introspection_cExport-noconfig.cmake
[8.058s] -- Up-to-date: /home/jj/wearable-biosensors-ros2/install/cdcl_umd_msgs/share/cdcl_umd_msgs/cmake/cdcl_umd_msgs__rosidl_typesupport_cExport.cmake
[8.069s] -- Up-to-date: /home/jj/wearable-biosensors-ros2/install/cdcl_umd_msgs/share/cdcl_umd_msgs/cmake/cdcl_umd_msgs__rosidl_typesupport_cExport-noconfig.cmake
[8.070s] -- Up-to-date: /home/jj/wearable-biosensors-ros2/install/cdcl_umd_msgs/share/cdcl_umd_msgs/cmake/export_cdcl_umd_msgs__rosidl_generator_cppExport.cmake
[8.076s] -- Up-to-date: /home/jj/wearable-biosensors-ros2/install/cdcl_umd_msgs/share/cdcl_umd_msgs/cmake/export_cdcl_umd_msgs__rosidl_typesupport_fastrtps_cppExport.cmake
[8.077s] -- Up-to-date: /home/jj/wearable-biosensors-ros2/install/cdcl_umd_msgs/share/cdcl_umd_msgs/cmake/export_cdcl_umd_msgs__rosidl_typesupport_fastrtps_cppExport-noconfig.cmake
[8.090s] -- Up-to-date: /home/jj/wearable-biosensors-ros2/install/cdcl_umd_msgs/share/cdcl_umd_msgs/cmake/cdcl_umd_msgs__rosidl_typesupport_introspection_cppExport.cmake
[8.091s] -- Up-to-date: /home/jj/wearable-biosensors-ros2/install/cdcl_umd_msgs/share/cdcl_umd_msgs/cmake/cdcl_umd_msgs__rosidl_typesupport_introspection_cppExport-noconfig.cmake
[8.092s] -- Up-to-date: /home/jj/wearable-biosensors-ros2/install/cdcl_umd_msgs/share/cdcl_umd_msgs/cmake/cdcl_umd_msgs__rosidl_typesupport_cppExport.cmake
[8.093s] -- Up-to-date: /home/jj/wearable-biosensors-ros2/install/cdcl_umd_msgs/share/cdcl_umd_msgs/cmake/cdcl_umd_msgs__rosidl_typesupport_cppExport-noconfig.cmake
[8.098s] -- Up-to-date: /home/jj/wearable-biosensors-ros2/install/cdcl_umd_msgs/share/cdcl_umd_msgs/cmake/export_cdcl_umd_msgs__rosidl_generator_pyExport.cmake
[8.099s] -- Up-to-date: /home/jj/wearable-biosensors-ros2/install/cdcl_umd_msgs/share/cdcl_umd_msgs/cmake/export_cdcl_umd_msgs__rosidl_generator_pyExport-noconfig.cmake
[8.153s] Invoked command in '/home/jj/wearable-biosensors-ros2/build/cdcl_umd_msgs' returned '0': CMAKE_PREFIX_PATH=${CMAKE_PREFIX_PATH}:/home/jj/wearable-biosensors-ros2/install/vernier_respiration_belt:/home/jj/wearable-biosensors-ros2/install/shimmer3_gsr_unit:/home/jj/wearable-biosensors-ros2/install/polar_h10:/home/jj/wearable-biosensors-ros2/install/empatica_e4:/home/jj/wearable-biosensors-ros2/install/emotiv_insight:/opt/ros/humble /usr/bin/cmake --install /home/jj/wearable-biosensors-ros2/build/cdcl_umd_msgs
