[20.089s] Invoking command in '/home/jj/wearable-biosensors-ros2/build/emotiv_insight': PYTHONPATH=/home/jj/wearable-biosensors-ros2/build/emotiv_insight/prefix_override:/home/jj/wearable-biosensors-ros2/install/emotiv_insight/lib/python3.10/site-packages:${PYTHONPATH} /usr/bin/python3 -W ignore:setup.py install is deprecated setup.py develop --editable --build-directory /home/jj/wearable-biosensors-ros2/build/emotiv_insight/build --no-deps symlink_data
[22.256s] /home/jj/.local/lib/python3.10/site-packages/setuptools/dist.py:476: SetuptoolsDeprecationWarning: Invalid dash-separated options
[22.264s] !!
[22.272s] 
[22.272s]         ********************************************************************************
[22.273s]         Usage of dash-separated 'script-dir' will not be supported in future
[22.274s]         versions. Please use the underscore name 'script_dir' instead.
[22.290s] 
[22.291s]         By 2024-Sep-26, you need to update your project and remove deprecated calls
[22.300s]         or your builds will no longer be supported.
[22.307s] 
[22.313s]         See https://setuptools.pypa.io/en/latest/userguide/declarative_config.html for details.
[22.314s]         ********************************************************************************
[22.315s] 
[22.315s] !!
[22.316s]   opt = self.warn_dash_deprecation(opt, section)
[24.743s] running develop
[24.754s] /home/jj/.local/lib/python3.10/site-packages/setuptools/command/develop.py:42: EasyInstallDeprecationWarning: easy_install command is deprecated.
[24.755s] !!
[24.755s] 
[24.756s]         ********************************************************************************
[24.757s]         Please avoid running ``setup.py`` and ``easy_install``.
[24.757s]         Instead, use pypa/build, pypa/installer or other
[24.758s]         standards-based tools.
[24.758s] 
[24.759s]         See https://github.com/pypa/setuptools/issues/917 for details.
[24.760s]         ********************************************************************************
[24.760s] 
[24.761s] !!
[24.762s]   easy_install.initialize_options(self)
[30.187s] running egg_info
[30.328s] writing emotiv_insight.egg-info/PKG-INFO
[30.333s] writing dependency_links to emotiv_insight.egg-info/dependency_links.txt
[30.338s] writing entry points to emotiv_insight.egg-info/entry_points.txt
[30.342s] writing requirements to emotiv_insight.egg-info/requires.txt
[30.346s] writing top-level names to emotiv_insight.egg-info/top_level.txt
[31.025s] reading manifest file 'emotiv_insight.egg-info/SOURCES.txt'
[31.061s] writing manifest file 'emotiv_insight.egg-info/SOURCES.txt'
[31.432s] running build_ext
[31.433s] Creating /home/jj/wearable-biosensors-ros2/install/emotiv_insight/lib/python3.10/site-packages/emotiv-insight.egg-link (link to .)
[31.438s] Installing emotiv_insight_node script to /home/jj/wearable-biosensors-ros2/install/emotiv_insight/lib/emotiv_insight
[31.441s] 
[31.442s] Installed /home/jj/wearable-biosensors-ros2/build/emotiv_insight
[31.442s] running symlink_data
[31.810s] Invoked command in '/home/jj/wearable-biosensors-ros2/build/emotiv_insight' returned '0': PYTHONPATH=/home/jj/wearable-biosensors-ros2/build/emotiv_insight/prefix_override:/home/jj/wearable-biosensors-ros2/install/emotiv_insight/lib/python3.10/site-packages:${PYTHONPATH} /usr/bin/python3 -W ignore:setup.py install is deprecated setup.py develop --editable --build-directory /home/jj/wearable-biosensors-ros2/build/emotiv_insight/build --no-deps symlink_data
