[9.732s] Invoking command in '/home/jj/wearable-biosensors-ros2/build/polar_h10': PYTHONPATH=/home/jj/wearable-biosensors-ros2/build/polar_h10/prefix_override:/home/jj/wearable-biosensors-ros2/install/polar_h10/lib/python3.10/site-packages:${PYTHONPATH} /usr/bin/python3 -W ignore:setup.py install is deprecated setup.py develop --editable --build-directory /home/jj/wearable-biosensors-ros2/build/polar_h10/build --no-deps symlink_data
[11.933s] /usr/lib/python3/dist-packages/setuptools/dist.py:723: UserWarning: Usage of dash-separated 'script-dir' will not be supported in future versions. Please use the underscore name 'script_dir' instead
[11.933s]   warnings.warn(
[12.193s] running develop
[12.199s] /usr/lib/python3/dist-packages/setuptools/command/easy_install.py:158: EasyInstallDeprecationWarning: easy_install command is deprecated. Use build and pip and other standards-based tools.
[12.199s]   warnings.warn(
[14.924s] running egg_info
[14.933s] writing polar_h10.egg-info/PKG-INFO
[14.937s] writing dependency_links to polar_h10.egg-info/dependency_links.txt
[14.942s] writing entry points to polar_h10.egg-info/entry_points.txt
[14.946s] writing requirements to polar_h10.egg-info/requires.txt
[14.950s] writing top-level names to polar_h10.egg-info/top_level.txt
[14.953s] reading manifest file 'polar_h10.egg-info/SOURCES.txt'
[14.958s] writing manifest file 'polar_h10.egg-info/SOURCES.txt'
[14.970s] running build_ext
[14.976s] Creating /home/jj/wearable-biosensors-ros2/install/polar_h10/lib/python3.10/site-packages/polar-h10.egg-link (link to .)
[14.985s] Installing polar_h10_node script to /home/jj/wearable-biosensors-ros2/install/polar_h10/lib/polar_h10
[14.990s] 
[14.991s] Installed /home/jj/wearable-biosensors-ros2/build/polar_h10
[14.993s] running symlink_data
[15.254s] Invoked command in '/home/jj/wearable-biosensors-ros2/build/polar_h10' returned '0': PYTHONPATH=/home/jj/wearable-biosensors-ros2/build/polar_h10/prefix_override:/home/jj/wearable-biosensors-ros2/install/polar_h10/lib/python3.10/site-packages:${PYTHONPATH} /usr/bin/python3 -W ignore:setup.py install is deprecated setup.py develop --editable --build-directory /home/jj/wearable-biosensors-ros2/build/polar_h10/build --no-deps symlink_data
