[0.140s] Invoking command in '/home/jj/wearable-biosensors-ros2/build/manager': AMENT_PREFIX_PATH=/home/jj/wearable-biosensors-ros2/install/vernier_respiration_belt:/home/jj/wearable-biosensors-ros2/install/polar_h10:/home/jj/wearable-biosensors-ros2/install/manager:/home/jj/wearable-biosensors-ros2/install/shimmer3_gsr_unit:/home/jj/wearable-biosensors-ros2/install/empatica_e4:/home/jj/wearable-biosensors-ros2/install/emotiv_insight:/home/jj/wearable-biosensors-ros2/install/cdcl_umd_msgs:/opt/ros/humble CMAKE_PREFIX_PATH=/home/jj/wearable-biosensors-ros2/install/cdcl_umd_msgs:/home/jj/wearable-biosensors-ros2/install/manager:/home/jj/wearable-biosensors-ros2/install/vernier_respiration_belt:/home/jj/wearable-biosensors-ros2/install/shimmer3_gsr_unit:/home/jj/wearable-biosensors-ros2/install/polar_h10:/home/jj/wearable-biosensors-ros2/install/empatica_e4:/home/jj/wearable-biosensors-ros2/install/emotiv_insight:/opt/ros/humble PYTHONPATH=/home/jj/wearable-biosensors-ros2/install/vernier_respiration_belt/lib/python3.10/site-packages:/home/jj/wearable-biosensors-ros2/install/polar_h10/lib/python3.10/site-packages:/home/jj/wearable-biosensors-ros2/install/manager/local/lib/python3.10/dist-packages:/home/jj/wearable-biosensors-ros2/build/shimmer3_gsr_unit:/home/jj/wearable-biosensors-ros2/install/shimmer3_gsr_unit/lib/python3.10/site-packages:/home/jj/wearable-biosensors-ros2/build/empatica_e4:/home/jj/wearable-biosensors-ros2/install/empatica_e4/lib/python3.10/site-packages:/home/jj/wearable-biosensors-ros2/build/emotiv_insight:/home/jj/wearable-biosensors-ros2/install/emotiv_insight/lib/python3.10/site-packages:/home/jj/wearable-biosensors-ros2/install/cdcl_umd_msgs/local/lib/python3.10/dist-packages:/opt/ros/humble/lib/python3.10/site-packages:/opt/ros/humble/local/lib/python3.10/dist-packages /usr/bin/cmake --build /home/jj/wearable-biosensors-ros2/build/manager -- -j4 -l4
[1.131s] Built target ament_cmake_python_copy_manager
[2.616s] running egg_info
[2.620s] writing manager.egg-info/PKG-INFO
[2.622s] writing dependency_links to manager.egg-info/dependency_links.txt
[2.623s] writing top-level names to manager.egg-info/top_level.txt
[2.634s] reading manifest file 'manager.egg-info/SOURCES.txt'
[2.638s] writing manifest file 'manager.egg-info/SOURCES.txt'
[2.784s] Built target ament_cmake_python_build_manager_egg
[2.835s] Invoked command in '/home/jj/wearable-biosensors-ros2/build/manager' returned '0': AMENT_PREFIX_PATH=/home/jj/wearable-biosensors-ros2/install/vernier_respiration_belt:/home/jj/wearable-biosensors-ros2/install/polar_h10:/home/jj/wearable-biosensors-ros2/install/manager:/home/jj/wearable-biosensors-ros2/install/shimmer3_gsr_unit:/home/jj/wearable-biosensors-ros2/install/empatica_e4:/home/jj/wearable-biosensors-ros2/install/emotiv_insight:/home/jj/wearable-biosensors-ros2/install/cdcl_umd_msgs:/opt/ros/humble CMAKE_PREFIX_PATH=/home/jj/wearable-biosensors-ros2/install/cdcl_umd_msgs:/home/jj/wearable-biosensors-ros2/install/manager:/home/jj/wearable-biosensors-ros2/install/vernier_respiration_belt:/home/jj/wearable-biosensors-ros2/install/shimmer3_gsr_unit:/home/jj/wearable-biosensors-ros2/install/polar_h10:/home/jj/wearable-biosensors-ros2/install/empatica_e4:/home/jj/wearable-biosensors-ros2/install/emotiv_insight:/opt/ros/humble PYTHONPATH=/home/jj/wearable-biosensors-ros2/install/vernier_respiration_belt/lib/python3.10/site-packages:/home/jj/wearable-biosensors-ros2/install/polar_h10/lib/python3.10/site-packages:/home/jj/wearable-biosensors-ros2/install/manager/local/lib/python3.10/dist-packages:/home/jj/wearable-biosensors-ros2/build/shimmer3_gsr_unit:/home/jj/wearable-biosensors-ros2/install/shimmer3_gsr_unit/lib/python3.10/site-packages:/home/jj/wearable-biosensors-ros2/build/empatica_e4:/home/jj/wearable-biosensors-ros2/install/empatica_e4/lib/python3.10/site-packages:/home/jj/wearable-biosensors-ros2/build/emotiv_insight:/home/jj/wearable-biosensors-ros2/install/emotiv_insight/lib/python3.10/site-packages:/home/jj/wearable-biosensors-ros2/install/cdcl_umd_msgs/local/lib/python3.10/dist-packages:/opt/ros/humble/lib/python3.10/site-packages:/opt/ros/humble/local/lib/python3.10/dist-packages /usr/bin/cmake --build /home/jj/wearable-biosensors-ros2/build/manager -- -j4 -l4
[3.039s] Invoking command in '/home/jj/wearable-biosensors-ros2/build/manager': AMENT_PREFIX_PATH=/home/jj/wearable-biosensors-ros2/install/vernier_respiration_belt:/home/jj/wearable-biosensors-ros2/install/polar_h10:/home/jj/wearable-biosensors-ros2/install/manager:/home/jj/wearable-biosensors-ros2/install/shimmer3_gsr_unit:/home/jj/wearable-biosensors-ros2/install/empatica_e4:/home/jj/wearable-biosensors-ros2/install/emotiv_insight:/home/jj/wearable-biosensors-ros2/install/cdcl_umd_msgs:/opt/ros/humble CMAKE_PREFIX_PATH=/home/jj/wearable-biosensors-ros2/install/cdcl_umd_msgs:/home/jj/wearable-biosensors-ros2/install/manager:/home/jj/wearable-biosensors-ros2/install/vernier_respiration_belt:/home/jj/wearable-biosensors-ros2/install/shimmer3_gsr_unit:/home/jj/wearable-biosensors-ros2/install/polar_h10:/home/jj/wearable-biosensors-ros2/install/empatica_e4:/home/jj/wearable-biosensors-ros2/install/emotiv_insight:/opt/ros/humble PYTHONPATH=/home/jj/wearable-biosensors-ros2/install/vernier_respiration_belt/lib/python3.10/site-packages:/home/jj/wearable-biosensors-ros2/install/polar_h10/lib/python3.10/site-packages:/home/jj/wearable-biosensors-ros2/install/manager/local/lib/python3.10/dist-packages:/home/jj/wearable-biosensors-ros2/build/shimmer3_gsr_unit:/home/jj/wearable-biosensors-ros2/install/shimmer3_gsr_unit/lib/python3.10/site-packages:/home/jj/wearable-biosensors-ros2/build/empatica_e4:/home/jj/wearable-biosensors-ros2/install/empatica_e4/lib/python3.10/site-packages:/home/jj/wearable-biosensors-ros2/build/emotiv_insight:/home/jj/wearable-biosensors-ros2/install/emotiv_insight/lib/python3.10/site-packages:/home/jj/wearable-biosensors-ros2/install/cdcl_umd_msgs/local/lib/python3.10/dist-packages:/opt/ros/humble/lib/python3.10/site-packages:/opt/ros/humble/local/lib/python3.10/dist-packages /usr/bin/cmake --install /home/jj/wearable-biosensors-ros2/build/manager
[3.069s] -- Install configuration: ""
[3.070s] -- Up-to-date: /home/jj/wearable-biosensors-ros2/install/manager/share/manager/environment/pythonpath.sh
[3.071s] -- Up-to-date: /home/jj/wearable-biosensors-ros2/install/manager/share/manager/environment/pythonpath.dsv
[3.072s] -- Up-to-date: /home/jj/wearable-biosensors-ros2/install/manager/local/lib/python3.10/dist-packages/manager-0.0.0-py3.10.egg-info
[3.072s] -- Installing: /home/jj/wearable-biosensors-ros2/install/manager/local/lib/python3.10/dist-packages/manager-0.0.0-py3.10.egg-info/dependency_links.txt
[3.073s] -- Installing: /home/jj/wearable-biosensors-ros2/install/manager/local/lib/python3.10/dist-packages/manager-0.0.0-py3.10.egg-info/top_level.txt
[3.074s] -- Installing: /home/jj/wearable-biosensors-ros2/install/manager/local/lib/python3.10/dist-packages/manager-0.0.0-py3.10.egg-info/SOURCES.txt
[3.075s] -- Installing: /home/jj/wearable-biosensors-ros2/install/manager/local/lib/python3.10/dist-packages/manager-0.0.0-py3.10.egg-info/PKG-INFO
[3.077s] -- Up-to-date: /home/jj/wearable-biosensors-ros2/install/manager/local/lib/python3.10/dist-packages/manager
[3.078s] -- Installing: /home/jj/wearable-biosensors-ros2/install/manager/local/lib/python3.10/dist-packages/manager/vital_logger.py
[3.079s] -- Up-to-date: /home/jj/wearable-biosensors-ros2/install/manager/local/lib/python3.10/dist-packages/manager/__init__.py
[3.291s] Listing '/home/jj/wearable-biosensors-ros2/install/manager/local/lib/python3.10/dist-packages/manager'...
[3.292s] Compiling '/home/jj/wearable-biosensors-ros2/install/manager/local/lib/python3.10/dist-packages/manager/vital_logger.py'...
[3.325s] -- Up-to-date: /home/jj/wearable-biosensors-ros2/install/manager/share/manager/launch
[3.326s] -- Up-to-date: /home/jj/wearable-biosensors-ros2/install/manager/share/manager/launch/collector.launch.py
[3.327s] -- Installing: /home/jj/wearable-biosensors-ros2/install/manager/lib/manager/vital_logger.py
[3.328s] -- Up-to-date: /home/jj/wearable-biosensors-ros2/install/manager/share/ament_index/resource_index/package_run_dependencies/manager
[3.328s] -- Up-to-date: /home/jj/wearable-biosensors-ros2/install/manager/share/ament_index/resource_index/parent_prefix_path/manager
[3.329s] -- Up-to-date: /home/jj/wearable-biosensors-ros2/install/manager/share/manager/environment/ament_prefix_path.sh
[3.330s] -- Up-to-date: /home/jj/wearable-biosensors-ros2/install/manager/share/manager/environment/ament_prefix_path.dsv
[3.330s] -- Up-to-date: /home/jj/wearable-biosensors-ros2/install/manager/share/manager/environment/path.sh
[3.331s] -- Up-to-date: /home/jj/wearable-biosensors-ros2/install/manager/share/manager/environment/path.dsv
[3.332s] -- Up-to-date: /home/jj/wearable-biosensors-ros2/install/manager/share/manager/local_setup.bash
[3.332s] -- Up-to-date: /home/jj/wearable-biosensors-ros2/install/manager/share/manager/local_setup.sh
[3.333s] -- Up-to-date: /home/jj/wearable-biosensors-ros2/install/manager/share/manager/local_setup.zsh
[3.333s] -- Up-to-date: /home/jj/wearable-biosensors-ros2/install/manager/share/manager/local_setup.dsv
[3.334s] -- Installing: /home/jj/wearable-biosensors-ros2/install/manager/share/manager/package.dsv
[3.335s] -- Up-to-date: /home/jj/wearable-biosensors-ros2/install/manager/share/ament_index/resource_index/packages/manager
[3.336s] -- Up-to-date: /home/jj/wearable-biosensors-ros2/install/manager/share/manager/cmake/managerConfig.cmake
[3.336s] -- Up-to-date: /home/jj/wearable-biosensors-ros2/install/manager/share/manager/cmake/managerConfig-version.cmake
[3.337s] -- Up-to-date: /home/jj/wearable-biosensors-ros2/install/manager/share/manager/package.xml
[3.345s] Invoked command in '/home/jj/wearable-biosensors-ros2/build/manager' returned '0': AMENT_PREFIX_PATH=/home/jj/wearable-biosensors-ros2/install/vernier_respiration_belt:/home/jj/wearable-biosensors-ros2/install/polar_h10:/home/jj/wearable-biosensors-ros2/install/manager:/home/jj/wearable-biosensors-ros2/install/shimmer3_gsr_unit:/home/jj/wearable-biosensors-ros2/install/empatica_e4:/home/jj/wearable-biosensors-ros2/install/emotiv_insight:/home/jj/wearable-biosensors-ros2/install/cdcl_umd_msgs:/opt/ros/humble CMAKE_PREFIX_PATH=/home/jj/wearable-biosensors-ros2/install/cdcl_umd_msgs:/home/jj/wearable-biosensors-ros2/install/manager:/home/jj/wearable-biosensors-ros2/install/vernier_respiration_belt:/home/jj/wearable-biosensors-ros2/install/shimmer3_gsr_unit:/home/jj/wearable-biosensors-ros2/install/polar_h10:/home/jj/wearable-biosensors-ros2/install/empatica_e4:/home/jj/wearable-biosensors-ros2/install/emotiv_insight:/opt/ros/humble PYTHONPATH=/home/jj/wearable-biosensors-ros2/install/vernier_respiration_belt/lib/python3.10/site-packages:/home/jj/wearable-biosensors-ros2/install/polar_h10/lib/python3.10/site-packages:/home/jj/wearable-biosensors-ros2/install/manager/local/lib/python3.10/dist-packages:/home/jj/wearable-biosensors-ros2/build/shimmer3_gsr_unit:/home/jj/wearable-biosensors-ros2/install/shimmer3_gsr_unit/lib/python3.10/site-packages:/home/jj/wearable-biosensors-ros2/build/empatica_e4:/home/jj/wearable-biosensors-ros2/install/empatica_e4/lib/python3.10/site-packages:/home/jj/wearable-biosensors-ros2/build/emotiv_insight:/home/jj/wearable-biosensors-ros2/install/emotiv_insight/lib/python3.10/site-packages:/home/jj/wearable-biosensors-ros2/install/cdcl_umd_msgs/local/lib/python3.10/dist-packages:/opt/ros/humble/lib/python3.10/site-packages:/opt/ros/humble/local/lib/python3.10/dist-packages /usr/bin/cmake --install /home/jj/wearable-biosensors-ros2/build/manager
