[0.364s] Invoking command in '/home/jj/wearable-biosensors-ros2/build/liblz4_vendor': CMAKE_PREFIX_PATH=${CMAKE_PREFIX_PATH}:/home/jj/wearable-biosensors-ros2/install/vernier_respiration_belt:/home/jj/wearable-biosensors-ros2/install/shimmer3_gsr_unit:/home/jj/wearable-biosensors-ros2/install/polar_h10:/home/jj/wearable-biosensors-ros2/install/empatica_e4:/home/jj/wearable-biosensors-ros2/install/emotiv_insight:/opt/ros/humble /usr/bin/cmake /home/jj/wearable-biosensors-ros2/src/rosbag2/liblz4_vendor -DCMAKE_INSTALL_PREFIX=/home/jj/wearable-biosensors-ros2/install/liblz4_vendor
[2.826s] -- The C compiler identification is GNU 11.4.0
[4.749s] -- The CXX compiler identification is GNU 11.4.0
[4.923s] -- Detecting C compiler ABI info
[6.771s] -- Detecting C compiler ABI info - done
[7.027s] -- Check for working C compiler: /usr/bin/cc - skipped
[7.031s] -- Detecting C compile features
[7.037s] -- Detecting C compile features - done
[7.152s] -- Detecting CXX compiler ABI info
[9.372s] -- Detecting CXX compiler ABI info - done
[9.515s] -- Check for working CXX compiler: /usr/bin/c++ - skipped
[9.519s] -- Detecting CXX compile features
[9.533s] -- Detecting CXX compile features - done
[9.635s] -- Found ament_cmake: 1.3.9 (/opt/ros/humble/share/ament_cmake/cmake)
[15.071s] -- Found Python3: /usr/bin/python3 (found version "3.10.12") found components: Interpreter 
[19.756s] -- Configuring incomplete, errors occurred!
[19.758s] See also "/home/jj/wearable-biosensors-ros2/build/liblz4_vendor/CMakeFiles/CMakeOutput.log".
[19.760s] [31mCMake Error at CMakeLists.txt:5 (find_package):
[19.761s]   By not providing "Findament_cmake_vendor_package.cmake" in
[19.779s]   CMAKE_MODULE_PATH this project has asked CMake to find a package
[19.780s]   configuration file provided by "ament_cmake_vendor_package", but CMake did
[19.782s]   not find one.
[19.783s] 
[19.785s]   Could not find a package configuration file provided by
[19.788s]   "ament_cmake_vendor_package" with any of the following names:
[19.806s] 
[19.808s]     ament_cmake_vendor_packageConfig.cmake
[19.810s]     ament_cmake_vendor_package-config.cmake
[19.814s] 
[19.819s]   Add the installation prefix of "ament_cmake_vendor_package" to
[19.820s]   CMAKE_PREFIX_PATH or set "ament_cmake_vendor_package_DIR" to a directory
[19.821s]   containing one of the above files.  If "ament_cmake_vendor_package"
[19.822s]   provides a separate development package or SDK, be sure it has been
[19.823s]   installed.
[19.825s] 
[19.838s] [0m
