[16.566s] Invoking command in '/home/jj/wearable-biosensors-ros2/build/emotiv_insight': PYTHONPATH=/home/jj/wearable-biosensors-ros2/build/emotiv_insight/prefix_override:/home/jj/wearable-biosensors-ros2/install/emotiv_insight/lib/python3.10/site-packages:${PYTHONPATH} /usr/bin/python3 -W ignore:setup.py install is deprecated setup.py develop --editable --build-directory /home/jj/wearable-biosensors-ros2/build/emotiv_insight/build --no-deps symlink_data
[22.606s] /usr/lib/python3/dist-packages/setuptools/dist.py:723: UserWarning: Usage of dash-separated 'script-dir' will not be supported in future versions. Please use the underscore name 'script_dir' instead
[22.607s]   warnings.warn(
[23.198s] running develop
[23.204s] /usr/lib/python3/dist-packages/setuptools/command/easy_install.py:158: EasyInstallDeprecationWarning: easy_install command is deprecated. Use build and pip and other standards-based tools.
[23.208s]   warnings.warn(
[27.553s] running egg_info
[27.556s] writing emotiv_insight.egg-info/PKG-INFO
[27.560s] writing dependency_links to emotiv_insight.egg-info/dependency_links.txt
[27.568s] writing entry points to emotiv_insight.egg-info/entry_points.txt
[27.574s] writing requirements to emotiv_insight.egg-info/requires.txt
[27.575s] writing top-level names to emotiv_insight.egg-info/top_level.txt
[27.597s] reading manifest file 'emotiv_insight.egg-info/SOURCES.txt'
[27.599s] writing manifest file 'emotiv_insight.egg-info/SOURCES.txt'
[27.617s] running build_ext
[27.626s] Creating /home/jj/wearable-biosensors-ros2/install/emotiv_insight/lib/python3.10/site-packages/emotiv-insight.egg-link (link to .)
[27.634s] Installing emotiv_insight_node script to /home/jj/wearable-biosensors-ros2/install/emotiv_insight/lib/emotiv_insight
[27.635s] 
[27.637s] Installed /home/jj/wearable-biosensors-ros2/build/emotiv_insight
[27.638s] running symlink_data
[28.011s] Invoked command in '/home/jj/wearable-biosensors-ros2/build/emotiv_insight' returned '0': PYTHONPATH=/home/jj/wearable-biosensors-ros2/build/emotiv_insight/prefix_override:/home/jj/wearable-biosensors-ros2/install/emotiv_insight/lib/python3.10/site-packages:${PYTHONPATH} /usr/bin/python3 -W ignore:setup.py install is deprecated setup.py develop --editable --build-directory /home/jj/wearable-biosensors-ros2/build/emotiv_insight/build --no-deps symlink_data
