[0.693s] DEBUG:colcon:Command line arguments: ['/usr/bin/colcon', 'build', '--symlink-install']
[0.693s] DEBUG:colcon:Parsed command line arguments: Namespace(log_base=None, log_level=None, verb_name='build', build_base='build', install_base='install', merge_install=False, symlink_install=True, test_result_base=None, continue_on_error=False, executor='parallel', parallel_workers=4, event_handlers=None, ignore_user_meta=False, metas=['./colcon.meta'], base_paths=['.'], packages_ignore=None, packages_ignore_regex=None, paths=None, packages_up_to=None, packages_up_to_regex=None, packages_above=None, packages_above_and_dependencies=None, packages_above_depth=None, packages_select_by_dep=None, packages_skip_by_dep=None, packages_skip_up_to=None, packages_select_build_failed=False, packages_skip_build_finished=False, packages_select_test_failures=False, packages_skip_test_passed=False, packages_select=None, packages_skip=None, packages_select_regex=None, packages_skip_regex=None, packages_start=None, packages_end=None, allow_overriding=[], cmake_args=None, cmake_target=None, cmake_target_skip_unavailable=False, cmake_clean_cache=False, cmake_clean_first=False, cmake_force_configure=False, ament_cmake_args=None, catkin_cmake_args=None, catkin_skip_building_tests=False, mixin_files=None, mixin=None, verb_parser=<colcon_mixin.mixin.mixin_argument.MixinArgumentDecorator object at 0xffffb9a95c00>, verb_extension=<colcon_core.verb.build.BuildVerb object at 0xffffb9bb69b0>, main=<bound method BuildVerb.main of <colcon_core.verb.build.BuildVerb object at 0xffffb9bb69b0>>, mixin_verb=('build',))
[1.956s] Level 1:colcon.colcon_core.package_discovery:discover_packages(colcon_meta) check parameters
[1.957s] Level 1:colcon.colcon_core.package_discovery:discover_packages(recursive) check parameters
[1.957s] Level 1:colcon.colcon_core.package_discovery:discover_packages(ignore) check parameters
[1.957s] Level 1:colcon.colcon_core.package_discovery:discover_packages(path) check parameters
[1.958s] Level 1:colcon.colcon_core.package_discovery:discover_packages(colcon_meta) discover
[1.958s] Level 1:colcon.colcon_core.package_discovery:discover_packages(recursive) discover
[1.958s] INFO:colcon.colcon_core.package_discovery:Crawling recursively for packages in '/home/jj/wearable-biosensors-ros2'
[1.959s] Level 1:colcon.colcon_core.package_identification:_identify(.) by extensions ['ignore', 'ignore_ament_install']
[1.959s] Level 1:colcon.colcon_core.package_identification:_identify(.) by extension 'ignore'
[1.960s] Level 1:colcon.colcon_core.package_identification:_identify(.) by extension 'ignore_ament_install'
[1.960s] Level 1:colcon.colcon_core.package_identification:_identify(.) by extensions ['colcon_pkg']
[1.960s] Level 1:colcon.colcon_core.package_identification:_identify(.) by extension 'colcon_pkg'
[1.961s] Level 1:colcon.colcon_core.package_identification:_identify(.) by extensions ['colcon_meta']
[1.961s] Level 1:colcon.colcon_core.package_identification:_identify(.) by extension 'colcon_meta'
[1.961s] Level 1:colcon.colcon_core.package_identification:_identify(.) by extensions ['ros']
[1.961s] Level 1:colcon.colcon_core.package_identification:_identify(.) by extension 'ros'
[2.038s] Level 1:colcon.colcon_core.package_identification:_identify(.) by extensions ['cmake', 'python']
[2.038s] Level 1:colcon.colcon_core.package_identification:_identify(.) by extension 'cmake'
[2.039s] Level 1:colcon.colcon_core.package_identification:_identify(.) by extension 'python'
[2.039s] Level 1:colcon.colcon_core.package_identification:_identify(.) by extensions ['python_setup_py']
[2.040s] Level 1:colcon.colcon_core.package_identification:_identify(.) by extension 'python_setup_py'
[2.040s] Level 1:colcon.colcon_core.package_identification:_identify(build) by extensions ['ignore', 'ignore_ament_install']
[2.041s] Level 1:colcon.colcon_core.package_identification:_identify(build) by extension 'ignore'
[2.041s] Level 1:colcon.colcon_core.package_identification:_identify(build) ignored
[2.042s] Level 1:colcon.colcon_core.package_identification:_identify(cdcl:humble-jammy-biosensors) by extensions ['ignore', 'ignore_ament_install']
[2.042s] Level 1:colcon.colcon_core.package_identification:_identify(cdcl:humble-jammy-biosensors) by extension 'ignore'
[2.043s] Level 1:colcon.colcon_core.package_identification:_identify(cdcl:humble-jammy-biosensors) by extension 'ignore_ament_install'
[2.043s] Level 1:colcon.colcon_core.package_identification:_identify(cdcl:humble-jammy-biosensors) by extensions ['colcon_pkg']
[2.043s] Level 1:colcon.colcon_core.package_identification:_identify(cdcl:humble-jammy-biosensors) by extension 'colcon_pkg'
[2.043s] Level 1:colcon.colcon_core.package_identification:_identify(cdcl:humble-jammy-biosensors) by extensions ['colcon_meta']
[2.044s] Level 1:colcon.colcon_core.package_identification:_identify(cdcl:humble-jammy-biosensors) by extension 'colcon_meta'
[2.044s] Level 1:colcon.colcon_core.package_identification:_identify(cdcl:humble-jammy-biosensors) by extensions ['ros']
[2.044s] Level 1:colcon.colcon_core.package_identification:_identify(cdcl:humble-jammy-biosensors) by extension 'ros'
[2.044s] Level 1:colcon.colcon_core.package_identification:_identify(cdcl:humble-jammy-biosensors) by extensions ['cmake', 'python']
[2.045s] Level 1:colcon.colcon_core.package_identification:_identify(cdcl:humble-jammy-biosensors) by extension 'cmake'
[2.045s] Level 1:colcon.colcon_core.package_identification:_identify(cdcl:humble-jammy-biosensors) by extension 'python'
[2.045s] Level 1:colcon.colcon_core.package_identification:_identify(cdcl:humble-jammy-biosensors) by extensions ['python_setup_py']
[2.045s] Level 1:colcon.colcon_core.package_identification:_identify(cdcl:humble-jammy-biosensors) by extension 'python_setup_py'
[2.046s] Level 1:colcon.colcon_core.package_identification:_identify(install) by extensions ['ignore', 'ignore_ament_install']
[2.046s] Level 1:colcon.colcon_core.package_identification:_identify(install) by extension 'ignore'
[2.047s] Level 1:colcon.colcon_core.package_identification:_identify(install) ignored
[2.048s] Level 1:colcon.colcon_core.package_identification:_identify(log) by extensions ['ignore', 'ignore_ament_install']
[2.048s] Level 1:colcon.colcon_core.package_identification:_identify(log) by extension 'ignore'
[2.048s] Level 1:colcon.colcon_core.package_identification:_identify(log) ignored
[2.049s] Level 1:colcon.colcon_core.package_identification:_identify(media) by extensions ['ignore', 'ignore_ament_install']
[2.049s] Level 1:colcon.colcon_core.package_identification:_identify(media) by extension 'ignore'
[2.049s] Level 1:colcon.colcon_core.package_identification:_identify(media) by extension 'ignore_ament_install'
[2.050s] Level 1:colcon.colcon_core.package_identification:_identify(media) by extensions ['colcon_pkg']
[2.050s] Level 1:colcon.colcon_core.package_identification:_identify(media) by extension 'colcon_pkg'
[2.050s] Level 1:colcon.colcon_core.package_identification:_identify(media) by extensions ['colcon_meta']
[2.050s] Level 1:colcon.colcon_core.package_identification:_identify(media) by extension 'colcon_meta'
[2.051s] Level 1:colcon.colcon_core.package_identification:_identify(media) by extensions ['ros']
[2.051s] Level 1:colcon.colcon_core.package_identification:_identify(media) by extension 'ros'
[2.051s] Level 1:colcon.colcon_core.package_identification:_identify(media) by extensions ['cmake', 'python']
[2.051s] Level 1:colcon.colcon_core.package_identification:_identify(media) by extension 'cmake'
[2.051s] Level 1:colcon.colcon_core.package_identification:_identify(media) by extension 'python'
[2.052s] Level 1:colcon.colcon_core.package_identification:_identify(media) by extensions ['python_setup_py']
[2.052s] Level 1:colcon.colcon_core.package_identification:_identify(media) by extension 'python_setup_py'
[2.052s] Level 1:colcon.colcon_core.package_identification:_identify(media/contributors) by extensions ['ignore', 'ignore_ament_install']
[2.053s] Level 1:colcon.colcon_core.package_identification:_identify(media/contributors) by extension 'ignore'
[2.053s] Level 1:colcon.colcon_core.package_identification:_identify(media/contributors) by extension 'ignore_ament_install'
[2.054s] Level 1:colcon.colcon_core.package_identification:_identify(media/contributors) by extensions ['colcon_pkg']
[2.054s] Level 1:colcon.colcon_core.package_identification:_identify(media/contributors) by extension 'colcon_pkg'
[2.054s] Level 1:colcon.colcon_core.package_identification:_identify(media/contributors) by extensions ['colcon_meta']
[2.054s] Level 1:colcon.colcon_core.package_identification:_identify(media/contributors) by extension 'colcon_meta'
[2.055s] Level 1:colcon.colcon_core.package_identification:_identify(media/contributors) by extensions ['ros']
[2.055s] Level 1:colcon.colcon_core.package_identification:_identify(media/contributors) by extension 'ros'
[2.055s] Level 1:colcon.colcon_core.package_identification:_identify(media/contributors) by extensions ['cmake', 'python']
[2.055s] Level 1:colcon.colcon_core.package_identification:_identify(media/contributors) by extension 'cmake'
[2.056s] Level 1:colcon.colcon_core.package_identification:_identify(media/contributors) by extension 'python'
[2.056s] Level 1:colcon.colcon_core.package_identification:_identify(media/contributors) by extensions ['python_setup_py']
[2.056s] Level 1:colcon.colcon_core.package_identification:_identify(media/contributors) by extension 'python_setup_py'
[2.057s] Level 1:colcon.colcon_core.package_identification:_identify(media/img) by extensions ['ignore', 'ignore_ament_install']
[2.057s] Level 1:colcon.colcon_core.package_identification:_identify(media/img) by extension 'ignore'
[2.057s] Level 1:colcon.colcon_core.package_identification:_identify(media/img) by extension 'ignore_ament_install'
[2.058s] Level 1:colcon.colcon_core.package_identification:_identify(media/img) by extensions ['colcon_pkg']
[2.058s] Level 1:colcon.colcon_core.package_identification:_identify(media/img) by extension 'colcon_pkg'
[2.058s] Level 1:colcon.colcon_core.package_identification:_identify(media/img) by extensions ['colcon_meta']
[2.058s] Level 1:colcon.colcon_core.package_identification:_identify(media/img) by extension 'colcon_meta'
[2.059s] Level 1:colcon.colcon_core.package_identification:_identify(media/img) by extensions ['ros']
[2.059s] Level 1:colcon.colcon_core.package_identification:_identify(media/img) by extension 'ros'
[2.059s] Level 1:colcon.colcon_core.package_identification:_identify(media/img) by extensions ['cmake', 'python']
[2.059s] Level 1:colcon.colcon_core.package_identification:_identify(media/img) by extension 'cmake'
[2.059s] Level 1:colcon.colcon_core.package_identification:_identify(media/img) by extension 'python'
[2.060s] Level 1:colcon.colcon_core.package_identification:_identify(media/img) by extensions ['python_setup_py']
[2.060s] Level 1:colcon.colcon_core.package_identification:_identify(media/img) by extension 'python_setup_py'
[2.060s] Level 1:colcon.colcon_core.package_identification:_identify(src) by extensions ['ignore', 'ignore_ament_install']
[2.061s] Level 1:colcon.colcon_core.package_identification:_identify(src) by extension 'ignore'
[2.061s] Level 1:colcon.colcon_core.package_identification:_identify(src) by extension 'ignore_ament_install'
[2.062s] Level 1:colcon.colcon_core.package_identification:_identify(src) by extensions ['colcon_pkg']
[2.062s] Level 1:colcon.colcon_core.package_identification:_identify(src) by extension 'colcon_pkg'
[2.062s] Level 1:colcon.colcon_core.package_identification:_identify(src) by extensions ['colcon_meta']
[2.062s] Level 1:colcon.colcon_core.package_identification:_identify(src) by extension 'colcon_meta'
[2.062s] Level 1:colcon.colcon_core.package_identification:_identify(src) by extensions ['ros']
[2.062s] Level 1:colcon.colcon_core.package_identification:_identify(src) by extension 'ros'
[2.063s] Level 1:colcon.colcon_core.package_identification:_identify(src) by extensions ['cmake', 'python']
[2.063s] Level 1:colcon.colcon_core.package_identification:_identify(src) by extension 'cmake'
[2.063s] Level 1:colcon.colcon_core.package_identification:_identify(src) by extension 'python'
[2.064s] Level 1:colcon.colcon_core.package_identification:_identify(src) by extensions ['python_setup_py']
[2.064s] Level 1:colcon.colcon_core.package_identification:_identify(src) by extension 'python_setup_py'
[2.064s] Level 1:colcon.colcon_core.package_identification:_identify(src/cdcl_umd_msgs) by extensions ['ignore', 'ignore_ament_install']
[2.065s] Level 1:colcon.colcon_core.package_identification:_identify(src/cdcl_umd_msgs) by extension 'ignore'
[2.065s] Level 1:colcon.colcon_core.package_identification:_identify(src/cdcl_umd_msgs) by extension 'ignore_ament_install'
[2.065s] Level 1:colcon.colcon_core.package_identification:_identify(src/cdcl_umd_msgs) by extensions ['colcon_pkg']
[2.066s] Level 1:colcon.colcon_core.package_identification:_identify(src/cdcl_umd_msgs) by extension 'colcon_pkg'
[2.066s] Level 1:colcon.colcon_core.package_identification:_identify(src/cdcl_umd_msgs) by extensions ['colcon_meta']
[2.066s] Level 1:colcon.colcon_core.package_identification:_identify(src/cdcl_umd_msgs) by extension 'colcon_meta'
[2.066s] Level 1:colcon.colcon_core.package_identification:_identify(src/cdcl_umd_msgs) by extensions ['ros']
[2.066s] Level 1:colcon.colcon_core.package_identification:_identify(src/cdcl_umd_msgs) by extension 'ros'
[2.080s] DEBUG:colcon.colcon_core.package_identification:Package 'src/cdcl_umd_msgs' with type 'ros.ament_cmake' and name 'cdcl_umd_msgs'
[2.081s] Level 1:colcon.colcon_core.package_identification:_identify(src/emotiv_insight) by extensions ['ignore', 'ignore_ament_install']
[2.082s] Level 1:colcon.colcon_core.package_identification:_identify(src/emotiv_insight) by extension 'ignore'
[2.082s] Level 1:colcon.colcon_core.package_identification:_identify(src/emotiv_insight) by extension 'ignore_ament_install'
[2.083s] Level 1:colcon.colcon_core.package_identification:_identify(src/emotiv_insight) by extensions ['colcon_pkg']
[2.083s] Level 1:colcon.colcon_core.package_identification:_identify(src/emotiv_insight) by extension 'colcon_pkg'
[2.084s] Level 1:colcon.colcon_core.package_identification:_identify(src/emotiv_insight) by extensions ['colcon_meta']
[2.084s] Level 1:colcon.colcon_core.package_identification:_identify(src/emotiv_insight) by extension 'colcon_meta'
[2.084s] Level 1:colcon.colcon_core.package_identification:_identify(src/emotiv_insight) by extensions ['ros']
[2.085s] Level 1:colcon.colcon_core.package_identification:_identify(src/emotiv_insight) by extension 'ros'
[2.088s] DEBUG:colcon.colcon_core.package_identification:Package 'src/emotiv_insight' with type 'ros.ament_python' and name 'emotiv_insight'
[2.090s] Level 1:colcon.colcon_core.package_identification:_identify(src/empatica_e4) by extensions ['ignore', 'ignore_ament_install']
[2.091s] Level 1:colcon.colcon_core.package_identification:_identify(src/empatica_e4) by extension 'ignore'
[2.091s] Level 1:colcon.colcon_core.package_identification:_identify(src/empatica_e4) by extension 'ignore_ament_install'
[2.091s] Level 1:colcon.colcon_core.package_identification:_identify(src/empatica_e4) by extensions ['colcon_pkg']
[2.092s] Level 1:colcon.colcon_core.package_identification:_identify(src/empatica_e4) by extension 'colcon_pkg'
[2.092s] Level 1:colcon.colcon_core.package_identification:_identify(src/empatica_e4) by extensions ['colcon_meta']
[2.092s] Level 1:colcon.colcon_core.package_identification:_identify(src/empatica_e4) by extension 'colcon_meta'
[2.092s] Level 1:colcon.colcon_core.package_identification:_identify(src/empatica_e4) by extensions ['ros']
[2.093s] Level 1:colcon.colcon_core.package_identification:_identify(src/empatica_e4) by extension 'ros'
[2.095s] DEBUG:colcon.colcon_core.package_identification:Package 'src/empatica_e4' with type 'ros.ament_python' and name 'empatica_e4'
[2.096s] Level 1:colcon.colcon_core.package_identification:_identify(src/manager) by extensions ['ignore', 'ignore_ament_install']
[2.096s] Level 1:colcon.colcon_core.package_identification:_identify(src/manager) by extension 'ignore'
[2.097s] Level 1:colcon.colcon_core.package_identification:_identify(src/manager) by extension 'ignore_ament_install'
[2.097s] Level 1:colcon.colcon_core.package_identification:_identify(src/manager) by extensions ['colcon_pkg']
[2.098s] Level 1:colcon.colcon_core.package_identification:_identify(src/manager) by extension 'colcon_pkg'
[2.098s] Level 1:colcon.colcon_core.package_identification:_identify(src/manager) by extensions ['colcon_meta']
[2.098s] Level 1:colcon.colcon_core.package_identification:_identify(src/manager) by extension 'colcon_meta'
[2.098s] Level 1:colcon.colcon_core.package_identification:_identify(src/manager) by extensions ['ros']
[2.098s] Level 1:colcon.colcon_core.package_identification:_identify(src/manager) by extension 'ros'
[2.102s] DEBUG:colcon.colcon_core.package_identification:Package 'src/manager' with type 'ros.ament_cmake' and name 'manager'
[2.103s] Level 1:colcon.colcon_core.package_identification:_identify(src/polar_h10) by extensions ['ignore', 'ignore_ament_install']
[2.103s] Level 1:colcon.colcon_core.package_identification:_identify(src/polar_h10) by extension 'ignore'
[2.103s] Level 1:colcon.colcon_core.package_identification:_identify(src/polar_h10) by extension 'ignore_ament_install'
[2.104s] Level 1:colcon.colcon_core.package_identification:_identify(src/polar_h10) by extensions ['colcon_pkg']
[2.104s] Level 1:colcon.colcon_core.package_identification:_identify(src/polar_h10) by extension 'colcon_pkg'
[2.104s] Level 1:colcon.colcon_core.package_identification:_identify(src/polar_h10) by extensions ['colcon_meta']
[2.104s] Level 1:colcon.colcon_core.package_identification:_identify(src/polar_h10) by extension 'colcon_meta'
[2.104s] Level 1:colcon.colcon_core.package_identification:_identify(src/polar_h10) by extensions ['ros']
[2.105s] Level 1:colcon.colcon_core.package_identification:_identify(src/polar_h10) by extension 'ros'
[2.107s] DEBUG:colcon.colcon_core.package_identification:Package 'src/polar_h10' with type 'ros.ament_python' and name 'polar_h10'
[2.108s] Level 1:colcon.colcon_core.package_identification:_identify(src/shimmer3_gsr_unit) by extensions ['ignore', 'ignore_ament_install']
[2.108s] Level 1:colcon.colcon_core.package_identification:_identify(src/shimmer3_gsr_unit) by extension 'ignore'
[2.108s] Level 1:colcon.colcon_core.package_identification:_identify(src/shimmer3_gsr_unit) by extension 'ignore_ament_install'
[2.109s] Level 1:colcon.colcon_core.package_identification:_identify(src/shimmer3_gsr_unit) by extensions ['colcon_pkg']
[2.109s] Level 1:colcon.colcon_core.package_identification:_identify(src/shimmer3_gsr_unit) by extension 'colcon_pkg'
[2.109s] Level 1:colcon.colcon_core.package_identification:_identify(src/shimmer3_gsr_unit) by extensions ['colcon_meta']
[2.109s] Level 1:colcon.colcon_core.package_identification:_identify(src/shimmer3_gsr_unit) by extension 'colcon_meta'
[2.110s] Level 1:colcon.colcon_core.package_identification:_identify(src/shimmer3_gsr_unit) by extensions ['ros']
[2.110s] Level 1:colcon.colcon_core.package_identification:_identify(src/shimmer3_gsr_unit) by extension 'ros'
[2.112s] DEBUG:colcon.colcon_core.package_identification:Package 'src/shimmer3_gsr_unit' with type 'ros.ament_python' and name 'shimmer3_gsr_unit'
[2.113s] Level 1:colcon.colcon_core.package_identification:_identify(src/vernier_respiration_belt) by extensions ['ignore', 'ignore_ament_install']
[2.114s] Level 1:colcon.colcon_core.package_identification:_identify(src/vernier_respiration_belt) by extension 'ignore'
[2.114s] Level 1:colcon.colcon_core.package_identification:_identify(src/vernier_respiration_belt) by extension 'ignore_ament_install'
[2.114s] Level 1:colcon.colcon_core.package_identification:_identify(src/vernier_respiration_belt) by extensions ['colcon_pkg']
[2.115s] Level 1:colcon.colcon_core.package_identification:_identify(src/vernier_respiration_belt) by extension 'colcon_pkg'
[2.115s] Level 1:colcon.colcon_core.package_identification:_identify(src/vernier_respiration_belt) by extensions ['colcon_meta']
[2.115s] Level 1:colcon.colcon_core.package_identification:_identify(src/vernier_respiration_belt) by extension 'colcon_meta'
[2.115s] Level 1:colcon.colcon_core.package_identification:_identify(src/vernier_respiration_belt) by extensions ['ros']
[2.116s] Level 1:colcon.colcon_core.package_identification:_identify(src/vernier_respiration_belt) by extension 'ros'
[2.118s] DEBUG:colcon.colcon_core.package_identification:Package 'src/vernier_respiration_belt' with type 'ros.ament_python' and name 'vernier_respiration_belt'
[2.118s] Level 1:colcon.colcon_core.package_discovery:discover_packages(recursive) using defaults
[2.118s] Level 1:colcon.colcon_core.package_discovery:discover_packages(ignore) discover
[2.118s] Level 1:colcon.colcon_core.package_discovery:discover_packages(ignore) using defaults
[2.119s] Level 1:colcon.colcon_core.package_discovery:discover_packages(path) discover
[2.119s] Level 1:colcon.colcon_core.package_discovery:discover_packages(path) using defaults
[2.287s] Level 1:colcon.colcon_core.package_discovery:discover_packages(prefix_path) check parameters
[2.288s] Level 1:colcon.colcon_core.package_discovery:discover_packages(prefix_path) discover
[2.309s] DEBUG:colcon.colcon_installed_package_information.package_discovery:Found 270 installed packages in /opt/ros/humble
[2.316s] Level 1:colcon.colcon_core.package_discovery:discover_packages(prefix_path) using defaults
[2.515s] Level 5:colcon.colcon_core.verb:set package 'cdcl_umd_msgs' build argument 'cmake_args' from command line to 'None'
[2.515s] Level 5:colcon.colcon_core.verb:set package 'cdcl_umd_msgs' build argument 'cmake_target' from command line to 'None'
[2.515s] Level 5:colcon.colcon_core.verb:set package 'cdcl_umd_msgs' build argument 'cmake_target_skip_unavailable' from command line to 'False'
[2.515s] Level 5:colcon.colcon_core.verb:set package 'cdcl_umd_msgs' build argument 'cmake_clean_cache' from command line to 'False'
[2.515s] Level 5:colcon.colcon_core.verb:set package 'cdcl_umd_msgs' build argument 'cmake_clean_first' from command line to 'False'
[2.515s] Level 5:colcon.colcon_core.verb:set package 'cdcl_umd_msgs' build argument 'cmake_force_configure' from command line to 'False'
[2.516s] Level 5:colcon.colcon_core.verb:set package 'cdcl_umd_msgs' build argument 'ament_cmake_args' from command line to 'None'
[2.516s] Level 5:colcon.colcon_core.verb:set package 'cdcl_umd_msgs' build argument 'catkin_cmake_args' from command line to 'None'
[2.516s] Level 5:colcon.colcon_core.verb:set package 'cdcl_umd_msgs' build argument 'catkin_skip_building_tests' from command line to 'False'
[2.516s] DEBUG:colcon.colcon_core.verb:Building package 'cdcl_umd_msgs' with the following arguments: {'ament_cmake_args': None, 'build_base': '/home/jj/wearable-biosensors-ros2/build/cdcl_umd_msgs', 'catkin_cmake_args': None, 'catkin_skip_building_tests': False, 'cmake_args': None, 'cmake_clean_cache': False, 'cmake_clean_first': False, 'cmake_force_configure': False, 'cmake_target': None, 'cmake_target_skip_unavailable': False, 'install_base': '/home/jj/wearable-biosensors-ros2/install/cdcl_umd_msgs', 'merge_install': False, 'path': '/home/jj/wearable-biosensors-ros2/src/cdcl_umd_msgs', 'symlink_install': True, 'test_result_base': None}
[2.518s] Level 5:colcon.colcon_core.verb:set package 'emotiv_insight' build argument 'cmake_args' from command line to 'None'
[2.518s] Level 5:colcon.colcon_core.verb:set package 'emotiv_insight' build argument 'cmake_target' from command line to 'None'
[2.518s] Level 5:colcon.colcon_core.verb:set package 'emotiv_insight' build argument 'cmake_target_skip_unavailable' from command line to 'False'
[2.518s] Level 5:colcon.colcon_core.verb:set package 'emotiv_insight' build argument 'cmake_clean_cache' from command line to 'False'
[2.518s] Level 5:colcon.colcon_core.verb:set package 'emotiv_insight' build argument 'cmake_clean_first' from command line to 'False'
[2.519s] Level 5:colcon.colcon_core.verb:set package 'emotiv_insight' build argument 'cmake_force_configure' from command line to 'False'
[2.519s] Level 5:colcon.colcon_core.verb:set package 'emotiv_insight' build argument 'ament_cmake_args' from command line to 'None'
[2.519s] Level 5:colcon.colcon_core.verb:set package 'emotiv_insight' build argument 'catkin_cmake_args' from command line to 'None'
[2.519s] Level 5:colcon.colcon_core.verb:set package 'emotiv_insight' build argument 'catkin_skip_building_tests' from command line to 'False'
[2.519s] DEBUG:colcon.colcon_core.verb:Building package 'emotiv_insight' with the following arguments: {'ament_cmake_args': None, 'build_base': '/home/jj/wearable-biosensors-ros2/build/emotiv_insight', 'catkin_cmake_args': None, 'catkin_skip_building_tests': False, 'cmake_args': None, 'cmake_clean_cache': False, 'cmake_clean_first': False, 'cmake_force_configure': False, 'cmake_target': None, 'cmake_target_skip_unavailable': False, 'install_base': '/home/jj/wearable-biosensors-ros2/install/emotiv_insight', 'merge_install': False, 'path': '/home/jj/wearable-biosensors-ros2/src/emotiv_insight', 'symlink_install': True, 'test_result_base': None}
[2.521s] Level 5:colcon.colcon_core.verb:set package 'empatica_e4' build argument 'cmake_args' from command line to 'None'
[2.521s] Level 5:colcon.colcon_core.verb:set package 'empatica_e4' build argument 'cmake_target' from command line to 'None'
[2.521s] Level 5:colcon.colcon_core.verb:set package 'empatica_e4' build argument 'cmake_target_skip_unavailable' from command line to 'False'
[2.521s] Level 5:colcon.colcon_core.verb:set package 'empatica_e4' build argument 'cmake_clean_cache' from command line to 'False'
[2.522s] Level 5:colcon.colcon_core.verb:set package 'empatica_e4' build argument 'cmake_clean_first' from command line to 'False'
[2.522s] Level 5:colcon.colcon_core.verb:set package 'empatica_e4' build argument 'cmake_force_configure' from command line to 'False'
[2.522s] Level 5:colcon.colcon_core.verb:set package 'empatica_e4' build argument 'ament_cmake_args' from command line to 'None'
[2.522s] Level 5:colcon.colcon_core.verb:set package 'empatica_e4' build argument 'catkin_cmake_args' from command line to 'None'
[2.522s] Level 5:colcon.colcon_core.verb:set package 'empatica_e4' build argument 'catkin_skip_building_tests' from command line to 'False'
[2.522s] DEBUG:colcon.colcon_core.verb:Building package 'empatica_e4' with the following arguments: {'ament_cmake_args': None, 'build_base': '/home/jj/wearable-biosensors-ros2/build/empatica_e4', 'catkin_cmake_args': None, 'catkin_skip_building_tests': False, 'cmake_args': None, 'cmake_clean_cache': False, 'cmake_clean_first': False, 'cmake_force_configure': False, 'cmake_target': None, 'cmake_target_skip_unavailable': False, 'install_base': '/home/jj/wearable-biosensors-ros2/install/empatica_e4', 'merge_install': False, 'path': '/home/jj/wearable-biosensors-ros2/src/empatica_e4', 'symlink_install': True, 'test_result_base': None}
[2.524s] Level 5:colcon.colcon_core.verb:set package 'shimmer3_gsr_unit' build argument 'cmake_args' from command line to 'None'
[2.524s] Level 5:colcon.colcon_core.verb:set package 'shimmer3_gsr_unit' build argument 'cmake_target' from command line to 'None'
[2.524s] Level 5:colcon.colcon_core.verb:set package 'shimmer3_gsr_unit' build argument 'cmake_target_skip_unavailable' from command line to 'False'
[2.524s] Level 5:colcon.colcon_core.verb:set package 'shimmer3_gsr_unit' build argument 'cmake_clean_cache' from command line to 'False'
[2.524s] Level 5:colcon.colcon_core.verb:set package 'shimmer3_gsr_unit' build argument 'cmake_clean_first' from command line to 'False'
[2.525s] Level 5:colcon.colcon_core.verb:set package 'shimmer3_gsr_unit' build argument 'cmake_force_configure' from command line to 'False'
[2.525s] Level 5:colcon.colcon_core.verb:set package 'shimmer3_gsr_unit' build argument 'ament_cmake_args' from command line to 'None'
[2.525s] Level 5:colcon.colcon_core.verb:set package 'shimmer3_gsr_unit' build argument 'catkin_cmake_args' from command line to 'None'
[2.525s] Level 5:colcon.colcon_core.verb:set package 'shimmer3_gsr_unit' build argument 'catkin_skip_building_tests' from command line to 'False'
[2.525s] DEBUG:colcon.colcon_core.verb:Building package 'shimmer3_gsr_unit' with the following arguments: {'ament_cmake_args': None, 'build_base': '/home/jj/wearable-biosensors-ros2/build/shimmer3_gsr_unit', 'catkin_cmake_args': None, 'catkin_skip_building_tests': False, 'cmake_args': None, 'cmake_clean_cache': False, 'cmake_clean_first': False, 'cmake_force_configure': False, 'cmake_target': None, 'cmake_target_skip_unavailable': False, 'install_base': '/home/jj/wearable-biosensors-ros2/install/shimmer3_gsr_unit', 'merge_install': False, 'path': '/home/jj/wearable-biosensors-ros2/src/shimmer3_gsr_unit', 'symlink_install': True, 'test_result_base': None}
[2.527s] Level 5:colcon.colcon_core.verb:set package 'polar_h10' build argument 'cmake_args' from command line to 'None'
[2.527s] Level 5:colcon.colcon_core.verb:set package 'polar_h10' build argument 'cmake_target' from command line to 'None'
[2.527s] Level 5:colcon.colcon_core.verb:set package 'polar_h10' build argument 'cmake_target_skip_unavailable' from command line to 'False'
[2.527s] Level 5:colcon.colcon_core.verb:set package 'polar_h10' build argument 'cmake_clean_cache' from command line to 'False'
[2.528s] Level 5:colcon.colcon_core.verb:set package 'polar_h10' build argument 'cmake_clean_first' from command line to 'False'
[2.528s] Level 5:colcon.colcon_core.verb:set package 'polar_h10' build argument 'cmake_force_configure' from command line to 'False'
[2.528s] Level 5:colcon.colcon_core.verb:set package 'polar_h10' build argument 'ament_cmake_args' from command line to 'None'
[2.528s] Level 5:colcon.colcon_core.verb:set package 'polar_h10' build argument 'catkin_cmake_args' from command line to 'None'
[2.528s] Level 5:colcon.colcon_core.verb:set package 'polar_h10' build argument 'catkin_skip_building_tests' from command line to 'False'
[2.528s] DEBUG:colcon.colcon_core.verb:Building package 'polar_h10' with the following arguments: {'ament_cmake_args': None, 'build_base': '/home/jj/wearable-biosensors-ros2/build/polar_h10', 'catkin_cmake_args': None, 'catkin_skip_building_tests': False, 'cmake_args': None, 'cmake_clean_cache': False, 'cmake_clean_first': False, 'cmake_force_configure': False, 'cmake_target': None, 'cmake_target_skip_unavailable': False, 'install_base': '/home/jj/wearable-biosensors-ros2/install/polar_h10', 'merge_install': False, 'path': '/home/jj/wearable-biosensors-ros2/src/polar_h10', 'symlink_install': True, 'test_result_base': None}
[2.530s] Level 5:colcon.colcon_core.verb:set package 'vernier_respiration_belt' build argument 'cmake_args' from command line to 'None'
[2.530s] Level 5:colcon.colcon_core.verb:set package 'vernier_respiration_belt' build argument 'cmake_target' from command line to 'None'
[2.530s] Level 5:colcon.colcon_core.verb:set package 'vernier_respiration_belt' build argument 'cmake_target_skip_unavailable' from command line to 'False'
[2.530s] Level 5:colcon.colcon_core.verb:set package 'vernier_respiration_belt' build argument 'cmake_clean_cache' from command line to 'False'
[2.531s] Level 5:colcon.colcon_core.verb:set package 'vernier_respiration_belt' build argument 'cmake_clean_first' from command line to 'False'
[2.531s] Level 5:colcon.colcon_core.verb:set package 'vernier_respiration_belt' build argument 'cmake_force_configure' from command line to 'False'
[2.531s] Level 5:colcon.colcon_core.verb:set package 'vernier_respiration_belt' build argument 'ament_cmake_args' from command line to 'None'
[2.531s] Level 5:colcon.colcon_core.verb:set package 'vernier_respiration_belt' build argument 'catkin_cmake_args' from command line to 'None'
[2.531s] Level 5:colcon.colcon_core.verb:set package 'vernier_respiration_belt' build argument 'catkin_skip_building_tests' from command line to 'False'
[2.531s] DEBUG:colcon.colcon_core.verb:Building package 'vernier_respiration_belt' with the following arguments: {'ament_cmake_args': None, 'build_base': '/home/jj/wearable-biosensors-ros2/build/vernier_respiration_belt', 'catkin_cmake_args': None, 'catkin_skip_building_tests': False, 'cmake_args': None, 'cmake_clean_cache': False, 'cmake_clean_first': False, 'cmake_force_configure': False, 'cmake_target': None, 'cmake_target_skip_unavailable': False, 'install_base': '/home/jj/wearable-biosensors-ros2/install/vernier_respiration_belt', 'merge_install': False, 'path': '/home/jj/wearable-biosensors-ros2/src/vernier_respiration_belt', 'symlink_install': True, 'test_result_base': None}
[2.533s] Level 5:colcon.colcon_core.verb:set package 'manager' build argument 'cmake_args' from command line to 'None'
[2.533s] Level 5:colcon.colcon_core.verb:set package 'manager' build argument 'cmake_target' from command line to 'None'
[2.533s] Level 5:colcon.colcon_core.verb:set package 'manager' build argument 'cmake_target_skip_unavailable' from command line to 'False'
[2.534s] Level 5:colcon.colcon_core.verb:set package 'manager' build argument 'cmake_clean_cache' from command line to 'False'
[2.534s] Level 5:colcon.colcon_core.verb:set package 'manager' build argument 'cmake_clean_first' from command line to 'False'
[2.534s] Level 5:colcon.colcon_core.verb:set package 'manager' build argument 'cmake_force_configure' from command line to 'False'
[2.534s] Level 5:colcon.colcon_core.verb:set package 'manager' build argument 'ament_cmake_args' from command line to 'None'
[2.534s] Level 5:colcon.colcon_core.verb:set package 'manager' build argument 'catkin_cmake_args' from command line to 'None'
[2.534s] Level 5:colcon.colcon_core.verb:set package 'manager' build argument 'catkin_skip_building_tests' from command line to 'False'
[2.534s] DEBUG:colcon.colcon_core.verb:Building package 'manager' with the following arguments: {'ament_cmake_args': None, 'build_base': '/home/jj/wearable-biosensors-ros2/build/manager', 'catkin_cmake_args': None, 'catkin_skip_building_tests': False, 'cmake_args': None, 'cmake_clean_cache': False, 'cmake_clean_first': False, 'cmake_force_configure': False, 'cmake_target': None, 'cmake_target_skip_unavailable': False, 'install_base': '/home/jj/wearable-biosensors-ros2/install/manager', 'merge_install': False, 'path': '/home/jj/wearable-biosensors-ros2/src/manager', 'symlink_install': True, 'test_result_base': None}
[2.535s] INFO:colcon.colcon_core.executor:Executing jobs using 'parallel' executor
[2.539s] DEBUG:colcon.colcon_parallel_executor.executor.parallel:run_until_complete
[2.540s] INFO:colcon.colcon_ros.task.ament_cmake.build:Building ROS package in '/home/jj/wearable-biosensors-ros2/src/cdcl_umd_msgs' with build type 'ament_cmake'
[2.541s] INFO:colcon.colcon_cmake.task.cmake.build:Building CMake package in '/home/jj/wearable-biosensors-ros2/src/cdcl_umd_msgs'
[2.562s] INFO:colcon.colcon_core.plugin_system:Skipping extension 'colcon_core.shell.bat': Not used on non-Windows systems
[2.564s] INFO:colcon.colcon_core.shell:Skip shell extension 'powershell' for command environment: Not usable outside of PowerShell
[2.564s] DEBUG:colcon.colcon_core.shell:Skip shell extension 'dsv' for command environment
[2.586s] INFO:colcon.colcon_ros.task.ament_python.build:Building ROS package in '/home/jj/wearable-biosensors-ros2/src/emotiv_insight' with build type 'ament_python'
[2.586s] Level 1:colcon.colcon_core.shell:create_environment_hook('emotiv_insight', 'ament_prefix_path')
[2.588s] INFO:colcon.colcon_core.shell:Creating environment hook '/home/jj/wearable-biosensors-ros2/install/emotiv_insight/share/emotiv_insight/hook/ament_prefix_path.ps1'
[2.592s] INFO:colcon.colcon_core.shell:Creating environment descriptor '/home/jj/wearable-biosensors-ros2/install/emotiv_insight/share/emotiv_insight/hook/ament_prefix_path.dsv'
[2.598s] INFO:colcon.colcon_core.shell:Creating environment hook '/home/jj/wearable-biosensors-ros2/install/emotiv_insight/share/emotiv_insight/hook/ament_prefix_path.sh'
[2.607s] INFO:colcon.colcon_core.shell:Skip shell extension 'powershell' for command environment: Not usable outside of PowerShell
[2.608s] DEBUG:colcon.colcon_core.shell:Skip shell extension 'dsv' for command environment
[2.629s] INFO:colcon.colcon_ros.task.ament_python.build:Building ROS package in '/home/jj/wearable-biosensors-ros2/src/empatica_e4' with build type 'ament_python'
[2.631s] Level 1:colcon.colcon_core.shell:create_environment_hook('empatica_e4', 'ament_prefix_path')
[2.632s] INFO:colcon.colcon_core.shell:Creating environment hook '/home/jj/wearable-biosensors-ros2/install/empatica_e4/share/empatica_e4/hook/ament_prefix_path.ps1'
[2.634s] INFO:colcon.colcon_core.shell:Creating environment descriptor '/home/jj/wearable-biosensors-ros2/install/empatica_e4/share/empatica_e4/hook/ament_prefix_path.dsv'
[2.637s] INFO:colcon.colcon_core.shell:Creating environment hook '/home/jj/wearable-biosensors-ros2/install/empatica_e4/share/empatica_e4/hook/ament_prefix_path.sh'
[2.641s] INFO:colcon.colcon_core.shell:Skip shell extension 'powershell' for command environment: Not usable outside of PowerShell
[2.642s] DEBUG:colcon.colcon_core.shell:Skip shell extension 'dsv' for command environment
[2.664s] INFO:colcon.colcon_ros.task.ament_python.build:Building ROS package in '/home/jj/wearable-biosensors-ros2/src/shimmer3_gsr_unit' with build type 'ament_python'
[2.665s] Level 1:colcon.colcon_core.shell:create_environment_hook('shimmer3_gsr_unit', 'ament_prefix_path')
[2.666s] INFO:colcon.colcon_core.shell:Creating environment hook '/home/jj/wearable-biosensors-ros2/install/shimmer3_gsr_unit/share/shimmer3_gsr_unit/hook/ament_prefix_path.ps1'
[2.671s] INFO:colcon.colcon_core.shell:Creating environment descriptor '/home/jj/wearable-biosensors-ros2/install/shimmer3_gsr_unit/share/shimmer3_gsr_unit/hook/ament_prefix_path.dsv'
[2.675s] INFO:colcon.colcon_core.shell:Creating environment hook '/home/jj/wearable-biosensors-ros2/install/shimmer3_gsr_unit/share/shimmer3_gsr_unit/hook/ament_prefix_path.sh'
[2.680s] INFO:colcon.colcon_core.shell:Skip shell extension 'powershell' for command environment: Not usable outside of PowerShell
[2.680s] DEBUG:colcon.colcon_core.shell:Skip shell extension 'dsv' for command environment
[2.728s] DEBUG:colcon.colcon_core.event_handler.log_command:Invoking command in '/home/jj/wearable-biosensors-ros2/build/cdcl_umd_msgs': CMAKE_PREFIX_PATH=/opt/ros/humble /usr/bin/cmake --build /home/jj/wearable-biosensors-ros2/build/cdcl_umd_msgs -- -j4 -l4
[4.791s] INFO:colcon.colcon_core.task.python.build:Building Python package in '/home/jj/wearable-biosensors-ros2/src/emotiv_insight'
[4.792s] INFO:colcon.colcon_core.shell:Skip shell extension 'powershell' for command environment: Not usable outside of PowerShell
[4.793s] DEBUG:colcon.colcon_core.shell:Skip shell extension 'dsv' for command environment
[6.409s] INFO:colcon.colcon_core.task.python.build:Building Python package in '/home/jj/wearable-biosensors-ros2/src/empatica_e4'
[6.410s] INFO:colcon.colcon_core.shell:Skip shell extension 'powershell' for command environment: Not usable outside of PowerShell
[6.410s] DEBUG:colcon.colcon_core.shell:Skip shell extension 'dsv' for command environment
[7.881s] INFO:colcon.colcon_core.task.python.build:Building Python package in '/home/jj/wearable-biosensors-ros2/src/shimmer3_gsr_unit'
[7.882s] INFO:colcon.colcon_core.shell:Skip shell extension 'powershell' for command environment: Not usable outside of PowerShell
[7.883s] DEBUG:colcon.colcon_core.shell:Skip shell extension 'dsv' for command environment
[7.906s] DEBUG:colcon.colcon_core.event_handler.log_command:Invoked command in '/home/jj/wearable-biosensors-ros2/build/cdcl_umd_msgs' returned '0': CMAKE_PREFIX_PATH=/opt/ros/humble /usr/bin/cmake --build /home/jj/wearable-biosensors-ros2/build/cdcl_umd_msgs -- -j4 -l4
[8.528s] DEBUG:colcon.colcon_core.event_handler.log_command:Invoking command in '/home/jj/wearable-biosensors-ros2/build/cdcl_umd_msgs': CMAKE_PREFIX_PATH=/opt/ros/humble /usr/bin/cmake --install /home/jj/wearable-biosensors-ros2/build/cdcl_umd_msgs
[9.401s] Level 1:colcon.colcon_core.environment:create_environment_scripts_only(cdcl_umd_msgs)
[9.405s] DEBUG:colcon.colcon_core.event_handler.log_command:Invoked command in '/home/jj/wearable-biosensors-ros2/build/cdcl_umd_msgs' returned '0': CMAKE_PREFIX_PATH=/opt/ros/humble /usr/bin/cmake --install /home/jj/wearable-biosensors-ros2/build/cdcl_umd_msgs
[9.442s] Level 1:colcon.colcon_core.environment:checking '/home/jj/wearable-biosensors-ros2/install/cdcl_umd_msgs' for CMake module files
[9.454s] Level 1:colcon.colcon_core.environment:checking '/home/jj/wearable-biosensors-ros2/install/cdcl_umd_msgs' for CMake config files
[9.471s] Level 1:colcon.colcon_core.shell:create_environment_hook('cdcl_umd_msgs', 'cmake_prefix_path')
[9.473s] INFO:colcon.colcon_core.shell:Creating environment hook '/home/jj/wearable-biosensors-ros2/install/cdcl_umd_msgs/share/cdcl_umd_msgs/hook/cmake_prefix_path.ps1'
[9.478s] INFO:colcon.colcon_core.shell:Creating environment descriptor '/home/jj/wearable-biosensors-ros2/install/cdcl_umd_msgs/share/cdcl_umd_msgs/hook/cmake_prefix_path.dsv'
[9.488s] INFO:colcon.colcon_core.shell:Creating environment hook '/home/jj/wearable-biosensors-ros2/install/cdcl_umd_msgs/share/cdcl_umd_msgs/hook/cmake_prefix_path.sh'
[9.494s] Level 1:colcon.colcon_core.environment:checking '/home/jj/wearable-biosensors-ros2/install/cdcl_umd_msgs/lib'
[9.495s] Level 1:colcon.colcon_core.shell:create_environment_hook('cdcl_umd_msgs', 'ld_library_path_lib')
[9.497s] INFO:colcon.colcon_core.shell:Creating environment hook '/home/jj/wearable-biosensors-ros2/install/cdcl_umd_msgs/share/cdcl_umd_msgs/hook/ld_library_path_lib.ps1'
[9.501s] INFO:colcon.colcon_core.shell:Creating environment descriptor '/home/jj/wearable-biosensors-ros2/install/cdcl_umd_msgs/share/cdcl_umd_msgs/hook/ld_library_path_lib.dsv'
[9.506s] INFO:colcon.colcon_core.shell:Creating environment hook '/home/jj/wearable-biosensors-ros2/install/cdcl_umd_msgs/share/cdcl_umd_msgs/hook/ld_library_path_lib.sh'
[9.511s] Level 1:colcon.colcon_core.environment:checking '/home/jj/wearable-biosensors-ros2/install/cdcl_umd_msgs/bin'
[9.512s] Level 1:colcon.colcon_core.environment:checking '/home/jj/wearable-biosensors-ros2/install/cdcl_umd_msgs/lib/pkgconfig/cdcl_umd_msgs.pc'
[9.514s] Level 1:colcon.colcon_core.environment:checking '/home/jj/wearable-biosensors-ros2/install/cdcl_umd_msgs/lib/python3.10/site-packages'
[9.515s] Level 1:colcon.colcon_core.shell:create_environment_hook('cdcl_umd_msgs', 'pythonpath')
[9.517s] INFO:colcon.colcon_core.shell:Creating environment hook '/home/jj/wearable-biosensors-ros2/install/cdcl_umd_msgs/share/cdcl_umd_msgs/hook/pythonpath.ps1'
[9.521s] INFO:colcon.colcon_core.shell:Creating environment descriptor '/home/jj/wearable-biosensors-ros2/install/cdcl_umd_msgs/share/cdcl_umd_msgs/hook/pythonpath.dsv'
[9.527s] INFO:colcon.colcon_core.shell:Creating environment hook '/home/jj/wearable-biosensors-ros2/install/cdcl_umd_msgs/share/cdcl_umd_msgs/hook/pythonpath.sh'
[9.532s] Level 1:colcon.colcon_core.environment:checking '/home/jj/wearable-biosensors-ros2/install/cdcl_umd_msgs/bin'
[9.536s] INFO:colcon.colcon_core.shell:Creating package script '/home/jj/wearable-biosensors-ros2/install/cdcl_umd_msgs/share/cdcl_umd_msgs/package.ps1'
[9.553s] INFO:colcon.colcon_core.shell:Creating package descriptor '/home/jj/wearable-biosensors-ros2/install/cdcl_umd_msgs/share/cdcl_umd_msgs/package.dsv'
[9.559s] INFO:colcon.colcon_core.shell:Creating package script '/home/jj/wearable-biosensors-ros2/install/cdcl_umd_msgs/share/cdcl_umd_msgs/package.sh'
[9.582s] INFO:colcon.colcon_core.shell:Creating package script '/home/jj/wearable-biosensors-ros2/install/cdcl_umd_msgs/share/cdcl_umd_msgs/package.bash'
[9.590s] INFO:colcon.colcon_core.shell:Creating package script '/home/jj/wearable-biosensors-ros2/install/cdcl_umd_msgs/share/cdcl_umd_msgs/package.zsh'
[9.598s] Level 1:colcon.colcon_core.environment:create_file_with_runtime_dependencies(/home/jj/wearable-biosensors-ros2/install/cdcl_umd_msgs/share/colcon-core/packages/cdcl_umd_msgs)
[10.847s] Level 1:colcon.colcon_core.environment:create_environment_scripts_only(cdcl_umd_msgs)
[10.849s] Level 1:colcon.colcon_core.environment:checking '/home/jj/wearable-biosensors-ros2/install/cdcl_umd_msgs' for CMake module files
[10.856s] Level 1:colcon.colcon_core.environment:checking '/home/jj/wearable-biosensors-ros2/install/cdcl_umd_msgs' for CMake config files
[10.895s] Level 1:colcon.colcon_core.shell:create_environment_hook('cdcl_umd_msgs', 'cmake_prefix_path')
[10.902s] INFO:colcon.colcon_core.shell:Creating environment hook '/home/jj/wearable-biosensors-ros2/install/cdcl_umd_msgs/share/cdcl_umd_msgs/hook/cmake_prefix_path.ps1'
[10.913s] INFO:colcon.colcon_core.shell:Creating environment descriptor '/home/jj/wearable-biosensors-ros2/install/cdcl_umd_msgs/share/cdcl_umd_msgs/hook/cmake_prefix_path.dsv'
[10.916s] INFO:colcon.colcon_core.shell:Creating environment hook '/home/jj/wearable-biosensors-ros2/install/cdcl_umd_msgs/share/cdcl_umd_msgs/hook/cmake_prefix_path.sh'
[10.926s] Level 1:colcon.colcon_core.environment:checking '/home/jj/wearable-biosensors-ros2/install/cdcl_umd_msgs/lib'
[10.927s] Level 1:colcon.colcon_core.shell:create_environment_hook('cdcl_umd_msgs', 'ld_library_path_lib')
[10.928s] INFO:colcon.colcon_core.shell:Creating environment hook '/home/jj/wearable-biosensors-ros2/install/cdcl_umd_msgs/share/cdcl_umd_msgs/hook/ld_library_path_lib.ps1'
[10.936s] INFO:colcon.colcon_core.shell:Creating environment descriptor '/home/jj/wearable-biosensors-ros2/install/cdcl_umd_msgs/share/cdcl_umd_msgs/hook/ld_library_path_lib.dsv'
[10.945s] INFO:colcon.colcon_core.shell:Creating environment hook '/home/jj/wearable-biosensors-ros2/install/cdcl_umd_msgs/share/cdcl_umd_msgs/hook/ld_library_path_lib.sh'
[10.954s] Level 1:colcon.colcon_core.environment:checking '/home/jj/wearable-biosensors-ros2/install/cdcl_umd_msgs/bin'
[10.955s] Level 1:colcon.colcon_core.environment:checking '/home/jj/wearable-biosensors-ros2/install/cdcl_umd_msgs/lib/pkgconfig/cdcl_umd_msgs.pc'
[10.965s] Level 1:colcon.colcon_core.environment:checking '/home/jj/wearable-biosensors-ros2/install/cdcl_umd_msgs/lib/python3.10/site-packages'
[10.966s] Level 1:colcon.colcon_core.shell:create_environment_hook('cdcl_umd_msgs', 'pythonpath')
[10.967s] INFO:colcon.colcon_core.shell:Creating environment hook '/home/jj/wearable-biosensors-ros2/install/cdcl_umd_msgs/share/cdcl_umd_msgs/hook/pythonpath.ps1'
[10.972s] INFO:colcon.colcon_core.shell:Creating environment descriptor '/home/jj/wearable-biosensors-ros2/install/cdcl_umd_msgs/share/cdcl_umd_msgs/hook/pythonpath.dsv'
[10.987s] INFO:colcon.colcon_core.shell:Creating environment hook '/home/jj/wearable-biosensors-ros2/install/cdcl_umd_msgs/share/cdcl_umd_msgs/hook/pythonpath.sh'
[10.992s] Level 1:colcon.colcon_core.environment:checking '/home/jj/wearable-biosensors-ros2/install/cdcl_umd_msgs/bin'
[10.994s] INFO:colcon.colcon_core.shell:Creating package script '/home/jj/wearable-biosensors-ros2/install/cdcl_umd_msgs/share/cdcl_umd_msgs/package.ps1'
[11.006s] INFO:colcon.colcon_core.shell:Creating package descriptor '/home/jj/wearable-biosensors-ros2/install/cdcl_umd_msgs/share/cdcl_umd_msgs/package.dsv'
[11.033s] INFO:colcon.colcon_core.shell:Creating package script '/home/jj/wearable-biosensors-ros2/install/cdcl_umd_msgs/share/cdcl_umd_msgs/package.sh'
[11.043s] INFO:colcon.colcon_core.shell:Creating package script '/home/jj/wearable-biosensors-ros2/install/cdcl_umd_msgs/share/cdcl_umd_msgs/package.bash'
[11.051s] INFO:colcon.colcon_core.shell:Creating package script '/home/jj/wearable-biosensors-ros2/install/cdcl_umd_msgs/share/cdcl_umd_msgs/package.zsh'
[11.057s] Level 1:colcon.colcon_core.environment:create_file_with_runtime_dependencies(/home/jj/wearable-biosensors-ros2/install/cdcl_umd_msgs/share/colcon-core/packages/cdcl_umd_msgs)
[11.072s] INFO:colcon.colcon_ros.task.ament_python.build:Building ROS package in '/home/jj/wearable-biosensors-ros2/src/polar_h10' with build type 'ament_python'
[11.073s] Level 1:colcon.colcon_core.shell:create_environment_hook('polar_h10', 'ament_prefix_path')
[11.075s] INFO:colcon.colcon_core.shell:Creating environment hook '/home/jj/wearable-biosensors-ros2/install/polar_h10/share/polar_h10/hook/ament_prefix_path.ps1'
[11.079s] INFO:colcon.colcon_core.shell:Creating environment descriptor '/home/jj/wearable-biosensors-ros2/install/polar_h10/share/polar_h10/hook/ament_prefix_path.dsv'
[11.083s] INFO:colcon.colcon_core.shell:Creating environment hook '/home/jj/wearable-biosensors-ros2/install/polar_h10/share/polar_h10/hook/ament_prefix_path.sh'
[11.088s] INFO:colcon.colcon_core.shell:Skip shell extension 'powershell' for command environment: Not usable outside of PowerShell
[11.091s] DEBUG:colcon.colcon_core.shell:Skip shell extension 'dsv' for command environment
[14.093s] INFO:colcon.colcon_core.task.python.build:Building Python package in '/home/jj/wearable-biosensors-ros2/src/polar_h10'
[14.094s] INFO:colcon.colcon_core.shell:Skip shell extension 'powershell' for command environment: Not usable outside of PowerShell
[14.095s] DEBUG:colcon.colcon_core.shell:Skip shell extension 'dsv' for command environment
[14.152s] DEBUG:colcon.colcon_core.event_handler.log_command:Invoking command in '/home/jj/wearable-biosensors-ros2/build/emotiv_insight': PYTHONPATH=/home/jj/wearable-biosensors-ros2/build/emotiv_insight/prefix_override:/home/jj/wearable-biosensors-ros2/install/emotiv_insight/lib/python3.10/site-packages:${PYTHONPATH} /usr/bin/python3 -W ignore:setup.py install is deprecated setup.py develop --editable --build-directory /home/jj/wearable-biosensors-ros2/build/emotiv_insight/build --no-deps symlink_data
[14.159s] DEBUG:colcon.colcon_core.event_handler.log_command:Invoking command in '/home/jj/wearable-biosensors-ros2/build/shimmer3_gsr_unit': PYTHONPATH=/home/jj/wearable-biosensors-ros2/build/shimmer3_gsr_unit/prefix_override:/home/jj/wearable-biosensors-ros2/install/shimmer3_gsr_unit/lib/python3.10/site-packages:${PYTHONPATH} /usr/bin/python3 -W ignore:setup.py install is deprecated setup.py develop --editable --build-directory /home/jj/wearable-biosensors-ros2/build/shimmer3_gsr_unit/build --no-deps symlink_data
[14.199s] DEBUG:colcon.colcon_core.event_handler.log_command:Invoking command in '/home/jj/wearable-biosensors-ros2/build/empatica_e4': PYTHONPATH=/home/jj/wearable-biosensors-ros2/build/empatica_e4/prefix_override:/home/jj/wearable-biosensors-ros2/install/empatica_e4/lib/python3.10/site-packages:${PYTHONPATH} /usr/bin/python3 -W ignore:setup.py install is deprecated setup.py develop --editable --build-directory /home/jj/wearable-biosensors-ros2/build/empatica_e4/build --no-deps symlink_data
[18.573s] DEBUG:colcon.colcon_core.event_handler.log_command:Invoking command in '/home/jj/wearable-biosensors-ros2/build/polar_h10': AMENT_PREFIX_PATH=/home/jj/wearable-biosensors-ros2/install/cdcl_umd_msgs:${AMENT_PREFIX_PATH} CMAKE_PREFIX_PATH=/home/jj/wearable-biosensors-ros2/install/cdcl_umd_msgs LD_LIBRARY_PATH=/home/jj/wearable-biosensors-ros2/install/cdcl_umd_msgs/lib:${LD_LIBRARY_PATH} PYTHONPATH=/home/jj/wearable-biosensors-ros2/build/polar_h10/prefix_override:/home/jj/wearable-biosensors-ros2/install/polar_h10/lib/python3.10/site-packages:/home/jj/wearable-biosensors-ros2/install/cdcl_umd_msgs/local/lib/python3.10/dist-packages:/home/jj/wearable-biosensors-ros2/install/cdcl_umd_msgs/lib/python3.10/site-packages:${PYTHONPATH} /usr/bin/python3 -W ignore:setup.py install is deprecated setup.py develop --editable --build-directory /home/jj/wearable-biosensors-ros2/build/polar_h10/build --no-deps symlink_data
[20.604s] Level 1:colcon.colcon_core.shell:create_environment_hook('emotiv_insight', 'pythonpath_develop')
[20.606s] DEBUG:colcon.colcon_core.event_handler.log_command:Invoked command in '/home/jj/wearable-biosensors-ros2/build/emotiv_insight' returned '0': PYTHONPATH=/home/jj/wearable-biosensors-ros2/build/emotiv_insight/prefix_override:/home/jj/wearable-biosensors-ros2/install/emotiv_insight/lib/python3.10/site-packages:${PYTHONPATH} /usr/bin/python3 -W ignore:setup.py install is deprecated setup.py develop --editable --build-directory /home/jj/wearable-biosensors-ros2/build/emotiv_insight/build --no-deps symlink_data
[20.608s] INFO:colcon.colcon_core.shell:Creating environment hook '/home/jj/wearable-biosensors-ros2/build/emotiv_insight/share/emotiv_insight/hook/pythonpath_develop.ps1'
[20.633s] INFO:colcon.colcon_core.shell:Creating environment descriptor '/home/jj/wearable-biosensors-ros2/build/emotiv_insight/share/emotiv_insight/hook/pythonpath_develop.dsv'
[20.646s] INFO:colcon.colcon_core.shell:Creating environment hook '/home/jj/wearable-biosensors-ros2/build/emotiv_insight/share/emotiv_insight/hook/pythonpath_develop.sh'
[20.658s] Level 1:colcon.colcon_core.environment:checking '/home/jj/wearable-biosensors-ros2/install/emotiv_insight' for CMake module files
[20.664s] Level 1:colcon.colcon_core.environment:checking '/home/jj/wearable-biosensors-ros2/install/emotiv_insight' for CMake config files
[20.673s] Level 1:colcon.colcon_core.environment:checking '/home/jj/wearable-biosensors-ros2/install/emotiv_insight/lib'
[20.675s] Level 1:colcon.colcon_core.environment:checking '/home/jj/wearable-biosensors-ros2/install/emotiv_insight/bin'
[20.676s] Level 1:colcon.colcon_core.environment:checking '/home/jj/wearable-biosensors-ros2/install/emotiv_insight/lib/pkgconfig/emotiv_insight.pc'
[20.680s] Level 1:colcon.colcon_core.environment:checking '/home/jj/wearable-biosensors-ros2/install/emotiv_insight/lib/python3.10/site-packages'
[20.682s] Level 1:colcon.colcon_core.shell:create_environment_hook('emotiv_insight', 'pythonpath')
[20.684s] INFO:colcon.colcon_core.shell:Creating environment hook '/home/jj/wearable-biosensors-ros2/install/emotiv_insight/share/emotiv_insight/hook/pythonpath.ps1'
[20.687s] INFO:colcon.colcon_core.shell:Creating environment descriptor '/home/jj/wearable-biosensors-ros2/install/emotiv_insight/share/emotiv_insight/hook/pythonpath.dsv'
[20.690s] INFO:colcon.colcon_core.shell:Creating environment hook '/home/jj/wearable-biosensors-ros2/install/emotiv_insight/share/emotiv_insight/hook/pythonpath.sh'
[20.694s] Level 1:colcon.colcon_core.environment:checking '/home/jj/wearable-biosensors-ros2/install/emotiv_insight/bin'
[20.696s] Level 1:colcon.colcon_core.environment:create_environment_scripts_only(emotiv_insight)
[20.699s] INFO:colcon.colcon_core.shell:Creating package script '/home/jj/wearable-biosensors-ros2/install/emotiv_insight/share/emotiv_insight/package.ps1'
[20.706s] INFO:colcon.colcon_core.shell:Creating package descriptor '/home/jj/wearable-biosensors-ros2/install/emotiv_insight/share/emotiv_insight/package.dsv'
[20.709s] INFO:colcon.colcon_core.shell:Creating package script '/home/jj/wearable-biosensors-ros2/install/emotiv_insight/share/emotiv_insight/package.sh'
[20.714s] INFO:colcon.colcon_core.shell:Creating package script '/home/jj/wearable-biosensors-ros2/install/emotiv_insight/share/emotiv_insight/package.bash'
[20.721s] INFO:colcon.colcon_core.shell:Creating package script '/home/jj/wearable-biosensors-ros2/install/emotiv_insight/share/emotiv_insight/package.zsh'
[20.728s] Level 1:colcon.colcon_core.environment:create_file_with_runtime_dependencies(/home/jj/wearable-biosensors-ros2/install/emotiv_insight/share/colcon-core/packages/emotiv_insight)
[20.738s] INFO:colcon.colcon_ros.task.ament_python.build:Building ROS package in '/home/jj/wearable-biosensors-ros2/src/vernier_respiration_belt' with build type 'ament_python'
[20.742s] Level 1:colcon.colcon_core.shell:create_environment_hook('vernier_respiration_belt', 'ament_prefix_path')
[20.744s] INFO:colcon.colcon_core.shell:Creating environment hook '/home/jj/wearable-biosensors-ros2/install/vernier_respiration_belt/share/vernier_respiration_belt/hook/ament_prefix_path.ps1'
[20.750s] INFO:colcon.colcon_core.shell:Creating environment descriptor '/home/jj/wearable-biosensors-ros2/install/vernier_respiration_belt/share/vernier_respiration_belt/hook/ament_prefix_path.dsv'
[20.755s] INFO:colcon.colcon_core.shell:Creating environment hook '/home/jj/wearable-biosensors-ros2/install/vernier_respiration_belt/share/vernier_respiration_belt/hook/ament_prefix_path.sh'
[20.760s] INFO:colcon.colcon_core.shell:Skip shell extension 'powershell' for command environment: Not usable outside of PowerShell
[20.760s] DEBUG:colcon.colcon_core.shell:Skip shell extension 'dsv' for command environment
[25.183s] INFO:colcon.colcon_core.task.python.build:Building Python package in '/home/jj/wearable-biosensors-ros2/src/vernier_respiration_belt'
[25.187s] INFO:colcon.colcon_core.shell:Skip shell extension 'powershell' for command environment: Not usable outside of PowerShell
[25.188s] DEBUG:colcon.colcon_core.shell:Skip shell extension 'dsv' for command environment
[25.236s] Level 1:colcon.colcon_core.shell:create_environment_hook('empatica_e4', 'pythonpath_develop')
[25.241s] DEBUG:colcon.colcon_core.event_handler.log_command:Invoked command in '/home/jj/wearable-biosensors-ros2/build/empatica_e4' returned '0': PYTHONPATH=/home/jj/wearable-biosensors-ros2/build/empatica_e4/prefix_override:/home/jj/wearable-biosensors-ros2/install/empatica_e4/lib/python3.10/site-packages:${PYTHONPATH} /usr/bin/python3 -W ignore:setup.py install is deprecated setup.py develop --editable --build-directory /home/jj/wearable-biosensors-ros2/build/empatica_e4/build --no-deps symlink_data
[25.244s] INFO:colcon.colcon_core.shell:Creating environment hook '/home/jj/wearable-biosensors-ros2/build/empatica_e4/share/empatica_e4/hook/pythonpath_develop.ps1'
[25.254s] INFO:colcon.colcon_core.shell:Creating environment descriptor '/home/jj/wearable-biosensors-ros2/build/empatica_e4/share/empatica_e4/hook/pythonpath_develop.dsv'
[25.263s] INFO:colcon.colcon_core.shell:Creating environment hook '/home/jj/wearable-biosensors-ros2/build/empatica_e4/share/empatica_e4/hook/pythonpath_develop.sh'
[25.272s] Level 1:colcon.colcon_core.environment:checking '/home/jj/wearable-biosensors-ros2/install/empatica_e4' for CMake module files
[25.278s] Level 1:colcon.colcon_core.environment:checking '/home/jj/wearable-biosensors-ros2/install/empatica_e4' for CMake config files
[25.286s] Level 1:colcon.colcon_core.environment:checking '/home/jj/wearable-biosensors-ros2/install/empatica_e4/lib'
[25.287s] Level 1:colcon.colcon_core.environment:checking '/home/jj/wearable-biosensors-ros2/install/empatica_e4/bin'
[25.288s] Level 1:colcon.colcon_core.environment:checking '/home/jj/wearable-biosensors-ros2/install/empatica_e4/lib/pkgconfig/empatica_e4.pc'
[25.290s] Level 1:colcon.colcon_core.environment:checking '/home/jj/wearable-biosensors-ros2/install/empatica_e4/lib/python3.10/site-packages'
[25.291s] Level 1:colcon.colcon_core.shell:create_environment_hook('empatica_e4', 'pythonpath')
[25.293s] INFO:colcon.colcon_core.shell:Creating environment hook '/home/jj/wearable-biosensors-ros2/install/empatica_e4/share/empatica_e4/hook/pythonpath.ps1'
[25.300s] INFO:colcon.colcon_core.shell:Creating environment descriptor '/home/jj/wearable-biosensors-ros2/install/empatica_e4/share/empatica_e4/hook/pythonpath.dsv'
[25.306s] INFO:colcon.colcon_core.shell:Creating environment hook '/home/jj/wearable-biosensors-ros2/install/empatica_e4/share/empatica_e4/hook/pythonpath.sh'
[25.314s] Level 1:colcon.colcon_core.environment:checking '/home/jj/wearable-biosensors-ros2/install/empatica_e4/bin'
[25.315s] Level 1:colcon.colcon_core.environment:create_environment_scripts_only(empatica_e4)
[25.319s] INFO:colcon.colcon_core.shell:Creating package script '/home/jj/wearable-biosensors-ros2/install/empatica_e4/share/empatica_e4/package.ps1'
[25.327s] INFO:colcon.colcon_core.shell:Creating package descriptor '/home/jj/wearable-biosensors-ros2/install/empatica_e4/share/empatica_e4/package.dsv'
[25.333s] INFO:colcon.colcon_core.shell:Creating package script '/home/jj/wearable-biosensors-ros2/install/empatica_e4/share/empatica_e4/package.sh'
[25.337s] INFO:colcon.colcon_core.shell:Creating package script '/home/jj/wearable-biosensors-ros2/install/empatica_e4/share/empatica_e4/package.bash'
[25.342s] INFO:colcon.colcon_core.shell:Creating package script '/home/jj/wearable-biosensors-ros2/install/empatica_e4/share/empatica_e4/package.zsh'
[25.345s] Level 1:colcon.colcon_core.environment:create_file_with_runtime_dependencies(/home/jj/wearable-biosensors-ros2/install/empatica_e4/share/colcon-core/packages/empatica_e4)
[25.347s] Level 1:colcon.colcon_core.shell:create_environment_hook('shimmer3_gsr_unit', 'pythonpath_develop')
[25.358s] DEBUG:colcon.colcon_core.event_handler.log_command:Invoked command in '/home/jj/wearable-biosensors-ros2/build/shimmer3_gsr_unit' returned '0': PYTHONPATH=/home/jj/wearable-biosensors-ros2/build/shimmer3_gsr_unit/prefix_override:/home/jj/wearable-biosensors-ros2/install/shimmer3_gsr_unit/lib/python3.10/site-packages:${PYTHONPATH} /usr/bin/python3 -W ignore:setup.py install is deprecated setup.py develop --editable --build-directory /home/jj/wearable-biosensors-ros2/build/shimmer3_gsr_unit/build --no-deps symlink_data
[25.364s] INFO:colcon.colcon_core.shell:Creating environment hook '/home/jj/wearable-biosensors-ros2/build/shimmer3_gsr_unit/share/shimmer3_gsr_unit/hook/pythonpath_develop.ps1'
[25.370s] INFO:colcon.colcon_core.shell:Creating environment descriptor '/home/jj/wearable-biosensors-ros2/build/shimmer3_gsr_unit/share/shimmer3_gsr_unit/hook/pythonpath_develop.dsv'
[25.376s] INFO:colcon.colcon_core.shell:Creating environment hook '/home/jj/wearable-biosensors-ros2/build/shimmer3_gsr_unit/share/shimmer3_gsr_unit/hook/pythonpath_develop.sh'
[25.385s] Level 1:colcon.colcon_core.environment:checking '/home/jj/wearable-biosensors-ros2/install/shimmer3_gsr_unit' for CMake module files
[25.390s] Level 1:colcon.colcon_core.environment:checking '/home/jj/wearable-biosensors-ros2/install/shimmer3_gsr_unit' for CMake config files
[25.397s] Level 1:colcon.colcon_core.environment:checking '/home/jj/wearable-biosensors-ros2/install/shimmer3_gsr_unit/lib'
[25.399s] Level 1:colcon.colcon_core.environment:checking '/home/jj/wearable-biosensors-ros2/install/shimmer3_gsr_unit/bin'
[25.400s] Level 1:colcon.colcon_core.environment:checking '/home/jj/wearable-biosensors-ros2/install/shimmer3_gsr_unit/lib/pkgconfig/shimmer3_gsr_unit.pc'
[25.402s] Level 1:colcon.colcon_core.environment:checking '/home/jj/wearable-biosensors-ros2/install/shimmer3_gsr_unit/lib/python3.10/site-packages'
[25.403s] Level 1:colcon.colcon_core.shell:create_environment_hook('shimmer3_gsr_unit', 'pythonpath')
[25.404s] INFO:colcon.colcon_core.shell:Creating environment hook '/home/jj/wearable-biosensors-ros2/install/shimmer3_gsr_unit/share/shimmer3_gsr_unit/hook/pythonpath.ps1'
[25.408s] INFO:colcon.colcon_core.shell:Creating environment descriptor '/home/jj/wearable-biosensors-ros2/install/shimmer3_gsr_unit/share/shimmer3_gsr_unit/hook/pythonpath.dsv'
[25.412s] INFO:colcon.colcon_core.shell:Creating environment hook '/home/jj/wearable-biosensors-ros2/install/shimmer3_gsr_unit/share/shimmer3_gsr_unit/hook/pythonpath.sh'
[25.416s] Level 1:colcon.colcon_core.environment:checking '/home/jj/wearable-biosensors-ros2/install/shimmer3_gsr_unit/bin'
[25.417s] Level 1:colcon.colcon_core.environment:create_environment_scripts_only(shimmer3_gsr_unit)
[25.419s] INFO:colcon.colcon_core.shell:Creating package script '/home/jj/wearable-biosensors-ros2/install/shimmer3_gsr_unit/share/shimmer3_gsr_unit/package.ps1'
[25.425s] INFO:colcon.colcon_core.shell:Creating package descriptor '/home/jj/wearable-biosensors-ros2/install/shimmer3_gsr_unit/share/shimmer3_gsr_unit/package.dsv'
[25.433s] INFO:colcon.colcon_core.shell:Creating package script '/home/jj/wearable-biosensors-ros2/install/shimmer3_gsr_unit/share/shimmer3_gsr_unit/package.sh'
[25.440s] INFO:colcon.colcon_core.shell:Creating package script '/home/jj/wearable-biosensors-ros2/install/shimmer3_gsr_unit/share/shimmer3_gsr_unit/package.bash'
[25.445s] INFO:colcon.colcon_core.shell:Creating package script '/home/jj/wearable-biosensors-ros2/install/shimmer3_gsr_unit/share/shimmer3_gsr_unit/package.zsh'
[25.451s] Level 1:colcon.colcon_core.environment:create_file_with_runtime_dependencies(/home/jj/wearable-biosensors-ros2/install/shimmer3_gsr_unit/share/colcon-core/packages/shimmer3_gsr_unit)
[26.509s] Level 1:colcon.colcon_core.shell:create_environment_hook('polar_h10', 'pythonpath_develop')
[26.512s] DEBUG:colcon.colcon_core.event_handler.log_command:Invoked command in '/home/jj/wearable-biosensors-ros2/build/polar_h10' returned '0': AMENT_PREFIX_PATH=/home/jj/wearable-biosensors-ros2/install/cdcl_umd_msgs:${AMENT_PREFIX_PATH} CMAKE_PREFIX_PATH=/home/jj/wearable-biosensors-ros2/install/cdcl_umd_msgs LD_LIBRARY_PATH=/home/jj/wearable-biosensors-ros2/install/cdcl_umd_msgs/lib:${LD_LIBRARY_PATH} PYTHONPATH=/home/jj/wearable-biosensors-ros2/build/polar_h10/prefix_override:/home/jj/wearable-biosensors-ros2/install/polar_h10/lib/python3.10/site-packages:/home/jj/wearable-biosensors-ros2/install/cdcl_umd_msgs/local/lib/python3.10/dist-packages:/home/jj/wearable-biosensors-ros2/install/cdcl_umd_msgs/lib/python3.10/site-packages:${PYTHONPATH} /usr/bin/python3 -W ignore:setup.py install is deprecated setup.py develop --editable --build-directory /home/jj/wearable-biosensors-ros2/build/polar_h10/build --no-deps symlink_data
[26.514s] INFO:colcon.colcon_core.shell:Creating environment hook '/home/jj/wearable-biosensors-ros2/build/polar_h10/share/polar_h10/hook/pythonpath_develop.ps1'
[26.531s] INFO:colcon.colcon_core.shell:Creating environment descriptor '/home/jj/wearable-biosensors-ros2/build/polar_h10/share/polar_h10/hook/pythonpath_develop.dsv'
[26.539s] INFO:colcon.colcon_core.shell:Creating environment hook '/home/jj/wearable-biosensors-ros2/build/polar_h10/share/polar_h10/hook/pythonpath_develop.sh'
[26.548s] Level 1:colcon.colcon_core.environment:checking '/home/jj/wearable-biosensors-ros2/install/polar_h10' for CMake module files
[26.559s] Level 1:colcon.colcon_core.environment:checking '/home/jj/wearable-biosensors-ros2/install/polar_h10' for CMake config files
[26.577s] Level 1:colcon.colcon_core.environment:checking '/home/jj/wearable-biosensors-ros2/install/polar_h10/lib'
[26.579s] Level 1:colcon.colcon_core.environment:checking '/home/jj/wearable-biosensors-ros2/install/polar_h10/bin'
[26.579s] Level 1:colcon.colcon_core.environment:checking '/home/jj/wearable-biosensors-ros2/install/polar_h10/lib/pkgconfig/polar_h10.pc'
[26.581s] Level 1:colcon.colcon_core.environment:checking '/home/jj/wearable-biosensors-ros2/install/polar_h10/lib/python3.10/site-packages'
[26.582s] Level 1:colcon.colcon_core.shell:create_environment_hook('polar_h10', 'pythonpath')
[26.584s] INFO:colcon.colcon_core.shell:Creating environment hook '/home/jj/wearable-biosensors-ros2/install/polar_h10/share/polar_h10/hook/pythonpath.ps1'
[26.587s] INFO:colcon.colcon_core.shell:Creating environment descriptor '/home/jj/wearable-biosensors-ros2/install/polar_h10/share/polar_h10/hook/pythonpath.dsv'
[26.596s] INFO:colcon.colcon_core.shell:Creating environment hook '/home/jj/wearable-biosensors-ros2/install/polar_h10/share/polar_h10/hook/pythonpath.sh'
[26.604s] Level 1:colcon.colcon_core.environment:checking '/home/jj/wearable-biosensors-ros2/install/polar_h10/bin'
[26.607s] Level 1:colcon.colcon_core.environment:create_environment_scripts_only(polar_h10)
[26.613s] INFO:colcon.colcon_core.shell:Creating package script '/home/jj/wearable-biosensors-ros2/install/polar_h10/share/polar_h10/package.ps1'
[26.652s] INFO:colcon.colcon_core.shell:Creating package descriptor '/home/jj/wearable-biosensors-ros2/install/polar_h10/share/polar_h10/package.dsv'
[26.662s] INFO:colcon.colcon_core.shell:Creating package script '/home/jj/wearable-biosensors-ros2/install/polar_h10/share/polar_h10/package.sh'
[26.671s] INFO:colcon.colcon_core.shell:Creating package script '/home/jj/wearable-biosensors-ros2/install/polar_h10/share/polar_h10/package.bash'
[26.681s] INFO:colcon.colcon_core.shell:Creating package script '/home/jj/wearable-biosensors-ros2/install/polar_h10/share/polar_h10/package.zsh'
[26.686s] Level 1:colcon.colcon_core.environment:create_file_with_runtime_dependencies(/home/jj/wearable-biosensors-ros2/install/polar_h10/share/colcon-core/packages/polar_h10)
[29.657s] DEBUG:colcon.colcon_core.event_handler.log_command:Invoking command in '/home/jj/wearable-biosensors-ros2/build/vernier_respiration_belt': AMENT_PREFIX_PATH=/home/jj/wearable-biosensors-ros2/install/cdcl_umd_msgs:${AMENT_PREFIX_PATH} CMAKE_PREFIX_PATH=/home/jj/wearable-biosensors-ros2/install/cdcl_umd_msgs LD_LIBRARY_PATH=/home/jj/wearable-biosensors-ros2/install/cdcl_umd_msgs/lib:${LD_LIBRARY_PATH} PYTHONPATH=/home/jj/wearable-biosensors-ros2/build/vernier_respiration_belt/prefix_override:/home/jj/wearable-biosensors-ros2/install/vernier_respiration_belt/lib/python3.10/site-packages:/home/jj/wearable-biosensors-ros2/install/cdcl_umd_msgs/local/lib/python3.10/dist-packages:/home/jj/wearable-biosensors-ros2/install/cdcl_umd_msgs/lib/python3.10/site-packages:${PYTHONPATH} /usr/bin/python3 -W ignore:setup.py install is deprecated setup.py develop --editable --build-directory /home/jj/wearable-biosensors-ros2/build/vernier_respiration_belt/build --no-deps symlink_data
[33.388s] Level 1:colcon.colcon_core.shell:create_environment_hook('vernier_respiration_belt', 'pythonpath_develop')
[33.389s] INFO:colcon.colcon_core.shell:Creating environment hook '/home/jj/wearable-biosensors-ros2/build/vernier_respiration_belt/share/vernier_respiration_belt/hook/pythonpath_develop.ps1'
[33.394s] DEBUG:colcon.colcon_core.event_handler.log_command:Invoked command in '/home/jj/wearable-biosensors-ros2/build/vernier_respiration_belt' returned '0': AMENT_PREFIX_PATH=/home/jj/wearable-biosensors-ros2/install/cdcl_umd_msgs:${AMENT_PREFIX_PATH} CMAKE_PREFIX_PATH=/home/jj/wearable-biosensors-ros2/install/cdcl_umd_msgs LD_LIBRARY_PATH=/home/jj/wearable-biosensors-ros2/install/cdcl_umd_msgs/lib:${LD_LIBRARY_PATH} PYTHONPATH=/home/jj/wearable-biosensors-ros2/build/vernier_respiration_belt/prefix_override:/home/jj/wearable-biosensors-ros2/install/vernier_respiration_belt/lib/python3.10/site-packages:/home/jj/wearable-biosensors-ros2/install/cdcl_umd_msgs/local/lib/python3.10/dist-packages:/home/jj/wearable-biosensors-ros2/install/cdcl_umd_msgs/lib/python3.10/site-packages:${PYTHONPATH} /usr/bin/python3 -W ignore:setup.py install is deprecated setup.py develop --editable --build-directory /home/jj/wearable-biosensors-ros2/build/vernier_respiration_belt/build --no-deps symlink_data
[33.396s] INFO:colcon.colcon_core.shell:Creating environment descriptor '/home/jj/wearable-biosensors-ros2/build/vernier_respiration_belt/share/vernier_respiration_belt/hook/pythonpath_develop.dsv'
[33.419s] INFO:colcon.colcon_core.shell:Creating environment hook '/home/jj/wearable-biosensors-ros2/build/vernier_respiration_belt/share/vernier_respiration_belt/hook/pythonpath_develop.sh'
[33.425s] Level 1:colcon.colcon_core.environment:checking '/home/jj/wearable-biosensors-ros2/install/vernier_respiration_belt' for CMake module files
[33.430s] Level 1:colcon.colcon_core.environment:checking '/home/jj/wearable-biosensors-ros2/install/vernier_respiration_belt' for CMake config files
[33.434s] Level 1:colcon.colcon_core.environment:checking '/home/jj/wearable-biosensors-ros2/install/vernier_respiration_belt/lib'
[33.435s] Level 1:colcon.colcon_core.environment:checking '/home/jj/wearable-biosensors-ros2/install/vernier_respiration_belt/bin'
[33.435s] Level 1:colcon.colcon_core.environment:checking '/home/jj/wearable-biosensors-ros2/install/vernier_respiration_belt/lib/pkgconfig/vernier_respiration_belt.pc'
[33.436s] Level 1:colcon.colcon_core.environment:checking '/home/jj/wearable-biosensors-ros2/install/vernier_respiration_belt/lib/python3.10/site-packages'
[33.437s] Level 1:colcon.colcon_core.shell:create_environment_hook('vernier_respiration_belt', 'pythonpath')
[33.438s] INFO:colcon.colcon_core.shell:Creating environment hook '/home/jj/wearable-biosensors-ros2/install/vernier_respiration_belt/share/vernier_respiration_belt/hook/pythonpath.ps1'
[33.440s] INFO:colcon.colcon_core.shell:Creating environment descriptor '/home/jj/wearable-biosensors-ros2/install/vernier_respiration_belt/share/vernier_respiration_belt/hook/pythonpath.dsv'
[33.442s] INFO:colcon.colcon_core.shell:Creating environment hook '/home/jj/wearable-biosensors-ros2/install/vernier_respiration_belt/share/vernier_respiration_belt/hook/pythonpath.sh'
[33.446s] Level 1:colcon.colcon_core.environment:checking '/home/jj/wearable-biosensors-ros2/install/vernier_respiration_belt/bin'
[33.446s] Level 1:colcon.colcon_core.environment:create_environment_scripts_only(vernier_respiration_belt)
[33.449s] INFO:colcon.colcon_core.shell:Creating package script '/home/jj/wearable-biosensors-ros2/install/vernier_respiration_belt/share/vernier_respiration_belt/package.ps1'
[33.451s] INFO:colcon.colcon_core.shell:Creating package descriptor '/home/jj/wearable-biosensors-ros2/install/vernier_respiration_belt/share/vernier_respiration_belt/package.dsv'
[33.454s] INFO:colcon.colcon_core.shell:Creating package script '/home/jj/wearable-biosensors-ros2/install/vernier_respiration_belt/share/vernier_respiration_belt/package.sh'
[33.457s] INFO:colcon.colcon_core.shell:Creating package script '/home/jj/wearable-biosensors-ros2/install/vernier_respiration_belt/share/vernier_respiration_belt/package.bash'
[33.459s] INFO:colcon.colcon_core.shell:Creating package script '/home/jj/wearable-biosensors-ros2/install/vernier_respiration_belt/share/vernier_respiration_belt/package.zsh'
[33.461s] Level 1:colcon.colcon_core.environment:create_file_with_runtime_dependencies(/home/jj/wearable-biosensors-ros2/install/vernier_respiration_belt/share/colcon-core/packages/vernier_respiration_belt)
[33.463s] INFO:colcon.colcon_ros.task.ament_cmake.build:Building ROS package in '/home/jj/wearable-biosensors-ros2/src/manager' with build type 'ament_cmake'
[33.464s] INFO:colcon.colcon_cmake.task.cmake.build:Building CMake package in '/home/jj/wearable-biosensors-ros2/src/manager'
[33.465s] INFO:colcon.colcon_core.shell:Skip shell extension 'powershell' for command environment: Not usable outside of PowerShell
[33.465s] DEBUG:colcon.colcon_core.shell:Skip shell extension 'dsv' for command environment
[33.549s] DEBUG:colcon.colcon_core.event_handler.log_command:Invoking command in '/home/jj/wearable-biosensors-ros2/build/manager': AMENT_PREFIX_PATH=/home/jj/wearable-biosensors-ros2/install/vernier_respiration_belt:/home/jj/wearable-biosensors-ros2/install/polar_h10:/home/jj/wearable-biosensors-ros2/install/cdcl_umd_msgs:${AMENT_PREFIX_PATH} CMAKE_PREFIX_PATH=/home/jj/wearable-biosensors-ros2/install/cdcl_umd_msgs:/opt/ros/humble LD_LIBRARY_PATH=/home/jj/wearable-biosensors-ros2/install/cdcl_umd_msgs/lib:${LD_LIBRARY_PATH} PYTHONPATH=/home/jj/wearable-biosensors-ros2/build/vernier_respiration_belt:/home/jj/wearable-biosensors-ros2/install/vernier_respiration_belt/lib/python3.10/site-packages:/home/jj/wearable-biosensors-ros2/build/polar_h10:/home/jj/wearable-biosensors-ros2/install/polar_h10/lib/python3.10/site-packages:/home/jj/wearable-biosensors-ros2/install/cdcl_umd_msgs/local/lib/python3.10/dist-packages:/home/jj/wearable-biosensors-ros2/install/cdcl_umd_msgs/lib/python3.10/site-packages:${PYTHONPATH} /usr/bin/cmake --build /home/jj/wearable-biosensors-ros2/build/manager -- -j4 -l4
[33.750s] DEBUG:colcon.colcon_core.event_handler.log_command:Invoked command in '/home/jj/wearable-biosensors-ros2/build/manager' returned '0': AMENT_PREFIX_PATH=/home/jj/wearable-biosensors-ros2/install/vernier_respiration_belt:/home/jj/wearable-biosensors-ros2/install/polar_h10:/home/jj/wearable-biosensors-ros2/install/cdcl_umd_msgs:${AMENT_PREFIX_PATH} CMAKE_PREFIX_PATH=/home/jj/wearable-biosensors-ros2/install/cdcl_umd_msgs:/opt/ros/humble LD_LIBRARY_PATH=/home/jj/wearable-biosensors-ros2/install/cdcl_umd_msgs/lib:${LD_LIBRARY_PATH} PYTHONPATH=/home/jj/wearable-biosensors-ros2/build/vernier_respiration_belt:/home/jj/wearable-biosensors-ros2/install/vernier_respiration_belt/lib/python3.10/site-packages:/home/jj/wearable-biosensors-ros2/build/polar_h10:/home/jj/wearable-biosensors-ros2/install/polar_h10/lib/python3.10/site-packages:/home/jj/wearable-biosensors-ros2/install/cdcl_umd_msgs/local/lib/python3.10/dist-packages:/home/jj/wearable-biosensors-ros2/install/cdcl_umd_msgs/lib/python3.10/site-packages:${PYTHONPATH} /usr/bin/cmake --build /home/jj/wearable-biosensors-ros2/build/manager -- -j4 -l4
[33.888s] DEBUG:colcon.colcon_core.event_handler.log_command:Invoking command in '/home/jj/wearable-biosensors-ros2/build/manager': AMENT_PREFIX_PATH=/home/jj/wearable-biosensors-ros2/install/vernier_respiration_belt:/home/jj/wearable-biosensors-ros2/install/polar_h10:/home/jj/wearable-biosensors-ros2/install/cdcl_umd_msgs:${AMENT_PREFIX_PATH} CMAKE_PREFIX_PATH=/home/jj/wearable-biosensors-ros2/install/cdcl_umd_msgs:/opt/ros/humble LD_LIBRARY_PATH=/home/jj/wearable-biosensors-ros2/install/cdcl_umd_msgs/lib:${LD_LIBRARY_PATH} PYTHONPATH=/home/jj/wearable-biosensors-ros2/build/vernier_respiration_belt:/home/jj/wearable-biosensors-ros2/install/vernier_respiration_belt/lib/python3.10/site-packages:/home/jj/wearable-biosensors-ros2/build/polar_h10:/home/jj/wearable-biosensors-ros2/install/polar_h10/lib/python3.10/site-packages:/home/jj/wearable-biosensors-ros2/install/cdcl_umd_msgs/local/lib/python3.10/dist-packages:/home/jj/wearable-biosensors-ros2/install/cdcl_umd_msgs/lib/python3.10/site-packages:${PYTHONPATH} /usr/bin/cmake --install /home/jj/wearable-biosensors-ros2/build/manager
[33.986s] Level 1:colcon.colcon_core.environment:create_environment_scripts_only(manager)
[33.987s] Level 1:colcon.colcon_core.environment:checking '/home/jj/wearable-biosensors-ros2/install/manager' for CMake module files
[33.990s] DEBUG:colcon.colcon_core.event_handler.log_command:Invoked command in '/home/jj/wearable-biosensors-ros2/build/manager' returned '0': AMENT_PREFIX_PATH=/home/jj/wearable-biosensors-ros2/install/vernier_respiration_belt:/home/jj/wearable-biosensors-ros2/install/polar_h10:/home/jj/wearable-biosensors-ros2/install/cdcl_umd_msgs:${AMENT_PREFIX_PATH} CMAKE_PREFIX_PATH=/home/jj/wearable-biosensors-ros2/install/cdcl_umd_msgs:/opt/ros/humble LD_LIBRARY_PATH=/home/jj/wearable-biosensors-ros2/install/cdcl_umd_msgs/lib:${LD_LIBRARY_PATH} PYTHONPATH=/home/jj/wearable-biosensors-ros2/build/vernier_respiration_belt:/home/jj/wearable-biosensors-ros2/install/vernier_respiration_belt/lib/python3.10/site-packages:/home/jj/wearable-biosensors-ros2/build/polar_h10:/home/jj/wearable-biosensors-ros2/install/polar_h10/lib/python3.10/site-packages:/home/jj/wearable-biosensors-ros2/install/cdcl_umd_msgs/local/lib/python3.10/dist-packages:/home/jj/wearable-biosensors-ros2/install/cdcl_umd_msgs/lib/python3.10/site-packages:${PYTHONPATH} /usr/bin/cmake --install /home/jj/wearable-biosensors-ros2/build/manager
[33.992s] Level 1:colcon.colcon_core.environment:checking '/home/jj/wearable-biosensors-ros2/install/manager' for CMake config files
[33.995s] Level 1:colcon.colcon_core.shell:create_environment_hook('manager', 'cmake_prefix_path')
[33.996s] INFO:colcon.colcon_core.shell:Creating environment hook '/home/jj/wearable-biosensors-ros2/install/manager/share/manager/hook/cmake_prefix_path.ps1'
[33.999s] INFO:colcon.colcon_core.shell:Creating environment descriptor '/home/jj/wearable-biosensors-ros2/install/manager/share/manager/hook/cmake_prefix_path.dsv'
[34.001s] INFO:colcon.colcon_core.shell:Creating environment hook '/home/jj/wearable-biosensors-ros2/install/manager/share/manager/hook/cmake_prefix_path.sh'
[34.004s] Level 1:colcon.colcon_core.environment:checking '/home/jj/wearable-biosensors-ros2/install/manager/lib'
[34.005s] Level 1:colcon.colcon_core.environment:checking '/home/jj/wearable-biosensors-ros2/install/manager/bin'
[34.006s] Level 1:colcon.colcon_core.environment:checking '/home/jj/wearable-biosensors-ros2/install/manager/lib/pkgconfig/manager.pc'
[34.007s] Level 1:colcon.colcon_core.environment:checking '/home/jj/wearable-biosensors-ros2/install/manager/lib/python3.10/site-packages'
[34.007s] Level 1:colcon.colcon_core.shell:create_environment_hook('manager', 'pythonpath')
[34.008s] INFO:colcon.colcon_core.shell:Creating environment hook '/home/jj/wearable-biosensors-ros2/install/manager/share/manager/hook/pythonpath.ps1'
[34.011s] INFO:colcon.colcon_core.shell:Creating environment descriptor '/home/jj/wearable-biosensors-ros2/install/manager/share/manager/hook/pythonpath.dsv'
[34.013s] INFO:colcon.colcon_core.shell:Creating environment hook '/home/jj/wearable-biosensors-ros2/install/manager/share/manager/hook/pythonpath.sh'
[34.015s] Level 1:colcon.colcon_core.environment:checking '/home/jj/wearable-biosensors-ros2/install/manager/bin'
[34.017s] INFO:colcon.colcon_core.shell:Creating package script '/home/jj/wearable-biosensors-ros2/install/manager/share/manager/package.ps1'
[34.020s] INFO:colcon.colcon_core.shell:Creating package descriptor '/home/jj/wearable-biosensors-ros2/install/manager/share/manager/package.dsv'
[34.022s] INFO:colcon.colcon_core.shell:Creating package script '/home/jj/wearable-biosensors-ros2/install/manager/share/manager/package.sh'
[34.024s] INFO:colcon.colcon_core.shell:Creating package script '/home/jj/wearable-biosensors-ros2/install/manager/share/manager/package.bash'
[34.026s] INFO:colcon.colcon_core.shell:Creating package script '/home/jj/wearable-biosensors-ros2/install/manager/share/manager/package.zsh'
[34.028s] Level 1:colcon.colcon_core.environment:create_file_with_runtime_dependencies(/home/jj/wearable-biosensors-ros2/install/manager/share/colcon-core/packages/manager)
[34.153s] Level 1:colcon.colcon_core.environment:create_environment_scripts_only(manager)
[34.155s] Level 1:colcon.colcon_core.environment:checking '/home/jj/wearable-biosensors-ros2/install/manager' for CMake module files
[34.159s] Level 1:colcon.colcon_core.environment:checking '/home/jj/wearable-biosensors-ros2/install/manager' for CMake config files
[34.163s] Level 1:colcon.colcon_core.shell:create_environment_hook('manager', 'cmake_prefix_path')
[34.165s] INFO:colcon.colcon_core.shell:Creating environment hook '/home/jj/wearable-biosensors-ros2/install/manager/share/manager/hook/cmake_prefix_path.ps1'
[34.168s] INFO:colcon.colcon_core.shell:Creating environment descriptor '/home/jj/wearable-biosensors-ros2/install/manager/share/manager/hook/cmake_prefix_path.dsv'
[34.171s] INFO:colcon.colcon_core.shell:Creating environment hook '/home/jj/wearable-biosensors-ros2/install/manager/share/manager/hook/cmake_prefix_path.sh'
[34.175s] Level 1:colcon.colcon_core.environment:checking '/home/jj/wearable-biosensors-ros2/install/manager/lib'
[34.176s] Level 1:colcon.colcon_core.environment:checking '/home/jj/wearable-biosensors-ros2/install/manager/bin'
[34.176s] Level 1:colcon.colcon_core.environment:checking '/home/jj/wearable-biosensors-ros2/install/manager/lib/pkgconfig/manager.pc'
[34.177s] Level 1:colcon.colcon_core.environment:checking '/home/jj/wearable-biosensors-ros2/install/manager/lib/python3.10/site-packages'
[34.178s] Level 1:colcon.colcon_core.shell:create_environment_hook('manager', 'pythonpath')
[34.179s] INFO:colcon.colcon_core.shell:Creating environment hook '/home/jj/wearable-biosensors-ros2/install/manager/share/manager/hook/pythonpath.ps1'
[34.181s] INFO:colcon.colcon_core.shell:Creating environment descriptor '/home/jj/wearable-biosensors-ros2/install/manager/share/manager/hook/pythonpath.dsv'
[34.183s] INFO:colcon.colcon_core.shell:Creating environment hook '/home/jj/wearable-biosensors-ros2/install/manager/share/manager/hook/pythonpath.sh'
[34.187s] Level 1:colcon.colcon_core.environment:checking '/home/jj/wearable-biosensors-ros2/install/manager/bin'
[34.189s] INFO:colcon.colcon_core.shell:Creating package script '/home/jj/wearable-biosensors-ros2/install/manager/share/manager/package.ps1'
[34.192s] INFO:colcon.colcon_core.shell:Creating package descriptor '/home/jj/wearable-biosensors-ros2/install/manager/share/manager/package.dsv'
[34.195s] INFO:colcon.colcon_core.shell:Creating package script '/home/jj/wearable-biosensors-ros2/install/manager/share/manager/package.sh'
[34.197s] INFO:colcon.colcon_core.shell:Creating package script '/home/jj/wearable-biosensors-ros2/install/manager/share/manager/package.bash'
[34.199s] INFO:colcon.colcon_core.shell:Creating package script '/home/jj/wearable-biosensors-ros2/install/manager/share/manager/package.zsh'
[34.202s] Level 1:colcon.colcon_core.environment:create_file_with_runtime_dependencies(/home/jj/wearable-biosensors-ros2/install/manager/share/colcon-core/packages/manager)
[34.203s] DEBUG:colcon.colcon_parallel_executor.executor.parallel:closing loop
[34.205s] DEBUG:colcon.colcon_parallel_executor.executor.parallel:loop closed
[34.205s] DEBUG:colcon.colcon_parallel_executor.executor.parallel:run_until_complete finished with '0'
[34.206s] DEBUG:colcon.colcon_core.event_reactor:joining thread
[34.250s] INFO:colcon.colcon_core.plugin_system:Skipping extension 'colcon_notification.desktop_notification.terminal_notifier': Not used on non-Darwin systems
[34.250s] INFO:colcon.colcon_core.plugin_system:Skipping extension 'colcon_notification.desktop_notification.win32': Not used on non-Windows systems
[34.250s] INFO:colcon.colcon_notification.desktop_notification:Sending desktop notification using 'notify2'
[34.349s] DEBUG:colcon.colcon_core.event_reactor:joined thread
[34.352s] INFO:colcon.colcon_core.shell:Creating prefix script '/home/jj/wearable-biosensors-ros2/install/local_setup.ps1'
[34.362s] INFO:colcon.colcon_core.shell:Creating prefix util module '/home/jj/wearable-biosensors-ros2/install/_local_setup_util_ps1.py'
[34.371s] INFO:colcon.colcon_core.shell:Creating prefix chain script '/home/jj/wearable-biosensors-ros2/install/setup.ps1'
[34.380s] INFO:colcon.colcon_core.shell:Creating prefix script '/home/jj/wearable-biosensors-ros2/install/local_setup.sh'
[34.389s] INFO:colcon.colcon_core.shell:Creating prefix util module '/home/jj/wearable-biosensors-ros2/install/_local_setup_util_sh.py'
[34.393s] INFO:colcon.colcon_core.shell:Creating prefix chain script '/home/jj/wearable-biosensors-ros2/install/setup.sh'
[34.401s] INFO:colcon.colcon_core.shell:Creating prefix script '/home/jj/wearable-biosensors-ros2/install/local_setup.bash'
[34.406s] INFO:colcon.colcon_core.shell:Creating prefix chain script '/home/jj/wearable-biosensors-ros2/install/setup.bash'
[34.413s] INFO:colcon.colcon_core.shell:Creating prefix script '/home/jj/wearable-biosensors-ros2/install/local_setup.zsh'
[34.418s] INFO:colcon.colcon_core.shell:Creating prefix chain script '/home/jj/wearable-biosensors-ros2/install/setup.zsh'
