[3.517s] Invoking command in '/home/jj/wearable-biosensors-ros2/build/vernier_respiration_belt': AMENT_PREFIX_PATH=/home/jj/wearable-biosensors-ros2/install/cdcl_umd_msgs:${AMENT_PREFIX_PATH} CMAKE_PREFIX_PATH=/home/jj/wearable-biosensors-ros2/install/cdcl_umd_msgs:${CMAKE_PREFIX_PATH} LD_LIBRARY_PATH=/home/jj/wearable-biosensors-ros2/install/cdcl_umd_msgs/lib:${LD_LIBRARY_PATH} PYTHONPATH=/home/jj/wearable-biosensors-ros2/build/vernier_respiration_belt/prefix_override:/usr/lib/python3/dist-packages/colcon_core/task/python/colcon_distutils_commands:/home/jj/wearable-biosensors-ros2/install/vernier_respiration_belt/lib/python3.10/site-packages:/home/jj/wearable-biosensors-ros2/install/cdcl_umd_msgs/local/lib/python3.10/dist-packages:${PYTHONPATH} /usr/bin/python3 -W ignore:setup.py install is deprecated setup.py develop --uninstall --editable --build-directory /home/jj/wearable-biosensors-ros2/build/vernier_respiration_belt/build
[4.727s] /usr/lib/python3/dist-packages/setuptools/dist.py:723: UserWarning: Usage of dash-separated 'script-dir' will not be supported in future versions. Please use the underscore name 'script_dir' instead
[4.727s]   warnings.warn(
[4.851s] running develop
[4.853s] /usr/lib/python3/dist-packages/setuptools/command/easy_install.py:158: EasyInstallDeprecationWarning: easy_install command is deprecated. Use build and pip and other standards-based tools.
[4.853s]   warnings.warn(
[5.642s] Removing /home/jj/wearable-biosensors-ros2/install/vernier_respiration_belt/lib/python3.10/site-packages/vernier-respiration-belt.egg-link (link to .)
[5.723s] Invoked command in '/home/jj/wearable-biosensors-ros2/build/vernier_respiration_belt' returned '0': AMENT_PREFIX_PATH=/home/jj/wearable-biosensors-ros2/install/cdcl_umd_msgs:${AMENT_PREFIX_PATH} CMAKE_PREFIX_PATH=/home/jj/wearable-biosensors-ros2/install/cdcl_umd_msgs:${CMAKE_PREFIX_PATH} LD_LIBRARY_PATH=/home/jj/wearable-biosensors-ros2/install/cdcl_umd_msgs/lib:${LD_LIBRARY_PATH} PYTHONPATH=/home/jj/wearable-biosensors-ros2/build/vernier_respiration_belt/prefix_override:/usr/lib/python3/dist-packages/colcon_core/task/python/colcon_distutils_commands:/home/jj/wearable-biosensors-ros2/install/vernier_respiration_belt/lib/python3.10/site-packages:/home/jj/wearable-biosensors-ros2/install/cdcl_umd_msgs/local/lib/python3.10/dist-packages:${PYTHONPATH} /usr/bin/python3 -W ignore:setup.py install is deprecated setup.py develop --uninstall --editable --build-directory /home/jj/wearable-biosensors-ros2/build/vernier_respiration_belt/build
[5.731s] Invoking command in '/home/jj/wearable-biosensors-ros2/src/vernier_respiration_belt': AMENT_PREFIX_PATH=/home/jj/wearable-biosensors-ros2/install/cdcl_umd_msgs:${AMENT_PREFIX_PATH} CMAKE_PREFIX_PATH=/home/jj/wearable-biosensors-ros2/install/cdcl_umd_msgs:${CMAKE_PREFIX_PATH} LD_LIBRARY_PATH=/home/jj/wearable-biosensors-ros2/install/cdcl_umd_msgs/lib:${LD_LIBRARY_PATH} PYTHONPATH=/home/jj/wearable-biosensors-ros2/build/vernier_respiration_belt/prefix_override:/usr/lib/python3/dist-packages/colcon_core/task/python/colcon_distutils_commands:/home/jj/wearable-biosensors-ros2/install/vernier_respiration_belt/lib/python3.10/site-packages:/home/jj/wearable-biosensors-ros2/install/cdcl_umd_msgs/local/lib/python3.10/dist-packages:${PYTHONPATH} /usr/bin/python3 -W ignore:setup.py install is deprecated setup.py egg_info --egg-base ../../build/vernier_respiration_belt build --build-base /home/jj/wearable-biosensors-ros2/build/vernier_respiration_belt/build install --record /home/jj/wearable-biosensors-ros2/build/vernier_respiration_belt/install.log --install-scripts $base/lib/vernier_respiration_belt --single-version-externally-managed install_data --force
[6.699s] /usr/lib/python3/dist-packages/setuptools/dist.py:723: UserWarning: Usage of dash-separated 'script-dir' will not be supported in future versions. Please use the underscore name 'script_dir' instead
[6.699s]   warnings.warn(
[6.727s] running egg_info
[6.730s] writing ../../build/vernier_respiration_belt/vernier_respiration_belt.egg-info/PKG-INFO
[6.731s] writing dependency_links to ../../build/vernier_respiration_belt/vernier_respiration_belt.egg-info/dependency_links.txt
[6.732s] writing entry points to ../../build/vernier_respiration_belt/vernier_respiration_belt.egg-info/entry_points.txt
[6.733s] writing requirements to ../../build/vernier_respiration_belt/vernier_respiration_belt.egg-info/requires.txt
[6.734s] writing top-level names to ../../build/vernier_respiration_belt/vernier_respiration_belt.egg-info/top_level.txt
[6.744s] reading manifest file '../../build/vernier_respiration_belt/vernier_respiration_belt.egg-info/SOURCES.txt'
[6.750s] writing manifest file '../../build/vernier_respiration_belt/vernier_respiration_belt.egg-info/SOURCES.txt'
[6.751s] running build
[6.753s] running build_py
[6.754s] creating /home/jj/wearable-biosensors-ros2/build/vernier_respiration_belt/build
[6.755s] creating /home/jj/wearable-biosensors-ros2/build/vernier_respiration_belt/build/lib
[6.758s] creating /home/jj/wearable-biosensors-ros2/build/vernier_respiration_belt/build/lib/vernier_respiration_belt
[6.760s] copying vernier_respiration_belt/__init__.py -> /home/jj/wearable-biosensors-ros2/build/vernier_respiration_belt/build/lib/vernier_respiration_belt
[6.761s] copying vernier_respiration_belt/vernier_respiration_belt_node.py -> /home/jj/wearable-biosensors-ros2/build/vernier_respiration_belt/build/lib/vernier_respiration_belt
[6.762s] creating /home/jj/wearable-biosensors-ros2/build/vernier_respiration_belt/build/lib/vernier_respiration_belt/gdx
[6.765s] copying vernier_respiration_belt/gdx/__init__.py -> /home/jj/wearable-biosensors-ros2/build/vernier_respiration_belt/build/lib/vernier_respiration_belt/gdx
[6.766s] copying vernier_respiration_belt/gdx/gdx.py -> /home/jj/wearable-biosensors-ros2/build/vernier_respiration_belt/build/lib/vernier_respiration_belt/gdx
[6.766s] running install
[6.766s] running install_lib
[6.768s] creating /home/jj/wearable-biosensors-ros2/install/vernier_respiration_belt/lib/python3.10/site-packages/vernier_respiration_belt
[6.770s] copying /home/jj/wearable-biosensors-ros2/build/vernier_respiration_belt/build/lib/vernier_respiration_belt/__init__.py -> /home/jj/wearable-biosensors-ros2/install/vernier_respiration_belt/lib/python3.10/site-packages/vernier_respiration_belt
[6.771s] copying /home/jj/wearable-biosensors-ros2/build/vernier_respiration_belt/build/lib/vernier_respiration_belt/vernier_respiration_belt_node.py -> /home/jj/wearable-biosensors-ros2/install/vernier_respiration_belt/lib/python3.10/site-packages/vernier_respiration_belt
[6.773s] creating /home/jj/wearable-biosensors-ros2/install/vernier_respiration_belt/lib/python3.10/site-packages/vernier_respiration_belt/gdx
[6.775s] copying /home/jj/wearable-biosensors-ros2/build/vernier_respiration_belt/build/lib/vernier_respiration_belt/gdx/__init__.py -> /home/jj/wearable-biosensors-ros2/install/vernier_respiration_belt/lib/python3.10/site-packages/vernier_respiration_belt/gdx
[6.776s] copying /home/jj/wearable-biosensors-ros2/build/vernier_respiration_belt/build/lib/vernier_respiration_belt/gdx/gdx.py -> /home/jj/wearable-biosensors-ros2/install/vernier_respiration_belt/lib/python3.10/site-packages/vernier_respiration_belt/gdx
[6.777s] byte-compiling /home/jj/wearable-biosensors-ros2/install/vernier_respiration_belt/lib/python3.10/site-packages/vernier_respiration_belt/__init__.py to __init__.cpython-310.pyc
[6.781s] byte-compiling /home/jj/wearable-biosensors-ros2/install/vernier_respiration_belt/lib/python3.10/site-packages/vernier_respiration_belt/vernier_respiration_belt_node.py to vernier_respiration_belt_node.cpython-310.pyc
[6.784s] byte-compiling /home/jj/wearable-biosensors-ros2/install/vernier_respiration_belt/lib/python3.10/site-packages/vernier_respiration_belt/gdx/__init__.py to __init__.cpython-310.pyc
[6.788s] byte-compiling /home/jj/wearable-biosensors-ros2/install/vernier_respiration_belt/lib/python3.10/site-packages/vernier_respiration_belt/gdx/gdx.py to gdx.cpython-310.pyc
[6.800s] running install_data
[6.801s] copying resource/vernier_respiration_belt -> /home/jj/wearable-biosensors-ros2/install/vernier_respiration_belt/share/ament_index/resource_index/packages
[6.806s] copying package.xml -> /home/jj/wearable-biosensors-ros2/install/vernier_respiration_belt/share/vernier_respiration_belt
[6.808s] copying launch/ros2-vernier_respiration_belt.launch.py -> /home/jj/wearable-biosensors-ros2/install/vernier_respiration_belt/share/vernier_respiration_belt
[6.808s] running install_egg_info
[6.818s] Copying ../../build/vernier_respiration_belt/vernier_respiration_belt.egg-info to /home/jj/wearable-biosensors-ros2/install/vernier_respiration_belt/lib/python3.10/site-packages/vernier_respiration_belt-0.0.1-py3.10.egg-info
[6.825s] running install_scripts
[6.939s] Installing vernier_respiration_belt_node script to /home/jj/wearable-biosensors-ros2/install/vernier_respiration_belt/lib/vernier_respiration_belt
[6.941s] writing list of installed files to '/home/jj/wearable-biosensors-ros2/build/vernier_respiration_belt/install.log'
[7.031s] Invoked command in '/home/jj/wearable-biosensors-ros2/src/vernier_respiration_belt' returned '0': AMENT_PREFIX_PATH=/home/jj/wearable-biosensors-ros2/install/cdcl_umd_msgs:${AMENT_PREFIX_PATH} CMAKE_PREFIX_PATH=/home/jj/wearable-biosensors-ros2/install/cdcl_umd_msgs:${CMAKE_PREFIX_PATH} LD_LIBRARY_PATH=/home/jj/wearable-biosensors-ros2/install/cdcl_umd_msgs/lib:${LD_LIBRARY_PATH} PYTHONPATH=/home/jj/wearable-biosensors-ros2/build/vernier_respiration_belt/prefix_override:/usr/lib/python3/dist-packages/colcon_core/task/python/colcon_distutils_commands:/home/jj/wearable-biosensors-ros2/install/vernier_respiration_belt/lib/python3.10/site-packages:/home/jj/wearable-biosensors-ros2/install/cdcl_umd_msgs/local/lib/python3.10/dist-packages:${PYTHONPATH} /usr/bin/python3 -W ignore:setup.py install is deprecated setup.py egg_info --egg-base ../../build/vernier_respiration_belt build --build-base /home/jj/wearable-biosensors-ros2/build/vernier_respiration_belt/build install --record /home/jj/wearable-biosensors-ros2/build/vernier_respiration_belt/install.log --install-scripts $base/lib/vernier_respiration_belt --single-version-externally-managed install_data --force
