[0.164s] Invoking command in '/home/jj/wearable-biosensors-ros2/build/cdcl_umd_msgs': CMAKE_PREFIX_PATH=/opt/ros/humble /usr/bin/cmake --build /home/jj/wearable-biosensors-ros2/build/cdcl_umd_msgs -- -j4 -l4
[3.404s] -- Found ament_cmake: 1.3.9 (/opt/ros/humble/share/ament_cmake/cmake)
[3.405s] -- Override CMake install command with custom implementation using symlinks instead of copying resources
[3.407s] -- Found rosidl_default_generators: 1.2.0 (/opt/ros/humble/share/rosidl_default_generators/cmake)
[3.408s] -- Using all available rosidl_typesupport_c: rosidl_typesupport_fastrtps_c;rosidl_typesupport_introspection_c
[3.410s] -- Found rosidl_adapter: 3.1.5 (/opt/ros/humble/share/rosidl_adapter/cmake)
[3.412s] -- Using all available rosidl_typesupport_cpp: rosidl_typesupport_fastrtps_cpp;rosidl_typesupport_introspection_cpp
[3.413s] -- Found std_msgs: 4.2.4 (/opt/ros/humble/share/std_msgs/cmake)
[3.417s] -- Configuring incomplete, errors occurred!
[3.418s] See also "/home/jj/wearable-biosensors-ros2/build/cdcl_umd_msgs/CMakeFiles/CMakeOutput.log".
[3.419s] [31mCMake Error at /opt/ros/humble/share/rosidl_adapter/cmake/rosidl_adapt_interfaces.cmake:59 (message):
[3.419s]   execute_process(/usr/bin/python3 -m rosidl_adapter --package-name
[3.420s]   cdcl_umd_msgs --arguments-file
[3.420s]   /home/jj/wearable-biosensors-ros2/build/cdcl_umd_msgs/rosidl_adapter__arguments__cdcl_umd_msgs.json
[3.421s]   --output-dir
[3.422s]   /home/jj/wearable-biosensors-ros2/build/cdcl_umd_msgs/rosidl_adapter/cdcl_umd_msgs
[3.422s]   --output-file
[3.423s]   /home/jj/wearable-biosensors-ros2/build/cdcl_umd_msgs/rosidl_adapter/cdcl_umd_msgs.idls)
[3.423s]   returned error code 1:
[3.424s] 
[3.424s]   KeyError processing template 'struct.idl.em': 'time'
[3.424s] 
[3.425s] Call Stack (most recent call first):
[3.425s]   /opt/ros/humble/share/rosidl_cmake/cmake/rosidl_generate_interfaces.cmake:130 (rosidl_adapt_interfaces)
[3.426s]   CMakeLists.txt:14 (rosidl_generate_interfaces)
[3.426s] 
[3.428s] [0m
[3.428s] gmake: *** [Makefile:747: cmake_check_build_system] Error 1
[4.860s] Invoked command in '/home/jj/wearable-biosensors-ros2/build/cdcl_umd_msgs' returned '2': CMAKE_PREFIX_PATH=/opt/ros/humble /usr/bin/cmake --build /home/jj/wearable-biosensors-ros2/build/cdcl_umd_msgs -- -j4 -l4
