[10.267s] Invoking command in '/home/jj/wearable-biosensors-ros2/build/empatica_e4': PYTHONPATH=/home/jj/wearable-biosensors-ros2/build/empatica_e4/prefix_override:/home/jj/wearable-biosensors-ros2/install/empatica_e4/lib/python3.10/site-packages:${PYTHONPATH} /usr/bin/python3 -W ignore:setup.py install is deprecated setup.py develop --editable --build-directory /home/jj/wearable-biosensors-ros2/build/empatica_e4/build --no-deps symlink_data
[14.535s] /usr/lib/python3/dist-packages/setuptools/dist.py:723: UserWarning: Usage of dash-separated 'script-dir' will not be supported in future versions. Please use the underscore name 'script_dir' instead
[14.537s]   warnings.warn(
[15.263s] running develop
[15.267s] /usr/lib/python3/dist-packages/setuptools/command/easy_install.py:158: EasyInstallDeprecationWarning: easy_install command is deprecated. Use build and pip and other standards-based tools.
[15.270s]   warnings.warn(
[19.809s] running egg_info
[19.823s] writing empatica_e4.egg-info/PKG-INFO
[19.836s] writing dependency_links to empatica_e4.egg-info/dependency_links.txt
[19.839s] writing entry points to empatica_e4.egg-info/entry_points.txt
[19.847s] writing requirements to empatica_e4.egg-info/requires.txt
[19.848s] writing top-level names to empatica_e4.egg-info/top_level.txt
[19.871s] reading manifest file 'empatica_e4.egg-info/SOURCES.txt'
[19.883s] writing manifest file 'empatica_e4.egg-info/SOURCES.txt'
[19.922s] running build_ext
[19.924s] Creating /home/jj/wearable-biosensors-ros2/install/empatica_e4/lib/python3.10/site-packages/empatica-e4.egg-link (link to .)
[19.958s] Installing empatica_e4_node script to /home/jj/wearable-biosensors-ros2/install/empatica_e4/lib/empatica_e4
[19.959s] 
[19.960s] Installed /home/jj/wearable-biosensors-ros2/build/empatica_e4
[19.968s] running symlink_data
[20.742s] Invoked command in '/home/jj/wearable-biosensors-ros2/build/empatica_e4' returned '0': PYTHONPATH=/home/jj/wearable-biosensors-ros2/build/empatica_e4/prefix_override:/home/jj/wearable-biosensors-ros2/install/empatica_e4/lib/python3.10/site-packages:${PYTHONPATH} /usr/bin/python3 -W ignore:setup.py install is deprecated setup.py develop --editable --build-directory /home/jj/wearable-biosensors-ros2/build/empatica_e4/build --no-deps symlink_data
