[11.369s] Invoking command in '/home/jj/wearable-biosensors-ros2/build/cdcl_umd_msgs': PYTHONPATH=/home/jj/wearable-biosensors-ros2/build/cdcl_umd_msgs/prefix_override:/home/jj/wearable-biosensors-ros2/install/cdcl_umd_msgs/lib/python3.10/site-packages:${PYTHONPATH} /usr/bin/python3 -W ignore:setup.py install is deprecated setup.py develop --editable --build-directory /home/jj/wearable-biosensors-ros2/build/cdcl_umd_msgs/build --no-deps symlink_data
[14.698s] running develop
[14.703s] /home/jj/.local/lib/python3.10/site-packages/setuptools/command/develop.py:42: EasyInstallDeprecationWarning: easy_install command is deprecated.
[14.706s] !!
[14.710s] 
[14.713s]         ********************************************************************************
[14.716s]         Please avoid running ``setup.py`` and ``easy_install``.
[14.720s]         Instead, use pypa/build, pypa/installer or other
[14.730s]         standards-based tools.
[14.734s] 
[14.738s]         See https://github.com/pypa/setuptools/issues/917 for details.
[14.743s]         ********************************************************************************
[14.746s] 
[14.767s] !!
[14.768s]   easy_install.initialize_options(self)
[17.627s] running egg_info
[17.707s] writing cdcl_umd_msgs.egg-info/PKG-INFO
[17.710s] writing dependency_links to cdcl_umd_msgs.egg-info/dependency_links.txt
[17.713s] writing requirements to cdcl_umd_msgs.egg-info/requires.txt
[17.715s] writing top-level names to cdcl_umd_msgs.egg-info/top_level.txt
[17.889s] reading manifest file 'cdcl_umd_msgs.egg-info/SOURCES.txt'
[17.893s] writing manifest file 'cdcl_umd_msgs.egg-info/SOURCES.txt'
[17.984s] running build_ext
[17.985s] Creating /home/jj/wearable-biosensors-ros2/install/cdcl_umd_msgs/lib/python3.10/site-packages/cdcl-umd-msgs.egg-link (link to .)
[17.989s] 
[17.989s] Installed /home/jj/wearable-biosensors-ros2/build/cdcl_umd_msgs
[17.990s] running symlink_data
[18.173s] Invoked command in '/home/jj/wearable-biosensors-ros2/build/cdcl_umd_msgs' returned '0': PYTHONPATH=/home/jj/wearable-biosensors-ros2/build/cdcl_umd_msgs/prefix_override:/home/jj/wearable-biosensors-ros2/install/cdcl_umd_msgs/lib/python3.10/site-packages:${PYTHONPATH} /usr/bin/python3 -W ignore:setup.py install is deprecated setup.py develop --editable --build-directory /home/jj/wearable-biosensors-ros2/build/cdcl_umd_msgs/build --no-deps symlink_data
