[3.421s] Invoking command in '/home/jj/wearable-biosensors-ros2/build/cdcl_umd_msgs': PYTHONPATH=/home/jj/wearable-biosensors-ros2/build/cdcl_umd_msgs/prefix_override:/home/jj/wearable-biosensors-ros2/install/cdcl_umd_msgs/lib/python3.10/site-packages:${PYTHONPATH} /usr/bin/python3 -W ignore:setup.py install is deprecated setup.py develop --uninstall --editable --build-directory /home/jj/wearable-biosensors-ros2/build/cdcl_umd_msgs/build
[4.917s] running develop
[4.919s] /usr/lib/python3/dist-packages/setuptools/command/easy_install.py:158: EasyInstallDeprecationWarning: easy_install command is deprecated. Use build and pip and other standards-based tools.
[4.919s]   warnings.warn(
[5.914s] Removing /home/jj/wearable-biosensors-ros2/install/cdcl_umd_msgs/lib/python3.10/site-packages/cdcl-umd-msgs.egg-link (link to .)
[6.066s] Invoked command in '/home/jj/wearable-biosensors-ros2/build/cdcl_umd_msgs' returned '0': PYTHONPATH=/home/jj/wearable-biosensors-ros2/build/cdcl_umd_msgs/prefix_override:/home/jj/wearable-biosensors-ros2/install/cdcl_umd_msgs/lib/python3.10/site-packages:${PYTHONPATH} /usr/bin/python3 -W ignore:setup.py install is deprecated setup.py develop --uninstall --editable --build-directory /home/jj/wearable-biosensors-ros2/build/cdcl_umd_msgs/build
[6.078s] Invoking command in '/home/jj/wearable-biosensors-ros2/src/cdcl_umd_msgs': PYTHONPATH=/home/jj/wearable-biosensors-ros2/build/cdcl_umd_msgs/prefix_override:/home/jj/wearable-biosensors-ros2/install/cdcl_umd_msgs/lib/python3.10/site-packages:${PYTHONPATH} /usr/bin/python3 -W ignore:setup.py install is deprecated setup.py egg_info --egg-base ../../build/cdcl_umd_msgs build --build-base /home/jj/wearable-biosensors-ros2/build/cdcl_umd_msgs/build install --record /home/jj/wearable-biosensors-ros2/build/cdcl_umd_msgs/install.log --single-version-externally-managed install_data --force
[8.576s] running egg_info
[8.579s] writing ../../build/cdcl_umd_msgs/cdcl_umd_msgs.egg-info/PKG-INFO
[8.581s] writing dependency_links to ../../build/cdcl_umd_msgs/cdcl_umd_msgs.egg-info/dependency_links.txt
[8.582s] writing entry points to ../../build/cdcl_umd_msgs/cdcl_umd_msgs.egg-info/entry_points.txt
[8.583s] writing requirements to ../../build/cdcl_umd_msgs/cdcl_umd_msgs.egg-info/requires.txt
[8.584s] writing top-level names to ../../build/cdcl_umd_msgs/cdcl_umd_msgs.egg-info/top_level.txt
[8.593s] reading manifest file '../../build/cdcl_umd_msgs/cdcl_umd_msgs.egg-info/SOURCES.txt'
[8.598s] writing manifest file '../../build/cdcl_umd_msgs/cdcl_umd_msgs.egg-info/SOURCES.txt'
[8.598s] running build
[8.599s] running build_py
[8.600s] running install
[8.602s] running install_lib
[8.606s] creating /home/jj/wearable-biosensors-ros2/install/cdcl_umd_msgs/lib/python3.10/site-packages/cdcl_umd_msgs
[8.607s] copying /home/jj/wearable-biosensors-ros2/build/cdcl_umd_msgs/build/lib/cdcl_umd_msgs/__init__.py -> /home/jj/wearable-biosensors-ros2/install/cdcl_umd_msgs/lib/python3.10/site-packages/cdcl_umd_msgs
[8.610s] byte-compiling /home/jj/wearable-biosensors-ros2/install/cdcl_umd_msgs/lib/python3.10/site-packages/cdcl_umd_msgs/__init__.py to __init__.cpython-310.pyc
[8.612s] running install_data
[8.613s] copying resource/cdcl_umd_msgs -> /home/jj/wearable-biosensors-ros2/install/cdcl_umd_msgs/share/ament_index/resource_index/packages
[8.615s] copying package.xml -> /home/jj/wearable-biosensors-ros2/install/cdcl_umd_msgs/share/cdcl_umd_msgs
[8.615s] running install_egg_info
[8.627s] Copying ../../build/cdcl_umd_msgs/cdcl_umd_msgs.egg-info to /home/jj/wearable-biosensors-ros2/install/cdcl_umd_msgs/lib/python3.10/site-packages/cdcl_umd_msgs-0.0.0-py3.10.egg-info
[8.633s] running install_scripts
[8.740s] writing list of installed files to '/home/jj/wearable-biosensors-ros2/build/cdcl_umd_msgs/install.log'
[8.873s] Invoked command in '/home/jj/wearable-biosensors-ros2/src/cdcl_umd_msgs' returned '0': PYTHONPATH=/home/jj/wearable-biosensors-ros2/build/cdcl_umd_msgs/prefix_override:/home/jj/wearable-biosensors-ros2/install/cdcl_umd_msgs/lib/python3.10/site-packages:${PYTHONPATH} /usr/bin/python3 -W ignore:setup.py install is deprecated setup.py egg_info --egg-base ../../build/cdcl_umd_msgs build --build-base /home/jj/wearable-biosensors-ros2/build/cdcl_umd_msgs/build install --record /home/jj/wearable-biosensors-ros2/build/cdcl_umd_msgs/install.log --single-version-externally-managed install_data --force
