[13.462s] Invoking command in '/home/jj/wearable-biosensors-ros2/build/empatica_e4': PYTHONPATH=/home/jj/wearable-biosensors-ros2/build/empatica_e4/prefix_override:/home/jj/wearable-biosensors-ros2/install/empatica_e4/lib/python3.10/site-packages:${PYTHONPATH} /usr/bin/python3 -W ignore:setup.py install is deprecated setup.py develop --editable --build-directory /home/jj/wearable-biosensors-ros2/build/empatica_e4/build --no-deps symlink_data
[22.232s] /usr/lib/python3/dist-packages/setuptools/dist.py:723: UserWarning: Usage of dash-separated 'script-dir' will not be supported in future versions. Please use the underscore name 'script_dir' instead
[22.242s]   warnings.warn(
[23.068s] running develop
[23.080s] /usr/lib/python3/dist-packages/setuptools/command/easy_install.py:158: EasyInstallDeprecationWarning: easy_install command is deprecated. Use build and pip and other standards-based tools.
[23.082s]   warnings.warn(
[29.794s] running egg_info
[29.795s] writing empatica_e4.egg-info/PKG-INFO
[29.814s] writing dependency_links to empatica_e4.egg-info/dependency_links.txt
[29.816s] writing entry points to empatica_e4.egg-info/entry_points.txt
[29.825s] writing requirements to empatica_e4.egg-info/requires.txt
[29.828s] writing top-level names to empatica_e4.egg-info/top_level.txt
[29.853s] reading manifest file 'empatica_e4.egg-info/SOURCES.txt'
[29.866s] writing manifest file 'empatica_e4.egg-info/SOURCES.txt'
[29.881s] running build_ext
[29.883s] Creating /home/jj/wearable-biosensors-ros2/install/empatica_e4/lib/python3.10/site-packages/empatica-e4.egg-link (link to .)
[29.907s] Installing empatica_e4_node script to /home/jj/wearable-biosensors-ros2/install/empatica_e4/lib/empatica_e4
[29.917s] 
[29.933s] Installed /home/jj/wearable-biosensors-ros2/build/empatica_e4
[29.934s] running symlink_data
[34.607s] Invoked command in '/home/jj/wearable-biosensors-ros2/build/empatica_e4' returned '0': PYTHONPATH=/home/jj/wearable-biosensors-ros2/build/empatica_e4/prefix_override:/home/jj/wearable-biosensors-ros2/install/empatica_e4/lib/python3.10/site-packages:${PYTHONPATH} /usr/bin/python3 -W ignore:setup.py install is deprecated setup.py develop --editable --build-directory /home/jj/wearable-biosensors-ros2/build/empatica_e4/build --no-deps symlink_data
