[10.972s] Invoking command in '/home/jj/wearable-biosensors-ros2/build/emotiv_insight': PYTHONPATH=/home/jj/wearable-biosensors-ros2/build/emotiv_insight/prefix_override:/home/jj/wearable-biosensors-ros2/install/emotiv_insight/lib/python3.10/site-packages:${PYTHONPATH} /usr/bin/python3 -W ignore:setup.py install is deprecated setup.py develop --editable --build-directory /home/jj/wearable-biosensors-ros2/build/emotiv_insight/build --no-deps symlink_data
[14.101s] /usr/lib/python3/dist-packages/setuptools/dist.py:723: UserWarning: Usage of dash-separated 'script-dir' will not be supported in future versions. Please use the underscore name 'script_dir' instead
[14.105s]   warnings.warn(
[14.597s] running develop
[14.604s] /usr/lib/python3/dist-packages/setuptools/command/easy_install.py:158: EasyInstallDeprecationWarning: easy_install command is deprecated. Use build and pip and other standards-based tools.
[14.607s]   warnings.warn(
[18.081s] running egg_info
[18.082s] writing emotiv_insight.egg-info/PKG-INFO
[18.085s] writing dependency_links to emotiv_insight.egg-info/dependency_links.txt
[18.096s] writing entry points to emotiv_insight.egg-info/entry_points.txt
[18.102s] writing requirements to emotiv_insight.egg-info/requires.txt
[18.103s] writing top-level names to emotiv_insight.egg-info/top_level.txt
[18.112s] reading manifest file 'emotiv_insight.egg-info/SOURCES.txt'
[18.117s] writing manifest file 'emotiv_insight.egg-info/SOURCES.txt'
[18.133s] running build_ext
[18.140s] Creating /home/jj/wearable-biosensors-ros2/install/emotiv_insight/lib/python3.10/site-packages/emotiv-insight.egg-link (link to .)
[18.150s] Installing emotiv_insight_node script to /home/jj/wearable-biosensors-ros2/install/emotiv_insight/lib/emotiv_insight
[18.153s] 
[18.154s] Installed /home/jj/wearable-biosensors-ros2/build/emotiv_insight
[18.155s] running symlink_data
[18.930s] Invoked command in '/home/jj/wearable-biosensors-ros2/build/emotiv_insight' returned '0': PYTHONPATH=/home/jj/wearable-biosensors-ros2/build/emotiv_insight/prefix_override:/home/jj/wearable-biosensors-ros2/install/emotiv_insight/lib/python3.10/site-packages:${PYTHONPATH} /usr/bin/python3 -W ignore:setup.py install is deprecated setup.py develop --editable --build-directory /home/jj/wearable-biosensors-ros2/build/emotiv_insight/build --no-deps symlink_data
