[10.650s] Invoking command in '/home/jj/wearable-biosensors-ros2/build/emotiv_insight': PYTHONPATH=/home/jj/wearable-biosensors-ros2/build/emotiv_insight/prefix_override:/home/jj/wearable-biosensors-ros2/install/emotiv_insight/lib/python3.10/site-packages:${PYTHONPATH} /usr/bin/python3 -W ignore:setup.py install is deprecated setup.py develop --editable --build-directory /home/jj/wearable-biosensors-ros2/build/emotiv_insight/build --no-deps symlink_data
[13.616s] /usr/lib/python3/dist-packages/setuptools/dist.py:723: UserWarning: Usage of dash-separated 'script-dir' will not be supported in future versions. Please use the underscore name 'script_dir' instead
[13.617s]   warnings.warn(
[14.071s] running develop
[14.074s] /usr/lib/python3/dist-packages/setuptools/command/easy_install.py:158: EasyInstallDeprecationWarning: easy_install command is deprecated. Use build and pip and other standards-based tools.
[14.075s]   warnings.warn(
[19.121s] running egg_info
[19.122s] writing emotiv_insight.egg-info/PKG-INFO
[19.125s] writing dependency_links to emotiv_insight.egg-info/dependency_links.txt
[19.136s] writing entry points to emotiv_insight.egg-info/entry_points.txt
[19.137s] writing requirements to emotiv_insight.egg-info/requires.txt
[19.138s] writing top-level names to emotiv_insight.egg-info/top_level.txt
[19.151s] reading manifest file 'emotiv_insight.egg-info/SOURCES.txt'
[19.177s] writing manifest file 'emotiv_insight.egg-info/SOURCES.txt'
[19.210s] running build_ext
[19.231s] Creating /home/jj/wearable-biosensors-ros2/install/emotiv_insight/lib/python3.10/site-packages/emotiv-insight.egg-link (link to .)
[19.265s] Installing emotiv_insight_node script to /home/jj/wearable-biosensors-ros2/install/emotiv_insight/lib/emotiv_insight
[19.283s] 
[19.286s] Installed /home/jj/wearable-biosensors-ros2/build/emotiv_insight
[19.294s] running symlink_data
[19.899s] Invoked command in '/home/jj/wearable-biosensors-ros2/build/emotiv_insight' returned '0': PYTHONPATH=/home/jj/wearable-biosensors-ros2/build/emotiv_insight/prefix_override:/home/jj/wearable-biosensors-ros2/install/emotiv_insight/lib/python3.10/site-packages:${PYTHONPATH} /usr/bin/python3 -W ignore:setup.py install is deprecated setup.py develop --editable --build-directory /home/jj/wearable-biosensors-ros2/build/emotiv_insight/build --no-deps symlink_data
