[12.057s] Invoking command in '/home/jj/wearable-biosensors-ros2/build/shimmer3_gsr_unit': PYTHONPATH=/home/jj/wearable-biosensors-ros2/build/shimmer3_gsr_unit/prefix_override:/home/jj/wearable-biosensors-ros2/install/shimmer3_gsr_unit/lib/python3.10/site-packages:${PYTHONPATH} /usr/bin/python3 -W ignore:setup.py install is deprecated setup.py develop --editable --build-directory /home/jj/wearable-biosensors-ros2/build/shimmer3_gsr_unit/build --no-deps symlink_data
[17.649s] /usr/lib/python3/dist-packages/setuptools/dist.py:723: UserWarning: Usage of dash-separated 'script-dir' will not be supported in future versions. Please use the underscore name 'script_dir' instead
[17.651s]   warnings.warn(
[18.111s] /usr/lib/python3/dist-packages/setuptools/command/easy_install.py:158: EasyInstallDeprecationWarning: easy_install command is deprecated. Use build and pip and other standards-based tools.
[18.113s] running develop
[18.115s]   warnings.warn(
[21.318s] running egg_info
[21.322s] writing shimmer3_gsr_unit.egg-info/PKG-INFO
[21.331s] writing dependency_links to shimmer3_gsr_unit.egg-info/dependency_links.txt
[21.335s] writing entry points to shimmer3_gsr_unit.egg-info/entry_points.txt
[21.340s] writing requirements to shimmer3_gsr_unit.egg-info/requires.txt
[21.351s] writing top-level names to shimmer3_gsr_unit.egg-info/top_level.txt
[21.356s] reading manifest file 'shimmer3_gsr_unit.egg-info/SOURCES.txt'
[21.380s] writing manifest file 'shimmer3_gsr_unit.egg-info/SOURCES.txt'
[21.405s] running build_ext
[21.408s] Creating /home/jj/wearable-biosensors-ros2/install/shimmer3_gsr_unit/lib/python3.10/site-packages/shimmer3-gsr-unit.egg-link (link to .)
[21.433s] Installing shimmer_gsr_ppg_node script to /home/jj/wearable-biosensors-ros2/install/shimmer3_gsr_unit/lib/shimmer3_gsr_unit
[21.435s] 
[21.440s] Installed /home/jj/wearable-biosensors-ros2/build/shimmer3_gsr_unit
[21.453s] running symlink_data
[24.718s] Invoked command in '/home/jj/wearable-biosensors-ros2/build/shimmer3_gsr_unit' returned '0': PYTHONPATH=/home/jj/wearable-biosensors-ros2/build/shimmer3_gsr_unit/prefix_override:/home/jj/wearable-biosensors-ros2/install/shimmer3_gsr_unit/lib/python3.10/site-packages:${PYTHONPATH} /usr/bin/python3 -W ignore:setup.py install is deprecated setup.py develop --editable --build-directory /home/jj/wearable-biosensors-ros2/build/shimmer3_gsr_unit/build --no-deps symlink_data
