[10.553s] Invoking command in '/home/jj/wearable-biosensors-ros2/build/shimmer3_gsr_unit': PYTHONPATH=/home/jj/wearable-biosensors-ros2/build/shimmer3_gsr_unit/prefix_override:/home/jj/wearable-biosensors-ros2/install/shimmer3_gsr_unit/lib/python3.10/site-packages:${PYTHONPATH} /usr/bin/python3 -W ignore:setup.py install is deprecated setup.py develop --editable --build-directory /home/jj/wearable-biosensors-ros2/build/shimmer3_gsr_unit/build --no-deps symlink_data
[13.996s] /usr/lib/python3/dist-packages/setuptools/dist.py:723: UserWarning: Usage of dash-separated 'script-dir' will not be supported in future versions. Please use the underscore name 'script_dir' instead
[13.997s]   warnings.warn(
[14.739s] running develop
[14.742s] /usr/lib/python3/dist-packages/setuptools/command/easy_install.py:158: EasyInstallDeprecationWarning: easy_install command is deprecated. Use build and pip and other standards-based tools.
[14.746s]   warnings.warn(
[20.580s] running egg_info
[20.589s] writing shimmer3_gsr_unit.egg-info/PKG-INFO
[20.592s] writing dependency_links to shimmer3_gsr_unit.egg-info/dependency_links.txt
[20.599s] writing entry points to shimmer3_gsr_unit.egg-info/entry_points.txt
[20.601s] writing requirements to shimmer3_gsr_unit.egg-info/requires.txt
[20.603s] writing top-level names to shimmer3_gsr_unit.egg-info/top_level.txt
[20.622s] reading manifest file 'shimmer3_gsr_unit.egg-info/SOURCES.txt'
[20.632s] writing manifest file 'shimmer3_gsr_unit.egg-info/SOURCES.txt'
[20.664s] running build_ext
[20.672s] Creating /home/jj/wearable-biosensors-ros2/install/shimmer3_gsr_unit/lib/python3.10/site-packages/shimmer3-gsr-unit.egg-link (link to .)
[20.684s] Installing shimmer_gsr_ppg_node script to /home/jj/wearable-biosensors-ros2/install/shimmer3_gsr_unit/lib/shimmer3_gsr_unit
[20.688s] 
[20.688s] Installed /home/jj/wearable-biosensors-ros2/build/shimmer3_gsr_unit
[20.690s] running symlink_data
[24.661s] Invoked command in '/home/jj/wearable-biosensors-ros2/build/shimmer3_gsr_unit' returned '0': PYTHONPATH=/home/jj/wearable-biosensors-ros2/build/shimmer3_gsr_unit/prefix_override:/home/jj/wearable-biosensors-ros2/install/shimmer3_gsr_unit/lib/python3.10/site-packages:${PYTHONPATH} /usr/bin/python3 -W ignore:setup.py install is deprecated setup.py develop --editable --build-directory /home/jj/wearable-biosensors-ros2/build/shimmer3_gsr_unit/build --no-deps symlink_data
